#
# A fatal error has been detected by the Java Runtime Environment:
#
#  SIGSEGV (0xb) at pc=0x00007fff894650dd, pid=13683, tid=1811
#
# JRE version: Java(TM) SE Runtime Environment (8.0_11-b12) (build 1.8.0_11-b12)
# Java VM: Java HotSpot(TM) 64-Bit Server VM (25.11-b03 mixed mode bsd-amd64 compressed oops)
# Problematic frame:
# C  [libobjc.A.dylib+0x10dd]  objc_msgSend+0x1d
#
# Failed to write core dump. Core dumps have been disabled. To enable core dumping, try "ulimit -c unlimited" before starting Java again
#
# If you would like to submit a bug report, please visit:
#   http://bugreport.sun.com/bugreport/crash.jsp
# The crash happened outside the Java Virtual Machine in native code.
# See problematic frame for where to report the bug.
#

---------------  T H R E A D  ---------------

Current thread (0x00007fcafa822800):  JavaThread "AppKit Thread" daemon [_thread_in_native, id=1811, stack(0x00007fff5ad72000,0x00007fff5b572000)]

siginfo:si_signo=SIGSEGV: si_errno=0, si_code=1 (SEGV_MAPERR), si_addr=0x0000000000000018

Registers:
RAX=0x00007fcaf9c86050, RBX=0x00007fff5b56d848, RCX=0x0000000000000000, RDX=0x00007fcaf9d7e920
RSP=0x00007fff5b56d668, RBP=0x00007fff5b56d670, RSI=0x00007fff81e4d41e, RDI=0x00007fcaf9c86050
R8 =0x00007fff5b56d650, R9 =0x0000000000000055, R10=0x00007fff81e4d41e, R11=0x0000000000000000
R12=0x00007fcaf9f0a330, R13=0x00000000000f42ef, R14=0x00007fcaf9caed10, R15=0x00007fff5b56d7a8
RIP=0x00007fff894650dd, EFLAGS=0x0000000000010246, ERR=0x0000000000000004
  TRAPNO=0x000000000000000e

Top of Stack: (sp=0x00007fff5b56d668)
0x00007fff5b56d668:   00007fff8cd3945c 00007fff5b56d9d0
0x00007fff5b56d678:   00007fff8cc29634 00007fff5b56d6fc
0x00007fff5b56d688:   00007fff5b56d700 00007fff5b56d704
0x00007fff5b56d698:   00007fff737cee00 ffffffffffffffff
0x00007fff5b56d6a8:   00000000000007f8 00007fff737cee18
0x00007fff5b56d6b8:   00007fcaf9caed10 0000000000000000
0x00007fff5b56d6c8:   00007fff5b56d7a0 0000000000000000
0x00007fff5b56d6d8:   00007fcaf9e64120 00007fff5b56d820
0x00007fff5b56d6e8:   0000000000000055 00000000000f42f1
0x00007fff5b56d6f8:   00007fcaf9d7e920 00007fcaf9e63b50
0x00007fff5b56d708:   00007fcaf9f0a330 0000000000000001
0x00007fff5b56d718:   00000000000f42ef 00007fcaf9f0a320
0x00007fff5b56d728:   00007fff906f3c05 00000001f9e58b30
0x00007fff5b56d738:   00007fff71cf90d0 0000000042000000
0x00007fff5b56d748:   00007fff906fae63 00007fff73799240
0x00007fff5b56d758:   00007fff5b56d828 00007fff5b56d780
0x00007fff5b56d768:   00007fff5b56d7a0 0000000000000000
0x00007fff5b56d778:   0000000000000007 0001b40300000001
0x00007fff5b56d788:   00007fcaf9f0a354 0000000000000000
0x00007fff5b56d798:   0000000000000000 00007fcaf9e641a0
0x00007fff5b56d7a8:   00007fcaf9caed10 0000002000000000
0x00007fff5b56d7b8:   0000000000000000 00007fff71cf90d0
0x00007fff5b56d7c8:   0000000042000000 00007fff906fa4f8
0x00007fff5b56d7d8:   00007fff73799350 00007fff5b56d738
0x00007fff5b56d7e8:   0000000000000000 00007fff5b56d8b8
0x00007fff5b56d7f8:   00007fff71300ea0 00007fff5b56d8f0
0x00007fff5b56d808:   00007fff820f5770 00007fff5b56d8a0
0x00007fff5b56d818:   00007fff815814ed 0000000000000051
0x00007fff5b56d828:   0000000000000000 00000000000f42e2
0x00007fff5b56d838:   0000000000000053 0000000000000000
0x00007fff5b56d848:   00000000000f42ef 00007fff5b56d8c4
0x00007fff5b56d858:   0000000000414701 00000000ffffffff 

Instructions: (pc=0x00007fff894650dd)
0x00007fff894650bd:   00 00 00 48 85 ff 2e 74 7a 40 f6 c7 01 2e 75 7e
0x00007fff894650cd:   49 bb f8 ff ff ff ff 7f 00 00 4c 23 1f 49 89 f2
0x00007fff894650dd:   45 23 53 18 49 c1 e2 04 4d 03 53 10 49 3b 32 75
0x00007fff894650ed:   04 41 ff 62 08 49 83 3a 00 74 6a 4d 3b 53 10 74 

Register to memory mapping:

RAX=0x00007fcaf9c86050 is an unknown value
RBX=0x00007fff5b56d848 is pointing into the stack for thread: 0x00007fcafa822800
RCX=0x0000000000000000 is an unknown value
RDX=0x00007fcaf9d7e920 is an unknown value
RSP=0x00007fff5b56d668 is pointing into the stack for thread: 0x00007fcafa822800
RBP=0x00007fff5b56d670 is pointing into the stack for thread: 0x00007fcafa822800
RSI=0x00007fff81e4d41e: -[NSTitlebarContainerView transparent]+0x5e312 in /System/Library/Frameworks/AppKit.framework/Versions/C/AppKit at 0x00007fff8144c000
RDI=0x00007fcaf9c86050 is an unknown value
R8 =0x00007fff5b56d650 is pointing into the stack for thread: 0x00007fcafa822800
R9 =0x0000000000000055 is an unknown value
R10=0x00007fff81e4d41e: -[NSTitlebarContainerView transparent]+0x5e312 in /System/Library/Frameworks/AppKit.framework/Versions/C/AppKit at 0x00007fff8144c000
R11=0x0000000000000000 is an unknown value
R12=0x00007fcaf9f0a330 is an unknown value
R13=0x00000000000f42ef is an unknown value
R14=0x00007fcaf9caed10 is an unknown value
R15=0x00007fff5b56d7a8 is pointing into the stack for thread: 0x00007fcafa822800


Stack: [0x00007fff5ad72000,0x00007fff5b572000],  sp=0x00007fff5b56d668,  free space=8173k
Native frames: (J=compiled Java code, j=interpreted, Vv=VM code, C=native code)
C  [libobjc.A.dylib+0x10dd]  objc_msgSend+0x1d
C  [CoreFoundation+0x10634]  _CFXNotificationPost+0xc44
C  [Foundation+0x7aa1]  -[NSNotificationCenter postNotificationName:object:userInfo:]+0x42
C  [AppKit+0x439c2]  -[NSSurface _disposeSurface]+0x98
C  [AppKit+0x43426]  -[NSSurface setWindow:]+0x42
C  [AppKit+0x33910]  -[NSView _setWindow:]+0xa33
C  [AppKit+0x6af91]  -[NSView removeFromSuperview]+0x1c5
C  [AppKit+0x14bd99]  -[NSView removeFromSuperviewWithoutNeedingDisplay]+0x26
C  [liblwjgl.dylib+0xa205]  +[MacOSXKeyableWindow destroyWindow]+0xb5
C  [Foundation+0x92dd0]  __NSThreadPerformPerform+0x125
C  [CoreFoundation+0x80a01]  __CFRUNLOOP_IS_CALLING_OUT_TO_A_SOURCE0_PERFORM_FUNCTION__+0x11
C  [CoreFoundation+0x72b8d]  __CFRunLoopDoSources0+0x10d
C  [CoreFoundation+0x721bf]  __CFRunLoopRun+0x39f
C  [CoreFoundation+0x71bd8]  CFRunLoopRunSpecific+0x128
C  [HIToolbox+0x3256f]  RunCurrentEventLoopInMode+0xeb
C  [HIToolbox+0x322ea]  ReceiveNextEventCommon+0x1af
C  [HIToolbox+0x3212b]  _BlockUntilNextEventMatchingListInModeWithFilter+0x47
C  [AppKit+0x918ab]  _DPSNextEvent+0x3d2
C  [AppKit+0x90e58]  -[NSApplication nextEventMatchingMask:untilDate:inMode:dequeue:]+0x15a
C  [libosxapp.dylib+0x242a]  -[NSApplicationAWT nextEventMatchingMask:untilDate:inMode:dequeue:]+0x7c
C  [AppKit+0x86af3]  -[NSApplication run]+0x252
C  [libosxapp.dylib+0x223e]  +[NSApplicationAWT runAWTLoopWithApp:]+0x9c
C  [libawt_lwawt.dylib+0x439bb]  -[AWTStarter starter:]+0x389
C  [Foundation+0x92dd0]  __NSThreadPerformPerform+0x125
C  [CoreFoundation+0x80a01]  __CFRUNLOOP_IS_CALLING_OUT_TO_A_SOURCE0_PERFORM_FUNCTION__+0x11
C  [CoreFoundation+0x72b8d]  __CFRunLoopDoSources0+0x10d
C  [CoreFoundation+0x721bf]  __CFRunLoopRun+0x39f
C  [CoreFoundation+0x71bd8]  CFRunLoopRunSpecific+0x128
C  [java+0x56cb]  CreateExecutionEnvironment+0x367
C  [java+0x166c]  JLI_Launch+0x7a0
C  [java+0x7689]  main+0x65
C  [java+0xec4]  start+0x34


---------------  P R O C E S S  ---------------

Java Threads: ( => current thread )
  0x00007fcafb0b9800 JavaThread "AWT-Shutdown" [_thread_blocked, id=27923, stack(0x000000011f8e7000,0x000000011f9e7000)]
=>0x00007fcafa822800 JavaThread "AppKit Thread" daemon [_thread_in_native, id=1811, stack(0x00007fff5ad72000,0x00007fff5b572000)]
  0x00007fcafb033000 JavaThread "Service Thread" daemon [_thread_blocked, id=17923, stack(0x000000011dd5c000,0x000000011de5c000)]
  0x00007fcafa82e800 JavaThread "C1 CompilerThread2" daemon [_thread_blocked, id=17411, stack(0x000000011dc59000,0x000000011dd59000)]
  0x00007fcafa82d800 JavaThread "C2 CompilerThread1" daemon [_thread_blocked, id=16899, stack(0x000000011db56000,0x000000011dc56000)]
  0x00007fcafa81c800 JavaThread "C2 CompilerThread0" daemon [_thread_blocked, id=16387, stack(0x000000011da53000,0x000000011db53000)]
  0x00007fcafb82e000 JavaThread "Signal Dispatcher" daemon [_thread_blocked, id=14103, stack(0x000000011d950000,0x000000011da50000)]
  0x00007fcafb032000 JavaThread "Finalizer" daemon [_thread_blocked, id=11523, stack(0x000000011bf4a000,0x000000011c04a000)]
  0x00007fcafb81c800 JavaThread "Reference Handler" daemon [_thread_blocked, id=11011, stack(0x000000011be47000,0x000000011bf47000)]
  0x00007fcafb000800 JavaThread "main" [_thread_in_native, id=4867, stack(0x0000000105665000,0x0000000105765000)]

Other Threads:
  0x00007fcafb818000 VMThread [stack: 0x000000011bd44000,0x000000011be44000] [id=10499]
  0x00007fcafb036800 WatcherThread [stack: 0x000000011de5f000,0x000000011df5f000] [id=18435]

VM state:not at safepoint (normal execution)

VM Mutex/Monitor currently owned by a thread: None

Heap:
 PSYoungGen      total 4608K, used 3695K [0x0000000795580000, 0x0000000795c80000, 0x00000007c0000000)
  eden space 3584K, 75% used [0x0000000795580000,0x0000000795821b68,0x0000000795900000)
  from space 1024K, 97% used [0x0000000795a80000,0x0000000795b7a158,0x0000000795b80000)
  to   space 1536K, 0% used [0x0000000795900000,0x0000000795900000,0x0000000795a80000)
 ParOldGen       total 129536K, used 28859K [0x0000000740000000, 0x0000000747e80000, 0x0000000795580000)
  object space 129536K, 22% used [0x0000000740000000,0x0000000741c2ed68,0x0000000747e80000)
 Metaspace       used 8232K, capacity 8343K, committed 8576K, reserved 1056768K
  class space    used 847K, capacity 882K, committed 896K, reserved 1048576K

Card table byte_map: [0x00000001153c0000,0x00000001157c1000] byte_map_base: 0x00000001119c0000

Marking Bits: (ParMarkBitMap*) 0x0000000104ff30a0
 Begin Bits: [0x0000000115e78000, 0x0000000117e78000)
 End Bits:   [0x0000000117e78000, 0x0000000119e78000)

Polling page: 0x00000001057a9000

CodeCache: size=245760Kb used=2731Kb max_used=2731Kb free=243028Kb
 bounds [0x0000000106000000, 0x00000001062b0000, 0x0000000115000000]
 total_blobs=1165 nmethods=751 adapters=330
 compilation: enabled

Compilation events (10 events):
Event: 4.547 Thread 0x00007fcafa82e800  745       1       org.newdawn.slick.GameContainer::running (5 bytes)
Event: 4.548 Thread 0x00007fcafa82e800 nmethod 745 0x00000001062aa410 code [0x00000001062aa560, 0x00000001062aa670]
Event: 4.864 Thread 0x00007fcafa82e800  748       3       org.lwjgl.MemoryUtil::getAddress (9 bytes)
Event: 4.865 Thread 0x00007fcafa82e800 nmethod 748 0x00000001062aa6d0 code [0x00000001062aa840, 0x00000001062aab50]
Event: 4.865 Thread 0x00007fcafa82e800  749       3       org.lwjgl.MemoryUtil::getAddress (10 bytes)
Event: 4.865 Thread 0x00007fcafa82e800 nmethod 749 0x00000001062aad10 code [0x00000001062aae80, 0x00000001062ab090]
Event: 4.884 Thread 0x00007fcafa82e800  750       3       java.lang.Integer::stringSize (21 bytes)
Event: 4.884 Thread 0x00007fcafa82e800 nmethod 750 0x00000001062ab210 code [0x00000001062ab380, 0x00000001062ab590]
Event: 4.884 Thread 0x00007fcafa82e800  751       3       java.lang.Integer::getChars (131 bytes)
Event: 4.885 Thread 0x00007fcafa82e800 nmethod 751 0x00000001062ab690 code [0x00000001062ab820, 0x00000001062abc90]

GC Heap History (10 events):
Event: 0.720 GC heap before
{Heap before GC invocations=4 (full 0):
 PSYoungGen      total 1024K, used 992K [0x0000000795580000, 0x0000000795780000, 0x00000007c0000000)
  eden space 512K, 100% used [0x0000000795580000,0x0000000795600000,0x0000000795600000)
  from space 512K, 93% used [0x0000000795600000,0x0000000795678020,0x0000000795680000)
  to   space 512K, 0% used [0x0000000795700000,0x0000000795700000,0x0000000795780000)
 ParOldGen       total 129536K, used 230K [0x0000000740000000, 0x0000000747e80000, 0x0000000795580000)
  object space 129536K, 0% used [0x0000000740000000,0x0000000740039af8,0x0000000747e80000)
 Metaspace       used 4263K, capacity 4864K, committed 5120K, reserved 1056768K
  class space    used 466K, capacity 496K, committed 512K, reserved 1048576K
Event: 0.722 GC heap after
Heap after GC invocations=4 (full 0):
 PSYoungGen      total 1536K, used 496K [0x0000000795580000, 0x0000000795780000, 0x00000007c0000000)
  eden space 1024K, 0% used [0x0000000795580000,0x0000000795580000,0x0000000795680000)
  from space 512K, 96% used [0x0000000795700000,0x000000079577c010,0x0000000795780000)
  to   space 512K, 0% used [0x0000000795680000,0x0000000795680000,0x0000000795700000)
 ParOldGen       total 129536K, used 433K [0x0000000740000000, 0x0000000747e80000, 0x0000000795580000)
  object space 129536K, 0% used [0x0000000740000000,0x000000074006c480,0x0000000747e80000)
 Metaspace       used 4263K, capacity 4864K, committed 5120K, reserved 1056768K
  class space    used 466K, capacity 496K, committed 512K, reserved 1048576K
}
Event: 0.770 GC heap before
{Heap before GC invocations=5 (full 0):
 PSYoungGen      total 1536K, used 1520K [0x0000000795580000, 0x0000000795780000, 0x00000007c0000000)
  eden space 1024K, 100% used [0x0000000795580000,0x0000000795680000,0x0000000795680000)
  from space 512K, 96% used [0x0000000795700000,0x000000079577c010,0x0000000795780000)
  to   space 512K, 0% used [0x0000000795680000,0x0000000795680000,0x0000000795700000)
 ParOldGen       total 129536K, used 433K [0x0000000740000000, 0x0000000747e80000, 0x0000000795580000)
  object space 129536K, 0% used [0x0000000740000000,0x000000074006c480,0x0000000747e80000)
 Metaspace       used 4834K, capacity 5098K, committed 5248K, reserved 1056768K
  class space    used 538K, capacity 581K, committed 640K, reserved 1048576K
Event: 0.772 GC heap after
Heap after GC invocations=5 (full 0):
 PSYoungGen      total 1536K, used 496K [0x0000000795580000, 0x0000000795980000, 0x00000007c0000000)
  eden space 1024K, 0% used [0x0000000795580000,0x0000000795580000,0x0000000795680000)
  from space 512K, 96% used [0x0000000795680000,0x00000007956fc010,0x0000000795700000)
  to   space 1024K, 0% used [0x0000000795880000,0x0000000795880000,0x0000000795980000)
 ParOldGen       total 129536K, used 749K [0x0000000740000000, 0x0000000747e80000, 0x0000000795580000)
  object space 129536K, 0% used [0x0000000740000000,0x00000007400bb610,0x0000000747e80000)
 Metaspace       used 4834K, capacity 5098K, committed 5248K, reserved 1056768K
  class space    used 538K, capacity 581K, committed 640K, reserved 1048576K
}
Event: 1.223 GC heap before
{Heap before GC invocations=6 (full 0):
 PSYoungGen      total 1536K, used 1520K [0x0000000795580000, 0x0000000795980000, 0x00000007c0000000)
  eden space 1024K, 100% used [0x0000000795580000,0x0000000795680000,0x0000000795680000)
  from space 512K, 96% used [0x0000000795680000,0x00000007956fc010,0x0000000795700000)
  to   space 1024K, 0% used [0x0000000795880000,0x0000000795880000,0x0000000795980000)
 ParOldGen       total 129536K, used 28266K [0x0000000740000000, 0x0000000747e80000, 0x0000000795580000)
  object space 129536K, 21% used [0x0000000740000000,0x0000000741b9aab0,0x0000000747e80000)
 Metaspace       used 5432K, capacity 5524K, committed 5888K, reserved 1056768K
  class space    used 613K, capacity 658K, committed 768K, reserved 1048576K
Event: 1.225 GC heap after
Heap after GC invocations=6 (full 0):
 PSYoungGen      total 3072K, used 731K [0x0000000795580000, 0x0000000795980000, 0x00000007c0000000)
  eden space 2048K, 0% used [0x0000000795580000,0x0000000795580000,0x0000000795780000)
  from space 1024K, 71% used [0x0000000795880000,0x0000000795936fb0,0x0000000795980000)
  to   space 1024K, 0% used [0x0000000795780000,0x0000000795780000,0x0000000795880000)
 ParOldGen       total 129536K, used 28274K [0x0000000740000000, 0x0000000747e80000, 0x0000000795580000)
  object space 129536K, 21% used [0x0000000740000000,0x0000000741b9cab0,0x0000000747e80000)
 Metaspace       used 5432K, capacity 5524K, committed 5888K, reserved 1056768K
  class space    used 613K, capacity 658K, committed 768K, reserved 1048576K
}
Event: 1.585 GC heap before
{Heap before GC invocations=7 (full 0):
 PSYoungGen      total 3072K, used 2779K [0x0000000795580000, 0x0000000795980000, 0x00000007c0000000)
  eden space 2048K, 100% used [0x0000000795580000,0x0000000795780000,0x0000000795780000)
  from space 1024K, 71% used [0x0000000795880000,0x0000000795936fb0,0x0000000795980000)
  to   space 1024K, 0% used [0x0000000795780000,0x0000000795780000,0x0000000795880000)
 ParOldGen       total 129536K, used 28274K [0x0000000740000000, 0x0000000747e80000, 0x0000000795580000)
  object space 129536K, 21% used [0x0000000740000000,0x0000000741b9cab0,0x0000000747e80000)
 Metaspace       used 6451K, capacity 6551K, committed 6656K, reserved 1056768K
  class space    used 660K, capacity 690K, committed 768K, reserved 1048576K
Event: 1.588 GC heap after
Heap after GC invocations=7 (full 0):
 PSYoungGen      total 3072K, used 969K [0x0000000795580000, 0x0000000795b80000, 0x00000007c0000000)
  eden space 2048K, 0% used [0x0000000795580000,0x0000000795580000,0x0000000795780000)
  from space 1024K, 94% used [0x0000000795780000,0x00000007958726f8,0x0000000795880000)
  to   space 1024K, 0% used [0x0000000795a80000,0x0000000795a80000,0x0000000795b80000)
 ParOldGen       total 129536K, used 28562K [0x0000000740000000, 0x0000000747e80000, 0x0000000795580000)
  object space 129536K, 22% used [0x0000000740000000,0x0000000741be4b00,0x0000000747e80000)
 Metaspace       used 6451K, capacity 6551K, committed 6656K, reserved 1056768K
  class space    used 660K, capacity 690K, committed 768K, reserved 1048576K
}
Event: 1.807 GC heap before
{Heap before GC invocations=8 (full 0):
 PSYoungGen      total 3072K, used 2995K [0x0000000795580000, 0x0000000795b80000, 0x00000007c0000000)
  eden space 2048K, 98% used [0x0000000795580000,0x000000079577a888,0x0000000795780000)
  from space 1024K, 94% used [0x0000000795780000,0x00000007958726f8,0x0000000795880000)
  to   space 1024K, 0% used [0x0000000795a80000,0x0000000795a80000,0x0000000795b80000)
 ParOldGen       total 129536K, used 28562K [0x0000000740000000, 0x0000000747e80000, 0x0000000795580000)
  object space 129536K, 22% used [0x0000000740000000,0x0000000741be4b00,0x0000000747e80000)
 Metaspace       used 8042K, capacity 8151K, committed 8320K, reserved 1056768K
  class space    used 833K, capacity 882K, committed 896K, reserved 1048576K
Event: 1.811 GC heap after
Heap after GC invocations=8 (full 0):
 PSYoungGen      total 4608K, used 1000K [0x0000000795580000, 0x0000000795c80000, 0x00000007c0000000)
  eden space 3584K, 0% used [0x0000000795580000,0x0000000795580000,0x0000000795900000)
  from space 1024K, 97% used [0x0000000795a80000,0x0000000795b7a158,0x0000000795b80000)
  to   space 1536K, 0% used [0x0000000795900000,0x0000000795900000,0x0000000795a80000)
 ParOldGen       total 129536K, used 28859K [0x0000000740000000, 0x0000000747e80000, 0x0000000795580000)
  object space 129536K, 22% used [0x0000000740000000,0x0000000741c2ed68,0x0000000747e80000)
 Metaspace       used 8042K, capacity 8151K, committed 8320K, reserved 1056768K
  class space    used 833K, capacity 882K, committed 896K, reserved 1048576K
}

Deoptimization events (0 events):
No events

Internal exceptions (10 events):
Event: 1.763 Thread 0x00007fcafb000800 Exception <a 'java/security/PrivilegedActionException'> (0x000000079570fa80) thrown at [/HUDSON3/workspace/8-2-build-macosx-x86_64/jdk8u11/648/hotspot/src/share/vm/prims/jvm.cpp, line 1248]
Event: 1.856 Thread 0x00007fcafb000800 Exception <a 'java/security/PrivilegedActionException'> (0x00000007955f8250) thrown at [/HUDSON3/workspace/8-2-build-macosx-x86_64/jdk8u11/648/hotspot/src/share/vm/prims/jvm.cpp, line 1248]
Event: 1.944 Thread 0x00007fcafb000800 Exception <a 'java/security/PrivilegedActionException'> (0x00000007956a1720) thrown at [/HUDSON3/workspace/8-2-build-macosx-x86_64/jdk8u11/648/hotspot/src/share/vm/prims/jvm.cpp, line 1248]
Event: 1.945 Thread 0x00007fcafb000800 Exception <a 'java/security/PrivilegedActionException'> (0x00000007956a53a0) thrown at [/HUDSON3/workspace/8-2-build-macosx-x86_64/jdk8u11/648/hotspot/src/share/vm/prims/jvm.cpp, line 1248]
Event: 1.947 Thread 0x00007fcafb000800 Exception <a 'java/security/PrivilegedActionException'> (0x00000007956a92a0) thrown at [/HUDSON3/workspace/8-2-build-macosx-x86_64/jdk8u11/648/hotspot/src/share/vm/prims/jvm.cpp, line 1248]
Event: 1.966 Thread 0x00007fcafb000800 Exception <a 'java/security/PrivilegedActionException'> (0x00000007956c30d0) thrown at [/HUDSON3/workspace/8-2-build-macosx-x86_64/jdk8u11/648/hotspot/src/share/vm/prims/jvm.cpp, line 1248]
Event: 2.067 Thread 0x00007fcafb000800 Exception <a 'java/security/PrivilegedActionException'> (0x0000000795806208) thrown at [/HUDSON3/workspace/8-2-build-macosx-x86_64/jdk8u11/648/hotspot/src/share/vm/prims/jvm.cpp, line 1248]
Event: 2.363 Thread 0x00007fcafb000800 Exception <a 'java/security/PrivilegedActionException'> (0x000000079580a178) thrown at [/HUDSON3/workspace/8-2-build-macosx-x86_64/jdk8u11/648/hotspot/src/share/vm/prims/jvm.cpp, line 1248]
Event: 2.413 Thread 0x00007fcafb000800 Exception <a 'java/security/PrivilegedActionException'> (0x000000079580dc98) thrown at [/HUDSON3/workspace/8-2-build-macosx-x86_64/jdk8u11/648/hotspot/src/share/vm/prims/jvm.cpp, line 1248]
Event: 4.921 Thread 0x00007fcafb000800 Exception <a 'java/security/PrivilegedActionException'> (0x0000000795818c28) thrown at [/HUDSON3/workspace/8-2-build-macosx-x86_64/jdk8u11/648/hotspot/src/share/vm/prims/jvm.cpp, line 1248]

Events (10 events):
Event: 2.477 Thread 0x00007fcafb000800 DEOPT PACKING pc=0x0000000106281a39 sp=0x0000000105764380
Event: 2.477 Thread 0x00007fcafb000800 DEOPT UNPACKING pc=0x000000010604701a sp=0x00000001057641b0 mode 0
Event: 2.479 Thread 0x00007fcafb000800 DEOPT PACKING pc=0x0000000106281a39 sp=0x0000000105764380
Event: 2.479 Thread 0x00007fcafb000800 DEOPT UNPACKING pc=0x000000010604701a sp=0x00000001057641b0 mode 0
Event: 2.479 Thread 0x00007fcafb000800 DEOPT PACKING pc=0x0000000106281a39 sp=0x0000000105764380
Event: 2.479 Thread 0x00007fcafb000800 DEOPT UNPACKING pc=0x000000010604701a sp=0x00000001057641b0 mode 0
Event: 4.180 Executing VM operation: EnableBiasedLocking
Event: 4.180 Executing VM operation: EnableBiasedLocking done
Event: 4.920 loading class org/lwjgl/opengl/CallbackUtil
Event: 4.920 loading class org/lwjgl/opengl/CallbackUtil done


Dynamic libraries:
0x000000000129c000 	/System/Library/Frameworks/Cocoa.framework/Versions/A/Cocoa
0x000000000129c000 	/System/Library/Frameworks/Security.framework/Versions/A/Security
0x000000000129c000 	/System/Library/Frameworks/ApplicationServices.framework/Versions/A/ApplicationServices
0x000000000129c000 	/usr/lib/libz.1.dylib
0x000000000129c000 	/usr/lib/libSystem.B.dylib
0x000000000129c000 	/usr/lib/libobjc.A.dylib
0x000000000129c000 	/System/Library/Frameworks/CoreFoundation.framework/Versions/A/CoreFoundation
0x000000000129c000 	/System/Library/Frameworks/Foundation.framework/Versions/C/Foundation
0x000000000129c000 	/System/Library/Frameworks/AppKit.framework/Versions/C/AppKit
0x000000000129c000 	/System/Library/Frameworks/CoreData.framework/Versions/A/CoreData
0x000000000129c000 	/System/Library/PrivateFrameworks/RemoteViewServices.framework/Versions/A/RemoteViewServices
0x000000000129c000 	/System/Library/PrivateFrameworks/UIFoundation.framework/Versions/A/UIFoundation
0x000000000129c000 	/System/Library/Frameworks/IOSurface.framework/Versions/A/IOSurface
0x000000000129c000 	/System/Library/Frameworks/AudioToolbox.framework/Versions/A/AudioToolbox
0x000000000129c000 	/System/Library/Frameworks/AudioUnit.framework/Versions/A/AudioUnit
0x000000000129c000 	/System/Library/PrivateFrameworks/DataDetectorsCore.framework/Versions/A/DataDetectorsCore
0x000000000129c000 	/System/Library/PrivateFrameworks/DesktopServicesPriv.framework/Versions/A/DesktopServicesPriv
0x000000000129c000 	/System/Library/Frameworks/Carbon.framework/Versions/A/Frameworks/HIToolbox.framework/Versions/A/HIToolbox
0x000000000129c000 	/System/Library/Frameworks/QuartzCore.framework/Versions/A/QuartzCore
0x000000000129c000 	/System/Library/Frameworks/Carbon.framework/Versions/A/Frameworks/SpeechRecognition.framework/Versions/A/SpeechRecognition
0x000000000129c000 	/usr/lib/libauto.dylib
0x000000000129c000 	/usr/lib/libicucore.A.dylib
0x000000000129c000 	/usr/lib/libxml2.2.dylib
0x000000000129c000 	/System/Library/PrivateFrameworks/CoreUI.framework/Versions/A/CoreUI
0x000000000129c000 	/System/Library/Frameworks/CoreAudio.framework/Versions/A/CoreAudio
0x000000000129c000 	/System/Library/Frameworks/DiskArbitration.framework/Versions/A/DiskArbitration
0x000000000129c000 	/usr/lib/liblangid.dylib
0x000000000129c000 	/System/Library/PrivateFrameworks/MultitouchSupport.framework/Versions/A/MultitouchSupport
0x000000000129c000 	/System/Library/Frameworks/IOKit.framework/Versions/A/IOKit
0x000000000129c000 	/usr/lib/libDiagnosticMessagesClient.dylib
0x000000000129c000 	/System/Library/Frameworks/CoreServices.framework/Versions/A/CoreServices
0x000000000129c000 	/System/Library/PrivateFrameworks/PerformanceAnalysis.framework/Versions/A/PerformanceAnalysis
0x000000000129c000 	/System/Library/PrivateFrameworks/GenerationalStorage.framework/Versions/A/GenerationalStorage
0x000000000129c000 	/System/Library/Frameworks/OpenGL.framework/Versions/A/OpenGL
0x000000000129c000 	/System/Library/PrivateFrameworks/Sharing.framework/Versions/A/Sharing
0x000000000129c000 	/System/Library/Frameworks/CoreGraphics.framework/Versions/A/CoreGraphics
0x000000000129c000 	/System/Library/Frameworks/CoreText.framework/Versions/A/CoreText
0x000000000129c000 	/System/Library/Frameworks/ImageIO.framework/Versions/A/ImageIO
0x000000000129c000 	/usr/lib/libextension.dylib
0x000000000129c000 	/System/Library/PrivateFrameworks/Backup.framework/Versions/A/Backup
0x000000000129c000 	/usr/lib/libarchive.2.dylib
0x000000000129c000 	/System/Library/Frameworks/CFNetwork.framework/Versions/A/CFNetwork
0x000000000129c000 	/System/Library/Frameworks/SystemConfiguration.framework/Versions/A/SystemConfiguration
0x000000000129c000 	/usr/lib/libCRFSuite.dylib
0x000000000129c000 	/usr/lib/libc++.1.dylib
0x000000000129c000 	/usr/lib/libc++abi.dylib
0x000000000129c000 	/usr/lib/system/libcache.dylib
0x000000000129c000 	/usr/lib/system/libcommonCrypto.dylib
0x000000000129c000 	/usr/lib/system/libcompiler_rt.dylib
0x000000000129c000 	/usr/lib/system/libcopyfile.dylib
0x000000000129c000 	/usr/lib/system/libcorecrypto.dylib
0x000000000129c000 	/usr/lib/system/libdispatch.dylib
0x000000000129c000 	/usr/lib/system/libdyld.dylib
0x000000000129c000 	/usr/lib/system/libkeymgr.dylib
0x000000000129c000 	/usr/lib/system/liblaunch.dylib
0x000000000129c000 	/usr/lib/system/libmacho.dylib
0x000000000129c000 	/usr/lib/system/libquarantine.dylib
0x000000000129c000 	/usr/lib/system/libremovefile.dylib
0x000000000129c000 	/usr/lib/system/libsystem_asl.dylib
0x000000000129c000 	/usr/lib/system/libsystem_blocks.dylib
0x000000000129c000 	/usr/lib/system/libsystem_c.dylib
0x000000000129c000 	/usr/lib/system/libsystem_configuration.dylib
0x000000000129c000 	/usr/lib/system/libsystem_coreservices.dylib
0x000000000129c000 	/usr/lib/system/libsystem_coretls.dylib
0x000000000129c000 	/usr/lib/system/libsystem_dnssd.dylib
0x000000000129c000 	/usr/lib/system/libsystem_info.dylib
0x000000000129c000 	/usr/lib/system/libsystem_kernel.dylib
0x000000000129c000 	/usr/lib/system/libsystem_m.dylib
0x000000000129c000 	/usr/lib/system/libsystem_malloc.dylib
0x000000000129c000 	/usr/lib/system/libsystem_network.dylib
0x000000000129c000 	/usr/lib/system/libsystem_networkextension.dylib
0x000000000129c000 	/usr/lib/system/libsystem_notify.dylib
0x000000000129c000 	/usr/lib/system/libsystem_platform.dylib
0x000000000129c000 	/usr/lib/system/libsystem_pthread.dylib
0x000000000129c000 	/usr/lib/system/libsystem_sandbox.dylib
0x000000000129c000 	/usr/lib/system/libsystem_secinit.dylib
0x000000000129c000 	/usr/lib/system/libsystem_stats.dylib
0x000000000129c000 	/usr/lib/system/libsystem_trace.dylib
0x000000000129c000 	/usr/lib/system/libunc.dylib
0x000000000129c000 	/usr/lib/system/libunwind.dylib
0x000000000129c000 	/usr/lib/system/libxpc.dylib
0x000000000129c000 	/usr/lib/libbz2.1.0.dylib
0x000000000129c000 	/usr/lib/liblzma.5.dylib
0x000000000129c000 	/usr/lib/libbsm.0.dylib
0x000000000129c000 	/usr/lib/libsqlite3.dylib
0x000000000129c000 	/usr/lib/system/libkxld.dylib
0x000000000129c000 	/usr/lib/libxar.1.dylib
0x000000000129c000 	/usr/lib/libpam.2.dylib
0x000000000129c000 	/usr/lib/libOpenScriptingUtil.dylib
0x000000000129c000 	/System/Library/Frameworks/CoreServices.framework/Versions/A/Frameworks/FSEvents.framework/Versions/A/FSEvents
0x000000000129c000 	/System/Library/Frameworks/CoreServices.framework/Versions/A/Frameworks/CarbonCore.framework/Versions/A/CarbonCore
0x000000000129c000 	/System/Library/Frameworks/CoreServices.framework/Versions/A/Frameworks/Metadata.framework/Versions/A/Metadata
0x000000000129c000 	/System/Library/Frameworks/CoreServices.framework/Versions/A/Frameworks/OSServices.framework/Versions/A/OSServices
0x000000000129c000 	/System/Library/Frameworks/CoreServices.framework/Versions/A/Frameworks/SearchKit.framework/Versions/A/SearchKit
0x000000000129c000 	/System/Library/Frameworks/CoreServices.framework/Versions/A/Frameworks/AE.framework/Versions/A/AE
0x000000000129c000 	/System/Library/Frameworks/CoreServices.framework/Versions/A/Frameworks/LaunchServices.framework/Versions/A/LaunchServices
0x000000000129c000 	/System/Library/Frameworks/CoreServices.framework/Versions/A/Frameworks/DictionaryServices.framework/Versions/A/DictionaryServices
0x000000000129c000 	/System/Library/Frameworks/NetFS.framework/Versions/A/NetFS
0x000000000129c000 	/System/Library/PrivateFrameworks/NetAuth.framework/Versions/A/NetAuth
0x000000000129c000 	/System/Library/PrivateFrameworks/login.framework/Versions/A/Frameworks/loginsupport.framework/Versions/A/loginsupport
0x000000000129c000 	/System/Library/PrivateFrameworks/TCC.framework/Versions/A/TCC
0x000000000129c000 	/usr/lib/libmecabra.dylib
0x000000000129c000 	/System/Library/Frameworks/ApplicationServices.framework/Versions/A/Frameworks/ATS.framework/Versions/A/ATS
0x000000000129c000 	/System/Library/Frameworks/ApplicationServices.framework/Versions/A/Frameworks/ColorSync.framework/Versions/A/ColorSync
0x000000000129c000 	/System/Library/Frameworks/ApplicationServices.framework/Versions/A/Frameworks/HIServices.framework/Versions/A/HIServices
0x000000000129c000 	/System/Library/Frameworks/ApplicationServices.framework/Versions/A/Frameworks/LangAnalysis.framework/Versions/A/LangAnalysis
0x000000000129c000 	/System/Library/Frameworks/ApplicationServices.framework/Versions/A/Frameworks/PrintCore.framework/Versions/A/PrintCore
0x000000000129c000 	/System/Library/Frameworks/ApplicationServices.framework/Versions/A/Frameworks/QD.framework/Versions/A/QD
0x000000000129c000 	/System/Library/Frameworks/ApplicationServices.framework/Versions/A/Frameworks/SpeechSynthesis.framework/Versions/A/SpeechSynthesis
0x000000000129c000 	/System/Library/Frameworks/Accelerate.framework/Versions/A/Accelerate
0x000000000129c000 	/System/Library/Frameworks/Accelerate.framework/Versions/A/Frameworks/vImage.framework/Versions/A/vImage
0x000000000129c000 	/System/Library/Frameworks/Accelerate.framework/Versions/A/Frameworks/vecLib.framework/Versions/A/vecLib
0x000000000129c000 	/System/Library/Frameworks/Accelerate.framework/Versions/A/Frameworks/vecLib.framework/Versions/A/libvDSP.dylib
0x000000000129c000 	/System/Library/Frameworks/Accelerate.framework/Versions/A/Frameworks/vecLib.framework/Versions/A/libvMisc.dylib
0x000000000129c000 	/System/Library/Frameworks/Accelerate.framework/Versions/A/Frameworks/vecLib.framework/Versions/A/libLAPACK.dylib
0x000000000129c000 	/System/Library/Frameworks/Accelerate.framework/Versions/A/Frameworks/vecLib.framework/Versions/A/libBLAS.dylib
0x000000000129c000 	/System/Library/Frameworks/Accelerate.framework/Versions/A/Frameworks/vecLib.framework/Versions/A/libLinearAlgebra.dylib
0x000000000129c000 	/System/Library/Frameworks/ApplicationServices.framework/Versions/A/Frameworks/ATS.framework/Versions/A/Resources/libFontParser.dylib
0x000000000129c000 	/System/Library/Frameworks/ApplicationServices.framework/Versions/A/Frameworks/ATS.framework/Versions/A/Resources/libFontRegistry.dylib
0x000000000129c000 	/System/Library/PrivateFrameworks/AppleVPA.framework/Versions/A/AppleVPA
0x000000000129c000 	/System/Library/PrivateFrameworks/AppleJPEG.framework/Versions/A/AppleJPEG
0x000000000129c000 	/System/Library/Frameworks/ImageIO.framework/Versions/A/Resources/libJPEG.dylib
0x000000000129c000 	/System/Library/Frameworks/ImageIO.framework/Versions/A/Resources/libTIFF.dylib
0x000000000129c000 	/System/Library/Frameworks/ImageIO.framework/Versions/A/Resources/libPng.dylib
0x000000000129c000 	/System/Library/Frameworks/ImageIO.framework/Versions/A/Resources/libGIF.dylib
0x000000000129c000 	/System/Library/Frameworks/ImageIO.framework/Versions/A/Resources/libJP2.dylib
0x000000000129c000 	/System/Library/Frameworks/ImageIO.framework/Versions/A/Resources/libRadiance.dylib
0x000000000129c000 	/System/Library/Frameworks/CoreVideo.framework/Versions/A/CoreVideo
0x000000000129c000 	/System/Library/Frameworks/OpenGL.framework/Versions/A/Libraries/libGLU.dylib
0x000000000129c000 	/System/Library/Frameworks/OpenGL.framework/Versions/A/Libraries/libGFXShared.dylib
0x000000000129c000 	/System/Library/Frameworks/OpenGL.framework/Versions/A/Libraries/libGL.dylib
0x000000000129c000 	/System/Library/Frameworks/OpenGL.framework/Versions/A/Libraries/libGLImage.dylib
0x000000000129c000 	/System/Library/Frameworks/OpenGL.framework/Versions/A/Libraries/libCVMSPluginSupport.dylib
0x000000000129c000 	/System/Library/Frameworks/OpenGL.framework/Versions/A/Libraries/libCoreVMClient.dylib
0x000000000129c000 	/usr/lib/libcups.2.dylib
0x000000000129c000 	/System/Library/Frameworks/Kerberos.framework/Versions/A/Kerberos
0x000000000129c000 	/System/Library/Frameworks/GSS.framework/Versions/A/GSS
0x000000000129c000 	/usr/lib/libresolv.9.dylib
0x000000000129c000 	/usr/lib/libiconv.2.dylib
0x000000000129c000 	/System/Library/PrivateFrameworks/Heimdal.framework/Versions/A/Heimdal
0x000000000129c000 	/usr/lib/libheimdal-asn1.dylib
0x000000000129c000 	/System/Library/Frameworks/OpenDirectory.framework/Versions/A/OpenDirectory
0x000000000129c000 	/System/Library/PrivateFrameworks/CommonAuth.framework/Versions/A/CommonAuth
0x000000000129c000 	/System/Library/Frameworks/OpenDirectory.framework/Versions/A/Frameworks/CFOpenDirectory.framework/Versions/A/CFOpenDirectory
0x000000000129c000 	/System/Library/Frameworks/SecurityFoundation.framework/Versions/A/SecurityFoundation
0x000000000129c000 	/System/Library/PrivateFrameworks/LanguageModeling.framework/Versions/A/LanguageModeling
0x000000000129c000 	/usr/lib/libcmph.dylib
0x000000000129c000 	/System/Library/Frameworks/ServiceManagement.framework/Versions/A/ServiceManagement
0x000000000129c000 	/usr/lib/libxslt.1.dylib
0x000000000129c000 	/System/Library/Frameworks/Carbon.framework/Versions/A/Frameworks/Ink.framework/Versions/A/Ink
0x000000000129c000 	/System/Library/Frameworks/QuartzCore.framework/Versions/A/Frameworks/CoreImage.framework/Versions/A/CoreImage
0x000000000129c000 	/System/Library/PrivateFrameworks/CrashReporterSupport.framework/Versions/A/CrashReporterSupport
0x000000000129c000 	/System/Library/Frameworks/OpenCL.framework/Versions/A/OpenCL
0x000000000129c000 	/System/Library/PrivateFrameworks/FaceCore.framework/Versions/A/FaceCore
0x000000000129c000 	/System/Library/PrivateFrameworks/Ubiquity.framework/Versions/A/Ubiquity
0x000000000129c000 	/System/Library/PrivateFrameworks/IconServices.framework/Versions/A/IconServices
0x000000000129c000 	/System/Library/PrivateFrameworks/ChunkingLibrary.framework/Versions/A/ChunkingLibrary
0x000000000129c000 	/System/Library/PrivateFrameworks/Apple80211.framework/Versions/A/Apple80211
0x000000000129c000 	/System/Library/Frameworks/CoreWLAN.framework/Versions/A/CoreWLAN
0x000000000129c000 	/System/Library/Frameworks/IOBluetooth.framework/Versions/A/IOBluetooth
0x000000000129c000 	/System/Library/PrivateFrameworks/CoreWiFi.framework/Versions/A/CoreWiFi
0x000000000129c000 	/System/Library/Frameworks/CoreBluetooth.framework/Versions/A/CoreBluetooth
0x000000000129c000 	/System/Library/PrivateFrameworks/DebugSymbols.framework/Versions/A/DebugSymbols
0x000000000129c000 	/System/Library/PrivateFrameworks/CoreSymbolication.framework/Versions/A/CoreSymbolication
0x000000000129c000 	/System/Library/PrivateFrameworks/Symbolication.framework/Versions/A/Symbolication
0x000000000129c000 	/System/Library/PrivateFrameworks/SpeechRecognitionCore.framework/Versions/A/SpeechRecognitionCore
0x000000010478c000 	/Library/Java/JavaVirtualMachines/jdk1.8.0_11.jdk/Contents/Home/jre/lib/server/libjvm.dylib
0x000000000129c000 	/usr/lib/libstdc++.6.dylib
0x0000000105767000 	/Library/Java/JavaVirtualMachines/jdk1.8.0_11.jdk/Contents/Home/jre/lib/libverify.dylib
0x0000000105775000 	/Library/Java/JavaVirtualMachines/jdk1.8.0_11.jdk/Contents/Home/jre/lib/libjava.dylib
0x00000001057b3000 	/Library/Java/JavaVirtualMachines/jdk1.8.0_11.jdk/Contents/Home/jre/lib/libzip.dylib
0x00000001057e5000 	/System/Library/Frameworks/JavaVM.framework/Frameworks/JavaRuntimeSupport.framework/JavaRuntimeSupport
0x000000011c04c000 	/System/Library/Frameworks/JavaVM.framework/Versions/A/Frameworks/JavaNativeFoundation.framework/Versions/A/JavaNativeFoundation
0x000000011c060000 	/System/Library/Frameworks/JavaVM.framework/Versions/A/JavaVM
0x000000000129c000 	/System/Library/Frameworks/Carbon.framework/Versions/A/Carbon
0x000000011c06c000 	/System/Library/PrivateFrameworks/JavaLaunching.framework/Versions/A/JavaLaunching
0x000000000129c000 	/System/Library/Frameworks/Carbon.framework/Versions/A/Frameworks/CommonPanels.framework/Versions/A/CommonPanels
0x000000000129c000 	/System/Library/Frameworks/Carbon.framework/Versions/A/Frameworks/Help.framework/Versions/A/Help
0x000000000129c000 	/System/Library/Frameworks/Carbon.framework/Versions/A/Frameworks/ImageCapture.framework/Versions/A/ImageCapture
0x000000000129c000 	/System/Library/Frameworks/Carbon.framework/Versions/A/Frameworks/OpenScripting.framework/Versions/A/OpenScripting
0x000000000129c000 	/System/Library/Frameworks/Carbon.framework/Versions/A/Frameworks/Print.framework/Versions/A/Print
0x000000000129c000 	/System/Library/Frameworks/Carbon.framework/Versions/A/Frameworks/SecurityHI.framework/Versions/A/SecurityHI
0x000000011df85000 	/Library/Java/JavaVirtualMachines/jdk1.8.0_11.jdk/Contents/Home/jre/lib/libawt.dylib
0x000000011e034000 	/Library/Java/JavaVirtualMachines/jdk1.8.0_11.jdk/Contents/Home/jre/lib/./libmlib_image.dylib
0x000000011e100000 	/Library/Java/JavaVirtualMachines/jdk1.8.0_11.jdk/Contents/Home/jre/lib/libawt_lwawt.dylib
0x000000011e1b2000 	/Library/Java/JavaVirtualMachines/jdk1.8.0_11.jdk/Contents/Home/jre/lib/./libosxapp.dylib
0x000000000129c000 	/System/Library/Frameworks/ExceptionHandling.framework/Versions/A/ExceptionHandling
0x000000000129c000 	/System/Library/PrivateFrameworks/CoreServicesInternal.framework/Versions/A/CoreServicesInternal
0x000000000129c000 	/System/Library/PrivateFrameworks/CloudDocs.framework/Versions/A/CloudDocs
0x000000000129c000 	/System/Library/PrivateFrameworks/CoreDuet.framework/Versions/A/CoreDuet
0x000000000129c000 	/System/Library/Frameworks/CloudKit.framework/Versions/A/CloudKit
0x000000000129c000 	/System/Library/PrivateFrameworks/ProtocolBuffer.framework/Versions/A/ProtocolBuffer
0x000000000129c000 	/System/Library/PrivateFrameworks/CoreDuetDaemonProtocol.framework/Versions/A/CoreDuetDaemonProtocol
0x000000000129c000 	/System/Library/PrivateFrameworks/CoreDuetDebugLogging.framework/Versions/A/CoreDuetDebugLogging
0x000000000129c000 	/System/Library/PrivateFrameworks/MMCS.framework/Versions/A/MMCS
0x000000000129c000 	/System/Library/Frameworks/CoreLocation.framework/Versions/A/CoreLocation
0x000000000129c000 	/System/Library/PrivateFrameworks/ProtectedCloudStorage.framework/Versions/A/ProtectedCloudStorage
0x000000000129c000 	/System/Library/PrivateFrameworks/GeoServices.framework/Versions/A/GeoServices
0x000000000129c000 	/System/Library/Frameworks/CoreGraphics.framework/Versions/A/Resources/libCGCMS.A.dylib
0x000000000129c000 	/System/Library/Frameworks/CoreGraphics.framework/Versions/A/Resources/libRIP.A.dylib
0x000000000129c000 	/System/Library/Frameworks/CoreGraphics.framework/Versions/A/Resources/libCGXType.A.dylib
0x000000000129c000 	/System/Library/Frameworks/OpenCL.framework/Versions/A/Libraries/libcldcpuengine.dylib
0x000000000129c000 	/System/Library/PrivateFrameworks/DiskImages.framework/Versions/A/DiskImages
0x000000000129c000 	/System/Library/Frameworks/DiscRecording.framework/Versions/A/DiscRecording
0x000000000129c000 	/usr/lib/libcsfde.dylib
0x000000000129c000 	/usr/lib/libcurl.4.dylib
0x000000000129c000 	/System/Library/PrivateFrameworks/MediaKit.framework/Versions/A/MediaKit
0x000000000129c000 	/usr/lib/libCoreStorage.dylib
0x000000000129c000 	/System/Library/PrivateFrameworks/EFILogin.framework/Versions/A/EFILogin
0x000000000129c000 	/usr/lib/libutil.dylib
0x000000000129c000 	/System/Library/PrivateFrameworks/FindMyDevice.framework/Versions/A/FindMyDevice
0x000000000129c000 	/System/Library/Frameworks/LDAP.framework/Versions/A/LDAP
0x000000000129c000 	/usr/lib/libsasl2.2.dylib
0x000000000129c000 	/System/Library/PrivateFrameworks/CoreDaemon.framework/Versions/B/CoreDaemon
0x000000000129c000 	/usr/lib/libcrypto.0.9.8.dylib
0x000000000129c000 	/System/Library/PrivateFrameworks/AppleSRP.framework/Versions/A/AppleSRP
0x000000000129c000 	/System/Library/PrivateFrameworks/TrustEvaluationAgent.framework/Versions/A/TrustEvaluationAgent
0x000000012105f000 	cl_kernels
0x0000000121061000 	/System/Library/Frameworks/OpenCL.framework/Versions/A/Libraries/ImageFormats/unorm8_bgra.dylib
0x0000000121050000 	cl_kernels
0x000000000129c000 	/System/Library/PrivateFrameworks/FamilyControls.framework/Versions/A/FamilyControls
0x000000000129c000 	/System/Library/PrivateFrameworks/CommerceKit.framework/Versions/A/Frameworks/CommerceCore.framework/Versions/A/CommerceCore
0x000000000129c000 	/System/Library/PrivateFrameworks/SystemAdministration.framework/Versions/A/SystemAdministration
0x000000000129c000 	/System/Library/PrivateFrameworks/AppContainer.framework/Versions/A/AppContainer
0x000000000129c000 	/System/Library/PrivateFrameworks/SecCodeWrapper.framework/Versions/A/SecCodeWrapper
0x000000000129c000 	/System/Library/Frameworks/DirectoryService.framework/Versions/A/DirectoryService
0x000000000129c000 	/System/Library/PrivateFrameworks/LoginUIKit.framework/Versions/A/Frameworks/LoginUICore.framework/Versions/A/LoginUICore
0x000000000129c000 	/usr/lib/libodfde.dylib
0x00000001222aa000 	/Library/Java/JavaVirtualMachines/jdk1.8.0_11.jdk/Contents/Home/jre/lib/libfontmanager.dylib
0x0000000122310000 	/Users/Olivier/Dropbox/Informatique/Projet_Int-grateur_TeamYOCO-master/build/classes/res/native/liblwjgl.dylib
0x0000000120598000 	/Library/Java/JavaVirtualMachines/jdk1.8.0_11.jdk/Contents/Home/jre/lib/libjawt.dylib
0x000000012239c000 	/Users/Olivier/Dropbox/Informatique/Projet_Int-grateur_TeamYOCO-master/build/classes/res/native/openal.dylib
0x000000012241f000 	/System/Library/Components/CoreAudio.component/Contents/MacOS/CoreAudio
0x0000000121054000 	/System/Library/Extensions/AppleHDA.kext/Contents/PlugIns/AppleHDAHALPlugIn.bundle/Contents/MacOS/AppleHDAHALPlugIn
0x000000000129c000 	/System/Library/Frameworks/OpenGL.framework/Versions/A/Resources/GLEngine.bundle/GLEngine
0x000000000129c000 	/System/Library/Frameworks/OpenGL.framework/Versions/A/Libraries/libGLProgrammability.dylib
0x000000012783e000 	/System/Library/Extensions/AppleIntelHDGraphicsGLDriver.bundle/Contents/MacOS/AppleIntelHDGraphicsGLDriver
0x0000000127cc5000 	/System/Library/PrivateFrameworks/GPUSupport.framework/Versions/A/Libraries/libGPUSupport.dylib
0x0000000000000000 	/System/Library/Extensions/GeForceTeslaGLDriver.bundle/Contents/MacOS/GeForceTeslaGLDriver
0x0000000127cd9000 	/System/Library/Extensions/GeForceTeslaGLDriver.bundle/Contents/MacOS/libclh.dylib
0x000000000129c000 	/System/Library/Frameworks/OpenGL.framework/Versions/A/Resources/GLRendererFloat.bundle/GLRendererFloat

VM Arguments:
jvm_args: -Dfile.encoding=UTF-8 -Djava.library.path=lib 
java_command: ca.qc.bdeb.info204.Game
java_class_path (initial): /Users/Olivier/Dropbox/Informatique/Projet_Int-grateur_TeamYOCO-master/lib/jinput.jar:/Users/Olivier/Dropbox/Informatique/Projet_Int-grateur_TeamYOCO-master/lib/lwjgl.jar:/Users/Olivier/Dropbox/Informatique/Projet_Int-grateur_TeamYOCO-master/lib/lwjgl_util.jar:/Users/Olivier/Dropbox/Informatique/Projet_Int-grateur_TeamYOCO-master/lib/slick.jar:/Users/Olivier/Dropbox/Informatique/Projet_Int-grateur_TeamYOCO-master/build/classes
Launcher Type: SUN_STANDARD

Environment Variables:
PATH=/usr/bin:/bin:/usr/sbin:/sbin
LD_LIBRARY_PATH=/Library/Java/JavaVirtualMachines/jdk1.8.0_11.jdk/Contents/Home/jre/lib/amd64:/Library/Java/JavaVirtualMachines/jdk1.8.0_11.jdk/Contents/Home/jre/lib/i386:
SHELL=/bin/bash
DYLD_LIBRARY_PATH=/Applications/NetBeans/NetBeans 8.0.1.app/Contents/Resources/NetBeans/webcommon/bin:

Signal Handlers:
SIGSEGV: [libjvm.dylib+0x56059b], sa_mask[0]=0xfffefeff, sa_flags=0x00000043
SIGBUS: [libjvm.dylib+0x56059b], sa_mask[0]=0xfffefeff, sa_flags=0x00000042
SIGFPE: [libjvm.dylib+0x4438f2], sa_mask[0]=0xfffefeff, sa_flags=0x00000042
SIGPIPE: [libjvm.dylib+0x4438f2], sa_mask[0]=0xfffefeff, sa_flags=0x00000042
SIGXFSZ: [libjvm.dylib+0x4438f2], sa_mask[0]=0xfffefeff, sa_flags=0x00000042
SIGILL: [libjvm.dylib+0x4438f2], sa_mask[0]=0xfffefeff, sa_flags=0x00000042
SIGUSR1: SIG_DFL, sa_mask[0]=0x00000000, sa_flags=0x00000000
SIGUSR2: [libjvm.dylib+0x443410], sa_mask[0]=0x00000004, sa_flags=0x00000042
SIGHUP: [libjvm.dylib+0x44179b], sa_mask[0]=0xfffefeff, sa_flags=0x00000042
SIGINT: SIG_IGN, sa_mask[0]=0x00000000, sa_flags=0x00000000
SIGTERM: [libjvm.dylib+0x44179b], sa_mask[0]=0xfffefeff, sa_flags=0x00000042
SIGQUIT: [libjvm.dylib+0x44179b], sa_mask[0]=0xfffefeff, sa_flags=0x00000042


---------------  S Y S T E M  ---------------

OS:Bsduname:Darwin 14.5.0 Darwin Kernel Version 14.5.0: Wed Jul 29 02:26:53 PDT 2015; root:xnu-2782.40.9~1/RELEASE_X86_64 x86_64
rlimit: STACK 8192k, CORE 0k, NPROC 709, NOFILE 10240, AS infinity
load average:1.52 1.65 1.57

CPU:total 4 (2 cores per cpu, 2 threads per core) family 6 model 37 stepping 5, cmov, cx8, fxsr, mmx, sse, sse2, sse3, ssse3, sse4.1, sse4.2, popcnt, aes, clmul, ht, tsc, tscinvbit

Memory: 4k page, physical 8388608k(57272k free)

/proc/meminfo:


vm_info: Java HotSpot(TM) 64-Bit Server VM (25.11-b03) for bsd-amd64 JRE (1.8.0_11-b12), built on Jun 16 2014 17:39:42 by "java_re" with gcc 4.2.1 (Based on Apple Inc. build 5658) (LLVM build 2336.11.00)

time: Thu Mar 24 17:46:47 2016
elapsed time: 4 seconds

