#
# A fatal error has been detected by the Java Runtime Environment:
#
#  SIGSEGV (0xb) at pc=0x00007fff8cc720dd, pid=3077, tid=1811
#
# JRE version: Java(TM) SE Runtime Environment (8.0_11-b12) (build 1.8.0_11-b12)
# Java VM: Java HotSpot(TM) 64-Bit Server VM (25.11-b03 mixed mode bsd-amd64 compressed oops)
# Problematic frame:
# C  [libobjc.A.dylib+0x10dd]  objc_msgSend+0x1d
#
# Failed to write core dump. Core dumps have been disabled. To enable core dumping, try "ulimit -c unlimited" before starting Java again
#
# If you would like to submit a bug report, please visit:
#   http://bugreport.sun.com/bugreport/crash.jsp
# The crash happened outside the Java Virtual Machine in native code.
# See problematic frame for where to report the bug.
#

---------------  T H R E A D  ---------------

Current thread (0x00007fd772072800):  JavaThread "AppKit Thread" daemon [_thread_in_native, id=1811, stack(0x00007fff58821000,0x00007fff59021000)]

siginfo:si_signo=SIGSEGV: si_errno=0, si_code=1 (SEGV_MAPERR), si_addr=0x0000000000000018

Registers:
RAX=0x00007fd771f0ce80, RBX=0x00007fff5901c838, RCX=0x0000000000000000, RDX=0x00007fd771ca5e10
RSP=0x00007fff5901c658, RBP=0x00007fff5901c660, RSI=0x00007fff89d0441e, RDI=0x00007fd771f0ce80
R8 =0x00007fff5901c640, R9 =0x0000000000000062, R10=0x00007fff89d0441e, R11=0x0000000000000000
R12=0x00007fd771c0f5e0, R13=0x00000000000f42ff, R14=0x00007fd771e98aa0, R15=0x00007fff5901c798
RIP=0x00007fff8cc720dd, EFLAGS=0x0000000000010246, ERR=0x0000000000000004
  TRAPNO=0x000000000000000e

Top of Stack: (sp=0x00007fff5901c658)
0x00007fff5901c658:   00007fff8a5f845c 00007fff5901c9c0
0x00007fff5901c668:   00007fff8a4e8634 00007fff5901c6ec
0x00007fff5901c678:   00007fff5901c6f0 00007fff5901c6f4
0x00007fff5901c688:   00007fff772c8e00 ffffffffffffffff
0x00007fff5901c698:   0000000000000930 00007fff772c8e18
0x00007fff5901c6a8:   00007fd771e98aa0 0000000000000000
0x00007fff5901c6b8:   00007fff5901c790 0000000000000000
0x00007fff5901c6c8:   00007fd771d5d0b0 00007fff5901c810
0x00007fff5901c6d8:   0000000000000062 00000000000f4301
0x00007fff5901c6e8:   00007fd771ca5e10 00007fd771d5cae0
0x00007fff5901c6f8:   00007fd771c0f5e0 0000000000000001
0x00007fff5901c708:   00000000000f42ff 00007fd771c0f5d0
0x00007fff5901c718:   00007fff9378dc05 0000000177262070
0x00007fff5901c728:   00007fff75c670d0 0000000042000000
0x00007fff5901c738:   00007fff93794e63 00007fff77293240
0x00007fff5901c748:   00007fff5901c818 00007fff5901c770
0x00007fff5901c758:   00007fff5901c790 0000000000000000
0x00007fff5901c768:   000000000000001f 0002d4038cc9297a
0x00007fff5901c778:   00007fd771c0f604 0000000000000000
0x00007fff5901c788:   0000000000000000 00007fd771d5d130
0x00007fff5901c798:   00007fd771e98aa0 0000002000000000
0x00007fff5901c7a8:   0000000000000000 00007fff75c670d0
0x00007fff5901c7b8:   0000000042000000 00007fff937944f8
0x00007fff5901c7c8:   00007fff77293350 00007fff5901c728
0x00007fff5901c7d8:   0000000000000000 00007fff5901c8a8
0x00007fff5901c7e8:   00007fff75990ea0 00007fff5901c8e0
0x00007fff5901c7f8:   00007fff8fb24770 00007fff5901c890
0x00007fff5901c808:   00007fff894384ed 0000000000000050
0x00007fff5901c818:   0000000000000000 00000000000f42e1
0x00007fff5901c828:   0000000000000052 0000000000000000
0x00007fff5901c838:   00000000000f42ff 00007fff5901c8b4
0x00007fff5901c848:   000000000043a201 00000000ffffffff 

Instructions: (pc=0x00007fff8cc720dd)
0x00007fff8cc720bd:   00 00 00 48 85 ff 2e 74 7a 40 f6 c7 01 2e 75 7e
0x00007fff8cc720cd:   49 bb f8 ff ff ff ff 7f 00 00 4c 23 1f 49 89 f2
0x00007fff8cc720dd:   45 23 53 18 49 c1 e2 04 4d 03 53 10 49 3b 32 75
0x00007fff8cc720ed:   04 41 ff 62 08 49 83 3a 00 74 6a 4d 3b 53 10 74 

Register to memory mapping:

RAX=0x00007fd771f0ce80 is an unknown value
RBX=0x00007fff5901c838 is pointing into the stack for thread: 0x00007fd772072800
RCX=0x0000000000000000 is an unknown value
RDX=0x00007fd771ca5e10 is an unknown value
RSP=0x00007fff5901c658 is pointing into the stack for thread: 0x00007fd772072800
RBP=0x00007fff5901c660 is pointing into the stack for thread: 0x00007fd772072800
RSI=0x00007fff89d0441e: -[NSTitlebarContainerView transparent]+0x5e312 in /System/Library/Frameworks/AppKit.framework/Versions/C/AppKit at 0x00007fff89303000
RDI=0x00007fd771f0ce80 is an unknown value
R8 =0x00007fff5901c640 is pointing into the stack for thread: 0x00007fd772072800
R9 =0x0000000000000062 is an unknown value
R10=0x00007fff89d0441e: -[NSTitlebarContainerView transparent]+0x5e312 in /System/Library/Frameworks/AppKit.framework/Versions/C/AppKit at 0x00007fff89303000
R11=0x0000000000000000 is an unknown value
R12=0x00007fd771c0f5e0 is an unknown value
R13=0x00000000000f42ff is an unknown value
R14=0x00007fd771e98aa0 is an unknown value
R15=0x00007fff5901c798 is pointing into the stack for thread: 0x00007fd772072800


Stack: [0x00007fff58821000,0x00007fff59021000],  sp=0x00007fff5901c658,  free space=8173k
Native frames: (J=compiled Java code, j=interpreted, Vv=VM code, C=native code)
C  [libobjc.A.dylib+0x10dd]  objc_msgSend+0x1d
C  [CoreFoundation+0x10634]  _CFXNotificationPost+0xc44
C  [Foundation+0x7aa1]  -[NSNotificationCenter postNotificationName:object:userInfo:]+0x42
C  [AppKit+0x439c2]  -[NSSurface _disposeSurface]+0x98
C  [AppKit+0x43426]  -[NSSurface setWindow:]+0x42
C  [AppKit+0x33910]  -[NSView _setWindow:]+0xa33
C  [AppKit+0x6af91]  -[NSView removeFromSuperview]+0x1c5
C  [AppKit+0x14bd99]  -[NSView removeFromSuperviewWithoutNeedingDisplay]+0x26
C  [liblwjgl.dylib+0xa205]  +[MacOSXKeyableWindow destroyWindow]+0xb5
C  [Foundation+0x92dd0]  __NSThreadPerformPerform+0x125
C  [CoreFoundation+0x80a01]  __CFRUNLOOP_IS_CALLING_OUT_TO_A_SOURCE0_PERFORM_FUNCTION__+0x11
C  [CoreFoundation+0x72b8d]  __CFRunLoopDoSources0+0x10d
C  [CoreFoundation+0x721bf]  __CFRunLoopRun+0x39f
C  [CoreFoundation+0x71bd8]  CFRunLoopRunSpecific+0x128
C  [HIToolbox+0x3256f]  RunCurrentEventLoopInMode+0xeb
C  [HIToolbox+0x321ee]  ReceiveNextEventCommon+0xb3
C  [HIToolbox+0x3212b]  _BlockUntilNextEventMatchingListInModeWithFilter+0x47
C  [AppKit+0x918ab]  _DPSNextEvent+0x3d2
C  [AppKit+0x90e58]  -[NSApplication nextEventMatchingMask:untilDate:inMode:dequeue:]+0x15a
C  [libosxapp.dylib+0x242a]  -[NSApplicationAWT nextEventMatchingMask:untilDate:inMode:dequeue:]+0x7c
C  [AppKit+0x86af3]  -[NSApplication run]+0x252
C  [libosxapp.dylib+0x223e]  +[NSApplicationAWT runAWTLoopWithApp:]+0x9c
C  [libawt_lwawt.dylib+0x439bb]  -[AWTStarter starter:]+0x389
C  [Foundation+0x92dd0]  __NSThreadPerformPerform+0x125
C  [CoreFoundation+0x80a01]  __CFRUNLOOP_IS_CALLING_OUT_TO_A_SOURCE0_PERFORM_FUNCTION__+0x11
C  [CoreFoundation+0x72b8d]  __CFRunLoopDoSources0+0x10d
C  [CoreFoundation+0x721bf]  __CFRunLoopRun+0x39f
C  [CoreFoundation+0x71bd8]  CFRunLoopRunSpecific+0x128
C  [java+0x56cb]  CreateExecutionEnvironment+0x367
C  [java+0x166c]  JLI_Launch+0x7a0
C  [java+0x7689]  main+0x65
C  [java+0xec4]  start+0x34


---------------  P R O C E S S  ---------------

Java Threads: ( => current thread )
  0x00007fd7733e8800 JavaThread "AWT-Shutdown" [_thread_blocked, id=28699, stack(0x000000012fcb2000,0x000000012fdb2000)]
  0x00007fd7731aa000 JavaThread "Java2D Queue Flusher" daemon [_thread_blocked, id=55831, stack(0x0000000126115000,0x0000000126215000)]
  0x00007fd772121000 JavaThread "Java2D Disposer" daemon [_thread_blocked, id=55631, stack(0x0000000134d32000,0x0000000134e32000)]
=>0x00007fd772072800 JavaThread "AppKit Thread" daemon [_thread_in_native, id=1811, stack(0x00007fff58821000,0x00007fff59021000)]
  0x00007fd772819000 JavaThread "Service Thread" daemon [_thread_blocked, id=18179, stack(0x00000001202b7000,0x00000001203b7000)]
  0x00007fd773049000 JavaThread "C1 CompilerThread2" daemon [_thread_blocked, id=17667, stack(0x00000001201b4000,0x00000001202b4000)]
  0x00007fd772044800 JavaThread "C2 CompilerThread1" daemon [_thread_blocked, id=17155, stack(0x00000001200b1000,0x00000001201b1000)]
  0x00007fd77203f000 JavaThread "C2 CompilerThread0" daemon [_thread_blocked, id=16643, stack(0x000000011ffae000,0x00000001200ae000)]
  0x00007fd77203e000 JavaThread "Signal Dispatcher" daemon [_thread_blocked, id=13335, stack(0x000000011feab000,0x000000011ffab000)]
  0x00007fd77302f800 JavaThread "Finalizer" daemon [_thread_blocked, id=11011, stack(0x000000011e487000,0x000000011e587000)]
  0x00007fd773805000 JavaThread "Reference Handler" daemon [_thread_blocked, id=10499, stack(0x000000011e384000,0x000000011e484000)]
  0x00007fd772005800 JavaThread "main" [_thread_in_native, id=3331, stack(0x0000000107b9f000,0x0000000107c9f000)]

Other Threads:
  0x00007fd773802800 VMThread [stack: 0x000000011e281000,0x000000011e381000] [id=9987]
  0x00007fd77280d800 WatcherThread [stack: 0x00000001203ba000,0x00000001204ba000] [id=18691]

VM state:not at safepoint (normal execution)

VM Mutex/Monitor currently owned by a thread: None

Heap:
 PSYoungGen      total 14336K, used 10482K [0x0000000795580000, 0x0000000796580000, 0x00000007c0000000)
  eden space 12288K, 85% used [0x0000000795580000,0x0000000795fbc8e0,0x0000000796180000)
  from space 2048K, 0% used [0x0000000796380000,0x0000000796380000,0x0000000796580000)
  to   space 2048K, 0% used [0x0000000796180000,0x0000000796180000,0x0000000796380000)
 ParOldGen       total 129536K, used 41590K [0x0000000740000000, 0x0000000747e80000, 0x0000000795580000)
  object space 129536K, 32% used [0x0000000740000000,0x000000074289d9c0,0x0000000747e80000)
 Metaspace       used 10644K, capacity 10753K, committed 11008K, reserved 1058816K
  class space    used 1147K, capacity 1175K, committed 1280K, reserved 1048576K

Card table byte_map: [0x00000001179c0000,0x0000000117dc1000] byte_map_base: 0x0000000113fc0000

Marking Bits: (ParMarkBitMap*) 0x00000001075440a0
 Begin Bits: [0x0000000118478000, 0x000000011a478000)
 End Bits:   [0x000000011a478000, 0x000000011c478000)

Polling page: 0x0000000107ce3000

CodeCache: size=245760Kb used=3727Kb max_used=3737Kb free=242032Kb
 bounds [0x0000000108600000, 0x00000001089b0000, 0x0000000117600000]
 total_blobs=1495 nmethods=976 adapters=435
 compilation: enabled

Compilation events (10 events):
Event: 8.783 Thread 0x00007fd773049000  972       1       playerEngine.CharacterStatsManager::getExp (5 bytes)
Event: 8.783 Thread 0x00007fd773049000 nmethod 972 0x00000001089a0690 code [0x00000001089a07e0, 0x00000001089a08f0]
Event: 8.783 Thread 0x00007fd773049000  973       1       playerEngine.CharacterStatsManager::getExpNeeded (5 bytes)
Event: 8.784 Thread 0x00007fd773049000 nmethod 973 0x00000001089a03d0 code [0x00000001089a0520, 0x00000001089a0630]
Event: 8.795 Thread 0x00007fd773049000  974       1       java.util.concurrent.locks.AbstractQueuedSynchronizer::getState (5 bytes)
Event: 8.796 Thread 0x00007fd773049000 nmethod 974 0x00000001089a5cd0 code [0x00000001089a5e20, 0x00000001089a5f30]
Event: 8.825 Thread 0x00007fd77203f000  975       4       java.util.ArrayList::rangeCheck (22 bytes)
Event: 8.826 Thread 0x00007fd77203f000 nmethod 975 0x0000000108912590 code [0x00000001089126c0, 0x0000000108912738]
Event: 8.859 Thread 0x00007fd773049000  976       3       java.nio.Buffer::clear (20 bytes)
Event: 8.859 Thread 0x00007fd773049000 nmethod 976 0x00000001089a88d0 code [0x00000001089a8a20, 0x00000001089a8b90]

GC Heap History (10 events):
Event: 1.219 GC heap before
{Heap before GC invocations=6 (full 0):
 PSYoungGen      total 2560K, used 2544K [0x0000000795580000, 0x0000000795c80000, 0x00000007c0000000)
  eden space 2048K, 100% used [0x0000000795580000,0x0000000795780000,0x0000000795780000)
  from space 512K, 96% used [0x0000000795780000,0x00000007957fc010,0x0000000795800000)
  to   space 1536K, 0% used [0x0000000795b00000,0x0000000795b00000,0x0000000795c80000)
 ParOldGen       total 129536K, used 1095K [0x0000000740000000, 0x0000000747e80000, 0x0000000795580000)
  object space 129536K, 0% used [0x0000000740000000,0x0000000740111ee8,0x0000000747e80000)
 Metaspace       used 6410K, capacity 6483K, committed 6656K, reserved 1056768K
  class space    used 657K, capacity 690K, committed 768K, reserved 1048576K
Event: 1.223 GC heap after
Heap after GC invocations=6 (full 0):
 PSYoungGen      total 5632K, used 1136K [0x0000000795580000, 0x0000000795c80000, 0x00000007c0000000)
  eden space 4096K, 0% used [0x0000000795580000,0x0000000795580000,0x0000000795980000)
  from space 1536K, 73% used [0x0000000795b00000,0x0000000795c1c0c8,0x0000000795c80000)
  to   space 1536K, 0% used [0x0000000795980000,0x0000000795980000,0x0000000795b00000)
 ParOldGen       total 129536K, used 1103K [0x0000000740000000, 0x0000000747e80000, 0x0000000795580000)
  object space 129536K, 0% used [0x0000000740000000,0x0000000740113ee8,0x0000000747e80000)
 Metaspace       used 6410K, capacity 6483K, committed 6656K, reserved 1056768K
  class space    used 657K, capacity 690K, committed 768K, reserved 1048576K
}
Event: 2.102 GC heap before
{Heap before GC invocations=7 (full 0):
 PSYoungGen      total 5632K, used 5230K [0x0000000795580000, 0x0000000795c80000, 0x00000007c0000000)
  eden space 4096K, 99% used [0x0000000795580000,0x000000079597f930,0x0000000795980000)
  from space 1536K, 73% used [0x0000000795b00000,0x0000000795c1c0c8,0x0000000795c80000)
  to   space 1536K, 0% used [0x0000000795980000,0x0000000795980000,0x0000000795b00000)
 ParOldGen       total 129536K, used 3407K [0x0000000740000000, 0x0000000747e80000, 0x0000000795580000)
  object space 129536K, 2% used [0x0000000740000000,0x0000000740353ef8,0x0000000747e80000)
 Metaspace       used 7807K, capacity 7895K, committed 8064K, reserved 1056768K
  class space    used 834K, capacity 884K, committed 896K, reserved 1048576K
Event: 2.106 GC heap after
Heap after GC invocations=7 (full 0):
 PSYoungGen      total 5632K, used 1291K [0x0000000795580000, 0x0000000796080000, 0x00000007c0000000)
  eden space 4096K, 0% used [0x0000000795580000,0x0000000795580000,0x0000000795980000)
  from space 1536K, 84% used [0x0000000795980000,0x0000000795ac2e20,0x0000000795b00000)
  to   space 1536K, 0% used [0x0000000795f00000,0x0000000795f00000,0x0000000796080000)
 ParOldGen       total 129536K, used 3583K [0x0000000740000000, 0x0000000747e80000, 0x0000000795580000)
  object space 129536K, 2% used [0x0000000740000000,0x000000074037ff18,0x0000000747e80000)
 Metaspace       used 7807K, capacity 7895K, committed 8064K, reserved 1056768K
  class space    used 834K, capacity 884K, committed 896K, reserved 1048576K
}
Event: 2.412 GC heap before
{Heap before GC invocations=8 (full 0):
 PSYoungGen      total 5632K, used 5387K [0x0000000795580000, 0x0000000796080000, 0x00000007c0000000)
  eden space 4096K, 100% used [0x0000000795580000,0x0000000795980000,0x0000000795980000)
  from space 1536K, 84% used [0x0000000795980000,0x0000000795ac2e20,0x0000000795b00000)
  to   space 1536K, 0% used [0x0000000795f00000,0x0000000795f00000,0x0000000796080000)
 ParOldGen       total 129536K, used 12799K [0x0000000740000000, 0x0000000747e80000, 0x0000000795580000)
  object space 129536K, 9% used [0x0000000740000000,0x0000000740c7ff48,0x0000000747e80000)
 Metaspace       used 8881K, capacity 8993K, committed 9216K, reserved 1056768K
  class space    used 967K, capacity 1015K, committed 1024K, reserved 1048576K
Event: 2.417 GC heap after
Heap after GC invocations=8 (full 0):
 PSYoungGen      total 9216K, used 1269K [0x0000000795580000, 0x0000000796180000, 0x00000007c0000000)
  eden space 7680K, 0% used [0x0000000795580000,0x0000000795580000,0x0000000795d00000)
  from space 1536K, 82% used [0x0000000795f00000,0x000000079603d5c8,0x0000000796080000)
  to   space 2048K, 0% used [0x0000000795d00000,0x0000000795d00000,0x0000000795f00000)
 ParOldGen       total 129536K, used 12919K [0x0000000740000000, 0x0000000747e80000, 0x0000000795580000)
  object space 129536K, 9% used [0x0000000740000000,0x0000000740c9df58,0x0000000747e80000)
 Metaspace       used 8881K, capacity 8993K, committed 9216K, reserved 1056768K
  class space    used 967K, capacity 1015K, committed 1024K, reserved 1048576K
}
Event: 2.470 GC heap before
{Heap before GC invocations=9 (full 0):
 PSYoungGen      total 9216K, used 8949K [0x0000000795580000, 0x0000000796180000, 0x00000007c0000000)
  eden space 7680K, 100% used [0x0000000795580000,0x0000000795d00000,0x0000000795d00000)
  from space 1536K, 82% used [0x0000000795f00000,0x000000079603d5c8,0x0000000796080000)
  to   space 2048K, 0% used [0x0000000795d00000,0x0000000795d00000,0x0000000795f00000)
 ParOldGen       total 129536K, used 12919K [0x0000000740000000, 0x0000000747e80000, 0x0000000795580000)
  object space 129536K, 9% used [0x0000000740000000,0x0000000740c9df58,0x0000000747e80000)
 Metaspace       used 8882K, capacity 8993K, committed 9216K, reserved 1056768K
  class space    used 967K, capacity 1015K, committed 1024K, reserved 1048576K
Event: 2.473 GC heap after
Heap after GC invocations=9 (full 0):
 PSYoungGen      total 9728K, used 757K [0x0000000795580000, 0x0000000796580000, 0x00000007c0000000)
  eden space 7680K, 0% used [0x0000000795580000,0x0000000795580000,0x0000000795d00000)
  from space 2048K, 36% used [0x0000000795d00000,0x0000000795dbd5c8,0x0000000795f00000)
  to   space 2048K, 0% used [0x0000000796380000,0x0000000796380000,0x0000000796580000)
 ParOldGen       total 129536K, used 13347K [0x0000000740000000, 0x0000000747e80000, 0x0000000795580000)
  object space 129536K, 10% used [0x0000000740000000,0x0000000740d08f38,0x0000000747e80000)
 Metaspace       used 8882K, capacity 8993K, committed 9216K, reserved 1056768K
  class space    used 967K, capacity 1015K, committed 1024K, reserved 1048576K
}
Event: 2.502 GC heap before
{Heap before GC invocations=10 (full 0):
 PSYoungGen      total 9728K, used 8437K [0x0000000795580000, 0x0000000796580000, 0x00000007c0000000)
  eden space 7680K, 100% used [0x0000000795580000,0x0000000795d00000,0x0000000795d00000)
  from space 2048K, 36% used [0x0000000795d00000,0x0000000795dbd5c8,0x0000000795f00000)
  to   space 2048K, 0% used [0x0000000796380000,0x0000000796380000,0x0000000796580000)
 ParOldGen       total 129536K, used 13347K [0x0000000740000000, 0x0000000747e80000, 0x0000000795580000)
  object space 129536K, 10% used [0x0000000740000000,0x0000000740d08f38,0x0000000747e80000)
 Metaspace       used 8882K, capacity 8993K, committed 9216K, reserved 1056768K
  class space    used 967K, capacity 1015K, committed 1024K, reserved 1048576K
Event: 2.504 GC heap after
Heap after GC invocations=10 (full 0):
 PSYoungGen      total 14336K, used 0K [0x0000000795580000, 0x0000000796580000, 0x00000007c0000000)
  eden space 12288K, 0% used [0x0000000795580000,0x0000000795580000,0x0000000796180000)
  from space 2048K, 0% used [0x0000000796380000,0x0000000796380000,0x0000000796580000)
  to   space 2048K, 0% used [0x0000000796180000,0x0000000796180000,0x0000000796380000)
 ParOldGen       total 129536K, used 14073K [0x0000000740000000, 0x0000000747e80000, 0x0000000795580000)
  object space 129536K, 10% used [0x0000000740000000,0x0000000740dbe520,0x0000000747e80000)
 Metaspace       used 8882K, capacity 8993K, committed 9216K, reserved 1056768K
  class space    used 967K, capacity 1015K, committed 1024K, reserved 1048576K
}

Deoptimization events (2 events):
Event: 1.997 Thread 0x00007fd772005800 Uncommon trap: reason=unloaded action=reinterpret pc=0x0000000108833160 method=org.newdawn.slick.opengl.PNGDecoder.<init>(Ljava/io/InputStream;)V @ 52
Event: 2.527 Thread 0x00007fd772005800 Uncommon trap: reason=unreached action=reinterpret pc=0x0000000108888288 method=sun.awt.image.ByteInterleavedRaster.getDataElements(IILjava/lang/Object;)Ljava/lang/Object; @ 43

Internal exceptions (10 events):
Event: 3.016 Thread 0x00007fd772005800 Exception <a 'java/security/PrivilegedActionException'> (0x0000000795f2afb0) thrown at [/HUDSON3/workspace/8-2-build-macosx-x86_64/jdk8u11/648/hotspot/src/share/vm/prims/jvm.cpp, line 1248]
Event: 3.017 Thread 0x00007fd772005800 Exception <a 'java/security/PrivilegedActionException'> (0x0000000795f2fd28) thrown at [/HUDSON3/workspace/8-2-build-macosx-x86_64/jdk8u11/648/hotspot/src/share/vm/prims/jvm.cpp, line 1248]
Event: 3.018 Thread 0x00007fd772005800 Exception <a 'java/security/PrivilegedActionException'> (0x0000000795f386e0) thrown at [/HUDSON3/workspace/8-2-build-macosx-x86_64/jdk8u11/648/hotspot/src/share/vm/prims/jvm.cpp, line 1248]
Event: 3.226 Thread 0x00007fd772005800 Exception <a 'java/security/PrivilegedActionException'> (0x0000000795f59b08) thrown at [/HUDSON3/workspace/8-2-build-macosx-x86_64/jdk8u11/648/hotspot/src/share/vm/prims/jvm.cpp, line 1248]
Event: 3.226 Thread 0x00007fd772005800 Exception <a 'java/security/PrivilegedActionException'> (0x0000000795f5e0d0) thrown at [/HUDSON3/workspace/8-2-build-macosx-x86_64/jdk8u11/648/hotspot/src/share/vm/prims/jvm.cpp, line 1248]
Event: 3.230 Thread 0x00007fd772005800 Exception <a 'java/security/PrivilegedActionException'> (0x0000000795f62818) thrown at [/HUDSON3/workspace/8-2-build-macosx-x86_64/jdk8u11/648/hotspot/src/share/vm/prims/jvm.cpp, line 1248]
Event: 4.939 Thread 0x00007fd772005800 Exception <a 'java/io/FileNotFoundException'> (0x0000000795f68f70) thrown at [/HUDSON3/workspace/8-2-build-macosx-x86_64/jdk8u11/648/hotspot/src/share/vm/prims/jni.cpp, line 716]
Event: 4.939 Thread 0x00007fd772005800 Exception <a 'java/security/PrivilegedActionException'> (0x0000000795f6ae18) thrown at [/HUDSON3/workspace/8-2-build-macosx-x86_64/jdk8u11/648/hotspot/src/share/vm/prims/jvm.cpp, line 1248]
Event: 4.965 Thread 0x00007fd772005800 Exception <a 'java/security/PrivilegedActionException'> (0x0000000795f6f5d8) thrown at [/HUDSON3/workspace/8-2-build-macosx-x86_64/jdk8u11/648/hotspot/src/share/vm/prims/jvm.cpp, line 1248]
Event: 9.287 Thread 0x00007fd772005800 Exception <a 'java/security/PrivilegedActionException'> (0x0000000795f854c0) thrown at [/HUDSON3/workspace/8-2-build-macosx-x86_64/jdk8u11/648/hotspot/src/share/vm/prims/jvm.cpp, line 1248]

Events (10 events):
Event: 6.625 loading class java/util/IdentityHashMap$IdentityHashMapIterator done
Event: 6.625 loading class java/util/IdentityHashMap$ValueIterator done
Event: 6.625 loading class sun/awt/AppContext$PostShutdownEventRunnable
Event: 6.625 loading class sun/awt/AppContext$PostShutdownEventRunnable done
Event: 6.625 loading class sun/awt/AWTAutoShutdown$1
Event: 6.625 loading class sun/awt/AWTAutoShutdown$1 done
Event: 6.626 Thread 0x00007fd772087800 Thread exited: 0x00007fd772087800
Event: 8.007 Thread 0x00007fd7733e8800 Thread added: 0x00007fd7733e8800
Event: 9.287 loading class org/lwjgl/opengl/CallbackUtil
Event: 9.287 loading class org/lwjgl/opengl/CallbackUtil done


Dynamic libraries:
0x000000000512a000 	/System/Library/Frameworks/Cocoa.framework/Versions/A/Cocoa
0x000000000512a000 	/System/Library/Frameworks/Security.framework/Versions/A/Security
0x000000000512a000 	/System/Library/Frameworks/ApplicationServices.framework/Versions/A/ApplicationServices
0x000000000512a000 	/usr/lib/libz.1.dylib
0x000000000512a000 	/usr/lib/libSystem.B.dylib
0x000000000512a000 	/usr/lib/libobjc.A.dylib
0x000000000512a000 	/System/Library/Frameworks/CoreFoundation.framework/Versions/A/CoreFoundation
0x000000000512a000 	/System/Library/Frameworks/Foundation.framework/Versions/C/Foundation
0x000000000512a000 	/System/Library/Frameworks/AppKit.framework/Versions/C/AppKit
0x000000000512a000 	/System/Library/Frameworks/CoreData.framework/Versions/A/CoreData
0x000000000512a000 	/System/Library/PrivateFrameworks/RemoteViewServices.framework/Versions/A/RemoteViewServices
0x000000000512a000 	/System/Library/PrivateFrameworks/UIFoundation.framework/Versions/A/UIFoundation
0x000000000512a000 	/System/Library/Frameworks/IOSurface.framework/Versions/A/IOSurface
0x000000000512a000 	/System/Library/Frameworks/AudioToolbox.framework/Versions/A/AudioToolbox
0x000000000512a000 	/System/Library/Frameworks/AudioUnit.framework/Versions/A/AudioUnit
0x000000000512a000 	/System/Library/PrivateFrameworks/DataDetectorsCore.framework/Versions/A/DataDetectorsCore
0x000000000512a000 	/System/Library/PrivateFrameworks/DesktopServicesPriv.framework/Versions/A/DesktopServicesPriv
0x000000000512a000 	/System/Library/Frameworks/Carbon.framework/Versions/A/Frameworks/HIToolbox.framework/Versions/A/HIToolbox
0x000000000512a000 	/System/Library/Frameworks/QuartzCore.framework/Versions/A/QuartzCore
0x000000000512a000 	/System/Library/Frameworks/Carbon.framework/Versions/A/Frameworks/SpeechRecognition.framework/Versions/A/SpeechRecognition
0x000000000512a000 	/usr/lib/libauto.dylib
0x000000000512a000 	/usr/lib/libicucore.A.dylib
0x000000000512a000 	/usr/lib/libxml2.2.dylib
0x000000000512a000 	/System/Library/PrivateFrameworks/CoreUI.framework/Versions/A/CoreUI
0x000000000512a000 	/System/Library/Frameworks/CoreAudio.framework/Versions/A/CoreAudio
0x000000000512a000 	/System/Library/Frameworks/DiskArbitration.framework/Versions/A/DiskArbitration
0x000000000512a000 	/usr/lib/liblangid.dylib
0x000000000512a000 	/System/Library/PrivateFrameworks/MultitouchSupport.framework/Versions/A/MultitouchSupport
0x000000000512a000 	/System/Library/Frameworks/IOKit.framework/Versions/A/IOKit
0x000000000512a000 	/usr/lib/libDiagnosticMessagesClient.dylib
0x000000000512a000 	/System/Library/Frameworks/CoreServices.framework/Versions/A/CoreServices
0x000000000512a000 	/System/Library/PrivateFrameworks/PerformanceAnalysis.framework/Versions/A/PerformanceAnalysis
0x000000000512a000 	/System/Library/PrivateFrameworks/GenerationalStorage.framework/Versions/A/GenerationalStorage
0x000000000512a000 	/System/Library/Frameworks/OpenGL.framework/Versions/A/OpenGL
0x000000000512a000 	/System/Library/PrivateFrameworks/Sharing.framework/Versions/A/Sharing
0x000000000512a000 	/System/Library/Frameworks/CoreGraphics.framework/Versions/A/CoreGraphics
0x000000000512a000 	/System/Library/Frameworks/CoreText.framework/Versions/A/CoreText
0x000000000512a000 	/System/Library/Frameworks/ImageIO.framework/Versions/A/ImageIO
0x000000000512a000 	/usr/lib/libextension.dylib
0x000000000512a000 	/System/Library/PrivateFrameworks/Backup.framework/Versions/A/Backup
0x000000000512a000 	/usr/lib/libarchive.2.dylib
0x000000000512a000 	/System/Library/Frameworks/CFNetwork.framework/Versions/A/CFNetwork
0x000000000512a000 	/System/Library/Frameworks/SystemConfiguration.framework/Versions/A/SystemConfiguration
0x000000000512a000 	/usr/lib/libCRFSuite.dylib
0x000000000512a000 	/usr/lib/libc++.1.dylib
0x000000000512a000 	/usr/lib/libc++abi.dylib
0x000000000512a000 	/usr/lib/system/libcache.dylib
0x000000000512a000 	/usr/lib/system/libcommonCrypto.dylib
0x000000000512a000 	/usr/lib/system/libcompiler_rt.dylib
0x000000000512a000 	/usr/lib/system/libcopyfile.dylib
0x000000000512a000 	/usr/lib/system/libcorecrypto.dylib
0x000000000512a000 	/usr/lib/system/libdispatch.dylib
0x000000000512a000 	/usr/lib/system/libdyld.dylib
0x000000000512a000 	/usr/lib/system/libkeymgr.dylib
0x000000000512a000 	/usr/lib/system/liblaunch.dylib
0x000000000512a000 	/usr/lib/system/libmacho.dylib
0x000000000512a000 	/usr/lib/system/libquarantine.dylib
0x000000000512a000 	/usr/lib/system/libremovefile.dylib
0x000000000512a000 	/usr/lib/system/libsystem_asl.dylib
0x000000000512a000 	/usr/lib/system/libsystem_blocks.dylib
0x000000000512a000 	/usr/lib/system/libsystem_c.dylib
0x000000000512a000 	/usr/lib/system/libsystem_configuration.dylib
0x000000000512a000 	/usr/lib/system/libsystem_coreservices.dylib
0x000000000512a000 	/usr/lib/system/libsystem_coretls.dylib
0x000000000512a000 	/usr/lib/system/libsystem_dnssd.dylib
0x000000000512a000 	/usr/lib/system/libsystem_info.dylib
0x000000000512a000 	/usr/lib/system/libsystem_kernel.dylib
0x000000000512a000 	/usr/lib/system/libsystem_m.dylib
0x000000000512a000 	/usr/lib/system/libsystem_malloc.dylib
0x000000000512a000 	/usr/lib/system/libsystem_network.dylib
0x000000000512a000 	/usr/lib/system/libsystem_networkextension.dylib
0x000000000512a000 	/usr/lib/system/libsystem_notify.dylib
0x000000000512a000 	/usr/lib/system/libsystem_platform.dylib
0x000000000512a000 	/usr/lib/system/libsystem_pthread.dylib
0x000000000512a000 	/usr/lib/system/libsystem_sandbox.dylib
0x000000000512a000 	/usr/lib/system/libsystem_secinit.dylib
0x000000000512a000 	/usr/lib/system/libsystem_stats.dylib
0x000000000512a000 	/usr/lib/system/libsystem_trace.dylib
0x000000000512a000 	/usr/lib/system/libunc.dylib
0x000000000512a000 	/usr/lib/system/libunwind.dylib
0x000000000512a000 	/usr/lib/system/libxpc.dylib
0x000000000512a000 	/usr/lib/libbz2.1.0.dylib
0x000000000512a000 	/usr/lib/liblzma.5.dylib
0x000000000512a000 	/usr/lib/libbsm.0.dylib
0x000000000512a000 	/usr/lib/libsqlite3.dylib
0x000000000512a000 	/usr/lib/system/libkxld.dylib
0x000000000512a000 	/usr/lib/libxar.1.dylib
0x000000000512a000 	/usr/lib/libpam.2.dylib
0x000000000512a000 	/usr/lib/libOpenScriptingUtil.dylib
0x000000000512a000 	/System/Library/Frameworks/CoreServices.framework/Versions/A/Frameworks/FSEvents.framework/Versions/A/FSEvents
0x000000000512a000 	/System/Library/Frameworks/CoreServices.framework/Versions/A/Frameworks/CarbonCore.framework/Versions/A/CarbonCore
0x000000000512a000 	/System/Library/Frameworks/CoreServices.framework/Versions/A/Frameworks/Metadata.framework/Versions/A/Metadata
0x000000000512a000 	/System/Library/Frameworks/CoreServices.framework/Versions/A/Frameworks/OSServices.framework/Versions/A/OSServices
0x000000000512a000 	/System/Library/Frameworks/CoreServices.framework/Versions/A/Frameworks/SearchKit.framework/Versions/A/SearchKit
0x000000000512a000 	/System/Library/Frameworks/CoreServices.framework/Versions/A/Frameworks/AE.framework/Versions/A/AE
0x000000000512a000 	/System/Library/Frameworks/CoreServices.framework/Versions/A/Frameworks/LaunchServices.framework/Versions/A/LaunchServices
0x000000000512a000 	/System/Library/Frameworks/CoreServices.framework/Versions/A/Frameworks/DictionaryServices.framework/Versions/A/DictionaryServices
0x000000000512a000 	/System/Library/Frameworks/NetFS.framework/Versions/A/NetFS
0x000000000512a000 	/System/Library/PrivateFrameworks/NetAuth.framework/Versions/A/NetAuth
0x000000000512a000 	/System/Library/PrivateFrameworks/login.framework/Versions/A/Frameworks/loginsupport.framework/Versions/A/loginsupport
0x000000000512a000 	/System/Library/PrivateFrameworks/TCC.framework/Versions/A/TCC
0x000000000512a000 	/usr/lib/libmecabra.dylib
0x000000000512a000 	/System/Library/Frameworks/ApplicationServices.framework/Versions/A/Frameworks/ATS.framework/Versions/A/ATS
0x000000000512a000 	/System/Library/Frameworks/ApplicationServices.framework/Versions/A/Frameworks/ColorSync.framework/Versions/A/ColorSync
0x000000000512a000 	/System/Library/Frameworks/ApplicationServices.framework/Versions/A/Frameworks/HIServices.framework/Versions/A/HIServices
0x000000000512a000 	/System/Library/Frameworks/ApplicationServices.framework/Versions/A/Frameworks/LangAnalysis.framework/Versions/A/LangAnalysis
0x000000000512a000 	/System/Library/Frameworks/ApplicationServices.framework/Versions/A/Frameworks/PrintCore.framework/Versions/A/PrintCore
0x000000000512a000 	/System/Library/Frameworks/ApplicationServices.framework/Versions/A/Frameworks/QD.framework/Versions/A/QD
0x000000000512a000 	/System/Library/Frameworks/ApplicationServices.framework/Versions/A/Frameworks/SpeechSynthesis.framework/Versions/A/SpeechSynthesis
0x000000000512a000 	/System/Library/Frameworks/Accelerate.framework/Versions/A/Accelerate
0x000000000512a000 	/System/Library/Frameworks/Accelerate.framework/Versions/A/Frameworks/vImage.framework/Versions/A/vImage
0x000000000512a000 	/System/Library/Frameworks/Accelerate.framework/Versions/A/Frameworks/vecLib.framework/Versions/A/vecLib
0x000000000512a000 	/System/Library/Frameworks/Accelerate.framework/Versions/A/Frameworks/vecLib.framework/Versions/A/libvDSP.dylib
0x000000000512a000 	/System/Library/Frameworks/Accelerate.framework/Versions/A/Frameworks/vecLib.framework/Versions/A/libvMisc.dylib
0x000000000512a000 	/System/Library/Frameworks/Accelerate.framework/Versions/A/Frameworks/vecLib.framework/Versions/A/libLAPACK.dylib
0x000000000512a000 	/System/Library/Frameworks/Accelerate.framework/Versions/A/Frameworks/vecLib.framework/Versions/A/libBLAS.dylib
0x000000000512a000 	/System/Library/Frameworks/Accelerate.framework/Versions/A/Frameworks/vecLib.framework/Versions/A/libLinearAlgebra.dylib
0x000000000512a000 	/System/Library/Frameworks/ApplicationServices.framework/Versions/A/Frameworks/ATS.framework/Versions/A/Resources/libFontParser.dylib
0x000000000512a000 	/System/Library/Frameworks/ApplicationServices.framework/Versions/A/Frameworks/ATS.framework/Versions/A/Resources/libFontRegistry.dylib
0x000000000512a000 	/System/Library/PrivateFrameworks/AppleVPA.framework/Versions/A/AppleVPA
0x000000000512a000 	/System/Library/PrivateFrameworks/AppleJPEG.framework/Versions/A/AppleJPEG
0x000000000512a000 	/System/Library/Frameworks/ImageIO.framework/Versions/A/Resources/libJPEG.dylib
0x000000000512a000 	/System/Library/Frameworks/ImageIO.framework/Versions/A/Resources/libTIFF.dylib
0x000000000512a000 	/System/Library/Frameworks/ImageIO.framework/Versions/A/Resources/libPng.dylib
0x000000000512a000 	/System/Library/Frameworks/ImageIO.framework/Versions/A/Resources/libGIF.dylib
0x000000000512a000 	/System/Library/Frameworks/ImageIO.framework/Versions/A/Resources/libJP2.dylib
0x000000000512a000 	/System/Library/Frameworks/ImageIO.framework/Versions/A/Resources/libRadiance.dylib
0x000000000512a000 	/System/Library/Frameworks/CoreVideo.framework/Versions/A/CoreVideo
0x000000000512a000 	/System/Library/Frameworks/OpenGL.framework/Versions/A/Libraries/libGLU.dylib
0x000000000512a000 	/System/Library/Frameworks/OpenGL.framework/Versions/A/Libraries/libGFXShared.dylib
0x000000000512a000 	/System/Library/Frameworks/OpenGL.framework/Versions/A/Libraries/libGL.dylib
0x000000000512a000 	/System/Library/Frameworks/OpenGL.framework/Versions/A/Libraries/libGLImage.dylib
0x000000000512a000 	/System/Library/Frameworks/OpenGL.framework/Versions/A/Libraries/libCVMSPluginSupport.dylib
0x000000000512a000 	/System/Library/Frameworks/OpenGL.framework/Versions/A/Libraries/libCoreVMClient.dylib
0x000000000512a000 	/usr/lib/libcups.2.dylib
0x000000000512a000 	/System/Library/Frameworks/Kerberos.framework/Versions/A/Kerberos
0x000000000512a000 	/System/Library/Frameworks/GSS.framework/Versions/A/GSS
0x000000000512a000 	/usr/lib/libresolv.9.dylib
0x000000000512a000 	/usr/lib/libiconv.2.dylib
0x000000000512a000 	/System/Library/PrivateFrameworks/Heimdal.framework/Versions/A/Heimdal
0x000000000512a000 	/usr/lib/libheimdal-asn1.dylib
0x000000000512a000 	/System/Library/Frameworks/OpenDirectory.framework/Versions/A/OpenDirectory
0x000000000512a000 	/System/Library/PrivateFrameworks/CommonAuth.framework/Versions/A/CommonAuth
0x000000000512a000 	/System/Library/Frameworks/OpenDirectory.framework/Versions/A/Frameworks/CFOpenDirectory.framework/Versions/A/CFOpenDirectory
0x000000000512a000 	/System/Library/Frameworks/SecurityFoundation.framework/Versions/A/SecurityFoundation
0x000000000512a000 	/System/Library/PrivateFrameworks/LanguageModeling.framework/Versions/A/LanguageModeling
0x000000000512a000 	/usr/lib/libcmph.dylib
0x000000000512a000 	/System/Library/Frameworks/ServiceManagement.framework/Versions/A/ServiceManagement
0x000000000512a000 	/usr/lib/libxslt.1.dylib
0x000000000512a000 	/System/Library/Frameworks/Carbon.framework/Versions/A/Frameworks/Ink.framework/Versions/A/Ink
0x000000000512a000 	/System/Library/Frameworks/QuartzCore.framework/Versions/A/Frameworks/CoreImage.framework/Versions/A/CoreImage
0x000000000512a000 	/System/Library/PrivateFrameworks/CrashReporterSupport.framework/Versions/A/CrashReporterSupport
0x000000000512a000 	/System/Library/Frameworks/OpenCL.framework/Versions/A/OpenCL
0x000000000512a000 	/System/Library/PrivateFrameworks/FaceCore.framework/Versions/A/FaceCore
0x000000000512a000 	/System/Library/PrivateFrameworks/Ubiquity.framework/Versions/A/Ubiquity
0x000000000512a000 	/System/Library/PrivateFrameworks/IconServices.framework/Versions/A/IconServices
0x000000000512a000 	/System/Library/PrivateFrameworks/ChunkingLibrary.framework/Versions/A/ChunkingLibrary
0x000000000512a000 	/System/Library/PrivateFrameworks/Apple80211.framework/Versions/A/Apple80211
0x000000000512a000 	/System/Library/Frameworks/CoreWLAN.framework/Versions/A/CoreWLAN
0x000000000512a000 	/System/Library/Frameworks/IOBluetooth.framework/Versions/A/IOBluetooth
0x000000000512a000 	/System/Library/PrivateFrameworks/CoreWiFi.framework/Versions/A/CoreWiFi
0x000000000512a000 	/System/Library/Frameworks/CoreBluetooth.framework/Versions/A/CoreBluetooth
0x000000000512a000 	/System/Library/PrivateFrameworks/DebugSymbols.framework/Versions/A/DebugSymbols
0x000000000512a000 	/System/Library/PrivateFrameworks/CoreSymbolication.framework/Versions/A/CoreSymbolication
0x000000000512a000 	/System/Library/PrivateFrameworks/Symbolication.framework/Versions/A/Symbolication
0x000000000512a000 	/System/Library/PrivateFrameworks/SpeechRecognitionCore.framework/Versions/A/SpeechRecognitionCore
0x0000000106cdd000 	/Library/Java/JavaVirtualMachines/jdk1.8.0_11.jdk/Contents/Home/jre/lib/server/libjvm.dylib
0x000000000512a000 	/usr/lib/libstdc++.6.dylib
0x0000000107ca1000 	/Library/Java/JavaVirtualMachines/jdk1.8.0_11.jdk/Contents/Home/jre/lib/libverify.dylib
0x0000000107caf000 	/Library/Java/JavaVirtualMachines/jdk1.8.0_11.jdk/Contents/Home/jre/lib/libjava.dylib
0x0000000107d04000 	/Library/Java/JavaVirtualMachines/jdk1.8.0_11.jdk/Contents/Home/jre/lib/libzip.dylib
0x000000011e589000 	/System/Library/Frameworks/JavaVM.framework/Frameworks/JavaRuntimeSupport.framework/JavaRuntimeSupport
0x000000011e5a4000 	/System/Library/Frameworks/JavaVM.framework/Versions/A/Frameworks/JavaNativeFoundation.framework/Versions/A/JavaNativeFoundation
0x000000011e5b9000 	/System/Library/Frameworks/JavaVM.framework/Versions/A/JavaVM
0x000000000512a000 	/System/Library/Frameworks/Carbon.framework/Versions/A/Carbon
0x000000011e5c6000 	/System/Library/PrivateFrameworks/JavaLaunching.framework/Versions/A/JavaLaunching
0x000000000512a000 	/System/Library/Frameworks/Carbon.framework/Versions/A/Frameworks/CommonPanels.framework/Versions/A/CommonPanels
0x000000000512a000 	/System/Library/Frameworks/Carbon.framework/Versions/A/Frameworks/Help.framework/Versions/A/Help
0x000000000512a000 	/System/Library/Frameworks/Carbon.framework/Versions/A/Frameworks/ImageCapture.framework/Versions/A/ImageCapture
0x000000000512a000 	/System/Library/Frameworks/Carbon.framework/Versions/A/Frameworks/OpenScripting.framework/Versions/A/OpenScripting
0x000000000512a000 	/System/Library/Frameworks/Carbon.framework/Versions/A/Frameworks/Print.framework/Versions/A/Print
0x000000000512a000 	/System/Library/Frameworks/Carbon.framework/Versions/A/Frameworks/SecurityHI.framework/Versions/A/SecurityHI
0x0000000120518000 	/Library/Java/JavaVirtualMachines/jdk1.8.0_11.jdk/Contents/Home/jre/lib/libawt.dylib
0x00000001205c7000 	/Library/Java/JavaVirtualMachines/jdk1.8.0_11.jdk/Contents/Home/jre/lib/./libmlib_image.dylib
0x0000000120693000 	/Library/Java/JavaVirtualMachines/jdk1.8.0_11.jdk/Contents/Home/jre/lib/libawt_lwawt.dylib
0x0000000120745000 	/Library/Java/JavaVirtualMachines/jdk1.8.0_11.jdk/Contents/Home/jre/lib/./libosxapp.dylib
0x000000000512a000 	/System/Library/Frameworks/ExceptionHandling.framework/Versions/A/ExceptionHandling
0x000000000512a000 	/System/Library/PrivateFrameworks/CoreServicesInternal.framework/Versions/A/CoreServicesInternal
0x000000000512a000 	/System/Library/PrivateFrameworks/CloudDocs.framework/Versions/A/CloudDocs
0x000000000512a000 	/System/Library/PrivateFrameworks/CoreDuet.framework/Versions/A/CoreDuet
0x000000000512a000 	/System/Library/Frameworks/CloudKit.framework/Versions/A/CloudKit
0x000000000512a000 	/System/Library/PrivateFrameworks/ProtocolBuffer.framework/Versions/A/ProtocolBuffer
0x000000000512a000 	/System/Library/PrivateFrameworks/CoreDuetDaemonProtocol.framework/Versions/A/CoreDuetDaemonProtocol
0x000000000512a000 	/System/Library/PrivateFrameworks/CoreDuetDebugLogging.framework/Versions/A/CoreDuetDebugLogging
0x000000000512a000 	/System/Library/PrivateFrameworks/MMCS.framework/Versions/A/MMCS
0x000000000512a000 	/System/Library/Frameworks/CoreLocation.framework/Versions/A/CoreLocation
0x000000000512a000 	/System/Library/PrivateFrameworks/ProtectedCloudStorage.framework/Versions/A/ProtectedCloudStorage
0x000000000512a000 	/System/Library/PrivateFrameworks/GeoServices.framework/Versions/A/GeoServices
0x000000000512a000 	/System/Library/Frameworks/CoreGraphics.framework/Versions/A/Resources/libCGCMS.A.dylib
0x000000000512a000 	/System/Library/Frameworks/CoreGraphics.framework/Versions/A/Resources/libRIP.A.dylib
0x000000000512a000 	/System/Library/Frameworks/CoreGraphics.framework/Versions/A/Resources/libCGXType.A.dylib
0x000000000512a000 	/System/Library/Frameworks/OpenCL.framework/Versions/A/Libraries/libcldcpuengine.dylib
0x000000000512a000 	/System/Library/PrivateFrameworks/DiskImages.framework/Versions/A/DiskImages
0x000000000512a000 	/System/Library/Frameworks/DiscRecording.framework/Versions/A/DiscRecording
0x000000000512a000 	/usr/lib/libcsfde.dylib
0x000000000512a000 	/usr/lib/libcurl.4.dylib
0x000000000512a000 	/System/Library/PrivateFrameworks/MediaKit.framework/Versions/A/MediaKit
0x000000000512a000 	/usr/lib/libCoreStorage.dylib
0x000000000512a000 	/System/Library/PrivateFrameworks/EFILogin.framework/Versions/A/EFILogin
0x000000000512a000 	/usr/lib/libutil.dylib
0x000000000512a000 	/System/Library/PrivateFrameworks/FindMyDevice.framework/Versions/A/FindMyDevice
0x000000000512a000 	/System/Library/Frameworks/LDAP.framework/Versions/A/LDAP
0x000000000512a000 	/usr/lib/libsasl2.2.dylib
0x000000000512a000 	/System/Library/PrivateFrameworks/CoreDaemon.framework/Versions/B/CoreDaemon
0x000000000512a000 	/usr/lib/libcrypto.0.9.8.dylib
0x000000000512a000 	/System/Library/PrivateFrameworks/AppleSRP.framework/Versions/A/AppleSRP
0x000000000512a000 	/System/Library/PrivateFrameworks/TrustEvaluationAgent.framework/Versions/A/TrustEvaluationAgent
0x0000000123776000 	cl_kernels
0x0000000123778000 	/System/Library/Frameworks/OpenCL.framework/Versions/A/Libraries/ImageFormats/unorm8_bgra.dylib
0x0000000123767000 	cl_kernels
0x000000000512a000 	/System/Library/PrivateFrameworks/FamilyControls.framework/Versions/A/FamilyControls
0x000000000512a000 	/System/Library/PrivateFrameworks/CommerceKit.framework/Versions/A/Frameworks/CommerceCore.framework/Versions/A/CommerceCore
0x000000000512a000 	/System/Library/PrivateFrameworks/SystemAdministration.framework/Versions/A/SystemAdministration
0x000000000512a000 	/System/Library/PrivateFrameworks/AppContainer.framework/Versions/A/AppContainer
0x000000000512a000 	/System/Library/PrivateFrameworks/SecCodeWrapper.framework/Versions/A/SecCodeWrapper
0x000000000512a000 	/System/Library/Frameworks/DirectoryService.framework/Versions/A/DirectoryService
0x000000000512a000 	/System/Library/PrivateFrameworks/LoginUIKit.framework/Versions/A/Frameworks/LoginUICore.framework/Versions/A/LoginUICore
0x000000000512a000 	/usr/lib/libodfde.dylib
0x000000012493e000 	/Library/Java/JavaVirtualMachines/jdk1.8.0_11.jdk/Contents/Home/jre/lib/libfontmanager.dylib
0x00000001249a4000 	/Users/Olivier/Dropbox/Projet_Int-grateur_TeamYOCO-master/build/classes/res/native/liblwjgl.dylib
0x0000000122cab000 	/Library/Java/JavaVirtualMachines/jdk1.8.0_11.jdk/Contents/Home/jre/lib/libjawt.dylib
0x000000000512a000 	/System/Library/Frameworks/OpenGL.framework/Versions/A/Resources/GLEngine.bundle/GLEngine
0x000000000512a000 	/System/Library/Frameworks/OpenGL.framework/Versions/A/Libraries/libGLProgrammability.dylib
0x0000000124a30000 	/System/Library/Extensions/AppleIntelHDGraphicsGLDriver.bundle/Contents/MacOS/AppleIntelHDGraphicsGLDriver
0x0000000124eb7000 	/System/Library/PrivateFrameworks/GPUSupport.framework/Versions/A/Libraries/libGPUSupport.dylib
0x0000000000000000 	/System/Library/Extensions/GeForceTeslaGLDriver.bundle/Contents/MacOS/GeForceTeslaGLDriver
0x0000000124ecb000 	/System/Library/Extensions/GeForceTeslaGLDriver.bundle/Contents/MacOS/libclh.dylib
0x000000000512a000 	/System/Library/Frameworks/OpenGL.framework/Versions/A/Resources/GLRendererFloat.bundle/GLRendererFloat
0x0000000134d0c000 	/Library/Java/JavaVirtualMachines/jdk1.8.0_11.jdk/Contents/Home/jre/lib/libnio.dylib
0x0000000134d1b000 	/Library/Java/JavaVirtualMachines/jdk1.8.0_11.jdk/Contents/Home/jre/lib/./libnet.dylib
0x0000000134e34000 	/Library/Java/JavaVirtualMachines/jdk1.8.0_11.jdk/Contents/Home/jre/lib/libjpeg.dylib
0x000000012686d000 	/Users/Olivier/Dropbox/Projet_Int-grateur_TeamYOCO-master/build/classes/res/native/openal.dylib
0x0000000128669000 	/System/Library/Components/CoreAudio.component/Contents/MacOS/CoreAudio
0x0000000122b9d000 	/System/Library/Extensions/AppleHDA.kext/Contents/PlugIns/AppleHDAHALPlugIn.bundle/Contents/MacOS/AppleHDAHALPlugIn

VM Arguments:
jvm_args: -Dfile.encoding=UTF-8 -Djava.library.path=lib 
java_command: ca.qc.bdeb.info204.Game
java_class_path (initial): /Users/Olivier/Dropbox/Projet_Int-grateur_TeamYOCO-master/lib/jinput.jar:/Users/Olivier/Dropbox/Projet_Int-grateur_TeamYOCO-master/lib/lwjgl.jar:/Users/Olivier/Dropbox/Projet_Int-grateur_TeamYOCO-master/lib/lwjgl_util.jar:/Users/Olivier/Dropbox/Projet_Int-grateur_TeamYOCO-master/lib/slick.jar:/Users/Olivier/Dropbox/Projet_Int-grateur_TeamYOCO-master/lib/SlickUtils-1.3.jar:/Users/Olivier/Dropbox/Projet_Int-grateur_TeamYOCO-master/build/classes
Launcher Type: SUN_STANDARD

Environment Variables:
PATH=/usr/bin:/bin:/usr/sbin:/sbin
LD_LIBRARY_PATH=/Library/Java/JavaVirtualMachines/jdk1.8.0_11.jdk/Contents/Home/jre/lib/amd64:/Library/Java/JavaVirtualMachines/jdk1.8.0_11.jdk/Contents/Home/jre/lib/i386:
SHELL=/bin/bash
DYLD_LIBRARY_PATH=/Applications/NetBeans/NetBeans 8.0.1.app/Contents/Resources/NetBeans/webcommon/bin:

Signal Handlers:
SIGSEGV: [libjvm.dylib+0x56059b], sa_mask[0]=0xfffefeff, sa_flags=0x00000043
SIGBUS: [libjvm.dylib+0x56059b], sa_mask[0]=0xfffefeff, sa_flags=0x00000042
SIGFPE: [libjvm.dylib+0x4438f2], sa_mask[0]=0xfffefeff, sa_flags=0x00000042
SIGPIPE: [libjvm.dylib+0x4438f2], sa_mask[0]=0xfffefeff, sa_flags=0x00000042
SIGXFSZ: [libjvm.dylib+0x4438f2], sa_mask[0]=0xfffefeff, sa_flags=0x00000042
SIGILL: [libjvm.dylib+0x4438f2], sa_mask[0]=0xfffefeff, sa_flags=0x00000042
SIGUSR1: SIG_DFL, sa_mask[0]=0x00000000, sa_flags=0x00000000
SIGUSR2: [libjvm.dylib+0x443410], sa_mask[0]=0x00000004, sa_flags=0x00000042
SIGHUP: [libjvm.dylib+0x44179b], sa_mask[0]=0xfffefeff, sa_flags=0x00000042
SIGINT: SIG_IGN, sa_mask[0]=0x00000000, sa_flags=0x00000000
SIGTERM: [libjvm.dylib+0x44179b], sa_mask[0]=0xfffefeff, sa_flags=0x00000042
SIGQUIT: [libjvm.dylib+0x44179b], sa_mask[0]=0xfffefeff, sa_flags=0x00000042


---------------  S Y S T E M  ---------------

OS:Bsduname:Darwin 14.5.0 Darwin Kernel Version 14.5.0: Wed Jul 29 02:26:53 PDT 2015; root:xnu-2782.40.9~1/RELEASE_X86_64 x86_64
rlimit: STACK 8192k, CORE 0k, NPROC 709, NOFILE 10240, AS infinity
load average:1.58 1.63 1.73

CPU:total 4 (2 cores per cpu, 2 threads per core) family 6 model 37 stepping 5, cmov, cx8, fxsr, mmx, sse, sse2, sse3, ssse3, sse4.1, sse4.2, popcnt, aes, clmul, ht, tsc, tscinvbit

Memory: 4k page, physical 8388608k(405800k free)

/proc/meminfo:


vm_info: Java HotSpot(TM) 64-Bit Server VM (25.11-b03) for bsd-amd64 JRE (1.8.0_11-b12), built on Jun 16 2014 17:39:42 by "java_re" with gcc 4.2.1 (Based on Apple Inc. build 5658) (LLVM build 2336.11.00)

time: Sat May 21 15:12:33 2016
elapsed time: 9 seconds

