#
# A fatal error has been detected by the Java Runtime Environment:
#
#  SIGSEGV (0xb) at pc=0x00007fff8f9a10dd, pid=771, tid=1811
#
# JRE version: Java(TM) SE Runtime Environment (8.0_11-b12) (build 1.8.0_11-b12)
# Java VM: Java HotSpot(TM) 64-Bit Server VM (25.11-b03 mixed mode bsd-amd64 compressed oops)
# Problematic frame:
# C  [libobjc.A.dylib+0x10dd]  objc_msgSend+0x1d
#
# Failed to write core dump. Core dumps have been disabled. To enable core dumping, try "ulimit -c unlimited" before starting Java again
#
# If you would like to submit a bug report, please visit:
#   http://bugreport.sun.com/bugreport/crash.jsp
# The crash happened outside the Java Virtual Machine in native code.
# See problematic frame for where to report the bug.
#

---------------  T H R E A D  ---------------

Current thread (0x00007ff8ad0b3000):  JavaThread "AppKit Thread" daemon [_thread_in_native, id=1811, stack(0x00007fff5382c000,0x00007fff5402c000)]

siginfo:si_signo=SIGSEGV: si_errno=0, si_code=1 (SEGV_MAPERR), si_addr=0x0000000000000018

Registers:
RAX=0x00007ff8abd403d0, RBX=0x00007fff540277f8, RCX=0x0000000000000000, RDX=0x00007ff8abeaec90
RSP=0x00007fff54027618, RBP=0x00007fff54027620, RSI=0x00007fff8974e41e, RDI=0x00007ff8abd403d0
R8 =0x00007fff54027600, R9 =0x0000000000000062, R10=0x00007fff8974e41e, R11=0x0000000000000000
R12=0x00007ff8abe1eac0, R13=0x00000000000f42ff, R14=0x00007ff8abcb64b0, R15=0x00007fff54027758
RIP=0x00007fff8f9a10dd, EFLAGS=0x0000000000010246, ERR=0x0000000000000004
  TRAPNO=0x000000000000000e

Top of Stack: (sp=0x00007fff54027618)
0x00007fff54027618:   00007fff934fe45c 00007fff54027980
0x00007fff54027628:   00007fff933ee634 00007fff540276ac
0x00007fff54027638:   00007fff540276b0 00007fff540276b4
0x00007fff54027648:   00007fff78d6ce00 ffffffffffffffff
0x00007fff54027658:   0000000000000930 00007fff78d6ce18
0x00007fff54027668:   00007ff8abcb64b0 0000000000000000
0x00007fff54027678:   00007fff54027750 0000000000000000
0x00007fff54027688:   00007ff8abd444a0 00007fff540277d0
0x00007fff54027698:   0000000000000062 00000000000f4301
0x00007fff540276a8:   00007ff8abeaec90 00007ff8abd43ed0
0x00007fff540276b8:   00007ff8abe1eac0 0000000000000001
0x00007fff540276c8:   00000000000f42ff 00007ff8abe1eab0
0x00007fff540276d8:   00007fff8f477c05 00000001abf53990
0x00007fff540276e8:   00007fff784db0d0 0000000042000000
0x00007fff540276f8:   00007fff8f47ee63 00007fff78d37240
0x00007fff54027708:   00007fff540277d8 0000000000000000
0x00007fff54027718:   00007fff78dcd8c8 0000000000000000
0x00007fff54027728:   0000000000000008 0004ee0300000001
0x00007fff54027738:   00007ff8abe1eae4 0000000000000000
0x00007fff54027748:   0000000000448f01 00007ff8abd44520
0x00007fff54027758:   00007ff8abcb64b0 0000000000000000
0x00007fff54027768:   00007fff89787458 00007fff54027810
0x00007fff54027778:   00007fff91675483 00007fff540277f4
0x00007fff54027788:   0000000000449001 00000000ffffffff
0x00007fff54027798:   00007fff78dcd8c8 0000000000449000
0x00007fff540277a8:   00007fff00000000 00007fff540278a0
0x00007fff540277b8:   00007fff89c8f770 00007fff78dcd8e8
0x00007fff540277c8:   00007fff89787458 0000000000000050
0x00007fff540277d8:   0000000000000000 00000000000f42e0
0x00007fff540277e8:   0000000000000053 0000000000000000
0x00007fff540277f8:   00000000000f42ff 00007fff54027874
0x00007fff54027808:   0000000000449c01 00000000ffffffff 

Instructions: (pc=0x00007fff8f9a10dd)
0x00007fff8f9a10bd:   00 00 00 48 85 ff 2e 74 7a 40 f6 c7 01 2e 75 7e
0x00007fff8f9a10cd:   49 bb f8 ff ff ff ff 7f 00 00 4c 23 1f 49 89 f2
0x00007fff8f9a10dd:   45 23 53 18 49 c1 e2 04 4d 03 53 10 49 3b 32 75
0x00007fff8f9a10ed:   04 41 ff 62 08 49 83 3a 00 74 6a 4d 3b 53 10 74 

Register to memory mapping:

RAX=0x00007ff8abd403d0 is an unknown value
RBX=0x00007fff540277f8 is pointing into the stack for thread: 0x00007ff8ad0b3000
RCX=0x0000000000000000 is an unknown value
RDX=0x00007ff8abeaec90 is an unknown value
RSP=0x00007fff54027618 is pointing into the stack for thread: 0x00007ff8ad0b3000
RBP=0x00007fff54027620 is pointing into the stack for thread: 0x00007ff8ad0b3000
RSI=0x00007fff8974e41e: -[NSTitlebarContainerView transparent]+0x5e312 in /System/Library/Frameworks/AppKit.framework/Versions/C/AppKit at 0x00007fff88d4d000
RDI=0x00007ff8abd403d0 is an unknown value
R8 =0x00007fff54027600 is pointing into the stack for thread: 0x00007ff8ad0b3000
R9 =0x0000000000000062 is an unknown value
R10=0x00007fff8974e41e: -[NSTitlebarContainerView transparent]+0x5e312 in /System/Library/Frameworks/AppKit.framework/Versions/C/AppKit at 0x00007fff88d4d000
R11=0x0000000000000000 is an unknown value
R12=0x00007ff8abe1eac0 is an unknown value
R13=0x00000000000f42ff is an unknown value
R14=0x00007ff8abcb64b0 is an unknown value
R15=0x00007fff54027758 is pointing into the stack for thread: 0x00007ff8ad0b3000


Stack: [0x00007fff5382c000,0x00007fff5402c000],  sp=0x00007fff54027618,  free space=8173k
Native frames: (J=compiled Java code, j=interpreted, Vv=VM code, C=native code)
C  [libobjc.A.dylib+0x10dd]  objc_msgSend+0x1d
C  [CoreFoundation+0x10634]  _CFXNotificationPost+0xc44
C  [Foundation+0x7aa1]  -[NSNotificationCenter postNotificationName:object:userInfo:]+0x42
C  [AppKit+0x439c2]  -[NSSurface _disposeSurface]+0x98
C  [AppKit+0x43426]  -[NSSurface setWindow:]+0x42
C  [AppKit+0x33910]  -[NSView _setWindow:]+0xa33
C  [AppKit+0x6af91]  -[NSView removeFromSuperview]+0x1c5
C  [AppKit+0x14bd99]  -[NSView removeFromSuperviewWithoutNeedingDisplay]+0x26
C  [liblwjgl.dylib+0xa205]  +[MacOSXKeyableWindow destroyWindow]+0xb5
C  [Foundation+0x92dd0]  __NSThreadPerformPerform+0x125
C  [CoreFoundation+0x80a01]  __CFRUNLOOP_IS_CALLING_OUT_TO_A_SOURCE0_PERFORM_FUNCTION__+0x11
C  [CoreFoundation+0x72b8d]  __CFRunLoopDoSources0+0x10d
C  [CoreFoundation+0x721bf]  __CFRunLoopRun+0x39f
C  [CoreFoundation+0x71bd8]  CFRunLoopRunSpecific+0x128
C  [HIToolbox+0x3256f]  RunCurrentEventLoopInMode+0xeb
C  [HIToolbox+0x322ea]  ReceiveNextEventCommon+0x1af
C  [HIToolbox+0x3212b]  _BlockUntilNextEventMatchingListInModeWithFilter+0x47
C  [AppKit+0x918ab]  _DPSNextEvent+0x3d2
C  [AppKit+0x90e58]  -[NSApplication nextEventMatchingMask:untilDate:inMode:dequeue:]+0x15a
C  [libosxapp.dylib+0x242a]  -[NSApplicationAWT nextEventMatchingMask:untilDate:inMode:dequeue:]+0x7c
C  [AppKit+0x86af3]  -[NSApplication run]+0x252
C  [libosxapp.dylib+0x223e]  +[NSApplicationAWT runAWTLoopWithApp:]+0x9c
C  [libawt_lwawt.dylib+0x439bb]  -[AWTStarter starter:]+0x389
C  [Foundation+0x92dd0]  __NSThreadPerformPerform+0x125
C  [CoreFoundation+0x80a01]  __CFRUNLOOP_IS_CALLING_OUT_TO_A_SOURCE0_PERFORM_FUNCTION__+0x11
C  [CoreFoundation+0x72b8d]  __CFRunLoopDoSources0+0x10d
C  [CoreFoundation+0x721bf]  __CFRunLoopRun+0x39f
C  [CoreFoundation+0x71bd8]  CFRunLoopRunSpecific+0x128
C  [java+0x56cb]  CreateExecutionEnvironment+0x367
C  [java+0x166c]  JLI_Launch+0x7a0
C  [java+0x7689]  main+0x65
C  [java+0xec4]  start+0x34


---------------  P R O C E S S  ---------------

Java Threads: ( => current thread )
  0x00007ff8ac978800 JavaThread "AWT-Shutdown" [_thread_blocked, id=28195, stack(0x000000013623d000,0x000000013633d000)]
  0x00007ff8ac9dd800 JavaThread "Java2D Queue Flusher" daemon [_thread_blocked, id=56839, stack(0x000000012b0fe000,0x000000012b1fe000)]
  0x00007ff8ac174000 JavaThread "Java2D Disposer" daemon [_thread_blocked, id=55315, stack(0x000000012af78000,0x000000012b078000)]
=>0x00007ff8ad0b3000 JavaThread "AppKit Thread" daemon [_thread_in_native, id=1811, stack(0x00007fff5382c000,0x00007fff5402c000)]
  0x00007ff8ad02e000 JavaThread "Service Thread" daemon [_thread_blocked, id=18179, stack(0x00000001252aa000,0x00000001253aa000)]
  0x00007ff8ac840800 JavaThread "C1 CompilerThread2" daemon [_thread_blocked, id=17667, stack(0x00000001251a7000,0x00000001252a7000)]
  0x00007ff8ac81b800 JavaThread "C2 CompilerThread1" daemon [_thread_blocked, id=17155, stack(0x00000001250a4000,0x00000001251a4000)]
  0x00007ff8ac81b000 JavaThread "C2 CompilerThread0" daemon [_thread_in_native, id=16643, stack(0x0000000124fa1000,0x00000001250a1000)]
  0x00007ff8ad00a000 JavaThread "Signal Dispatcher" daemon [_thread_blocked, id=16159, stack(0x0000000124e9e000,0x0000000124f9e000)]
  0x00007ff8ad02d000 JavaThread "Finalizer" daemon [_thread_blocked, id=11523, stack(0x0000000123478000,0x0000000123578000)]
  0x00007ff8ad02c000 JavaThread "Reference Handler" daemon [_thread_blocked, id=11011, stack(0x0000000123375000,0x0000000123475000)]
  0x00007ff8ad000800 JavaThread "main" [_thread_in_native, id=4867, stack(0x000000010bcea000,0x000000010bdea000)]

Other Threads:
  0x00007ff8ac80c000 VMThread [stack: 0x0000000123272000,0x0000000123372000] [id=10499]
  0x00007ff8ad04e800 WatcherThread [stack: 0x00000001253ad000,0x00000001254ad000] [id=18691]

VM state:not at safepoint (normal execution)

VM Mutex/Monitor currently owned by a thread: None

Heap:
 PSYoungGen      total 14336K, used 12577K [0x0000000795580000, 0x0000000796680000, 0x00000007c0000000)
  eden space 12800K, 98% used [0x0000000795580000,0x00000007961c8760,0x0000000796200000)
  from space 1536K, 0% used [0x0000000796400000,0x0000000796400000,0x0000000796580000)
  to   space 2048K, 0% used [0x0000000796200000,0x0000000796200000,0x0000000796400000)
 ParOldGen       total 129536K, used 46141K [0x0000000740000000, 0x0000000747e80000, 0x0000000795580000)
  object space 129536K, 35% used [0x0000000740000000,0x0000000742d0f5e0,0x0000000747e80000)
 Metaspace       used 10655K, capacity 10821K, committed 11008K, reserved 1058816K
  class space    used 1137K, capacity 1175K, committed 1280K, reserved 1048576K

Card table byte_map: [0x000000011c8c6000,0x000000011ccc7000] byte_map_base: 0x0000000118ec6000

Marking Bits: (ParMarkBitMap*) 0x000000010ce670a0
 Begin Bits: [0x000000011d37e000, 0x000000011f37e000)
 End Bits:   [0x000000011f37e000, 0x000000012137e000)

Polling page: 0x000000010bdfa000

CodeCache: size=245760Kb used=4152Kb max_used=4174Kb free=241607Kb
 bounds [0x000000010d506000, 0x000000010d926000, 0x000000011c506000]
 total_blobs=1590 nmethods=1072 adapters=434
 compilation: enabled

Compilation events (10 events):
Event: 14.647 Thread 0x00007ff8ac840800 1069       1       sun.java2d.opengl.OGLRenderQueue::access$000 (5 bytes)
Event: 14.647 Thread 0x00007ff8ac840800 nmethod 1069 0x000000010d8f5110 code [0x000000010d8f5260, 0x000000010d8f5350]
Event: 14.649 Thread 0x00007ff8ac840800 1070       3       org.newdawn.slick.state.StateBasedGame::isAcceptingInput (19 bytes)
Event: 14.649 Thread 0x00007ff8ac840800 nmethod 1070 0x000000010d8f4b50 code [0x000000010d8f4cc0, 0x000000010d8f5028]
Event: 14.652 Thread 0x00007ff8ac81b000 nmethod 1066% 0x000000010d907790 code [0x000000010d908480, 0x000000010d90fce8]
Event: 14.881 Thread 0x00007ff8ac840800 1071       3       org.newdawn.slick.state.BasicGameState::isAcceptingInput (2 bytes)
Event: 14.881 Thread 0x00007ff8ac840800 nmethod 1071 0x000000010d8f5590 code [0x000000010d8f56e0, 0x000000010d8f5830]
Event: 15.309 Thread 0x00007ff8ac81b800 1072   !   4       statesOfGame.InventoryMenu::update (686 bytes)
Event: 15.359 Thread 0x00007ff8ac81b800 nmethod 1072 0x000000010d904b50 code [0x000000010d904e20, 0x000000010d9062d0]
Event: 15.390 Thread 0x00007ff8ac81b000 1073       4       statesOfGame.InventoryMenu::render (425 bytes)

GC Heap History (10 events):
Event: 0.929 GC heap before
{Heap before GC invocations=6 (full 0):
 PSYoungGen      total 2560K, used 2559K [0x0000000795580000, 0x0000000795c80000, 0x00000007c0000000)
  eden space 2048K, 100% used [0x0000000795580000,0x0000000795780000,0x0000000795780000)
  from space 512K, 99% used [0x0000000795780000,0x00000007957ffc10,0x0000000795800000)
  to   space 1536K, 0% used [0x0000000795b00000,0x0000000795b00000,0x0000000795c80000)
 ParOldGen       total 129536K, used 1123K [0x0000000740000000, 0x0000000747e80000, 0x0000000795580000)
  object space 129536K, 0% used [0x0000000740000000,0x0000000740118d48,0x0000000747e80000)
 Metaspace       used 6459K, capacity 6551K, committed 6656K, reserved 1056768K
  class space    used 662K, capacity 690K, committed 768K, reserved 1048576K
Event: 0.931 GC heap after
Heap after GC invocations=6 (full 0):
 PSYoungGen      total 5632K, used 1076K [0x0000000795580000, 0x0000000795c80000, 0x00000007c0000000)
  eden space 4096K, 0% used [0x0000000795580000,0x0000000795580000,0x0000000795980000)
  from space 1536K, 70% used [0x0000000795b00000,0x0000000795c0d2f8,0x0000000795c80000)
  to   space 1536K, 0% used [0x0000000795980000,0x0000000795980000,0x0000000795b00000)
 ParOldGen       total 129536K, used 1123K [0x0000000740000000, 0x0000000747e80000, 0x0000000795580000)
  object space 129536K, 0% used [0x0000000740000000,0x0000000740118d48,0x0000000747e80000)
 Metaspace       used 6459K, capacity 6551K, committed 6656K, reserved 1056768K
  class space    used 662K, capacity 690K, committed 768K, reserved 1048576K
}
Event: 1.143 GC heap before
{Heap before GC invocations=7 (full 0):
 PSYoungGen      total 5632K, used 5172K [0x0000000795580000, 0x0000000795c80000, 0x00000007c0000000)
  eden space 4096K, 100% used [0x0000000795580000,0x0000000795980000,0x0000000795980000)
  from space 1536K, 70% used [0x0000000795b00000,0x0000000795c0d2f8,0x0000000795c80000)
  to   space 1536K, 0% used [0x0000000795980000,0x0000000795980000,0x0000000795b00000)
 ParOldGen       total 129536K, used 1123K [0x0000000740000000, 0x0000000747e80000, 0x0000000795580000)
  object space 129536K, 0% used [0x0000000740000000,0x0000000740118d48,0x0000000747e80000)
 Metaspace       used 7763K, capacity 7899K, committed 8064K, reserved 1056768K
  class space    used 830K, capacity 884K, committed 896K, reserved 1048576K
Event: 1.151 GC heap after
Heap after GC invocations=7 (full 0):
 PSYoungGen      total 5632K, used 1245K [0x0000000795580000, 0x0000000796080000, 0x00000007c0000000)
  eden space 4096K, 0% used [0x0000000795580000,0x0000000795580000,0x0000000795980000)
  from space 1536K, 81% used [0x0000000795980000,0x0000000795ab7710,0x0000000795b00000)
  to   space 1536K, 0% used [0x0000000795f00000,0x0000000795f00000,0x0000000796080000)
 ParOldGen       total 129536K, used 8187K [0x0000000740000000, 0x0000000747e80000, 0x0000000795580000)
  object space 129536K, 6% used [0x0000000740000000,0x00000007407fed88,0x0000000747e80000)
 Metaspace       used 7763K, capacity 7899K, committed 8064K, reserved 1056768K
  class space    used 830K, capacity 884K, committed 896K, reserved 1048576K
}
Event: 1.495 GC heap before
{Heap before GC invocations=8 (full 0):
 PSYoungGen      total 5632K, used 5341K [0x0000000795580000, 0x0000000796080000, 0x00000007c0000000)
  eden space 4096K, 100% used [0x0000000795580000,0x0000000795980000,0x0000000795980000)
  from space 1536K, 81% used [0x0000000795980000,0x0000000795ab7710,0x0000000795b00000)
  to   space 1536K, 0% used [0x0000000795f00000,0x0000000795f00000,0x0000000796080000)
 ParOldGen       total 129536K, used 17403K [0x0000000740000000, 0x0000000747e80000, 0x0000000795580000)
  object space 129536K, 13% used [0x0000000740000000,0x00000007410fedb8,0x0000000747e80000)
 Metaspace       used 8835K, capacity 8997K, committed 9216K, reserved 1056768K
  class space    used 962K, capacity 1015K, committed 1024K, reserved 1048576K
Event: 1.499 GC heap after
Heap after GC invocations=8 (full 0):
 PSYoungGen      total 9728K, used 1163K [0x0000000795580000, 0x0000000796080000, 0x00000007c0000000)
  eden space 8192K, 0% used [0x0000000795580000,0x0000000795580000,0x0000000795d80000)
  from space 1536K, 75% used [0x0000000795f00000,0x0000000796022e20,0x0000000796080000)
  to   space 1536K, 0% used [0x0000000795d80000,0x0000000795d80000,0x0000000795f00000)
 ParOldGen       total 129536K, used 17507K [0x0000000740000000, 0x0000000747e80000, 0x0000000795580000)
  object space 129536K, 13% used [0x0000000740000000,0x0000000741118db8,0x0000000747e80000)
 Metaspace       used 8835K, capacity 8997K, committed 9216K, reserved 1056768K
  class space    used 962K, capacity 1015K, committed 1024K, reserved 1048576K
}
Event: 1.566 GC heap before
{Heap before GC invocations=9 (full 0):
 PSYoungGen      total 9728K, used 9355K [0x0000000795580000, 0x0000000796080000, 0x00000007c0000000)
  eden space 8192K, 100% used [0x0000000795580000,0x0000000795d80000,0x0000000795d80000)
  from space 1536K, 75% used [0x0000000795f00000,0x0000000796022e20,0x0000000796080000)
  to   space 1536K, 0% used [0x0000000795d80000,0x0000000795d80000,0x0000000795f00000)
 ParOldGen       total 129536K, used 17507K [0x0000000740000000, 0x0000000747e80000, 0x0000000795580000)
  object space 129536K, 13% used [0x0000000740000000,0x0000000741118db8,0x0000000747e80000)
 Metaspace       used 8836K, capacity 8997K, committed 9216K, reserved 1056768K
  class space    used 962K, capacity 1015K, committed 1024K, reserved 1048576K
Event: 1.569 GC heap after
Heap after GC invocations=9 (full 0):
 PSYoungGen      total 9728K, used 789K [0x0000000795580000, 0x0000000796580000, 0x00000007c0000000)
  eden space 8192K, 0% used [0x0000000795580000,0x0000000795580000,0x0000000795d80000)
  from space 1536K, 51% used [0x0000000795d80000,0x0000000795e455c8,0x0000000795f00000)
  to   space 1536K, 0% used [0x0000000796400000,0x0000000796400000,0x0000000796580000)
 ParOldGen       total 129536K, used 17890K [0x0000000740000000, 0x0000000747e80000, 0x0000000795580000)
  object space 129536K, 13% used [0x0000000740000000,0x0000000741178b48,0x0000000747e80000)
 Metaspace       used 8836K, capacity 8997K, committed 9216K, reserved 1056768K
  class space    used 962K, capacity 1015K, committed 1024K, reserved 1048576K
}
Event: 1.600 GC heap before
{Heap before GC invocations=10 (full 0):
 PSYoungGen      total 9728K, used 8981K [0x0000000795580000, 0x0000000796580000, 0x00000007c0000000)
  eden space 8192K, 100% used [0x0000000795580000,0x0000000795d80000,0x0000000795d80000)
  from space 1536K, 51% used [0x0000000795d80000,0x0000000795e455c8,0x0000000795f00000)
  to   space 1536K, 0% used [0x0000000796400000,0x0000000796400000,0x0000000796580000)
 ParOldGen       total 129536K, used 17890K [0x0000000740000000, 0x0000000747e80000, 0x0000000795580000)
  object space 129536K, 13% used [0x0000000740000000,0x0000000741178b48,0x0000000747e80000)
 Metaspace       used 8836K, capacity 8997K, committed 9216K, reserved 1056768K
  class space    used 962K, capacity 1015K, committed 1024K, reserved 1048576K
Event: 1.603 GC heap after
Heap after GC invocations=10 (full 0):
 PSYoungGen      total 14336K, used 0K [0x0000000795580000, 0x0000000796680000, 0x00000007c0000000)
  eden space 12800K, 0% used [0x0000000795580000,0x0000000795580000,0x0000000796200000)
  from space 1536K, 0% used [0x0000000796400000,0x0000000796400000,0x0000000796580000)
  to   space 2048K, 0% used [0x0000000796200000,0x0000000796200000,0x0000000796400000)
 ParOldGen       total 129536K, used 18624K [0x0000000740000000, 0x0000000747e80000, 0x0000000795580000)
  object space 129536K, 14% used [0x0000000740000000,0x0000000741230140,0x0000000747e80000)
 Metaspace       used 8836K, capacity 8997K, committed 9216K, reserved 1056768K
  class space    used 962K, capacity 1015K, committed 1024K, reserved 1048576K
}

Deoptimization events (2 events):
Event: 1.621 Thread 0x00007ff8ad000800 Uncommon trap: reason=unreached action=reinterpret pc=0x000000010d744148 method=sun.awt.image.ByteInterleavedRaster.getDataElements(IILjava/lang/Object;)Ljava/lang/Object; @ 43
Event: 6.728 Thread 0x00007ff8ad000800 Uncommon trap: reason=range_check action=make_not_entrant pc=0x000000010d796b4c method=java.util.ArrayList.elementData(I)Ljava/lang/Object; @ 5

Internal exceptions (10 events):
Event: 2.194 Thread 0x00007ff8ad000800 Exception <a 'java/security/PrivilegedActionException'> (0x0000000795eb8d60) thrown at [/HUDSON3/workspace/8-2-build-macosx-x86_64/jdk8u11/648/hotspot/src/share/vm/prims/jvm.cpp, line 1248]
Event: 2.434 Thread 0x00007ff8ad000800 Exception <a 'java/security/PrivilegedActionException'> (0x0000000795f17d58) thrown at [/HUDSON3/workspace/8-2-build-macosx-x86_64/jdk8u11/648/hotspot/src/share/vm/prims/jvm.cpp, line 1248]
Event: 2.517 Thread 0x00007ff8ad000800 Exception <a 'java/security/PrivilegedActionException'> (0x00000007960a9ab0) thrown at [/HUDSON3/workspace/8-2-build-macosx-x86_64/jdk8u11/648/hotspot/src/share/vm/prims/jvm.cpp, line 1248]
Event: 2.522 Thread 0x00007ff8ad000800 Exception <a 'java/security/PrivilegedActionException'> (0x00000007960ad8a8) thrown at [/HUDSON3/workspace/8-2-build-macosx-x86_64/jdk8u11/648/hotspot/src/share/vm/prims/jvm.cpp, line 1248]
Event: 2.523 Thread 0x00007ff8ad000800 Exception <a 'java/security/PrivilegedActionException'> (0x00000007960b1930) thrown at [/HUDSON3/workspace/8-2-build-macosx-x86_64/jdk8u11/648/hotspot/src/share/vm/prims/jvm.cpp, line 1248]
Event: 4.891 Thread 0x00007ff8ad000800 Exception <a 'java/security/PrivilegedActionException'> (0x00000007960beb48) thrown at [/HUDSON3/workspace/8-2-build-macosx-x86_64/jdk8u11/648/hotspot/src/share/vm/prims/jvm.cpp, line 1248]
Event: 4.892 Thread 0x00007ff8ad000800 Exception <a 'java/security/PrivilegedActionException'> (0x00000007960c38f8) thrown at [/HUDSON3/workspace/8-2-build-macosx-x86_64/jdk8u11/648/hotspot/src/share/vm/prims/jvm.cpp, line 1248]
Event: 5.450 Thread 0x00007ff8ad000800 Exception <a 'java/security/PrivilegedActionException'> (0x00000007960fada0) thrown at [/HUDSON3/workspace/8-2-build-macosx-x86_64/jdk8u11/648/hotspot/src/share/vm/prims/jvm.cpp, line 1248]
Event: 6.728 Thread 0x00007ff8ad000800 Exception <a 'java/lang/ArrayIndexOutOfBoundsException': -1> (0x0000000796101d48) thrown at [/HUDSON3/workspace/8-2-build-macosx-x86_64/jdk8u11/648/hotspot/src/share/vm/interpreter/interpreterRuntime.cpp, line 337]
Event: 15.461 Thread 0x00007ff8ad000800 Exception <a 'java/security/PrivilegedActionException'> (0x00000007961bb6d8) thrown at [/HUDSON3/workspace/8-2-build-macosx-x86_64/jdk8u11/648/hotspot/src/share/vm/prims/jvm.cpp, line 1248]

Events (10 events):
Event: 7.107 Thread 0x00007ff8ad000800 DEOPT PACKING pc=0x000000010d82ea7f sp=0x000000010bde9600
Event: 7.107 Thread 0x00007ff8ad000800 DEOPT UNPACKING pc=0x000000010d54d01a sp=0x000000010bde9430 mode 0
Event: 12.153 Thread 0x00007ff8ad0d8000 Thread exited: 0x00007ff8ad0d8000
Event: 12.161 Thread 0x00007ff8ac978800 Thread added: 0x00007ff8ac978800
Event: 15.309 Thread 0x00007ff8ad000800 DEOPT PACKING pc=0x000000010d8b693d sp=0x000000010bde93b0
Event: 15.309 Thread 0x00007ff8ad000800 DEOPT UNPACKING pc=0x000000010d54d01a sp=0x000000010bde9280 mode 0
Event: 15.390 Thread 0x00007ff8ad000800 DEOPT PACKING pc=0x000000010d8c29be sp=0x000000010bde9380
Event: 15.390 Thread 0x00007ff8ad000800 DEOPT UNPACKING pc=0x000000010d54d01a sp=0x000000010bde92a0 mode 0
Event: 15.461 loading class org/lwjgl/opengl/CallbackUtil
Event: 15.461 loading class org/lwjgl/opengl/CallbackUtil done


Dynamic libraries:
0x0000000007c19000 	/System/Library/Frameworks/Cocoa.framework/Versions/A/Cocoa
0x0000000007c19000 	/System/Library/Frameworks/Security.framework/Versions/A/Security
0x0000000007c19000 	/System/Library/Frameworks/ApplicationServices.framework/Versions/A/ApplicationServices
0x0000000007c19000 	/usr/lib/libz.1.dylib
0x0000000007c19000 	/usr/lib/libSystem.B.dylib
0x0000000007c19000 	/usr/lib/libobjc.A.dylib
0x0000000007c19000 	/System/Library/Frameworks/CoreFoundation.framework/Versions/A/CoreFoundation
0x0000000007c19000 	/System/Library/Frameworks/Foundation.framework/Versions/C/Foundation
0x0000000007c19000 	/System/Library/Frameworks/AppKit.framework/Versions/C/AppKit
0x0000000007c19000 	/System/Library/Frameworks/CoreData.framework/Versions/A/CoreData
0x0000000007c19000 	/System/Library/PrivateFrameworks/RemoteViewServices.framework/Versions/A/RemoteViewServices
0x0000000007c19000 	/System/Library/PrivateFrameworks/UIFoundation.framework/Versions/A/UIFoundation
0x0000000007c19000 	/System/Library/Frameworks/IOSurface.framework/Versions/A/IOSurface
0x0000000007c19000 	/System/Library/Frameworks/AudioToolbox.framework/Versions/A/AudioToolbox
0x0000000007c19000 	/System/Library/Frameworks/AudioUnit.framework/Versions/A/AudioUnit
0x0000000007c19000 	/System/Library/PrivateFrameworks/DataDetectorsCore.framework/Versions/A/DataDetectorsCore
0x0000000007c19000 	/System/Library/PrivateFrameworks/DesktopServicesPriv.framework/Versions/A/DesktopServicesPriv
0x0000000007c19000 	/System/Library/Frameworks/Carbon.framework/Versions/A/Frameworks/HIToolbox.framework/Versions/A/HIToolbox
0x0000000007c19000 	/System/Library/Frameworks/QuartzCore.framework/Versions/A/QuartzCore
0x0000000007c19000 	/System/Library/Frameworks/Carbon.framework/Versions/A/Frameworks/SpeechRecognition.framework/Versions/A/SpeechRecognition
0x0000000007c19000 	/usr/lib/libauto.dylib
0x0000000007c19000 	/usr/lib/libicucore.A.dylib
0x0000000007c19000 	/usr/lib/libxml2.2.dylib
0x0000000007c19000 	/System/Library/PrivateFrameworks/CoreUI.framework/Versions/A/CoreUI
0x0000000007c19000 	/System/Library/Frameworks/CoreAudio.framework/Versions/A/CoreAudio
0x0000000007c19000 	/System/Library/Frameworks/DiskArbitration.framework/Versions/A/DiskArbitration
0x0000000007c19000 	/usr/lib/liblangid.dylib
0x0000000007c19000 	/System/Library/PrivateFrameworks/MultitouchSupport.framework/Versions/A/MultitouchSupport
0x0000000007c19000 	/System/Library/Frameworks/IOKit.framework/Versions/A/IOKit
0x0000000007c19000 	/usr/lib/libDiagnosticMessagesClient.dylib
0x0000000007c19000 	/System/Library/Frameworks/CoreServices.framework/Versions/A/CoreServices
0x0000000007c19000 	/System/Library/PrivateFrameworks/PerformanceAnalysis.framework/Versions/A/PerformanceAnalysis
0x0000000007c19000 	/System/Library/PrivateFrameworks/GenerationalStorage.framework/Versions/A/GenerationalStorage
0x0000000007c19000 	/System/Library/Frameworks/OpenGL.framework/Versions/A/OpenGL
0x0000000007c19000 	/System/Library/PrivateFrameworks/Sharing.framework/Versions/A/Sharing
0x0000000007c19000 	/System/Library/Frameworks/CoreGraphics.framework/Versions/A/CoreGraphics
0x0000000007c19000 	/System/Library/Frameworks/CoreText.framework/Versions/A/CoreText
0x0000000007c19000 	/System/Library/Frameworks/ImageIO.framework/Versions/A/ImageIO
0x0000000007c19000 	/usr/lib/libextension.dylib
0x0000000007c19000 	/System/Library/PrivateFrameworks/Backup.framework/Versions/A/Backup
0x0000000007c19000 	/usr/lib/libarchive.2.dylib
0x0000000007c19000 	/System/Library/Frameworks/CFNetwork.framework/Versions/A/CFNetwork
0x0000000007c19000 	/System/Library/Frameworks/SystemConfiguration.framework/Versions/A/SystemConfiguration
0x0000000007c19000 	/usr/lib/libCRFSuite.dylib
0x0000000007c19000 	/usr/lib/libc++.1.dylib
0x0000000007c19000 	/usr/lib/libc++abi.dylib
0x0000000007c19000 	/usr/lib/system/libcache.dylib
0x0000000007c19000 	/usr/lib/system/libcommonCrypto.dylib
0x0000000007c19000 	/usr/lib/system/libcompiler_rt.dylib
0x0000000007c19000 	/usr/lib/system/libcopyfile.dylib
0x0000000007c19000 	/usr/lib/system/libcorecrypto.dylib
0x0000000007c19000 	/usr/lib/system/libdispatch.dylib
0x0000000007c19000 	/usr/lib/system/libdyld.dylib
0x0000000007c19000 	/usr/lib/system/libkeymgr.dylib
0x0000000007c19000 	/usr/lib/system/liblaunch.dylib
0x0000000007c19000 	/usr/lib/system/libmacho.dylib
0x0000000007c19000 	/usr/lib/system/libquarantine.dylib
0x0000000007c19000 	/usr/lib/system/libremovefile.dylib
0x0000000007c19000 	/usr/lib/system/libsystem_asl.dylib
0x0000000007c19000 	/usr/lib/system/libsystem_blocks.dylib
0x0000000007c19000 	/usr/lib/system/libsystem_c.dylib
0x0000000007c19000 	/usr/lib/system/libsystem_configuration.dylib
0x0000000007c19000 	/usr/lib/system/libsystem_coreservices.dylib
0x0000000007c19000 	/usr/lib/system/libsystem_coretls.dylib
0x0000000007c19000 	/usr/lib/system/libsystem_dnssd.dylib
0x0000000007c19000 	/usr/lib/system/libsystem_info.dylib
0x0000000007c19000 	/usr/lib/system/libsystem_kernel.dylib
0x0000000007c19000 	/usr/lib/system/libsystem_m.dylib
0x0000000007c19000 	/usr/lib/system/libsystem_malloc.dylib
0x0000000007c19000 	/usr/lib/system/libsystem_network.dylib
0x0000000007c19000 	/usr/lib/system/libsystem_networkextension.dylib
0x0000000007c19000 	/usr/lib/system/libsystem_notify.dylib
0x0000000007c19000 	/usr/lib/system/libsystem_platform.dylib
0x0000000007c19000 	/usr/lib/system/libsystem_pthread.dylib
0x0000000007c19000 	/usr/lib/system/libsystem_sandbox.dylib
0x0000000007c19000 	/usr/lib/system/libsystem_secinit.dylib
0x0000000007c19000 	/usr/lib/system/libsystem_stats.dylib
0x0000000007c19000 	/usr/lib/system/libsystem_trace.dylib
0x0000000007c19000 	/usr/lib/system/libunc.dylib
0x0000000007c19000 	/usr/lib/system/libunwind.dylib
0x0000000007c19000 	/usr/lib/system/libxpc.dylib
0x0000000007c19000 	/usr/lib/libbz2.1.0.dylib
0x0000000007c19000 	/usr/lib/liblzma.5.dylib
0x0000000007c19000 	/usr/lib/libbsm.0.dylib
0x0000000007c19000 	/usr/lib/libsqlite3.dylib
0x0000000007c19000 	/usr/lib/system/libkxld.dylib
0x0000000007c19000 	/usr/lib/libxar.1.dylib
0x0000000007c19000 	/usr/lib/libpam.2.dylib
0x0000000007c19000 	/usr/lib/libOpenScriptingUtil.dylib
0x0000000007c19000 	/System/Library/Frameworks/CoreServices.framework/Versions/A/Frameworks/FSEvents.framework/Versions/A/FSEvents
0x0000000007c19000 	/System/Library/Frameworks/CoreServices.framework/Versions/A/Frameworks/CarbonCore.framework/Versions/A/CarbonCore
0x0000000007c19000 	/System/Library/Frameworks/CoreServices.framework/Versions/A/Frameworks/Metadata.framework/Versions/A/Metadata
0x0000000007c19000 	/System/Library/Frameworks/CoreServices.framework/Versions/A/Frameworks/OSServices.framework/Versions/A/OSServices
0x0000000007c19000 	/System/Library/Frameworks/CoreServices.framework/Versions/A/Frameworks/SearchKit.framework/Versions/A/SearchKit
0x0000000007c19000 	/System/Library/Frameworks/CoreServices.framework/Versions/A/Frameworks/AE.framework/Versions/A/AE
0x0000000007c19000 	/System/Library/Frameworks/CoreServices.framework/Versions/A/Frameworks/LaunchServices.framework/Versions/A/LaunchServices
0x0000000007c19000 	/System/Library/Frameworks/CoreServices.framework/Versions/A/Frameworks/DictionaryServices.framework/Versions/A/DictionaryServices
0x0000000007c19000 	/System/Library/Frameworks/NetFS.framework/Versions/A/NetFS
0x0000000007c19000 	/System/Library/PrivateFrameworks/NetAuth.framework/Versions/A/NetAuth
0x0000000007c19000 	/System/Library/PrivateFrameworks/login.framework/Versions/A/Frameworks/loginsupport.framework/Versions/A/loginsupport
0x0000000007c19000 	/System/Library/PrivateFrameworks/TCC.framework/Versions/A/TCC
0x0000000007c19000 	/usr/lib/libmecabra.dylib
0x0000000007c19000 	/System/Library/Frameworks/ApplicationServices.framework/Versions/A/Frameworks/ATS.framework/Versions/A/ATS
0x0000000007c19000 	/System/Library/Frameworks/ApplicationServices.framework/Versions/A/Frameworks/ColorSync.framework/Versions/A/ColorSync
0x0000000007c19000 	/System/Library/Frameworks/ApplicationServices.framework/Versions/A/Frameworks/HIServices.framework/Versions/A/HIServices
0x0000000007c19000 	/System/Library/Frameworks/ApplicationServices.framework/Versions/A/Frameworks/LangAnalysis.framework/Versions/A/LangAnalysis
0x0000000007c19000 	/System/Library/Frameworks/ApplicationServices.framework/Versions/A/Frameworks/PrintCore.framework/Versions/A/PrintCore
0x0000000007c19000 	/System/Library/Frameworks/ApplicationServices.framework/Versions/A/Frameworks/QD.framework/Versions/A/QD
0x0000000007c19000 	/System/Library/Frameworks/ApplicationServices.framework/Versions/A/Frameworks/SpeechSynthesis.framework/Versions/A/SpeechSynthesis
0x0000000007c19000 	/System/Library/Frameworks/Accelerate.framework/Versions/A/Accelerate
0x0000000007c19000 	/System/Library/Frameworks/Accelerate.framework/Versions/A/Frameworks/vImage.framework/Versions/A/vImage
0x0000000007c19000 	/System/Library/Frameworks/Accelerate.framework/Versions/A/Frameworks/vecLib.framework/Versions/A/vecLib
0x0000000007c19000 	/System/Library/Frameworks/Accelerate.framework/Versions/A/Frameworks/vecLib.framework/Versions/A/libvDSP.dylib
0x0000000007c19000 	/System/Library/Frameworks/Accelerate.framework/Versions/A/Frameworks/vecLib.framework/Versions/A/libvMisc.dylib
0x0000000007c19000 	/System/Library/Frameworks/Accelerate.framework/Versions/A/Frameworks/vecLib.framework/Versions/A/libLAPACK.dylib
0x0000000007c19000 	/System/Library/Frameworks/Accelerate.framework/Versions/A/Frameworks/vecLib.framework/Versions/A/libBLAS.dylib
0x0000000007c19000 	/System/Library/Frameworks/Accelerate.framework/Versions/A/Frameworks/vecLib.framework/Versions/A/libLinearAlgebra.dylib
0x0000000007c19000 	/System/Library/Frameworks/ApplicationServices.framework/Versions/A/Frameworks/ATS.framework/Versions/A/Resources/libFontParser.dylib
0x0000000007c19000 	/System/Library/Frameworks/ApplicationServices.framework/Versions/A/Frameworks/ATS.framework/Versions/A/Resources/libFontRegistry.dylib
0x0000000007c19000 	/System/Library/PrivateFrameworks/AppleVPA.framework/Versions/A/AppleVPA
0x0000000007c19000 	/System/Library/PrivateFrameworks/AppleJPEG.framework/Versions/A/AppleJPEG
0x0000000007c19000 	/System/Library/Frameworks/ImageIO.framework/Versions/A/Resources/libJPEG.dylib
0x0000000007c19000 	/System/Library/Frameworks/ImageIO.framework/Versions/A/Resources/libTIFF.dylib
0x0000000007c19000 	/System/Library/Frameworks/ImageIO.framework/Versions/A/Resources/libPng.dylib
0x0000000007c19000 	/System/Library/Frameworks/ImageIO.framework/Versions/A/Resources/libGIF.dylib
0x0000000007c19000 	/System/Library/Frameworks/ImageIO.framework/Versions/A/Resources/libJP2.dylib
0x0000000007c19000 	/System/Library/Frameworks/ImageIO.framework/Versions/A/Resources/libRadiance.dylib
0x0000000007c19000 	/System/Library/Frameworks/CoreVideo.framework/Versions/A/CoreVideo
0x0000000007c19000 	/System/Library/Frameworks/OpenGL.framework/Versions/A/Libraries/libGLU.dylib
0x0000000007c19000 	/System/Library/Frameworks/OpenGL.framework/Versions/A/Libraries/libGFXShared.dylib
0x0000000007c19000 	/System/Library/Frameworks/OpenGL.framework/Versions/A/Libraries/libGL.dylib
0x0000000007c19000 	/System/Library/Frameworks/OpenGL.framework/Versions/A/Libraries/libGLImage.dylib
0x0000000007c19000 	/System/Library/Frameworks/OpenGL.framework/Versions/A/Libraries/libCVMSPluginSupport.dylib
0x0000000007c19000 	/System/Library/Frameworks/OpenGL.framework/Versions/A/Libraries/libCoreVMClient.dylib
0x0000000007c19000 	/usr/lib/libcups.2.dylib
0x0000000007c19000 	/System/Library/Frameworks/Kerberos.framework/Versions/A/Kerberos
0x0000000007c19000 	/System/Library/Frameworks/GSS.framework/Versions/A/GSS
0x0000000007c19000 	/usr/lib/libresolv.9.dylib
0x0000000007c19000 	/usr/lib/libiconv.2.dylib
0x0000000007c19000 	/System/Library/PrivateFrameworks/Heimdal.framework/Versions/A/Heimdal
0x0000000007c19000 	/usr/lib/libheimdal-asn1.dylib
0x0000000007c19000 	/System/Library/Frameworks/OpenDirectory.framework/Versions/A/OpenDirectory
0x0000000007c19000 	/System/Library/PrivateFrameworks/CommonAuth.framework/Versions/A/CommonAuth
0x0000000007c19000 	/System/Library/Frameworks/OpenDirectory.framework/Versions/A/Frameworks/CFOpenDirectory.framework/Versions/A/CFOpenDirectory
0x0000000007c19000 	/System/Library/Frameworks/SecurityFoundation.framework/Versions/A/SecurityFoundation
0x0000000007c19000 	/System/Library/PrivateFrameworks/LanguageModeling.framework/Versions/A/LanguageModeling
0x0000000007c19000 	/usr/lib/libcmph.dylib
0x0000000007c19000 	/System/Library/Frameworks/ServiceManagement.framework/Versions/A/ServiceManagement
0x0000000007c19000 	/usr/lib/libxslt.1.dylib
0x0000000007c19000 	/System/Library/Frameworks/Carbon.framework/Versions/A/Frameworks/Ink.framework/Versions/A/Ink
0x0000000007c19000 	/System/Library/Frameworks/QuartzCore.framework/Versions/A/Frameworks/CoreImage.framework/Versions/A/CoreImage
0x0000000007c19000 	/System/Library/PrivateFrameworks/CrashReporterSupport.framework/Versions/A/CrashReporterSupport
0x0000000007c19000 	/System/Library/Frameworks/OpenCL.framework/Versions/A/OpenCL
0x0000000007c19000 	/System/Library/PrivateFrameworks/FaceCore.framework/Versions/A/FaceCore
0x0000000007c19000 	/System/Library/PrivateFrameworks/Ubiquity.framework/Versions/A/Ubiquity
0x0000000007c19000 	/System/Library/PrivateFrameworks/IconServices.framework/Versions/A/IconServices
0x0000000007c19000 	/System/Library/PrivateFrameworks/ChunkingLibrary.framework/Versions/A/ChunkingLibrary
0x0000000007c19000 	/System/Library/PrivateFrameworks/Apple80211.framework/Versions/A/Apple80211
0x0000000007c19000 	/System/Library/Frameworks/CoreWLAN.framework/Versions/A/CoreWLAN
0x0000000007c19000 	/System/Library/Frameworks/IOBluetooth.framework/Versions/A/IOBluetooth
0x0000000007c19000 	/System/Library/PrivateFrameworks/CoreWiFi.framework/Versions/A/CoreWiFi
0x0000000007c19000 	/System/Library/Frameworks/CoreBluetooth.framework/Versions/A/CoreBluetooth
0x0000000007c19000 	/System/Library/PrivateFrameworks/DebugSymbols.framework/Versions/A/DebugSymbols
0x0000000007c19000 	/System/Library/PrivateFrameworks/CoreSymbolication.framework/Versions/A/CoreSymbolication
0x0000000007c19000 	/System/Library/PrivateFrameworks/Symbolication.framework/Versions/A/Symbolication
0x0000000007c19000 	/System/Library/PrivateFrameworks/SpeechRecognitionCore.framework/Versions/A/SpeechRecognitionCore
0x000000010c600000 	/Library/Java/JavaVirtualMachines/jdk1.8.0_11.jdk/Contents/Home/jre/lib/server/libjvm.dylib
0x0000000007c19000 	/usr/lib/libstdc++.6.dylib
0x000000010bdec000 	/Library/Java/JavaVirtualMachines/jdk1.8.0_11.jdk/Contents/Home/jre/lib/libverify.dylib
0x000000010d4c1000 	/Library/Java/JavaVirtualMachines/jdk1.8.0_11.jdk/Contents/Home/jre/lib/libjava.dylib
0x000000010d4fd000 	/Library/Java/JavaVirtualMachines/jdk1.8.0_11.jdk/Contents/Home/jre/lib/libzip.dylib
0x000000012357a000 	/System/Library/Frameworks/JavaVM.framework/Frameworks/JavaRuntimeSupport.framework/JavaRuntimeSupport
0x0000000123595000 	/System/Library/Frameworks/JavaVM.framework/Versions/A/Frameworks/JavaNativeFoundation.framework/Versions/A/JavaNativeFoundation
0x00000001235aa000 	/System/Library/Frameworks/JavaVM.framework/Versions/A/JavaVM
0x0000000007c19000 	/System/Library/Frameworks/Carbon.framework/Versions/A/Carbon
0x00000001235b7000 	/System/Library/PrivateFrameworks/JavaLaunching.framework/Versions/A/JavaLaunching
0x0000000007c19000 	/System/Library/Frameworks/Carbon.framework/Versions/A/Frameworks/CommonPanels.framework/Versions/A/CommonPanels
0x0000000007c19000 	/System/Library/Frameworks/Carbon.framework/Versions/A/Frameworks/Help.framework/Versions/A/Help
0x0000000007c19000 	/System/Library/Frameworks/Carbon.framework/Versions/A/Frameworks/ImageCapture.framework/Versions/A/ImageCapture
0x0000000007c19000 	/System/Library/Frameworks/Carbon.framework/Versions/A/Frameworks/OpenScripting.framework/Versions/A/OpenScripting
0x0000000007c19000 	/System/Library/Frameworks/Carbon.framework/Versions/A/Frameworks/Print.framework/Versions/A/Print
0x0000000007c19000 	/System/Library/Frameworks/Carbon.framework/Versions/A/Frameworks/SecurityHI.framework/Versions/A/SecurityHI
0x000000012550d000 	/Library/Java/JavaVirtualMachines/jdk1.8.0_11.jdk/Contents/Home/jre/lib/libawt.dylib
0x00000001255bc000 	/Library/Java/JavaVirtualMachines/jdk1.8.0_11.jdk/Contents/Home/jre/lib/./libmlib_image.dylib
0x0000000125688000 	/Library/Java/JavaVirtualMachines/jdk1.8.0_11.jdk/Contents/Home/jre/lib/libawt_lwawt.dylib
0x000000012573a000 	/Library/Java/JavaVirtualMachines/jdk1.8.0_11.jdk/Contents/Home/jre/lib/./libosxapp.dylib
0x0000000007c19000 	/System/Library/Frameworks/ExceptionHandling.framework/Versions/A/ExceptionHandling
0x0000000007c19000 	/System/Library/PrivateFrameworks/CoreServicesInternal.framework/Versions/A/CoreServicesInternal
0x0000000007c19000 	/System/Library/PrivateFrameworks/CloudDocs.framework/Versions/A/CloudDocs
0x0000000007c19000 	/System/Library/PrivateFrameworks/CoreDuet.framework/Versions/A/CoreDuet
0x0000000007c19000 	/System/Library/Frameworks/CloudKit.framework/Versions/A/CloudKit
0x0000000007c19000 	/System/Library/PrivateFrameworks/ProtocolBuffer.framework/Versions/A/ProtocolBuffer
0x0000000007c19000 	/System/Library/PrivateFrameworks/CoreDuetDaemonProtocol.framework/Versions/A/CoreDuetDaemonProtocol
0x0000000007c19000 	/System/Library/PrivateFrameworks/CoreDuetDebugLogging.framework/Versions/A/CoreDuetDebugLogging
0x0000000007c19000 	/System/Library/PrivateFrameworks/MMCS.framework/Versions/A/MMCS
0x0000000007c19000 	/System/Library/Frameworks/CoreLocation.framework/Versions/A/CoreLocation
0x0000000007c19000 	/System/Library/PrivateFrameworks/ProtectedCloudStorage.framework/Versions/A/ProtectedCloudStorage
0x0000000007c19000 	/System/Library/PrivateFrameworks/GeoServices.framework/Versions/A/GeoServices
0x0000000007c19000 	/System/Library/Frameworks/CoreGraphics.framework/Versions/A/Resources/libCGCMS.A.dylib
0x0000000007c19000 	/System/Library/Frameworks/CoreGraphics.framework/Versions/A/Resources/libRIP.A.dylib
0x0000000007c19000 	/System/Library/Frameworks/CoreGraphics.framework/Versions/A/Resources/libCGXType.A.dylib
0x0000000007c19000 	/System/Library/Frameworks/OpenCL.framework/Versions/A/Libraries/libcldcpuengine.dylib
0x0000000007c19000 	/System/Library/PrivateFrameworks/DiskImages.framework/Versions/A/DiskImages
0x0000000007c19000 	/System/Library/Frameworks/DiscRecording.framework/Versions/A/DiscRecording
0x0000000007c19000 	/usr/lib/libcsfde.dylib
0x0000000007c19000 	/usr/lib/libcurl.4.dylib
0x0000000007c19000 	/System/Library/PrivateFrameworks/MediaKit.framework/Versions/A/MediaKit
0x0000000007c19000 	/usr/lib/libCoreStorage.dylib
0x0000000007c19000 	/System/Library/PrivateFrameworks/EFILogin.framework/Versions/A/EFILogin
0x0000000007c19000 	/usr/lib/libutil.dylib
0x0000000007c19000 	/System/Library/PrivateFrameworks/FindMyDevice.framework/Versions/A/FindMyDevice
0x0000000007c19000 	/System/Library/Frameworks/LDAP.framework/Versions/A/LDAP
0x0000000007c19000 	/usr/lib/libsasl2.2.dylib
0x0000000007c19000 	/System/Library/PrivateFrameworks/CoreDaemon.framework/Versions/B/CoreDaemon
0x0000000007c19000 	/usr/lib/libcrypto.0.9.8.dylib
0x0000000007c19000 	/System/Library/PrivateFrameworks/AppleSRP.framework/Versions/A/AppleSRP
0x0000000007c19000 	/System/Library/PrivateFrameworks/TrustEvaluationAgent.framework/Versions/A/TrustEvaluationAgent
0x00000001285e8000 	cl_kernels
0x00000001285ea000 	/System/Library/Frameworks/OpenCL.framework/Versions/A/Libraries/ImageFormats/unorm8_bgra.dylib
0x00000001285d9000 	cl_kernels
0x0000000007c19000 	/System/Library/PrivateFrameworks/FamilyControls.framework/Versions/A/FamilyControls
0x0000000007c19000 	/System/Library/PrivateFrameworks/CommerceKit.framework/Versions/A/Frameworks/CommerceCore.framework/Versions/A/CommerceCore
0x0000000007c19000 	/System/Library/PrivateFrameworks/SystemAdministration.framework/Versions/A/SystemAdministration
0x0000000007c19000 	/System/Library/PrivateFrameworks/AppContainer.framework/Versions/A/AppContainer
0x0000000007c19000 	/System/Library/PrivateFrameworks/SecCodeWrapper.framework/Versions/A/SecCodeWrapper
0x0000000007c19000 	/System/Library/Frameworks/DirectoryService.framework/Versions/A/DirectoryService
0x0000000007c19000 	/System/Library/PrivateFrameworks/LoginUIKit.framework/Versions/A/Frameworks/LoginUICore.framework/Versions/A/LoginUICore
0x0000000007c19000 	/usr/lib/libodfde.dylib
0x00000001298b6000 	/Library/Java/JavaVirtualMachines/jdk1.8.0_11.jdk/Contents/Home/jre/lib/libfontmanager.dylib
0x000000012991c000 	/Users/Olivier/Dropbox/Projet_Int-grateur_TeamYOCO-master/build/classes/res/native/liblwjgl.dylib
0x0000000127b21000 	/Library/Java/JavaVirtualMachines/jdk1.8.0_11.jdk/Contents/Home/jre/lib/libjawt.dylib
0x0000000007c19000 	/System/Library/Frameworks/OpenGL.framework/Versions/A/Resources/GLEngine.bundle/GLEngine
0x0000000007c19000 	/System/Library/Frameworks/OpenGL.framework/Versions/A/Libraries/libGLProgrammability.dylib
0x00000001299a8000 	/System/Library/Extensions/AppleIntelHDGraphicsGLDriver.bundle/Contents/MacOS/AppleIntelHDGraphicsGLDriver
0x0000000129e2f000 	/System/Library/PrivateFrameworks/GPUSupport.framework/Versions/A/Libraries/libGPUSupport.dylib
0x0000000000000000 	/System/Library/Extensions/GeForceTeslaGLDriver.bundle/Contents/MacOS/GeForceTeslaGLDriver
0x0000000129e43000 	/System/Library/Extensions/GeForceTeslaGLDriver.bundle/Contents/MacOS/libclh.dylib
0x0000000007c19000 	/System/Library/Frameworks/OpenGL.framework/Versions/A/Resources/GLRendererFloat.bundle/GLRendererFloat
0x000000012a9b9000 	/Library/Java/JavaVirtualMachines/jdk1.8.0_11.jdk/Contents/Home/jre/lib/libnio.dylib
0x000000012af61000 	/Library/Java/JavaVirtualMachines/jdk1.8.0_11.jdk/Contents/Home/jre/lib/./libnet.dylib
0x000000012b07a000 	/Library/Java/JavaVirtualMachines/jdk1.8.0_11.jdk/Contents/Home/jre/lib/libjpeg.dylib
0x000000012c3fd000 	/Users/Olivier/Dropbox/Projet_Int-grateur_TeamYOCO-master/build/classes/res/native/openal.dylib
0x000000012c578000 	/System/Library/Components/CoreAudio.component/Contents/MacOS/CoreAudio
0x000000012ae43000 	/System/Library/Extensions/AppleHDA.kext/Contents/PlugIns/AppleHDAHALPlugIn.bundle/Contents/MacOS/AppleHDAHALPlugIn

VM Arguments:
jvm_args: -Dfile.encoding=UTF-8 -Djava.library.path=lib 
java_command: ca.qc.bdeb.info204.Game
java_class_path (initial): /Users/Olivier/Dropbox/Projet_Int-grateur_TeamYOCO-master/lib/jinput.jar:/Users/Olivier/Dropbox/Projet_Int-grateur_TeamYOCO-master/lib/lwjgl.jar:/Users/Olivier/Dropbox/Projet_Int-grateur_TeamYOCO-master/lib/lwjgl_util.jar:/Users/Olivier/Dropbox/Projet_Int-grateur_TeamYOCO-master/lib/slick.jar:/Users/Olivier/Dropbox/Projet_Int-grateur_TeamYOCO-master/lib/SlickUtils-1.3.jar:/Users/Olivier/Dropbox/Projet_Int-grateur_TeamYOCO-master/build/classes
Launcher Type: SUN_STANDARD

Environment Variables:
PATH=/usr/bin:/bin:/usr/sbin:/sbin
LD_LIBRARY_PATH=/Library/Java/JavaVirtualMachines/jdk1.8.0_11.jdk/Contents/Home/jre/lib/amd64:/Library/Java/JavaVirtualMachines/jdk1.8.0_11.jdk/Contents/Home/jre/lib/i386:
SHELL=/bin/bash
DYLD_LIBRARY_PATH=/Applications/NetBeans/NetBeans 8.0.1.app/Contents/Resources/NetBeans/webcommon/bin:

Signal Handlers:
SIGSEGV: [libjvm.dylib+0x56059b], sa_mask[0]=0xfffefeff, sa_flags=0x00000043
SIGBUS: [libjvm.dylib+0x56059b], sa_mask[0]=0xfffefeff, sa_flags=0x00000042
SIGFPE: [libjvm.dylib+0x4438f2], sa_mask[0]=0xfffefeff, sa_flags=0x00000042
SIGPIPE: [libjvm.dylib+0x4438f2], sa_mask[0]=0xfffefeff, sa_flags=0x00000042
SIGXFSZ: [libjvm.dylib+0x4438f2], sa_mask[0]=0xfffefeff, sa_flags=0x00000042
SIGILL: [libjvm.dylib+0x4438f2], sa_mask[0]=0xfffefeff, sa_flags=0x00000042
SIGUSR1: SIG_DFL, sa_mask[0]=0x00000000, sa_flags=0x00000000
SIGUSR2: [libjvm.dylib+0x443410], sa_mask[0]=0x00000004, sa_flags=0x00000042
SIGHUP: [libjvm.dylib+0x44179b], sa_mask[0]=0xfffefeff, sa_flags=0x00000042
SIGINT: SIG_IGN, sa_mask[0]=0x00000000, sa_flags=0x00000000
SIGTERM: [libjvm.dylib+0x44179b], sa_mask[0]=0xfffefeff, sa_flags=0x00000042
SIGQUIT: [libjvm.dylib+0x44179b], sa_mask[0]=0xfffefeff, sa_flags=0x00000042


---------------  S Y S T E M  ---------------

OS:Bsduname:Darwin 14.5.0 Darwin Kernel Version 14.5.0: Wed Jul 29 02:26:53 PDT 2015; root:xnu-2782.40.9~1/RELEASE_X86_64 x86_64
rlimit: STACK 8192k, CORE 0k, NPROC 709, NOFILE 10240, AS infinity
load average:1.89 2.59 2.15

CPU:total 4 (2 cores per cpu, 2 threads per core) family 6 model 37 stepping 5, cmov, cx8, fxsr, mmx, sse, sse2, sse3, ssse3, sse4.1, sse4.2, popcnt, aes, clmul, ht, tsc, tscinvbit

Memory: 4k page, physical 8388608k(58032k free)

/proc/meminfo:


vm_info: Java HotSpot(TM) 64-Bit Server VM (25.11-b03) for bsd-amd64 JRE (1.8.0_11-b12), built on Jun 16 2014 17:39:42 by "java_re" with gcc 4.2.1 (Based on Apple Inc. build 5658) (LLVM build 2336.11.00)

time: Sat Apr 16 23:28:56 2016
elapsed time: 15 seconds

