#
# A fatal error has been detected by the Java Runtime Environment:
#
#  SIGSEGV (0xb) at pc=0x00007fff8c6990dd, pid=7068, tid=1811
#
# JRE version: Java(TM) SE Runtime Environment (8.0_11-b12) (build 1.8.0_11-b12)
# Java VM: Java HotSpot(TM) 64-Bit Server VM (25.11-b03 mixed mode bsd-amd64 compressed oops)
# Problematic frame:
# C  [libobjc.A.dylib+0x10dd]  objc_msgSend+0x1d
#
# Failed to write core dump. Core dumps have been disabled. To enable core dumping, try "ulimit -c unlimited" before starting Java again
#
# If you would like to submit a bug report, please visit:
#   http://bugreport.sun.com/bugreport/crash.jsp
# The crash happened outside the Java Virtual Machine in native code.
# See problematic frame for where to report the bug.
#

---------------  T H R E A D  ---------------

Current thread (0x00007fb91d857000):  JavaThread "AppKit Thread" daemon [_thread_in_native, id=1811, stack(0x00007fff54a8c000,0x00007fff5528c000)]

siginfo:si_signo=SIGSEGV: si_errno=0, si_code=1 (SEGV_MAPERR), si_addr=0x000007fb91bc9378

Registers:
RAX=0x0000000000000000, RBX=0x00007fb91bf3ee20, RCX=0x0000000000000000, RDX=0x00007fb91bf3ee20
RSP=0x00007fff55285b98, RBP=0x00007fff55285bc0, RSI=0x00007fff8508137c, RDI=0x00007fb91bc9e8f0
R8 =0x0000000000000001, R9 =0x0000000000000001, R10=0x00007fff8508137c, R11=0x000007fb91bc9360
R12=0x0000000000000094, R13=0x00007fb91be2a910, R14=0x00007fb91bc9e8f0, R15=0x00007fff552860b0
RIP=0x00007fff8c6990dd, EFLAGS=0x0000000000010206, ERR=0x0000000000000004
  TRAPNO=0x000000000000000e

Top of Stack: (sp=0x00007fff55285b98)
0x00007fff55285b98:   000000012857d598 00007fb91bf3ee20
0x00007fff55285ba8:   00000001285b1c60 00007fb91be2a910
0x00007fff55285bb8:   00007fb91bf3ee20 00007fff552860a0
0x00007fff55285bc8:   00007fff84761f45 0000000000000000
0x00007fff55285bd8:   0000000000000000 4090000000000000
0x00007fff55285be8:   4086000000000000 0000000000000000
0x00007fff55285bf8:   0000000000000000 4090000000000000
0x00007fff55285c08:   4086000000000000 4090000000000000
0x00007fff55285c18:   4086b00000000000 401c000000000000
0x00007fff55285c28:   4086180000000000 402c000000000000
0x00007fff55285c38:   4030000000000000 401c000000000000
0x00007fff55285c48:   0000000000000000 0000000000000000
0x00007fff55285c58:   4030000000000000 00007fff85044129
0x00007fff55285c68:   4008000000000000 00007fb91be01680
0x00007fff55285c78:   0000000100000000 0000000000000000
0x00007fff55285c88:   00007fb91bc68dd0 00007fff55285de0
0x00007fff55285c98:   00007fff84766b36 00007fff55285de0
0x00007fff55285ca8:   00007fff84768e82 402c000000000000
0x00007fff55285cb8:   4030000000000000 401c000000000000
0x00007fff55285cc8:   4086180000000000 402c000000000000
0x00007fff55285cd8:   4030000000000000 0000000000000000
0x00007fff55285ce8:   0000000000000000 4090000000000000
0x00007fff55285cf8:   4086b00000000000 401c000000000000
0x00007fff55285d08:   4086180000000000 000000010a991a00
0x00007fff55285d18:   00007fb91be58c00 00000000000000b0
0x00007fff55285d28:   0000000000000000 000000000000058c
0x00007fff55285d38:   000000010a98e000 00007fff55285de0
0x00007fff55285d48:   00007fff8532be7f 00000000000008ec
0x00007fff55285d58:   000000010a98e000 00007fff55285e00
0x00007fff55285d68:   000000000000058d 00007fff55285e6f
0x00007fff55285d78:   0000000000000001 00007fb91befc080
0x00007fff55285d88:   00007fb91be58b50 0000000000000003 

Instructions: (pc=0x00007fff8c6990dd)
0x00007fff8c6990bd:   00 00 00 48 85 ff 2e 74 7a 40 f6 c7 01 2e 75 7e
0x00007fff8c6990cd:   49 bb f8 ff ff ff ff 7f 00 00 4c 23 1f 49 89 f2
0x00007fff8c6990dd:   45 23 53 18 49 c1 e2 04 4d 03 53 10 49 3b 32 75
0x00007fff8c6990ed:   04 41 ff 62 08 49 83 3a 00 74 6a 4d 3b 53 10 74 

Register to memory mapping:

RAX=0x0000000000000000 is an unknown value
RBX=0x00007fb91bf3ee20 is an unknown value
RCX=0x0000000000000000 is an unknown value
RDX=0x00007fb91bf3ee20 is an unknown value
RSP=0x00007fff55285b98 is pointing into the stack for thread: 0x00007fb91d857000
RBP=0x00007fff55285bc0 is pointing into the stack for thread: 0x00007fb91d857000
RSI=0x00007fff8508137c: -[NSTitlebarContainerView transparent]+0x5e270 in /System/Library/Frameworks/AppKit.framework/Versions/C/AppKit at 0x00007fff84680000
RDI=0x00007fb91bc9e8f0 is an unknown value
R8 =0x0000000000000001 is an unknown value
R9 =0x0000000000000001 is an unknown value
R10=0x00007fff8508137c: -[NSTitlebarContainerView transparent]+0x5e270 in /System/Library/Frameworks/AppKit.framework/Versions/C/AppKit at 0x00007fff84680000
R11=0x000007fb91bc9360 is an unknown value
R12=0x0000000000000094 is an unknown value
R13=0x00007fb91be2a910 is an unknown value
R14=0x00007fb91bc9e8f0 is an unknown value
R15=0x00007fff552860b0 is pointing into the stack for thread: 0x00007fb91d857000


Stack: [0x00007fff54a8c000,0x00007fff5528c000],  sp=0x00007fff55285b98,  free space=8166k
Native frames: (J=compiled Java code, j=interpreted, Vv=VM code, C=native code)
C  [libobjc.A.dylib+0x10dd]  objc_msgSend+0x1d
C  [AppKit+0xe1f45]  -[NSView _recursiveDisplayRectIfNeededIgnoringOpacity:isVisibleRect:rectIsVisibleRectForView:topView:]+0x740
C  [AppKit+0xe2fa0]  -[NSView _recursiveDisplayRectIfNeededIgnoringOpacity:isVisibleRect:rectIsVisibleRectForView:topView:]+0x179b
C  [AppKit+0xe12f3]  -[NSThemeFrame _recursiveDisplayRectIfNeededIgnoringOpacity:isVisibleRect:rectIsVisibleRectForView:topView:]+0x14d
C  [AppKit+0xdd68b]  -[NSView _displayRectIgnoringOpacity:isVisibleRect:rectIsVisibleRectForView:]+0xac9
C  [AppKit+0x951ae]  -[NSView displayIfNeeded]+0x754
C  [AppKit+0x94a09]  -[NSWindow displayIfNeeded]+0xec
C  [AppKit+0x94672]  _handleWindowNeedsDisplayOrLayoutOrUpdateConstraints+0x3a8
C  [Foundation+0x4ba23]  __NSFireTimer+0x5f
C  [CoreFoundation+0xb72e4]  __CFRUNLOOP_IS_CALLING_OUT_TO_A_TIMER_CALLBACK_FUNCTION__+0x14
C  [CoreFoundation+0xb6f73]  __CFRunLoopDoTimer+0x423
C  [CoreFoundation+0x12a53d]  __CFRunLoopDoTimers+0x12d
C  [CoreFoundation+0x72608]  __CFRunLoopRun+0x7e8
C  [CoreFoundation+0x71bd8]  CFRunLoopRunSpecific+0x128
C  [HIToolbox+0x3256f]  RunCurrentEventLoopInMode+0xeb
C  [HIToolbox+0x322ea]  ReceiveNextEventCommon+0x1af
C  [HIToolbox+0x3212b]  _BlockUntilNextEventMatchingListInModeWithFilter+0x47
C  [AppKit+0x918ab]  _DPSNextEvent+0x3d2
C  [AppKit+0x90e58]  -[NSApplication nextEventMatchingMask:untilDate:inMode:dequeue:]+0x15a
C  [libosxapp.dylib+0x242a]  -[NSApplicationAWT nextEventMatchingMask:untilDate:inMode:dequeue:]+0x7c
C  [AppKit+0x86af3]  -[NSApplication run]+0x252
C  [libosxapp.dylib+0x223e]  +[NSApplicationAWT runAWTLoopWithApp:]+0x9c
C  [libawt_lwawt.dylib+0x439bb]  -[AWTStarter starter:]+0x389
C  [Foundation+0x92dd0]  __NSThreadPerformPerform+0x125
C  [CoreFoundation+0x80a01]  __CFRUNLOOP_IS_CALLING_OUT_TO_A_SOURCE0_PERFORM_FUNCTION__+0x11
C  [CoreFoundation+0x72b8d]  __CFRunLoopDoSources0+0x10d
C  [CoreFoundation+0x721bf]  __CFRunLoopRun+0x39f
C  [CoreFoundation+0x71bd8]  CFRunLoopRunSpecific+0x128
C  [java+0x56cb]  CreateExecutionEnvironment+0x367
C  [java+0x166c]  JLI_Launch+0x7a0
C  [java+0x7689]  main+0x65
C  [java+0xec4]  start+0x34


---------------  P R O C E S S  ---------------

Java Threads: ( => current thread )
  0x00007fb91d8a8800 JavaThread "AWT-Shutdown" [_thread_blocked, id=28435, stack(0x0000000125bcd000,0x0000000125ccd000)]
=>0x00007fb91d857000 JavaThread "AppKit Thread" daemon [_thread_in_native, id=1811, stack(0x00007fff54a8c000,0x00007fff5528c000)]
  0x00007fb91d021000 JavaThread "Service Thread" daemon [_thread_blocked, id=18179, stack(0x0000000124041000,0x0000000124141000)]
  0x00007fb91d00e000 JavaThread "C1 CompilerThread2" daemon [_thread_blocked, id=17667, stack(0x0000000123f3e000,0x000000012403e000)]
  0x00007fb91d00d800 JavaThread "C2 CompilerThread1" daemon [_thread_blocked, id=17155, stack(0x0000000123e3b000,0x0000000123f3b000)]
  0x00007fb91d82f000 JavaThread "C2 CompilerThread0" daemon [_thread_blocked, id=16643, stack(0x0000000123d38000,0x0000000123e38000)]
  0x00007fb91d00a000 JavaThread "Signal Dispatcher" daemon [_thread_blocked, id=15127, stack(0x0000000123c35000,0x0000000123d35000)]
  0x00007fb91d82d000 JavaThread "Finalizer" daemon [_thread_blocked, id=12035, stack(0x0000000122225000,0x0000000122325000)]
  0x00007fb91d007800 JavaThread "Reference Handler" daemon [_thread_blocked, id=11523, stack(0x0000000122122000,0x0000000122222000)]
  0x00007fb91c00f800 JavaThread "main" [_thread_in_native, id=5379, stack(0x000000010c201000,0x000000010c301000)]

Other Threads:
  0x00007fb91d007000 VMThread [stack: 0x000000012201f000,0x000000012211f000] [id=11011]
  0x00007fb91d81a000 WatcherThread [stack: 0x0000000124144000,0x0000000124244000] [id=18691]

VM state:not at safepoint (normal execution)

VM Mutex/Monitor currently owned by a thread: None

Heap:
 PSYoungGen      total 5632K, used 3385K [0x0000000795580000, 0x0000000795c80000, 0x00000007c0000000)
  eden space 4096K, 56% used [0x0000000795580000,0x00000007957c0468,0x0000000795980000)
  from space 1536K, 70% used [0x0000000795b00000,0x0000000795c0e158,0x0000000795c80000)
  to   space 1536K, 0% used [0x0000000795980000,0x0000000795980000,0x0000000795b00000)
 ParOldGen       total 129536K, used 1238K [0x0000000740000000, 0x0000000747e80000, 0x0000000795580000)
  object space 129536K, 0% used [0x0000000740000000,0x0000000740135a68,0x0000000747e80000)
 Metaspace       used 7869K, capacity 8007K, committed 8064K, reserved 1056768K
  class space    used 820K, capacity 882K, committed 896K, reserved 1048576K

Card table byte_map: [0x000000011b6c3000,0x000000011bac4000] byte_map_base: 0x0000000117cc3000

Marking Bits: (ParMarkBitMap*) 0x000000010b2d90a0
 Begin Bits: [0x000000011c17b000, 0x000000011e17b000)
 End Bits:   [0x000000011e17b000, 0x000000012017b000)

Polling page: 0x000000010b98c000

CodeCache: size=245760Kb used=2575Kb max_used=2576Kb free=243184Kb
 bounds [0x000000010c303000, 0x000000010c593000, 0x000000011b303000]
 total_blobs=1076 nmethods=672 adapters=320
 compilation: enabled

Compilation events (10 events):
Event: 3.818 Thread 0x00007fb91d00e000  667       3       java.nio.Buffer::nextGetIndex (38 bytes)
Event: 3.819 Thread 0x00007fb91d00e000 nmethod 667 0x000000010c585c10 code [0x000000010c585d80, 0x000000010c585f88]
Event: 3.852 Thread 0x00007fb91d00e000  668       1       java.nio.HeapByteBuffer::_get (7 bytes)
Event: 3.852 Thread 0x00007fb91d00e000 nmethod 668 0x000000010c5858d0 code [0x000000010c585a20, 0x000000010c585b50]
Event: 3.858 Thread 0x00007fb91d00e000  669       3       java.lang.Math::min (46 bytes)
Event: 3.859 Thread 0x00007fb91d00e000 nmethod 669 0x000000010c587390 code [0x000000010c587500, 0x000000010c587850]
Event: 4.053 Thread 0x00007fb91d82f000  670       4       org.newdawn.slick.util.FastTrig::sin (30 bytes)
Event: 4.054 Thread 0x00007fb91d82f000 nmethod 670 0x000000010c5855d0 code [0x000000010c585760, 0x000000010c585878]
Event: 4.152 Thread 0x00007fb91d00e000  671       3       java.nio.DirectIntBufferU::put (18 bytes)
Event: 4.152 Thread 0x00007fb91d00e000 nmethod 671 0x000000010c587dd0 code [0x000000010c587f40, 0x000000010c5881b0]

GC Heap History (10 events):
Event: 0.715 GC heap before
{Heap before GC invocations=4 (full 0):
 PSYoungGen      total 1024K, used 1022K [0x0000000795580000, 0x0000000795780000, 0x00000007c0000000)
  eden space 512K, 99% used [0x0000000795580000,0x00000007955ff8c8,0x0000000795600000)
  from space 512K, 100% used [0x0000000795600000,0x0000000795680000,0x0000000795680000)
  to   space 512K, 0% used [0x0000000795700000,0x0000000795700000,0x0000000795780000)
 ParOldGen       total 129536K, used 188K [0x0000000740000000, 0x0000000747e80000, 0x0000000795580000)
  object space 129536K, 0% used [0x0000000740000000,0x000000074002f368,0x0000000747e80000)
 Metaspace       used 4361K, capacity 4864K, committed 5120K, reserved 1056768K
  class space    used 474K, capacity 496K, committed 512K, reserved 1048576K
Event: 0.718 GC heap after
Heap after GC invocations=4 (full 0):
 PSYoungGen      total 1536K, used 480K [0x0000000795580000, 0x0000000795780000, 0x00000007c0000000)
  eden space 1024K, 0% used [0x0000000795580000,0x0000000795580000,0x0000000795680000)
  from space 512K, 93% used [0x0000000795700000,0x0000000795778020,0x0000000795780000)
  to   space 512K, 0% used [0x0000000795680000,0x0000000795680000,0x0000000795700000)
 ParOldGen       total 129536K, used 455K [0x0000000740000000, 0x0000000747e80000, 0x0000000795580000)
  object space 129536K, 0% used [0x0000000740000000,0x0000000740071cf0,0x0000000747e80000)
 Metaspace       used 4361K, capacity 4864K, committed 5120K, reserved 1056768K
  class space    used 474K, capacity 496K, committed 512K, reserved 1048576K
}
Event: 0.764 GC heap before
{Heap before GC invocations=5 (full 0):
 PSYoungGen      total 1536K, used 1504K [0x0000000795580000, 0x0000000795780000, 0x00000007c0000000)
  eden space 1024K, 100% used [0x0000000795580000,0x0000000795680000,0x0000000795680000)
  from space 512K, 93% used [0x0000000795700000,0x0000000795778020,0x0000000795780000)
  to   space 512K, 0% used [0x0000000795680000,0x0000000795680000,0x0000000795700000)
 ParOldGen       total 129536K, used 455K [0x0000000740000000, 0x0000000747e80000, 0x0000000795580000)
  object space 129536K, 0% used [0x0000000740000000,0x0000000740071cf0,0x0000000747e80000)
 Metaspace       used 4925K, capacity 5102K, committed 5248K, reserved 1056768K
  class space    used 557K, capacity 583K, committed 640K, reserved 1048576K
Event: 0.767 GC heap after
Heap after GC invocations=5 (full 0):
 PSYoungGen      total 1536K, used 480K [0x0000000795580000, 0x0000000795980000, 0x00000007c0000000)
  eden space 1024K, 0% used [0x0000000795580000,0x0000000795580000,0x0000000795680000)
  from space 512K, 93% used [0x0000000795680000,0x00000007956f8020,0x0000000795700000)
  to   space 1024K, 0% used [0x0000000795880000,0x0000000795880000,0x0000000795980000)
 ParOldGen       total 129536K, used 718K [0x0000000740000000, 0x0000000747e80000, 0x0000000795580000)
  object space 129536K, 0% used [0x0000000740000000,0x00000007400b39f8,0x0000000747e80000)
 Metaspace       used 4925K, capacity 5102K, committed 5248K, reserved 1056768K
  class space    used 557K, capacity 583K, committed 640K, reserved 1048576K
}
Event: 0.987 GC heap before
{Heap before GC invocations=6 (full 0):
 PSYoungGen      total 1536K, used 1431K [0x0000000795580000, 0x0000000795980000, 0x00000007c0000000)
  eden space 1024K, 92% used [0x0000000795580000,0x000000079566dd38,0x0000000795680000)
  from space 512K, 93% used [0x0000000795680000,0x00000007956f8020,0x0000000795700000)
  to   space 1024K, 0% used [0x0000000795880000,0x0000000795880000,0x0000000795980000)
 ParOldGen       total 129536K, used 718K [0x0000000740000000, 0x0000000747e80000, 0x0000000795580000)
  object space 129536K, 0% used [0x0000000740000000,0x00000007400b39f8,0x0000000747e80000)
 Metaspace       used 5382K, capacity 5508K, committed 5632K, reserved 1056768K
  class space    used 612K, capacity 658K, committed 768K, reserved 1048576K
Event: 0.989 GC heap after
Heap after GC invocations=6 (full 0):
 PSYoungGen      total 3072K, used 879K [0x0000000795580000, 0x0000000795980000, 0x00000007c0000000)
  eden space 2048K, 0% used [0x0000000795580000,0x0000000795580000,0x0000000795780000)
  from space 1024K, 85% used [0x0000000795880000,0x000000079595bc20,0x0000000795980000)
  to   space 1024K, 0% used [0x0000000795780000,0x0000000795780000,0x0000000795880000)
 ParOldGen       total 129536K, used 726K [0x0000000740000000, 0x0000000747e80000, 0x0000000795580000)
  object space 129536K, 0% used [0x0000000740000000,0x00000007400b59f8,0x0000000747e80000)
 Metaspace       used 5382K, capacity 5508K, committed 5632K, reserved 1056768K
  class space    used 612K, capacity 658K, committed 768K, reserved 1048576K
}
Event: 1.276 GC heap before
{Heap before GC invocations=7 (full 0):
 PSYoungGen      total 3072K, used 2921K [0x0000000795580000, 0x0000000795980000, 0x00000007c0000000)
  eden space 2048K, 99% used [0x0000000795580000,0x000000079577e860,0x0000000795780000)
  from space 1024K, 85% used [0x0000000795880000,0x000000079595bc20,0x0000000795980000)
  to   space 1024K, 0% used [0x0000000795780000,0x0000000795780000,0x0000000795880000)
 ParOldGen       total 129536K, used 726K [0x0000000740000000, 0x0000000747e80000, 0x0000000795580000)
  object space 129536K, 0% used [0x0000000740000000,0x00000007400b59f8,0x0000000747e80000)
 Metaspace       used 6387K, capacity 6471K, committed 6656K, reserved 1056768K
  class space    used 654K, capacity 690K, committed 768K, reserved 1048576K
Event: 1.279 GC heap after
Heap after GC invocations=7 (full 0):
 PSYoungGen      total 3072K, used 1003K [0x0000000795580000, 0x0000000795c80000, 0x00000007c0000000)
  eden space 2048K, 0% used [0x0000000795580000,0x0000000795580000,0x0000000795780000)
  from space 1024K, 97% used [0x0000000795780000,0x000000079587ad30,0x0000000795880000)
  to   space 1536K, 0% used [0x0000000795b00000,0x0000000795b00000,0x0000000795c80000)
 ParOldGen       total 129536K, used 1054K [0x0000000740000000, 0x0000000747e80000, 0x0000000795580000)
  object space 129536K, 0% used [0x0000000740000000,0x0000000740107a48,0x0000000747e80000)
 Metaspace       used 6387K, capacity 6471K, committed 6656K, reserved 1056768K
  class space    used 654K, capacity 690K, committed 768K, reserved 1048576K
}
Event: 1.491 GC heap before
{Heap before GC invocations=8 (full 0):
 PSYoungGen      total 3072K, used 3051K [0x0000000795580000, 0x0000000795c80000, 0x00000007c0000000)
  eden space 2048K, 100% used [0x0000000795580000,0x0000000795780000,0x0000000795780000)
  from space 1024K, 97% used [0x0000000795780000,0x000000079587ad30,0x0000000795880000)
  to   space 1536K, 0% used [0x0000000795b00000,0x0000000795b00000,0x0000000795c80000)
 ParOldGen       total 129536K, used 1054K [0x0000000740000000, 0x0000000747e80000, 0x0000000795580000)
  object space 129536K, 0% used [0x0000000740000000,0x0000000740107a48,0x0000000747e80000)
 Metaspace       used 7738K, capacity 7847K, committed 8064K, reserved 1056768K
  class space    used 810K, capacity 850K, committed 896K, reserved 1048576K
Event: 1.494 GC heap after
Heap after GC invocations=8 (full 0):
 PSYoungGen      total 5632K, used 1080K [0x0000000795580000, 0x0000000795c80000, 0x00000007c0000000)
  eden space 4096K, 0% used [0x0000000795580000,0x0000000795580000,0x0000000795980000)
  from space 1536K, 70% used [0x0000000795b00000,0x0000000795c0e158,0x0000000795c80000)
  to   space 1536K, 0% used [0x0000000795980000,0x0000000795980000,0x0000000795b00000)
 ParOldGen       total 129536K, used 1238K [0x0000000740000000, 0x0000000747e80000, 0x0000000795580000)
  object space 129536K, 0% used [0x0000000740000000,0x0000000740135a68,0x0000000747e80000)
 Metaspace       used 7738K, capacity 7847K, committed 8064K, reserved 1056768K
  class space    used 810K, capacity 850K, committed 896K, reserved 1048576K
}

Deoptimization events (0 events):
No events

Internal exceptions (10 events):
Event: 1.338 Thread 0x00007fb91c00f800 Exception <a 'java/security/PrivilegedActionException'> (0x0000000795643470) thrown at [/HUDSON3/workspace/8-2-build-macosx-x86_64/jdk8u11/648/hotspot/src/share/vm/prims/jvm.cpp, line 1248]
Event: 1.366 Thread 0x00007fb91c00f800 Exception <a 'java/security/PrivilegedActionException'> (0x00000007956758f8) thrown at [/HUDSON3/workspace/8-2-build-macosx-x86_64/jdk8u11/648/hotspot/src/share/vm/prims/jvm.cpp, line 1248]
Event: 1.378 Thread 0x00007fb91c00f800 Exception <a 'java/security/PrivilegedActionException'> (0x0000000795687b80) thrown at [/HUDSON3/workspace/8-2-build-macosx-x86_64/jdk8u11/648/hotspot/src/share/vm/prims/jvm.cpp, line 1248]
Event: 1.490 Thread 0x00007fb91c00f800 Exception <a 'java/security/PrivilegedActionException'> (0x0000000795768368) thrown at [/HUDSON3/workspace/8-2-build-macosx-x86_64/jdk8u11/648/hotspot/src/share/vm/prims/jvm.cpp, line 1248]
Event: 1.587 Thread 0x00007fb91c00f800 Exception <a 'java/security/PrivilegedActionException'> (0x00000007956399f0) thrown at [/HUDSON3/workspace/8-2-build-macosx-x86_64/jdk8u11/648/hotspot/src/share/vm/prims/jvm.cpp, line 1248]
Event: 1.603 Thread 0x00007fb91c00f800 Exception <a 'java/security/PrivilegedActionException'> (0x000000079564cb08) thrown at [/HUDSON3/workspace/8-2-build-macosx-x86_64/jdk8u11/648/hotspot/src/share/vm/prims/jvm.cpp, line 1248]
Event: 1.675 Thread 0x00007fb91c00f800 Exception <a 'java/security/PrivilegedActionException'> (0x00000007957a9490) thrown at [/HUDSON3/workspace/8-2-build-macosx-x86_64/jdk8u11/648/hotspot/src/share/vm/prims/jvm.cpp, line 1248]
Event: 1.678 Thread 0x00007fb91c00f800 Exception <a 'java/security/PrivilegedActionException'> (0x00000007957afdc8) thrown at [/HUDSON3/workspace/8-2-build-macosx-x86_64/jdk8u11/648/hotspot/src/share/vm/prims/jvm.cpp, line 1248]
Event: 2.507 Thread 0x00007fb91c00f800 Exception <a 'java/security/PrivilegedActionException'> (0x00000007957b4ae0) thrown at [/HUDSON3/workspace/8-2-build-macosx-x86_64/jdk8u11/648/hotspot/src/share/vm/prims/jvm.cpp, line 1248]
Event: 4.241 Thread 0x00007fb91c00f800 Exception <a 'java/security/PrivilegedActionException'> (0x00000007957b9400) thrown at [/HUDSON3/workspace/8-2-build-macosx-x86_64/jdk8u11/648/hotspot/src/share/vm/prims/jvm.cpp, line 1248]

Events (10 events):
Event: 2.553 Thread 0x00007fb91c00f800 DEOPT PACKING pc=0x000000010c56fa39 sp=0x000000010c3003a0
Event: 2.553 Thread 0x00007fb91c00f800 DEOPT UNPACKING pc=0x000000010c34a01a sp=0x000000010c3001d0 mode 0
Event: 2.554 Thread 0x00007fb91c00f800 DEOPT PACKING pc=0x000000010c56fa39 sp=0x000000010c3003a0
Event: 2.554 Thread 0x00007fb91c00f800 DEOPT UNPACKING pc=0x000000010c34a01a sp=0x000000010c3001d0 mode 0
Event: 2.554 Thread 0x00007fb91c00f800 DEOPT PACKING pc=0x000000010c56fa39 sp=0x000000010c3003a0
Event: 2.554 Thread 0x00007fb91c00f800 DEOPT UNPACKING pc=0x000000010c34a01a sp=0x000000010c3001d0 mode 0
Event: 4.201 Executing VM operation: EnableBiasedLocking
Event: 4.201 Executing VM operation: EnableBiasedLocking done
Event: 4.241 loading class org/lwjgl/opengl/CallbackUtil
Event: 4.241 loading class org/lwjgl/opengl/CallbackUtil done


Dynamic libraries:
0x00000000044d0000 	/System/Library/Frameworks/Cocoa.framework/Versions/A/Cocoa
0x00000000044d0000 	/System/Library/Frameworks/Security.framework/Versions/A/Security
0x00000000044d0000 	/System/Library/Frameworks/ApplicationServices.framework/Versions/A/ApplicationServices
0x00000000044d0000 	/usr/lib/libz.1.dylib
0x00000000044d0000 	/usr/lib/libSystem.B.dylib
0x00000000044d0000 	/usr/lib/libobjc.A.dylib
0x00000000044d0000 	/System/Library/Frameworks/CoreFoundation.framework/Versions/A/CoreFoundation
0x00000000044d0000 	/System/Library/Frameworks/Foundation.framework/Versions/C/Foundation
0x00000000044d0000 	/System/Library/Frameworks/AppKit.framework/Versions/C/AppKit
0x00000000044d0000 	/System/Library/Frameworks/CoreData.framework/Versions/A/CoreData
0x00000000044d0000 	/System/Library/PrivateFrameworks/RemoteViewServices.framework/Versions/A/RemoteViewServices
0x00000000044d0000 	/System/Library/PrivateFrameworks/UIFoundation.framework/Versions/A/UIFoundation
0x00000000044d0000 	/System/Library/Frameworks/IOSurface.framework/Versions/A/IOSurface
0x00000000044d0000 	/System/Library/Frameworks/AudioToolbox.framework/Versions/A/AudioToolbox
0x00000000044d0000 	/System/Library/Frameworks/AudioUnit.framework/Versions/A/AudioUnit
0x00000000044d0000 	/System/Library/PrivateFrameworks/DataDetectorsCore.framework/Versions/A/DataDetectorsCore
0x00000000044d0000 	/System/Library/PrivateFrameworks/DesktopServicesPriv.framework/Versions/A/DesktopServicesPriv
0x00000000044d0000 	/System/Library/Frameworks/Carbon.framework/Versions/A/Frameworks/HIToolbox.framework/Versions/A/HIToolbox
0x00000000044d0000 	/System/Library/Frameworks/QuartzCore.framework/Versions/A/QuartzCore
0x00000000044d0000 	/System/Library/Frameworks/Carbon.framework/Versions/A/Frameworks/SpeechRecognition.framework/Versions/A/SpeechRecognition
0x00000000044d0000 	/usr/lib/libauto.dylib
0x00000000044d0000 	/usr/lib/libicucore.A.dylib
0x00000000044d0000 	/usr/lib/libxml2.2.dylib
0x00000000044d0000 	/System/Library/PrivateFrameworks/CoreUI.framework/Versions/A/CoreUI
0x00000000044d0000 	/System/Library/Frameworks/CoreAudio.framework/Versions/A/CoreAudio
0x00000000044d0000 	/System/Library/Frameworks/DiskArbitration.framework/Versions/A/DiskArbitration
0x00000000044d0000 	/usr/lib/liblangid.dylib
0x00000000044d0000 	/System/Library/PrivateFrameworks/MultitouchSupport.framework/Versions/A/MultitouchSupport
0x00000000044d0000 	/System/Library/Frameworks/IOKit.framework/Versions/A/IOKit
0x00000000044d0000 	/usr/lib/libDiagnosticMessagesClient.dylib
0x00000000044d0000 	/System/Library/Frameworks/CoreServices.framework/Versions/A/CoreServices
0x00000000044d0000 	/System/Library/PrivateFrameworks/PerformanceAnalysis.framework/Versions/A/PerformanceAnalysis
0x00000000044d0000 	/System/Library/PrivateFrameworks/GenerationalStorage.framework/Versions/A/GenerationalStorage
0x00000000044d0000 	/System/Library/Frameworks/OpenGL.framework/Versions/A/OpenGL
0x00000000044d0000 	/System/Library/PrivateFrameworks/Sharing.framework/Versions/A/Sharing
0x00000000044d0000 	/System/Library/Frameworks/CoreGraphics.framework/Versions/A/CoreGraphics
0x00000000044d0000 	/System/Library/Frameworks/CoreText.framework/Versions/A/CoreText
0x00000000044d0000 	/System/Library/Frameworks/ImageIO.framework/Versions/A/ImageIO
0x00000000044d0000 	/usr/lib/libextension.dylib
0x00000000044d0000 	/System/Library/PrivateFrameworks/Backup.framework/Versions/A/Backup
0x00000000044d0000 	/usr/lib/libarchive.2.dylib
0x00000000044d0000 	/System/Library/Frameworks/CFNetwork.framework/Versions/A/CFNetwork
0x00000000044d0000 	/System/Library/Frameworks/SystemConfiguration.framework/Versions/A/SystemConfiguration
0x00000000044d0000 	/usr/lib/libCRFSuite.dylib
0x00000000044d0000 	/usr/lib/libc++.1.dylib
0x00000000044d0000 	/usr/lib/libc++abi.dylib
0x00000000044d0000 	/usr/lib/system/libcache.dylib
0x00000000044d0000 	/usr/lib/system/libcommonCrypto.dylib
0x00000000044d0000 	/usr/lib/system/libcompiler_rt.dylib
0x00000000044d0000 	/usr/lib/system/libcopyfile.dylib
0x00000000044d0000 	/usr/lib/system/libcorecrypto.dylib
0x00000000044d0000 	/usr/lib/system/libdispatch.dylib
0x00000000044d0000 	/usr/lib/system/libdyld.dylib
0x00000000044d0000 	/usr/lib/system/libkeymgr.dylib
0x00000000044d0000 	/usr/lib/system/liblaunch.dylib
0x00000000044d0000 	/usr/lib/system/libmacho.dylib
0x00000000044d0000 	/usr/lib/system/libquarantine.dylib
0x00000000044d0000 	/usr/lib/system/libremovefile.dylib
0x00000000044d0000 	/usr/lib/system/libsystem_asl.dylib
0x00000000044d0000 	/usr/lib/system/libsystem_blocks.dylib
0x00000000044d0000 	/usr/lib/system/libsystem_c.dylib
0x00000000044d0000 	/usr/lib/system/libsystem_configuration.dylib
0x00000000044d0000 	/usr/lib/system/libsystem_coreservices.dylib
0x00000000044d0000 	/usr/lib/system/libsystem_coretls.dylib
0x00000000044d0000 	/usr/lib/system/libsystem_dnssd.dylib
0x00000000044d0000 	/usr/lib/system/libsystem_info.dylib
0x00000000044d0000 	/usr/lib/system/libsystem_kernel.dylib
0x00000000044d0000 	/usr/lib/system/libsystem_m.dylib
0x00000000044d0000 	/usr/lib/system/libsystem_malloc.dylib
0x00000000044d0000 	/usr/lib/system/libsystem_network.dylib
0x00000000044d0000 	/usr/lib/system/libsystem_networkextension.dylib
0x00000000044d0000 	/usr/lib/system/libsystem_notify.dylib
0x00000000044d0000 	/usr/lib/system/libsystem_platform.dylib
0x00000000044d0000 	/usr/lib/system/libsystem_pthread.dylib
0x00000000044d0000 	/usr/lib/system/libsystem_sandbox.dylib
0x00000000044d0000 	/usr/lib/system/libsystem_secinit.dylib
0x00000000044d0000 	/usr/lib/system/libsystem_stats.dylib
0x00000000044d0000 	/usr/lib/system/libsystem_trace.dylib
0x00000000044d0000 	/usr/lib/system/libunc.dylib
0x00000000044d0000 	/usr/lib/system/libunwind.dylib
0x00000000044d0000 	/usr/lib/system/libxpc.dylib
0x00000000044d0000 	/usr/lib/libbz2.1.0.dylib
0x00000000044d0000 	/usr/lib/liblzma.5.dylib
0x00000000044d0000 	/usr/lib/libbsm.0.dylib
0x00000000044d0000 	/usr/lib/libsqlite3.dylib
0x00000000044d0000 	/usr/lib/system/libkxld.dylib
0x00000000044d0000 	/usr/lib/libxar.1.dylib
0x00000000044d0000 	/usr/lib/libpam.2.dylib
0x00000000044d0000 	/usr/lib/libOpenScriptingUtil.dylib
0x00000000044d0000 	/System/Library/Frameworks/CoreServices.framework/Versions/A/Frameworks/FSEvents.framework/Versions/A/FSEvents
0x00000000044d0000 	/System/Library/Frameworks/CoreServices.framework/Versions/A/Frameworks/CarbonCore.framework/Versions/A/CarbonCore
0x00000000044d0000 	/System/Library/Frameworks/CoreServices.framework/Versions/A/Frameworks/Metadata.framework/Versions/A/Metadata
0x00000000044d0000 	/System/Library/Frameworks/CoreServices.framework/Versions/A/Frameworks/OSServices.framework/Versions/A/OSServices
0x00000000044d0000 	/System/Library/Frameworks/CoreServices.framework/Versions/A/Frameworks/SearchKit.framework/Versions/A/SearchKit
0x00000000044d0000 	/System/Library/Frameworks/CoreServices.framework/Versions/A/Frameworks/AE.framework/Versions/A/AE
0x00000000044d0000 	/System/Library/Frameworks/CoreServices.framework/Versions/A/Frameworks/LaunchServices.framework/Versions/A/LaunchServices
0x00000000044d0000 	/System/Library/Frameworks/CoreServices.framework/Versions/A/Frameworks/DictionaryServices.framework/Versions/A/DictionaryServices
0x00000000044d0000 	/System/Library/Frameworks/NetFS.framework/Versions/A/NetFS
0x00000000044d0000 	/System/Library/PrivateFrameworks/NetAuth.framework/Versions/A/NetAuth
0x00000000044d0000 	/System/Library/PrivateFrameworks/login.framework/Versions/A/Frameworks/loginsupport.framework/Versions/A/loginsupport
0x00000000044d0000 	/System/Library/PrivateFrameworks/TCC.framework/Versions/A/TCC
0x00000000044d0000 	/usr/lib/libmecabra.dylib
0x00000000044d0000 	/System/Library/Frameworks/ApplicationServices.framework/Versions/A/Frameworks/ATS.framework/Versions/A/ATS
0x00000000044d0000 	/System/Library/Frameworks/ApplicationServices.framework/Versions/A/Frameworks/ColorSync.framework/Versions/A/ColorSync
0x00000000044d0000 	/System/Library/Frameworks/ApplicationServices.framework/Versions/A/Frameworks/HIServices.framework/Versions/A/HIServices
0x00000000044d0000 	/System/Library/Frameworks/ApplicationServices.framework/Versions/A/Frameworks/LangAnalysis.framework/Versions/A/LangAnalysis
0x00000000044d0000 	/System/Library/Frameworks/ApplicationServices.framework/Versions/A/Frameworks/PrintCore.framework/Versions/A/PrintCore
0x00000000044d0000 	/System/Library/Frameworks/ApplicationServices.framework/Versions/A/Frameworks/QD.framework/Versions/A/QD
0x00000000044d0000 	/System/Library/Frameworks/ApplicationServices.framework/Versions/A/Frameworks/SpeechSynthesis.framework/Versions/A/SpeechSynthesis
0x00000000044d0000 	/System/Library/Frameworks/Accelerate.framework/Versions/A/Accelerate
0x00000000044d0000 	/System/Library/Frameworks/Accelerate.framework/Versions/A/Frameworks/vImage.framework/Versions/A/vImage
0x00000000044d0000 	/System/Library/Frameworks/Accelerate.framework/Versions/A/Frameworks/vecLib.framework/Versions/A/vecLib
0x00000000044d0000 	/System/Library/Frameworks/Accelerate.framework/Versions/A/Frameworks/vecLib.framework/Versions/A/libvDSP.dylib
0x00000000044d0000 	/System/Library/Frameworks/Accelerate.framework/Versions/A/Frameworks/vecLib.framework/Versions/A/libvMisc.dylib
0x00000000044d0000 	/System/Library/Frameworks/Accelerate.framework/Versions/A/Frameworks/vecLib.framework/Versions/A/libLAPACK.dylib
0x00000000044d0000 	/System/Library/Frameworks/Accelerate.framework/Versions/A/Frameworks/vecLib.framework/Versions/A/libBLAS.dylib
0x00000000044d0000 	/System/Library/Frameworks/Accelerate.framework/Versions/A/Frameworks/vecLib.framework/Versions/A/libLinearAlgebra.dylib
0x00000000044d0000 	/System/Library/Frameworks/ApplicationServices.framework/Versions/A/Frameworks/ATS.framework/Versions/A/Resources/libFontParser.dylib
0x00000000044d0000 	/System/Library/Frameworks/ApplicationServices.framework/Versions/A/Frameworks/ATS.framework/Versions/A/Resources/libFontRegistry.dylib
0x00000000044d0000 	/System/Library/PrivateFrameworks/AppleVPA.framework/Versions/A/AppleVPA
0x00000000044d0000 	/System/Library/PrivateFrameworks/AppleJPEG.framework/Versions/A/AppleJPEG
0x00000000044d0000 	/System/Library/Frameworks/ImageIO.framework/Versions/A/Resources/libJPEG.dylib
0x00000000044d0000 	/System/Library/Frameworks/ImageIO.framework/Versions/A/Resources/libTIFF.dylib
0x00000000044d0000 	/System/Library/Frameworks/ImageIO.framework/Versions/A/Resources/libPng.dylib
0x00000000044d0000 	/System/Library/Frameworks/ImageIO.framework/Versions/A/Resources/libGIF.dylib
0x00000000044d0000 	/System/Library/Frameworks/ImageIO.framework/Versions/A/Resources/libJP2.dylib
0x00000000044d0000 	/System/Library/Frameworks/ImageIO.framework/Versions/A/Resources/libRadiance.dylib
0x00000000044d0000 	/System/Library/Frameworks/CoreVideo.framework/Versions/A/CoreVideo
0x00000000044d0000 	/System/Library/Frameworks/OpenGL.framework/Versions/A/Libraries/libGLU.dylib
0x00000000044d0000 	/System/Library/Frameworks/OpenGL.framework/Versions/A/Libraries/libGFXShared.dylib
0x00000000044d0000 	/System/Library/Frameworks/OpenGL.framework/Versions/A/Libraries/libGL.dylib
0x00000000044d0000 	/System/Library/Frameworks/OpenGL.framework/Versions/A/Libraries/libGLImage.dylib
0x00000000044d0000 	/System/Library/Frameworks/OpenGL.framework/Versions/A/Libraries/libCVMSPluginSupport.dylib
0x00000000044d0000 	/System/Library/Frameworks/OpenGL.framework/Versions/A/Libraries/libCoreVMClient.dylib
0x00000000044d0000 	/usr/lib/libcups.2.dylib
0x00000000044d0000 	/System/Library/Frameworks/Kerberos.framework/Versions/A/Kerberos
0x00000000044d0000 	/System/Library/Frameworks/GSS.framework/Versions/A/GSS
0x00000000044d0000 	/usr/lib/libresolv.9.dylib
0x00000000044d0000 	/usr/lib/libiconv.2.dylib
0x00000000044d0000 	/System/Library/PrivateFrameworks/Heimdal.framework/Versions/A/Heimdal
0x00000000044d0000 	/usr/lib/libheimdal-asn1.dylib
0x00000000044d0000 	/System/Library/Frameworks/OpenDirectory.framework/Versions/A/OpenDirectory
0x00000000044d0000 	/System/Library/PrivateFrameworks/CommonAuth.framework/Versions/A/CommonAuth
0x00000000044d0000 	/System/Library/Frameworks/OpenDirectory.framework/Versions/A/Frameworks/CFOpenDirectory.framework/Versions/A/CFOpenDirectory
0x00000000044d0000 	/System/Library/Frameworks/SecurityFoundation.framework/Versions/A/SecurityFoundation
0x00000000044d0000 	/System/Library/PrivateFrameworks/LanguageModeling.framework/Versions/A/LanguageModeling
0x00000000044d0000 	/usr/lib/libcmph.dylib
0x00000000044d0000 	/System/Library/Frameworks/ServiceManagement.framework/Versions/A/ServiceManagement
0x00000000044d0000 	/usr/lib/libxslt.1.dylib
0x00000000044d0000 	/System/Library/Frameworks/Carbon.framework/Versions/A/Frameworks/Ink.framework/Versions/A/Ink
0x00000000044d0000 	/System/Library/Frameworks/QuartzCore.framework/Versions/A/Frameworks/CoreImage.framework/Versions/A/CoreImage
0x00000000044d0000 	/System/Library/PrivateFrameworks/CrashReporterSupport.framework/Versions/A/CrashReporterSupport
0x00000000044d0000 	/System/Library/Frameworks/OpenCL.framework/Versions/A/OpenCL
0x00000000044d0000 	/System/Library/PrivateFrameworks/FaceCore.framework/Versions/A/FaceCore
0x00000000044d0000 	/System/Library/PrivateFrameworks/Ubiquity.framework/Versions/A/Ubiquity
0x00000000044d0000 	/System/Library/PrivateFrameworks/IconServices.framework/Versions/A/IconServices
0x00000000044d0000 	/System/Library/PrivateFrameworks/ChunkingLibrary.framework/Versions/A/ChunkingLibrary
0x00000000044d0000 	/System/Library/PrivateFrameworks/Apple80211.framework/Versions/A/Apple80211
0x00000000044d0000 	/System/Library/Frameworks/CoreWLAN.framework/Versions/A/CoreWLAN
0x00000000044d0000 	/System/Library/Frameworks/IOBluetooth.framework/Versions/A/IOBluetooth
0x00000000044d0000 	/System/Library/PrivateFrameworks/CoreWiFi.framework/Versions/A/CoreWiFi
0x00000000044d0000 	/System/Library/Frameworks/CoreBluetooth.framework/Versions/A/CoreBluetooth
0x00000000044d0000 	/System/Library/PrivateFrameworks/DebugSymbols.framework/Versions/A/DebugSymbols
0x00000000044d0000 	/System/Library/PrivateFrameworks/CoreSymbolication.framework/Versions/A/CoreSymbolication
0x00000000044d0000 	/System/Library/PrivateFrameworks/Symbolication.framework/Versions/A/Symbolication
0x00000000044d0000 	/System/Library/PrivateFrameworks/SpeechRecognitionCore.framework/Versions/A/SpeechRecognitionCore
0x000000010aa72000 	/Library/Java/JavaVirtualMachines/jdk1.8.0_11.jdk/Contents/Home/jre/lib/server/libjvm.dylib
0x00000000044d0000 	/usr/lib/libstdc++.6.dylib
0x000000010b94a000 	/Library/Java/JavaVirtualMachines/jdk1.8.0_11.jdk/Contents/Home/jre/lib/libverify.dylib
0x000000010b958000 	/Library/Java/JavaVirtualMachines/jdk1.8.0_11.jdk/Contents/Home/jre/lib/libjava.dylib
0x000000010b996000 	/Library/Java/JavaVirtualMachines/jdk1.8.0_11.jdk/Contents/Home/jre/lib/libzip.dylib
0x0000000122327000 	/System/Library/Frameworks/JavaVM.framework/Frameworks/JavaRuntimeSupport.framework/JavaRuntimeSupport
0x000000012233d000 	/System/Library/Frameworks/JavaVM.framework/Versions/A/Frameworks/JavaNativeFoundation.framework/Versions/A/JavaNativeFoundation
0x000000010b9f0000 	/System/Library/Frameworks/JavaVM.framework/Versions/A/JavaVM
0x00000000044d0000 	/System/Library/Frameworks/Carbon.framework/Versions/A/Carbon
0x0000000122351000 	/System/Library/PrivateFrameworks/JavaLaunching.framework/Versions/A/JavaLaunching
0x00000000044d0000 	/System/Library/Frameworks/Carbon.framework/Versions/A/Frameworks/CommonPanels.framework/Versions/A/CommonPanels
0x00000000044d0000 	/System/Library/Frameworks/Carbon.framework/Versions/A/Frameworks/Help.framework/Versions/A/Help
0x00000000044d0000 	/System/Library/Frameworks/Carbon.framework/Versions/A/Frameworks/ImageCapture.framework/Versions/A/ImageCapture
0x00000000044d0000 	/System/Library/Frameworks/Carbon.framework/Versions/A/Frameworks/OpenScripting.framework/Versions/A/OpenScripting
0x00000000044d0000 	/System/Library/Frameworks/Carbon.framework/Versions/A/Frameworks/Print.framework/Versions/A/Print
0x00000000044d0000 	/System/Library/Frameworks/Carbon.framework/Versions/A/Frameworks/SecurityHI.framework/Versions/A/SecurityHI
0x000000012426a000 	/Library/Java/JavaVirtualMachines/jdk1.8.0_11.jdk/Contents/Home/jre/lib/libawt.dylib
0x0000000124319000 	/Library/Java/JavaVirtualMachines/jdk1.8.0_11.jdk/Contents/Home/jre/lib/./libmlib_image.dylib
0x00000001243e5000 	/Library/Java/JavaVirtualMachines/jdk1.8.0_11.jdk/Contents/Home/jre/lib/libawt_lwawt.dylib
0x0000000124497000 	/Library/Java/JavaVirtualMachines/jdk1.8.0_11.jdk/Contents/Home/jre/lib/./libosxapp.dylib
0x00000000044d0000 	/System/Library/Frameworks/ExceptionHandling.framework/Versions/A/ExceptionHandling
0x00000000044d0000 	/System/Library/PrivateFrameworks/CoreServicesInternal.framework/Versions/A/CoreServicesInternal
0x00000000044d0000 	/System/Library/PrivateFrameworks/CloudDocs.framework/Versions/A/CloudDocs
0x00000000044d0000 	/System/Library/PrivateFrameworks/CoreDuet.framework/Versions/A/CoreDuet
0x00000000044d0000 	/System/Library/Frameworks/CloudKit.framework/Versions/A/CloudKit
0x00000000044d0000 	/System/Library/PrivateFrameworks/ProtocolBuffer.framework/Versions/A/ProtocolBuffer
0x00000000044d0000 	/System/Library/PrivateFrameworks/CoreDuetDaemonProtocol.framework/Versions/A/CoreDuetDaemonProtocol
0x00000000044d0000 	/System/Library/PrivateFrameworks/CoreDuetDebugLogging.framework/Versions/A/CoreDuetDebugLogging
0x00000000044d0000 	/System/Library/PrivateFrameworks/MMCS.framework/Versions/A/MMCS
0x00000000044d0000 	/System/Library/Frameworks/CoreLocation.framework/Versions/A/CoreLocation
0x00000000044d0000 	/System/Library/PrivateFrameworks/ProtectedCloudStorage.framework/Versions/A/ProtectedCloudStorage
0x00000000044d0000 	/System/Library/PrivateFrameworks/GeoServices.framework/Versions/A/GeoServices
0x00000000044d0000 	/System/Library/Frameworks/CoreGraphics.framework/Versions/A/Resources/libCGCMS.A.dylib
0x00000000044d0000 	/System/Library/Frameworks/CoreGraphics.framework/Versions/A/Resources/libRIP.A.dylib
0x00000000044d0000 	/System/Library/Frameworks/CoreGraphics.framework/Versions/A/Resources/libCGXType.A.dylib
0x00000000044d0000 	/System/Library/Frameworks/OpenCL.framework/Versions/A/Libraries/libcldcpuengine.dylib
0x00000000044d0000 	/System/Library/PrivateFrameworks/DiskImages.framework/Versions/A/DiskImages
0x00000000044d0000 	/System/Library/Frameworks/DiscRecording.framework/Versions/A/DiscRecording
0x00000000044d0000 	/usr/lib/libcsfde.dylib
0x00000000044d0000 	/usr/lib/libcurl.4.dylib
0x00000000044d0000 	/System/Library/PrivateFrameworks/MediaKit.framework/Versions/A/MediaKit
0x00000000044d0000 	/usr/lib/libCoreStorage.dylib
0x00000000044d0000 	/System/Library/PrivateFrameworks/EFILogin.framework/Versions/A/EFILogin
0x00000000044d0000 	/usr/lib/libutil.dylib
0x00000000044d0000 	/System/Library/PrivateFrameworks/FindMyDevice.framework/Versions/A/FindMyDevice
0x00000000044d0000 	/System/Library/Frameworks/LDAP.framework/Versions/A/LDAP
0x00000000044d0000 	/usr/lib/libsasl2.2.dylib
0x00000000044d0000 	/System/Library/PrivateFrameworks/CoreDaemon.framework/Versions/B/CoreDaemon
0x00000000044d0000 	/usr/lib/libcrypto.0.9.8.dylib
0x00000000044d0000 	/System/Library/PrivateFrameworks/AppleSRP.framework/Versions/A/AppleSRP
0x00000000044d0000 	/System/Library/PrivateFrameworks/TrustEvaluationAgent.framework/Versions/A/TrustEvaluationAgent
0x0000000127345000 	cl_kernels
0x0000000127347000 	/System/Library/Frameworks/OpenCL.framework/Versions/A/Libraries/ImageFormats/unorm8_bgra.dylib
0x0000000127336000 	cl_kernels
0x00000000044d0000 	/System/Library/PrivateFrameworks/FamilyControls.framework/Versions/A/FamilyControls
0x00000000044d0000 	/System/Library/PrivateFrameworks/CommerceKit.framework/Versions/A/Frameworks/CommerceCore.framework/Versions/A/CommerceCore
0x00000000044d0000 	/System/Library/PrivateFrameworks/SystemAdministration.framework/Versions/A/SystemAdministration
0x00000000044d0000 	/System/Library/PrivateFrameworks/AppContainer.framework/Versions/A/AppContainer
0x00000000044d0000 	/System/Library/PrivateFrameworks/SecCodeWrapper.framework/Versions/A/SecCodeWrapper
0x00000000044d0000 	/System/Library/Frameworks/DirectoryService.framework/Versions/A/DirectoryService
0x00000000044d0000 	/System/Library/PrivateFrameworks/LoginUIKit.framework/Versions/A/Frameworks/LoginUICore.framework/Versions/A/LoginUICore
0x00000000044d0000 	/usr/lib/libodfde.dylib
0x000000012850d000 	/Library/Java/JavaVirtualMachines/jdk1.8.0_11.jdk/Contents/Home/jre/lib/libfontmanager.dylib
0x0000000128573000 	/Users/Olivier/Dropbox/Informatique/Projet_Int-grateur_TeamYOCO-master/build/classes/res/native/liblwjgl.dylib
0x000000012687e000 	/Library/Java/JavaVirtualMachines/jdk1.8.0_11.jdk/Contents/Home/jre/lib/libjawt.dylib
0x00000000044d0000 	/System/Library/Frameworks/OpenGL.framework/Versions/A/Resources/GLEngine.bundle/GLEngine
0x00000000044d0000 	/System/Library/Frameworks/OpenGL.framework/Versions/A/Libraries/libGLProgrammability.dylib
0x00000001285ff000 	/System/Library/Extensions/AppleIntelHDGraphicsGLDriver.bundle/Contents/MacOS/AppleIntelHDGraphicsGLDriver
0x0000000128a86000 	/System/Library/PrivateFrameworks/GPUSupport.framework/Versions/A/Libraries/libGPUSupport.dylib
0x0000000000000000 	/System/Library/Extensions/GeForceTeslaGLDriver.bundle/Contents/MacOS/GeForceTeslaGLDriver
0x0000000128a9a000 	/System/Library/Extensions/GeForceTeslaGLDriver.bundle/Contents/MacOS/libclh.dylib
0x00000000044d0000 	/System/Library/Frameworks/OpenGL.framework/Versions/A/Resources/GLRendererFloat.bundle/GLRendererFloat

VM Arguments:
jvm_args: -Dfile.encoding=UTF-8 -Djava.library.path=lib 
java_command: ca.qc.bdeb.info204.Game
java_class_path (initial): /Users/Olivier/Dropbox/Informatique/Projet_Int-grateur_TeamYOCO-master/lib/jinput.jar:/Users/Olivier/Dropbox/Informatique/Projet_Int-grateur_TeamYOCO-master/lib/lwjgl.jar:/Users/Olivier/Dropbox/Informatique/Projet_Int-grateur_TeamYOCO-master/lib/lwjgl_util.jar:/Users/Olivier/Dropbox/Informatique/Projet_Int-grateur_TeamYOCO-master/lib/slick.jar:/Users/Olivier/Dropbox/Informatique/Projet_Int-grateur_TeamYOCO-master/build/classes
Launcher Type: SUN_STANDARD

Environment Variables:
PATH=/usr/bin:/bin:/usr/sbin:/sbin
LD_LIBRARY_PATH=/Library/Java/JavaVirtualMachines/jdk1.8.0_11.jdk/Contents/Home/jre/lib/amd64:/Library/Java/JavaVirtualMachines/jdk1.8.0_11.jdk/Contents/Home/jre/lib/i386:
SHELL=/bin/bash
DYLD_LIBRARY_PATH=/Applications/NetBeans/NetBeans 8.0.1.app/Contents/Resources/NetBeans/webcommon/bin:

Signal Handlers:
SIGSEGV: [libjvm.dylib+0x56059b], sa_mask[0]=0xfffefeff, sa_flags=0x00000043
SIGBUS: [libjvm.dylib+0x56059b], sa_mask[0]=0xfffefeff, sa_flags=0x00000042
SIGFPE: [libjvm.dylib+0x4438f2], sa_mask[0]=0xfffefeff, sa_flags=0x00000042
SIGPIPE: [libjvm.dylib+0x4438f2], sa_mask[0]=0xfffefeff, sa_flags=0x00000042
SIGXFSZ: [libjvm.dylib+0x4438f2], sa_mask[0]=0xfffefeff, sa_flags=0x00000042
SIGILL: [libjvm.dylib+0x4438f2], sa_mask[0]=0xfffefeff, sa_flags=0x00000042
SIGUSR1: SIG_DFL, sa_mask[0]=0x00000000, sa_flags=0x00000000
SIGUSR2: [libjvm.dylib+0x443410], sa_mask[0]=0x00000004, sa_flags=0x00000042
SIGHUP: [libjvm.dylib+0x44179b], sa_mask[0]=0xfffefeff, sa_flags=0x00000042
SIGINT: SIG_IGN, sa_mask[0]=0x00000000, sa_flags=0x00000000
SIGTERM: [libjvm.dylib+0x44179b], sa_mask[0]=0xfffefeff, sa_flags=0x00000042
SIGQUIT: [libjvm.dylib+0x44179b], sa_mask[0]=0xfffefeff, sa_flags=0x00000042


---------------  S Y S T E M  ---------------

OS:Bsduname:Darwin 14.5.0 Darwin Kernel Version 14.5.0: Wed Jul 29 02:26:53 PDT 2015; root:xnu-2782.40.9~1/RELEASE_X86_64 x86_64
rlimit: STACK 8192k, CORE 0k, NPROC 709, NOFILE 10240, AS infinity
load average:2.03 1.85 1.95

CPU:total 4 (2 cores per cpu, 2 threads per core) family 6 model 37 stepping 5, cmov, cx8, fxsr, mmx, sse, sse2, sse3, ssse3, sse4.1, sse4.2, popcnt, aes, clmul, ht, tsc, tscinvbit

Memory: 4k page, physical 8388608k(935800k free)

/proc/meminfo:


vm_info: Java HotSpot(TM) 64-Bit Server VM (25.11-b03) for bsd-amd64 JRE (1.8.0_11-b12), built on Jun 16 2014 17:39:42 by "java_re" with gcc 4.2.1 (Based on Apple Inc. build 5658) (LLVM build 2336.11.00)

time: Wed Mar  2 11:09:33 2016
elapsed time: 4 seconds

