#
# A fatal error has been detected by the Java Runtime Environment:
#
#  SIGSEGV (0xb) at pc=0x00007fff8c6990dd, pid=6521, tid=1811
#
# JRE version: Java(TM) SE Runtime Environment (8.0_11-b12) (build 1.8.0_11-b12)
# Java VM: Java HotSpot(TM) 64-Bit Server VM (25.11-b03 mixed mode bsd-amd64 compressed oops)
# Problematic frame:
# C  [libobjc.A.dylib+0x10dd]  objc_msgSend+0x1d
#
# Failed to write core dump. Core dumps have been disabled. To enable core dumping, try "ulimit -c unlimited" before starting Java again
#
# If you would like to submit a bug report, please visit:
#   http://bugreport.sun.com/bugreport/crash.jsp
# The crash happened outside the Java Virtual Machine in native code.
# See problematic frame for where to report the bug.
#

---------------  T H R E A D  ---------------

Current thread (0x00007fa50b83d000):  JavaThread "AppKit Thread" daemon [_thread_in_native, id=1811, stack(0x00007fff4f4e3000,0x00007fff4fce3000)]

siginfo:si_signo=SIGSEGV: si_errno=0, si_code=1 (SEGV_MAPERR), si_addr=0x000007fa50b447d0

Registers:
RAX=0x0000000000000000, RBX=0x00007fa50b752030, RCX=0x0000000000000000, RDX=0x00007fa50b752030
RSP=0x00007fff4fcddc08, RBP=0x00007fff4fcddc30, RSI=0x00007fff8508137c, RDI=0x00007fa50b44a5c0
R8 =0x0000000000000001, R9 =0x0000000000000001, R10=0x00007fff8508137c, R11=0x000007fa50b447b8
R12=0x0000000000000094, R13=0x00007fa50b53d2e0, R14=0x00007fa50b44a5c0, R15=0x00007fff4fcde120
RIP=0x00007fff8c6990dd, EFLAGS=0x0000000000010206, ERR=0x0000000000000004
  TRAPNO=0x000000000000000e

Top of Stack: (sp=0x00007fff4fcddc08)
0x00007fff4fcddc08:   00000001edda9598 00007fa50b752030
0x00007fff4fcddc18:   00000001eddddc60 00007fa50b53d2e0
0x00007fff4fcddc28:   00007fa50b752030 00007fff4fcde110
0x00007fff4fcddc38:   00007fff84761f45 0000000000000000
0x00007fff4fcddc48:   0000000000000000 4090000000000000
0x00007fff4fcddc58:   4086000000000000 0000000000000000
0x00007fff4fcddc68:   0000000000000000 4090000000000000
0x00007fff4fcddc78:   4086000000000000 4090000000000000
0x00007fff4fcddc88:   4086b00000000000 401c000000000000
0x00007fff4fcddc98:   4086180000000000 402c000000000000
0x00007fff4fcddca8:   4030000000000000 401c000000000000
0x00007fff4fcddcb8:   0000000000000000 0000000000000000
0x00007fff4fcddcc8:   4030000000000000 00007fff85044129
0x00007fff4fcddcd8:   4008000000000000 00007fa50b753d70
0x00007fff4fcddce8:   0000000100000000 0000000000000000
0x00007fff4fcddcf8:   00007fa50b44af60 00007fff4fcdde50
0x00007fff4fcddd08:   00007fff84766b36 00007fff4fcdde50
0x00007fff4fcddd18:   00007fff84768e82 402c000000000000
0x00007fff4fcddd28:   4030000000000000 401c000000000000
0x00007fff4fcddd38:   4086180000000000 402c000000000000
0x00007fff4fcddd48:   4030000000000000 0000000000000000
0x00007fff4fcddd58:   0000000000000000 4090000000000000
0x00007fff4fcddd68:   4086b00000000000 401c000000000000
0x00007fff4fcddd78:   4086180000000000 000000010ff3aa00
0x00007fff4fcddd88:   00007fa50b7f3410 00000000000000b0
0x00007fff4fcddd98:   0000000000000000 0000000000000f34
0x00007fff4fcddda8:   000000010ff37000 00007fff4fcdde50
0x00007fff4fcdddb8:   00007fff8532be7f 0000000000000f34
0x00007fff4fcdddc8:   000000010ff37000 00007fff4fcdde70
0x00007fff4fcdddd8:   0000000000000f35 00007fff4fcddedf
0x00007fff4fcddde8:   0000000000000002 00007fa50b7fc080
0x00007fff4fcdddf8:   00007fa50b7f3360 0000000000000024 

Instructions: (pc=0x00007fff8c6990dd)
0x00007fff8c6990bd:   00 00 00 48 85 ff 2e 74 7a 40 f6 c7 01 2e 75 7e
0x00007fff8c6990cd:   49 bb f8 ff ff ff ff 7f 00 00 4c 23 1f 49 89 f2
0x00007fff8c6990dd:   45 23 53 18 49 c1 e2 04 4d 03 53 10 49 3b 32 75
0x00007fff8c6990ed:   04 41 ff 62 08 49 83 3a 00 74 6a 4d 3b 53 10 74 

Register to memory mapping:

RAX=0x0000000000000000 is an unknown value
RBX=0x00007fa50b752030 is an unknown value
RCX=0x0000000000000000 is an unknown value
RDX=0x00007fa50b752030 is an unknown value
RSP=0x00007fff4fcddc08 is pointing into the stack for thread: 0x00007fa50b83d000
RBP=0x00007fff4fcddc30 is pointing into the stack for thread: 0x00007fa50b83d000
RSI=0x00007fff8508137c: -[NSTitlebarContainerView transparent]+0x5e270 in /System/Library/Frameworks/AppKit.framework/Versions/C/AppKit at 0x00007fff84680000
RDI=0x00007fa50b44a5c0 is an unknown value
R8 =0x0000000000000001 is an unknown value
R9 =0x0000000000000001 is an unknown value
R10=0x00007fff8508137c: -[NSTitlebarContainerView transparent]+0x5e270 in /System/Library/Frameworks/AppKit.framework/Versions/C/AppKit at 0x00007fff84680000
R11=0x000007fa50b447b8 is an unknown value
R12=0x0000000000000094 is an unknown value
R13=0x00007fa50b53d2e0 is an unknown value
R14=0x00007fa50b44a5c0 is an unknown value
R15=0x00007fff4fcde120 is pointing into the stack for thread: 0x00007fa50b83d000


Stack: [0x00007fff4f4e3000,0x00007fff4fce3000],  sp=0x00007fff4fcddc08,  free space=8171k
Native frames: (J=compiled Java code, j=interpreted, Vv=VM code, C=native code)
C  [libobjc.A.dylib+0x10dd]  objc_msgSend+0x1d
C  [AppKit+0xe1f45]  -[NSView _recursiveDisplayRectIfNeededIgnoringOpacity:isVisibleRect:rectIsVisibleRectForView:topView:]+0x740
C  [AppKit+0xe2fa0]  -[NSView _recursiveDisplayRectIfNeededIgnoringOpacity:isVisibleRect:rectIsVisibleRectForView:topView:]+0x179b
C  [AppKit+0xe12f3]  -[NSThemeFrame _recursiveDisplayRectIfNeededIgnoringOpacity:isVisibleRect:rectIsVisibleRectForView:topView:]+0x14d
C  [AppKit+0xdd68b]  -[NSView _displayRectIgnoringOpacity:isVisibleRect:rectIsVisibleRectForView:]+0xac9
C  [AppKit+0x951ae]  -[NSView displayIfNeeded]+0x754
C  [AppKit+0x94a09]  -[NSWindow displayIfNeeded]+0xec
C  [AppKit+0x94672]