#
# A fatal error has been detected by the Java Runtime Environment:
#
#  SIGSEGV (0xb) at pc=0x00007fff8b6310dd, pid=1655, tid=1811
#
# JRE version: Java(TM) SE Runtime Environment (8.0_11-b12) (build 1.8.0_11-b12)
# Java VM: Java HotSpot(TM) 64-Bit Server VM (25.11-b03 mixed mode bsd-amd64 compressed oops)
# Problematic frame:
# C  [libobjc.A.dylib+0x10dd]  objc_msgSend+0x1d
#
# Failed to write core dump. Core dumps have been disabled. To enable core dumping, try "ulimit -c unlimited" before starting Java again
#
# If you would like to submit a bug report, please visit:
#   http://bugreport.sun.com/bugreport/crash.jsp
# The crash happened outside the Java Virtual Machine in native code.
# See problematic frame for where to report the bug.
#

---------------  T H R E A D  ---------------

Current thread (0x00007fa3b0843800):  JavaThread "AppKit Thread" daemon [_thread_in_native, id=1811, stack(0x00007fff50bbf000,0x00007fff513bf000)]

siginfo:si_signo=SIGSEGV: si_errno=0, si_code=1 (SEGV_MAPERR), si_addr=0x000007fa3b058d68

Registers:
RAX=0x00007fa3b058ec50, RBX=0x00007fff513ba848, RCX=0x0000000000000000, RDX=0x00007fa3b06bc3c0
RSP=0x00007fff513ba668, RBP=0x00007fff513ba670, RSI=0x00007fff853de41e, RDI=0x00007fa3b058ec50
R8 =0x00007fff513ba650, R9 =0x0000000000000055, R10=0x00007fff853de41e, R11=0x000007fa3b058d50
R12=0x00007fa3b041a7f0, R13=0x00000000000f42ed, R14=0x00007fa3b06bbaf0, R15=0x00007fff513ba7a8
RIP=0x00007fff8b6310dd, EFLAGS=0x0000000000010206, ERR=0x0000000000000004
  TRAPNO=0x000000000000000e

Top of Stack: (sp=0x00007fff513ba668)
0x00007fff513ba668:   00007fff8f18e45c 00007fff513ba9d0
0x00007fff513ba678:   00007fff8f07e634 00007fff513ba6fc
0x00007fff513ba688:   00007fff513ba700 00007fff513ba704
0x00007fff513ba698:   00007fff749fce00 ffffffffffffffff
0x00007fff513ba6a8:   00000000000007f8 00007fff749fce18
0x00007fff513ba6b8:   00007fa3b06bbaf0 0000000000000000
0x00007fff513ba6c8:   00007fff513ba7a0 0000000000000000
0x00007fff513ba6d8:   00007fa3b0599060 00007fff513ba820
0x00007fff513ba6e8:   0000000000000055 00000000000f42ef
0x00007fff513ba6f8:   00007fa3b06bc3c0 00007fa3b0598a90
0x00007fff513ba708:   00007fa3b041a7f0 0000000000000001
0x00007fff513ba718:   00000000000f42ed 00007fa3b041a7e0
0x00007fff513ba728:   00007fff8b107c05 00000001b0568d70
0x00007fff513ba738:   00007fff7416b0d0 0000000042000000
0x00007fff513ba748:   00007fff8b10ee63 00007fff749c7240
0x00007fff513ba758:   00007fff513ba828 00007fff513ba780
0x00007fff513ba768:   00007fff513ba7a0 0000000000000000
0x00007fff513ba778:   0000000000000013 0001eb0300000001
0x00007fff513ba788:   00007fa3b041a814 0000000000000000
0x00007fff513ba798:   0000000000000000 00007fa3b05990e0
0x00007fff513ba7a8:   00007fa3b06bbaf0 0000002000000000
0x00007fff513ba7b8:   0000000000000000 00007fff7416b0d0
0x00007fff513ba7c8:   0000000042000000 00007fff8b10e4f8
0x00007fff513ba7d8:   00007fff749c7350 00007fff513ba738
0x00007fff513ba7e8:   0000000000000000 00007fff513ba8b8
0x00007fff513ba7f8:   00007fff73bffea0 00007fff513ba8f0
0x00007fff513ba808:   00007fff8591f770 00007fff513ba8a0
0x00007fff513ba818:   00007fff84b124ed 0000000000000051
0x00007fff513ba828:   0000000000000000 00000000000f42e4
0x00007fff513ba838:   0000000000000053 0000000000000000
0x00007fff513ba848:   00000000000f42ed 00007fff513ba8c4
0x00007fff513ba858:   00000000003fef01 00000000ffffffff 

Instructions: (pc=0x00007fff8b6310dd)
0x00007fff8b6310bd:   00 00 00 48 85 ff 2e 74 7a 40 f6 c7 01 2e 75 7e
0x00007fff8b6310cd:   49 bb f8 ff ff ff ff 7f 00 00 4c 23 1f 49 89 f2
0x00007fff8b6310dd:   45 23 53 18 49 c1 e2 04 4d 03 53 10 49 3b 32 75
0x00007fff8b6310ed:   04 41 ff 62 08 49 83 3a 00 74 6a 4d 3b 53 10 74 

Register to memory mapping:

RAX=0x00007fa3b058ec50 is an unknown value
RBX=0x00007fff513ba848 is pointing into the stack for thread: 0x00007fa3b0843800
RCX=0x0000000000000000 is an unknown value
RDX=0x00007fa3b06bc3c0 is an unknown value
RSP=0x00007fff513ba668 is pointing into the stack for thread: 0x00007fa3b0843800
RBP=0x00007fff513ba670 is pointing into the stack for thread: 0x00007fa3b0843800
RSI=0x00007fff853de41e: -[NSTitlebarContainerView transparent]+0x5e312 in /System/Library/Frameworks/AppKit.framework/Versions/C/AppKit at 0x00007fff849dd000
RDI=0x00007fa3b058ec50 is an unknown value
R8 =0x00007fff513ba650 is pointing into the stack for thread: 0x00007fa3b0843800
R9 =0x0000000000000055 is an unknown value
R10=0x00007fff853de41e: -[NSTitlebarContainerView transparent]+0x5e312 in /System/Library/Frameworks/AppKit.framework/Versions/C/AppKit at 0x00007fff849dd000
R11=0x000007fa3b058d50 is an unknown value
R12=0x00007fa3b041a7f0 is an unknown value
R13=0x00000000000f42ed is an unknown value
R14=0x00007fa3b06bbaf0 is an unknown value
R15=0x00007fff513ba7a8 is pointing into the stack for thread: 0x00007fa3b0843800


Stack: [0x00007fff50bbf000,0x00007fff513bf000],  sp=0x00007fff513ba668,  free space=8173k
Native frames: (J=compiled Java code, j=interpreted, Vv=VM code, C=native code)
C  [libobjc.A.dylib+0x10dd]  objc_msgSend+0x1d
C  [CoreFoundation+0x10634]  _CFXNotificationPost+0xc44
C  [Foundation+0x7aa1]  -[NSNotificationCenter postNotificationName:object:userInfo:]+0x42
C  [AppKit+0x439c2]  -[NSSurface _disposeSurface]+0x98
C  [AppKit+0x43426]  -[NSSurface setWindow:]+0x42
C  [AppKit+0x33910]  -[NSView _setWindow:]+0xa33
C  [AppKit+0x6af91]  -[NSView removeFromSuperview]+0x1c5
C  [AppKit+0x14bd99]  -[NSView removeFromSuperviewWithoutNeedingDisplay]+0x26
C  [liblwjgl.dylib+0xa205]  +[MacOSXKeyableWindow destroyWindow]+0xb5
C  [Foundation+0x92dd0]  __NSThreadPerformPerform+0x125
C  [CoreFoundation+0x80a01]  __CFRUNLOOP_IS_CALLING_OUT_TO_A_SOURCE0_PERFORM_FUNCTION__+0x11
C  [CoreFoundation+0x72b8d]  __CFRunLoopDoSources0+0x10d
C  [CoreFoundation+0x721bf]  __CFRunLoopRun+0x39f
C  [CoreFoundation+0x71bd8]  CFRunLoopRunSpecific+0x128
C  [HIToolbox+0x3256f]  RunCurrentEventLoopInMode+0xeb
C  [HIToolbox+0x322ea]  ReceiveNextEventCommon+0x1af
C  [HIToolbox+0x3212b]  _BlockUntilNextEventMatchingListInModeWithFilter+0x47
C  [AppKit+0x918ab]  _DPSNextEvent+0x3d2
C  [AppKit+0x90e58]  -[NSApplication nextEventMatchingMask:untilDate:inMode:dequeue:]+0x15a
C  [libosxapp.dylib+0x242a]  -[NSApplicationAWT nextEventMatchingMask:untilDate:inMode:dequeue:]+0x7c
C  [AppKit+0x86af3]  -[NSApplication run]+0x252
C  [libosxapp.dylib+0x223e]  +[NSApplicationAWT runAWTLoopWithApp:]+0x9c
C  [libawt_lwawt.dylib+0x439bb]  -[AWTStarter starter:]+0x389
C  [Foundation+0x92dd0]  __NSThreadPerformPerform+0x125
C  [CoreFoundation+0x80a01]  __CFRUNLOOP_IS_CALLING_OUT_TO_A_SOURCE0_PERFORM_FUNCTION__+0x11
C  [CoreFoundation+0x72b8d]  __CFRunLoopDoSources0+0x10d
C  [CoreFoundation+0x721bf]  __CFRunLoopRun+0x39f
C  [CoreFoundation+0x71bd8]  CFRunLoopRunSpecific+0x128
C  [java+0x56cb]  CreateExecutionEnvironment+0x367
C  [java+0x166c]  JLI_Launch+0x7a0
C  [java+0x7689]  main+0x65
C  [java+0xec4]  start+0x34


---------------  P R O C E S S  ---------------

Java Threads: ( => current thread )
  0x00007fa3b1093000 JavaThread "AWT-Shutdown" [_thread_blocked, id=28435, stack(0x0000000129b1e000,0x0000000129c1e000)]
=>0x00007fa3b0843800 JavaThread "AppKit Thread" daemon [_thread_in_native, id=1811, stack(0x00007fff50bbf000,0x00007fff513bf000)]
  0x00007fa3b202d800 JavaThread "Service Thread" daemon [_thread_blocked, id=18179, stack(0x0000000127f0e000,0x000000012800e000)]
  0x00007fa3b182a800 JavaThread "C1 CompilerThread2" daemon [_thread_blocked, id=17667, stack(0x0000000127e0b000,0x0000000127f0b000)]
  0x00007fa3b1829800 JavaThread "C2 CompilerThread1" daemon [_thread_blocked, id=17155, stack(0x0000000127d08000,0x0000000127e08000)]
  0x00007fa3b1819000 JavaThread "C2 CompilerThread0" daemon [_thread_blocked, id=16643, stack(0x0000000127c05000,0x0000000127d05000)]
  0x00007fa3b1017800 JavaThread "Signal Dispatcher" daemon [_thread_blocked, id=13847, stack(0x0000000127b02000,0x0000000127c02000)]
  0x00007fa3b203c000 JavaThread "Finalizer" daemon [_thread_blocked, id=11011, stack(0x00000001260e2000,0x00000001261e2000)]
  0x00007fa3b203b000 JavaThread "Reference Handler" daemon [_thread_blocked, id=10499, stack(0x0000000125fdf000,0x00000001260df000)]
  0x00007fa3b1000800 JavaThread "main" [_thread_in_native, id=3331, stack(0x000000010f801000,0x000000010f901000)]

Other Threads:
  0x00007fa3b2038800 VMThread [stack: 0x0000000125edc000,0x0000000125fdc000] [id=9987]
  0x00007fa3b1012000 WatcherThread [stack: 0x0000000128011000,0x0000000128111000] [id=18691]

VM state:not at safepoint (normal execution)

VM Mutex/Monitor currently owned by a thread: None

Heap:
 PSYoungGen      total 5632K, used 2698K [0x0000000795580000, 0x0000000795f00000, 0x00000007c0000000)
  eden space 4096K, 32% used [0x0000000795580000,0x00000007956c9260,0x0000000795980000)
  from space 1536K, 89% used [0x0000000795980000,0x0000000795ad9868,0x0000000795b00000)
  to   space 1536K, 0% used [0x0000000795d80000,0x0000000795d80000,0x0000000795f00000)
 ParOldGen       total 129536K, used 28906K [0x0000000740000000, 0x0000000747e80000, 0x0000000795580000)
  object space 129536K, 22% used [0x0000000740000000,0x0000000741c3aa00,0x0000000747e80000)
 Metaspace       used 8240K, capacity 8343K, committed 8576K, reserved 1056768K
  class space    used 850K, capacity 882K, committed 896K, reserved 1048576K

Card table byte_map: [0x000000011f5c0000,0x000000011f9c1000] byte_map_base: 0x000000011bbc0000

Marking Bits: (ParMarkBitMap*) 0x000000010f1a60a0
 Begin Bits: [0x0000000120078000, 0x0000000122078000)
 End Bits:   [0x0000000122078000, 0x0000000124078000)

Polling page: 0x000000010f945000

CodeCache: size=245760Kb used=2808Kb max_used=2808Kb free=242951Kb
 bounds [0x0000000110200000, 0x00000001104d0000, 0x000000011f200000]
 total_blobs=1169 nmethods=755 adapters=330
 compilation: enabled

Compilation events (10 events):
Event: 3.596 Thread 0x00007fa3b182a800  750       3       java.lang.Math::min (46 bytes)
Event: 3.597 Thread 0x00007fa3b182a800 nmethod 750 0x00000001104bf950 code [0x00000001104bfac0, 0x00000001104bfe10]
Event: 3.624 Thread 0x00007fa3b182a800  752       3       java.util.HashMap$HashIterator::nextNode (100 bytes)
Event: 3.625 Thread 0x00007fa3b182a800 nmethod 752 0x00000001104bedd0 code [0x00000001104bef80, 0x00000001104bf418]
Event: 3.630 Thread 0x00007fa3b182a800  753       3       org.newdawn.slick.tiled.TiledMap::render (19 bytes)
Event: 3.631 Thread 0x00007fa3b182a800 nmethod 753 0x00000001104be990 code [0x00000001104beb00, 0x00000001104bed08]
Event: 3.698 Thread 0x00007fa3b182a800  754       1       org.lwjgl.opengl.ContextGL::getHandle (5 bytes)
Event: 3.698 Thread 0x00007fa3b182a800 nmethod 754 0x00000001104b30d0 code [0x00000001104b3220, 0x00000001104b3330]
Event: 3.725 Thread 0x00007fa3b182a800  755       3       java.util.HashMap$KeyIterator::next (8 bytes)
Event: 3.725 Thread 0x00007fa3b182a800 nmethod 755 0x00000001104be550 code [0x00000001104be6c0, 0x00000001104be8c8]

GC Heap History (10 events):
Event: 0.659 GC heap before
{Heap before GC invocations=5 (full 0):
 PSYoungGen      total 1536K, used 1520K [0x0000000795580000, 0x0000000795780000, 0x00000007c0000000)
  eden space 1024K, 99% used [0x0000000795580000,0x000000079567fff8,0x0000000795680000)
  from space 512K, 96% used [0x0000000795700000,0x000000079577c010,0x0000000795780000)
  to   space 512K, 0% used [0x0000000795680000,0x0000000795680000,0x0000000795700000)
 ParOldGen       total 129536K, used 404K [0x0000000740000000, 0x0000000747e80000, 0x0000000795580000)
  object space 129536K, 0% used [0x0000000740000000,0x0000000740065020,0x0000000747e80000)
 Metaspace       used 4934K, capacity 5092K, committed 5248K, reserved 1056768K
  class space    used 560K, capacity 626K, committed 640K, reserved 1048576K
Event: 0.661 GC heap after
Heap after GC invocations=5 (full 0):
 PSYoungGen      total 1536K, used 496K [0x0000000795580000, 0x0000000795980000, 0x00000007c0000000)
  eden space 1024K, 0% used [0x0000000795580000,0x0000000795580000,0x0000000795680000)
  from space 512K, 96% used [0x0000000795680000,0x00000007956fc010,0x0000000795700000)
  to   space 1024K, 0% used [0x0000000795880000,0x0000000795880000,0x0000000795980000)
 ParOldGen       total 129536K, used 692K [0x0000000740000000, 0x0000000747e80000, 0x0000000795580000)
  object space 129536K, 0% used [0x0000000740000000,0x00000007400ad188,0x0000000747e80000)
 Metaspace       used 4934K, capacity 5092K, committed 5248K, reserved 1056768K
  class space    used 560K, capacity 626K, committed 640K, reserved 1048576K
}
Event: 1.155 GC heap before
{Heap before GC invocations=6 (full 0):
 PSYoungGen      total 1536K, used 1520K [0x0000000795580000, 0x0000000795980000, 0x00000007c0000000)
  eden space 1024K, 100% used [0x0000000795580000,0x0000000795680000,0x0000000795680000)
  from space 512K, 96% used [0x0000000795680000,0x00000007956fc010,0x0000000795700000)
  to   space 1024K, 0% used [0x0000000795880000,0x0000000795880000,0x0000000795980000)
 ParOldGen       total 129536K, used 28209K [0x0000000740000000, 0x0000000747e80000, 0x0000000795580000)
  object space 129536K, 21% used [0x0000000740000000,0x0000000741b8c628,0x0000000747e80000)
 Metaspace       used 5423K, capacity 5524K, committed 5888K, reserved 1056768K
  class space    used 615K, capacity 658K, committed 768K, reserved 1048576K
Event: 1.158 GC heap after
Heap after GC invocations=6 (full 0):
 PSYoungGen      total 3072K, used 763K [0x0000000795580000, 0x0000000795980000, 0x00000007c0000000)
  eden space 2048K, 0% used [0x0000000795580000,0x0000000795580000,0x0000000795780000)
  from space 1024K, 74% used [0x0000000795880000,0x000000079593efd0,0x0000000795980000)
  to   space 1024K, 0% used [0x0000000795780000,0x0000000795780000,0x0000000795880000)
 ParOldGen       total 129536K, used 28217K [0x0000000740000000, 0x0000000747e80000, 0x0000000795580000)
  object space 129536K, 21% used [0x0000000740000000,0x0000000741b8e628,0x0000000747e80000)
 Metaspace       used 5423K, capacity 5524K, committed 5888K, reserved 1056768K
  class space    used 615K, capacity 658K, committed 768K, reserved 1048576K
}
Event: 1.443 GC heap before
{Heap before GC invocations=7 (full 0):
 PSYoungGen      total 3072K, used 2811K [0x0000000795580000, 0x0000000795980000, 0x00000007c0000000)
  eden space 2048K, 100% used [0x0000000795580000,0x0000000795780000,0x0000000795780000)
  from space 1024K, 74% used [0x0000000795880000,0x000000079593efd0,0x0000000795980000)
  to   space 1024K, 0% used [0x0000000795780000,0x0000000795780000,0x0000000795880000)
 ParOldGen       total 129536K, used 28217K [0x0000000740000000, 0x0000000747e80000, 0x0000000795580000)
  object space 129536K, 21% used [0x0000000740000000,0x0000000741b8e628,0x0000000747e80000)
 Metaspace       used 6420K, capacity 6487K, committed 6656K, reserved 1056768K
  class space    used 661K, capacity 690K, committed 768K, reserved 1048576K
Event: 1.447 GC heap after
Heap after GC invocations=7 (full 0):
 PSYoungGen      total 3072K, used 1001K [0x0000000795580000, 0x0000000795c80000, 0x00000007c0000000)
  eden space 2048K, 0% used [0x0000000795580000,0x0000000795580000,0x0000000795780000)
  from space 1024K, 97% used [0x0000000795780000,0x000000079587a6f8,0x0000000795880000)
  to   space 1536K, 0% used [0x0000000795b00000,0x0000000795b00000,0x0000000795c80000)
 ParOldGen       total 129536K, used 28473K [0x0000000740000000, 0x0000000747e80000, 0x0000000795580000)
  object space 129536K, 21% used [0x0000000740000000,0x0000000741bce678,0x0000000747e80000)
 Metaspace       used 6420K, capacity 6487K, committed 6656K, reserved 1056768K
  class space    used 661K, capacity 690K, committed 768K, reserved 1048576K
}
Event: 1.598 GC heap before
{Heap before GC invocations=8 (full 0):
 PSYoungGen      total 3072K, used 3042K [0x0000000795580000, 0x0000000795c80000, 0x00000007c0000000)
  eden space 2048K, 99% used [0x0000000795580000,0x000000079577e3c0,0x0000000795780000)
  from space 1024K, 97% used [0x0000000795780000,0x000000079587a6f8,0x0000000795880000)
  to   space 1536K, 0% used [0x0000000795b00000,0x0000000795b00000,0x0000000795c80000)
 ParOldGen       total 129536K, used 28473K [0x0000000740000000, 0x0000000747e80000, 0x0000000795580000)
  object space 129536K, 21% used [0x0000000740000000,0x0000000741bce678,0x0000000747e80000)
 Metaspace       used 8030K, capacity 8151K, committed 8320K, reserved 1056768K
  class space    used 834K, capacity 882K, committed 896K, reserved 1048576K
Event: 1.601 GC heap after
Heap after GC invocations=8 (full 0):
 PSYoungGen      total 5632K, used 1131K [0x0000000795580000, 0x0000000795c80000, 0x00000007c0000000)
  eden space 4096K, 0% used [0x0000000795580000,0x0000000795580000,0x0000000795980000)
  from space 1536K, 73% used [0x0000000795b00000,0x0000000795c1ac00,0x0000000795c80000)
  to   space 1536K, 0% used [0x0000000795980000,0x0000000795980000,0x0000000795b00000)
 ParOldGen       total 129536K, used 28653K [0x0000000740000000, 0x0000000747e80000, 0x0000000795580000)
  object space 129536K, 22% used [0x0000000740000000,0x0000000741bfb6a8,0x0000000747e80000)
 Metaspace       used 8030K, capacity 8151K, committed 8320K, reserved 1056768K
  class space    used 834K, capacity 882K, committed 896K, reserved 1048576K
}
Event: 2.913 GC heap before
{Heap before GC invocations=9 (full 0):
 PSYoungGen      total 5632K, used 5227K [0x0000000795580000, 0x0000000795c80000, 0x00000007c0000000)
  eden space 4096K, 100% used [0x0000000795580000,0x0000000795980000,0x0000000795980000)
  from space 1536K, 73% used [0x0000000795b00000,0x0000000795c1ac00,0x0000000795c80000)
  to   space 1536K, 0% used [0x0000000795980000,0x0000000795980000,0x0000000795b00000)
 ParOldGen       total 129536K, used 28653K [0x0000000740000000, 0x0000000747e80000, 0x0000000795580000)
  object space 129536K, 22% used [0x0000000740000000,0x0000000741bfb6a8,0x0000000747e80000)
 Metaspace       used 8225K, capacity 8343K, committed 8576K, reserved 1056768K
  class space    used 850K, capacity 882K, committed 896K, reserved 1048576K
Event: 2.916 GC heap after
Heap after GC invocations=9 (full 0):
 PSYoungGen      total 5632K, used 1382K [0x0000000795580000, 0x0000000795f00000, 0x00000007c0000000)
  eden space 4096K, 0% used [0x0000000795580000,0x0000000795580000,0x0000000795980000)
  from space 1536K, 89% used [0x0000000795980000,0x0000000795ad9868,0x0000000795b00000)
  to   space 1536K, 0% used [0x0000000795d80000,0x0000000795d80000,0x0000000795f00000)
 ParOldGen       total 129536K, used 28906K [0x0000000740000000, 0x0000000747e80000, 0x0000000795580000)
  object space 129536K, 22% used [0x0000000740000000,0x0000000741c3aa00,0x0000000747e80000)
 Metaspace       used 8225K, capacity 8343K, committed 8576K, reserved 1056768K
  class space    used 850K, capacity 882K, committed 896K, reserved 1048576K
}

Deoptimization events (0 events):
No events

Internal exceptions (10 events):
Event: 1.696 Thread 0x00007fa3b1000800 Exception <a 'java/security/PrivilegedActionException'> (0x00000007956a7df0) thrown at [/HUDSON3/workspace/8-2-build-macosx-x86_64/jdk8u11/648/hotspot/src/share/vm/prims/jvm.cpp, line 1248]
Event: 1.696 Thread 0x00007fa3b1000800 Exception <a 'java/security/PrivilegedActionException'> (0x00000007956abd28) thrown at [/HUDSON3/workspace/8-2-build-macosx-x86_64/jdk8u11/648/hotspot/src/share/vm/prims/jvm.cpp, line 1248]
Event: 1.704 Thread 0x00007fa3b1000800 Exception <a 'java/security/PrivilegedActionException'> (0x00000007956c1130) thrown at [/HUDSON3/workspace/8-2-build-macosx-x86_64/jdk8u11/648/hotspot/src/share/vm/prims/jvm.cpp, line 1248]
Event: 1.705 Thread 0x00007fa3b1000800 Exception <a 'java/security/PrivilegedActionException'> (0x00000007956ca210) thrown at [/HUDSON3/workspace/8-2-build-macosx-x86_64/jdk8u11/648/hotspot/src/share/vm/prims/jvm.cpp, line 1248]
Event: 1.728 Thread 0x00007fa3b1000800 Exception <a 'java/security/PrivilegedActionException'> (0x00000007956cd7a0) thrown at [/HUDSON3/workspace/8-2-build-macosx-x86_64/jdk8u11/648/hotspot/src/share/vm/prims/jvm.cpp, line 1248]
Event: 1.728 Thread 0x00007fa3b1000800 Exception <a 'java/security/PrivilegedActionException'> (0x00000007956d01d8) thrown at [/HUDSON3/workspace/8-2-build-macosx-x86_64/jdk8u11/648/hotspot/src/share/vm/prims/jvm.cpp, line 1248]
Event: 1.858 Thread 0x00007fa3b1000800 Exception <a 'java/security/PrivilegedActionException'> (0x0000000795874cf0) thrown at [/HUDSON3/workspace/8-2-build-macosx-x86_64/jdk8u11/648/hotspot/src/share/vm/prims/jvm.cpp, line 1248]
Event: 2.222 Thread 0x00007fa3b1000800 Exception <a 'java/security/PrivilegedActionException'> (0x00000007958791a0) thrown at [/HUDSON3/workspace/8-2-build-macosx-x86_64/jdk8u11/648/hotspot/src/share/vm/prims/jvm.cpp, line 1248]
Event: 2.273 Thread 0x00007fa3b1000800 Exception <a 'java/security/PrivilegedActionException'> (0x000000079587ccc0) thrown at [/HUDSON3/workspace/8-2-build-macosx-x86_64/jdk8u11/648/hotspot/src/share/vm/prims/jvm.cpp, line 1248]
Event: 3.879 Thread 0x00007fa3b1000800 Exception <a 'java/security/PrivilegedActionException'> (0x00000007956bde80) thrown at [/HUDSON3/workspace/8-2-build-macosx-x86_64/jdk8u11/648/hotspot/src/share/vm/prims/jvm.cpp, line 1248]

Events (10 events):
Event: 2.333 Thread 0x00007fa3b1000800 DEOPT PACKING pc=0x00000001104846b9 sp=0x000000010f900380
Event: 2.333 Thread 0x00007fa3b1000800 DEOPT UNPACKING pc=0x000000011024701a sp=0x000000010f9001b0 mode 0
Event: 2.334 Thread 0x00007fa3b1000800 DEOPT PACKING pc=0x00000001104846b9 sp=0x000000010f900380
Event: 2.334 Thread 0x00007fa3b1000800 DEOPT UNPACKING pc=0x000000011024701a sp=0x000000010f9001b0 mode 0
Event: 2.334 Thread 0x00007fa3b1000800 DEOPT PACKING pc=0x00000001104846b9 sp=0x000000010f900380
Event: 2.334 Thread 0x00007fa3b1000800 DEOPT UNPACKING pc=0x000000011024701a sp=0x000000010f9001b0 mode 0
Event: 2.913 Executing VM operation: ParallelGCFailedAllocation
Event: 2.916 Executing VM operation: ParallelGCFailedAllocation done
Event: 3.879 loading class org/lwjgl/opengl/CallbackUtil
Event: 3.879 loading class org/lwjgl/opengl/CallbackUtil done


Dynamic libraries:
0x00000000038a9000 	/System/Library/Frameworks/Cocoa.framework/Versions/A/Cocoa
0x00000000038a9000 	/System/Library/Frameworks/Security.framework/Versions/A/Security
0x00000000038a9000 	/System/Library/Frameworks/ApplicationServices.framework/Versions/A/ApplicationServices
0x00000000038a9000 	/usr/lib/libz.1.dylib
0x00000000038a9000 	/usr/lib/libSystem.B.dylib
0x00000000038a9000 	/usr/lib/libobjc.A.dylib
0x00000000038a9000 	/System/Library/Frameworks/CoreFoundation.framework/Versions/A/CoreFoundation
0x00000000038a9000 	/System/Library/Frameworks/Foundation.framework/Versions/C/Foundation
0x00000000038a9000 	/System/Library/Frameworks/AppKit.framework/Versions/C/AppKit
0x00000000038a9000 	/System/Library/Frameworks/CoreData.framework/Versions/A/CoreData
0x00000000038a9000 	/System/Library/PrivateFrameworks/RemoteViewServices.framework/Versions/A/RemoteViewServices
0x00000000038a9000 	/System/Library/PrivateFrameworks/UIFoundation.framework/Versions/A/UIFoundation
0x00000000038a9000 	/System/Library/Frameworks/IOSurface.framework/Versions/A/IOSurface
0x00000000038a9000 	/System/Library/Frameworks/AudioToolbox.framework/Versions/A/AudioToolbox
0x00000000038a9000 	/System/Library/Frameworks/AudioUnit.framework/Versions/A/AudioUnit
0x00000000038a9000 	/System/Library/PrivateFrameworks/DataDetectorsCore.framework/Versions/A/DataDetectorsCore
0x00000000038a9000 	/System/Library/PrivateFrameworks/DesktopServicesPriv.framework/Versions/A/DesktopServicesPriv
0x00000000038a9000 	/System/Library/Frameworks/Carbon.framework/Versions/A/Frameworks/HIToolbox.framework/Versions/A/HIToolbox
0x00000000038a9000 	/System/Library/Frameworks/QuartzCore.framework/Versions/A/QuartzCore
0x00000000038a9000 	/System/Library/Frameworks/Carbon.framework/Versions/A/Frameworks/SpeechRecognition.framework/Versions/A/SpeechRecognition
0x00000000038a9000 	/usr/lib/libauto.dylib
0x00000000038a9000 	/usr/lib/libicucore.A.dylib
0x00000000038a9000 	/usr/lib/libxml2.2.dylib
0x00000000038a9000 	/System/Library/PrivateFrameworks/CoreUI.framework/Versions/A/CoreUI
0x00000000038a9000 	/System/Library/Frameworks/CoreAudio.framework/Versions/A/CoreAudio
0x00000000038a9000 	/System/Library/Frameworks/DiskArbitration.framework/Versions/A/DiskArbitration
0x00000000038a9000 	/usr/lib/liblangid.dylib
0x00000000038a9000 	/System/Library/PrivateFrameworks/MultitouchSupport.framework/Versions/A/MultitouchSupport
0x00000000038a9000 	/System/Library/Frameworks/IOKit.framework/Versions/A/IOKit
0x00000000038a9000 	/usr/lib/libDiagnosticMessagesClient.dylib
0x00000000038a9000 	/System/Library/Frameworks/CoreServices.framework/Versions/A/CoreServices
0x00000000038a9000 	/System/Library/PrivateFrameworks/PerformanceAnalysis.framework/Versions/A/PerformanceAnalysis
0x00000000038a9000 	/System/Library/PrivateFrameworks/GenerationalStorage.framework/Versions/A/GenerationalStorage
0x00000000038a9000 	/System/Library/Frameworks/OpenGL.framework/Versions/A/OpenGL
0x00000000038a9000 	/System/Library/PrivateFrameworks/Sharing.framework/Versions/A/Sharing
0x00000000038a9000 	/System/Library/Frameworks/CoreGraphics.framework/Versions/A/CoreGraphics
0x00000000038a9000 	/System/Library/Frameworks/CoreText.framework/Versions/A/CoreText
0x00000000038a9000 	/System/Library/Frameworks/ImageIO.framework/Versions/A/ImageIO
0x00000000038a9000 	/usr/lib/libextension.dylib
0x00000000038a9000 	/System/Library/PrivateFrameworks/Backup.framework/Versions/A/Backup
0x00000000038a9000 	/usr/lib/libarchive.2.dylib
0x00000000038a9000 	/System/Library/Frameworks/CFNetwork.framework/Versions/A/CFNetwork
0x00000000038a9000 	/System/Library/Frameworks/SystemConfiguration.framework/Versions/A/SystemConfiguration
0x00000000038a9000 	/usr/lib/libCRFSuite.dylib
0x00000000038a9000 	/usr/lib/libc++.1.dylib
0x00000000038a9000 	/usr/lib/libc++abi.dylib
0x00000000038a9000 	/usr/lib/system/libcache.dylib
0x00000000038a9000 	/usr/lib/system/libcommonCrypto.dylib
0x00000000038a9000 	/usr/lib/system/libcompiler_rt.dylib
0x00000000038a9000 	/usr/lib/system/libcopyfile.dylib
0x00000000038a9000 	/usr/lib/system/libcorecrypto.dylib
0x00000000038a9000 	/usr/lib/system/libdispatch.dylib
0x00000000038a9000 	/usr/lib/system/libdyld.dylib
0x00000000038a9000 	/usr/lib/system/libkeymgr.dylib
0x00000000038a9000 	/usr/lib/system/liblaunch.dylib
0x00000000038a9000 	/usr/lib/system/libmacho.dylib
0x00000000038a9000 	/usr/lib/system/libquarantine.dylib
0x00000000038a9000 	/usr/lib/system/libremovefile.dylib
0x00000000038a9000 	/usr/lib/system/libsystem_asl.dylib
0x00000000038a9000 	/usr/lib/system/libsystem_blocks.dylib
0x00000000038a9000 	/usr/lib/system/libsystem_c.dylib
0x00000000038a9000 	/usr/lib/system/libsystem_configuration.dylib
0x00000000038a9000 	/usr/lib/system/libsystem_coreservices.dylib
0x00000000038a9000 	/usr/lib/system/libsystem_coretls.dylib
0x00000000038a9000 	/usr/lib/system/libsystem_dnssd.dylib
0x00000000038a9000 	/usr/lib/system/libsystem_info.dylib
0x00000000038a9000 	/usr/lib/system/libsystem_kernel.dylib
0x00000000038a9000 	/usr/lib/system/libsystem_m.dylib
0x00000000038a9000 	/usr/lib/system/libsystem_malloc.dylib
0x00000000038a9000 	/usr/lib/system/libsystem_network.dylib
0x00000000038a9000 	/usr/lib/system/libsystem_networkextension.dylib
0x00000000038a9000 	/usr/lib/system/libsystem_notify.dylib
0x00000000038a9000 	/usr/lib/system/libsystem_platform.dylib
0x00000000038a9000 	/usr/lib/system/libsystem_pthread.dylib
0x00000000038a9000 	/usr/lib/system/libsystem_sandbox.dylib
0x00000000038a9000 	/usr/lib/system/libsystem_secinit.dylib
0x00000000038a9000 	/usr/lib/system/libsystem_stats.dylib
0x00000000038a9000 	/usr/lib/system/libsystem_trace.dylib
0x00000000038a9000 	/usr/lib/system/libunc.dylib
0x00000000038a9000 	/usr/lib/system/libunwind.dylib
0x00000000038a9000 	/usr/lib/system/libxpc.dylib
0x00000000038a9000 	/usr/lib/libbz2.1.0.dylib
0x00000000038a9000 	/usr/lib/liblzma.5.dylib
0x00000000038a9000 	/usr/lib/libbsm.0.dylib
0x00000000038a9000 	/usr/lib/libsqlite3.dylib
0x00000000038a9000 	/usr/lib/system/libkxld.dylib
0x00000000038a9000 	/usr/lib/libxar.1.dylib
0x00000000038a9000 	/usr/lib/libpam.2.dylib
0x00000000038a9000 	/usr/lib/libOpenScriptingUtil.dylib
0x00000000038a9000 	/System/Library/Frameworks/CoreServices.framework/Versions/A/Frameworks/FSEvents.framework/Versions/A/FSEvents
0x00000000038a9000 	/System/Library/Frameworks/CoreServices.framework/Versions/A/Frameworks/CarbonCore.framework/Versions/A/CarbonCore
0x00000000038a9000 	/System/Library/Frameworks/CoreServices.framework/Versions/A/Frameworks/Metadata.framework/Versions/A/Metadata
0x00000000038a9000 	/System/Library/Frameworks/CoreServices.framework/Versions/A/Frameworks/OSServices.framework/Versions/A/OSServices
0x00000000038a9000 	/System/Library/Frameworks/CoreServices.framework/Versions/A/Frameworks/SearchKit.framework/Versions/A/SearchKit
0x00000000038a9000 	/System/Library/Frameworks/CoreServices.framework/Versions/A/Frameworks/AE.framework/Versions/A/AE
0x00000000038a9000 	/System/Library/Frameworks/CoreServices.framework/Versions/A/Frameworks/LaunchServices.framework/Versions/A/LaunchServices
0x00000000038a9000 	/System/Library/Frameworks/CoreServices.framework/Versions/A/Frameworks/DictionaryServices.framework/Versions/A/DictionaryServices
0x00000000038a9000 	/System/Library/Frameworks/NetFS.framework/Versions/A/NetFS
0x00000000038a9000 	/System/Library/PrivateFrameworks/NetAuth.framework/Versions/A/NetAuth
0x00000000038a9000 	/System/Library/PrivateFrameworks/login.framework/Versions/A/Frameworks/loginsupport.framework/Versions/A/loginsupport
0x00000000038a9000 	/System/Library/PrivateFrameworks/TCC.framework/Versions/A/TCC
0x00000000038a9000 	/usr/lib/libmecabra.dylib
0x00000000038a9000 	/System/Library/Frameworks/ApplicationServices.framework/Versions/A/Frameworks/ATS.framework/Versions/A/ATS
0x00000000038a9000 	/System/Library/Frameworks/ApplicationServices.framework/Versions/A/Frameworks/ColorSync.framework/Versions/A/ColorSync
0x00000000038a9000 	/System/Library/Frameworks/ApplicationServices.framework/Versions/A/Frameworks/HIServices.framework/Versions/A/HIServices
0x00000000038a9000 	/System/Library/Frameworks/ApplicationServices.framework/Versions/A/Frameworks/LangAnalysis.framework/Versions/A/LangAnalysis
0x00000000038a9000 	/System/Library/Frameworks/ApplicationServices.framework/Versions/A/Frameworks/PrintCore.framework/Versions/A/PrintCore
0x00000000038a9000 	/System/Library/Frameworks/ApplicationServices.framework/Versions/A/Frameworks/QD.framework/Versions/A/QD
0x00000000038a9000 	/System/Library/Frameworks/ApplicationServices.framework/Versions/A/Frameworks/SpeechSynthesis.framework/Versions/A/SpeechSynthesis
0x00000000038a9000 	/System/Library/Frameworks/Accelerate.framework/Versions/A/Accelerate
0x00000000038a9000 	/System/Library/Frameworks/Accelerate.framework/Versions/A/Frameworks/vImage.framework/Versions/A/vImage
0x00000000038a9000 	/System/Library/Frameworks/Accelerate.framework/Versions/A/Frameworks/vecLib.framework/Versions/A/vecLib
0x00000000038a9000 	/System/Library/Frameworks/Accelerate.framework/Versions/A/Frameworks/vecLib.framework/Versions/A/libvDSP.dylib
0x00000000038a9000 	/System/Library/Frameworks/Accelerate.framework/Versions/A/Frameworks/vecLib.framework/Versions/A/libvMisc.dylib
0x00000000038a9000 	/System/Library/Frameworks/Accelerate.framework/Versions/A/Frameworks/vecLib.framework/Versions/A/libLAPACK.dylib
0x00000000038a9000 	/System/Library/Frameworks/Accelerate.framework/Versions/A/Frameworks/vecLib.framework/Versions/A/libBLAS.dylib
0x00000000038a9000 	/System/Library/Frameworks/Accelerate.framework/Versions/A/Frameworks/vecLib.framework/Versions/A/libLinearAlgebra.dylib
0x00000000038a9000 	/System/Library/Frameworks/ApplicationServices.framework/Versions/A/Frameworks/ATS.framework/Versions/A/Resources/libFontParser.dylib
0x00000000038a9000 	/System/Library/Frameworks/ApplicationServices.framework/Versions/A/Frameworks/ATS.framework/Versions/A/Resources/libFontRegistry.dylib
0x00000000038a9000 	/System/Library/PrivateFrameworks/AppleVPA.framework/Versions/A/AppleVPA
0x00000000038a9000 	/System/Library/PrivateFrameworks/AppleJPEG.framework/Versions/A/AppleJPEG
0x00000000038a9000 	/System/Library/Frameworks/ImageIO.framework/Versions/A/Resources/libJPEG.dylib
0x00000000038a9000 	/System/Library/Frameworks/ImageIO.framework/Versions/A/Resources/libTIFF.dylib
0x00000000038a9000 	/System/Library/Frameworks/ImageIO.framework/Versions/A/Resources/libPng.dylib
0x00000000038a9000 	/System/Library/Frameworks/ImageIO.framework/Versions/A/Resources/libGIF.dylib
0x00000000038a9000 	/System/Library/Frameworks/ImageIO.framework/Versions/A/Resources/libJP2.dylib
0x00000000038a9000 	/System/Library/Frameworks/ImageIO.framework/Versions/A/Resources/libRadiance.dylib
0x00000000038a9000 	/System/Library/Frameworks/CoreVideo.framework/Versions/A/CoreVideo
0x00000000038a9000 	/System/Library/Frameworks/OpenGL.framework/Versions/A/Libraries/libGLU.dylib
0x00000000038a9000 	/System/Library/Frameworks/OpenGL.framework/Versions/A/Libraries/libGFXShared.dylib
0x00000000038a9000 	/System/Library/Frameworks/OpenGL.framework/Versions/A/Libraries/libGL.dylib
0x00000000038a9000 	/System/Library/Frameworks/OpenGL.framework/Versions/A/Libraries/libGLImage.dylib
0x00000000038a9000 	/System/Library/Frameworks/OpenGL.framework/Versions/A/Libraries/libCVMSPluginSupport.dylib
0x00000000038a9000 	/System/Library/Frameworks/OpenGL.framework/Versions/A/Libraries/libCoreVMClient.dylib
0x00000000038a9000 	/usr/lib/libcups.2.dylib
0x00000000038a9000 	/System/Library/Frameworks/Kerberos.framework/Versions/A/Kerberos
0x00000000038a9000 	/System/Library/Frameworks/GSS.framework/Versions/A/GSS
0x00000000038a9000 	/usr/lib/libresolv.9.dylib
0x00000000038a9000 	/usr/lib/libiconv.2.dylib
0x00000000038a9000 	/System/Library/PrivateFrameworks/Heimdal.framework/Versions/A/Heimdal
0x00000000038a9000 	/usr/lib/libheimdal-asn1.dylib
0x00000000038a9000 	/System/Library/Frameworks/OpenDirectory.framework/Versions/A/OpenDirectory
0x00000000038a9000 	/System/Library/PrivateFrameworks/CommonAuth.framework/Versions/A/CommonAuth
0x00000000038a9000 	/System/Library/Frameworks/OpenDirectory.framework/Versions/A/Frameworks/CFOpenDirectory.framework/Versions/A/CFOpenDirectory
0x00000000038a9000 	/System/Library/Frameworks/SecurityFoundation.framework/Versions/A/SecurityFoundation
0x00000000038a9000 	/System/Library/PrivateFrameworks/LanguageModeling.framework/Versions/A/LanguageModeling
0x00000000038a9000 	/usr/lib/libcmph.dylib
0x00000000038a9000 	/System/Library/Frameworks/ServiceManagement.framework/Versions/A/ServiceManagement
0x00000000038a9000 	/usr/lib/libxslt.1.dylib
0x00000000038a9000 	/System/Library/Frameworks/Carbon.framework/Versions/A/Frameworks/Ink.framework/Versions/A/Ink
0x00000000038a9000 	/System/Library/Frameworks/QuartzCore.framework/Versions/A/Frameworks/CoreImage.framework/Versions/A/CoreImage
0x00000000038a9000 	/System/Library/PrivateFrameworks/CrashReporterSupport.framework/Versions/A/CrashReporterSupport
0x00000000038a9000 	/System/Library/Frameworks/OpenCL.framework/Versions/A/OpenCL
0x00000000038a9000 	/System/Library/PrivateFrameworks/FaceCore.framework/Versions/A/FaceCore
0x00000000038a9000 	/System/Library/PrivateFrameworks/Ubiquity.framework/Versions/A/Ubiquity
0x00000000038a9000 	/System/Library/PrivateFrameworks/IconServices.framework/Versions/A/IconServices
0x00000000038a9000 	/System/Library/PrivateFrameworks/ChunkingLibrary.framework/Versions/A/ChunkingLibrary
0x00000000038a9000 	/System/Library/PrivateFrameworks/Apple80211.framework/Versions/A/Apple80211
0x00000000038a9000 	/System/Library/Frameworks/CoreWLAN.framework/Versions/A/CoreWLAN
0x00000000038a9000 	/System/Library/Frameworks/IOBluetooth.framework/Versions/A/IOBluetooth
0x00000000038a9000 	/System/Library/PrivateFrameworks/CoreWiFi.framework/Versions/A/CoreWiFi
0x00000000038a9000 	/System/Library/Frameworks/CoreBluetooth.framework/Versions/A/CoreBluetooth
0x00000000038a9000 	/System/Library/PrivateFrameworks/DebugSymbols.framework/Versions/A/DebugSymbols
0x00000000038a9000 	/System/Library/PrivateFrameworks/CoreSymbolication.framework/Versions/A/CoreSymbolication
0x00000000038a9000 	/System/Library/PrivateFrameworks/Symbolication.framework/Versions/A/Symbolication
0x00000000038a9000 	/System/Library/PrivateFrameworks/SpeechRecognitionCore.framework/Versions/A/SpeechRecognitionCore
0x000000010e93f000 	/Library/Java/JavaVirtualMachines/jdk1.8.0_11.jdk/Contents/Home/jre/lib/server/libjvm.dylib
0x00000000038a9000 	/usr/lib/libstdc++.6.dylib
0x000000010f903000 	/Library/Java/JavaVirtualMachines/jdk1.8.0_11.jdk/Contents/Home/jre/lib/libverify.dylib
0x000000010f911000 	/Library/Java/JavaVirtualMachines/jdk1.8.0_11.jdk/Contents/Home/jre/lib/libjava.dylib
0x000000010f966000 	/Library/Java/JavaVirtualMachines/jdk1.8.0_11.jdk/Contents/Home/jre/lib/libzip.dylib
0x00000001261e4000 	/System/Library/Frameworks/JavaVM.framework/Frameworks/JavaRuntimeSupport.framework/JavaRuntimeSupport
0x00000001261fa000 	/System/Library/Frameworks/JavaVM.framework/Versions/A/Frameworks/JavaNativeFoundation.framework/Versions/A/JavaNativeFoundation
0x000000012620e000 	/System/Library/Frameworks/JavaVM.framework/Versions/A/JavaVM
0x00000000038a9000 	/System/Library/Frameworks/Carbon.framework/Versions/A/Carbon
0x000000012621a000 	/System/Library/PrivateFrameworks/JavaLaunching.framework/Versions/A/JavaLaunching
0x00000000038a9000 	/System/Library/Frameworks/Carbon.framework/Versions/A/Frameworks/CommonPanels.framework/Versions/A/CommonPanels
0x00000000038a9000 	/System/Library/Frameworks/Carbon.framework/Versions/A/Frameworks/Help.framework/Versions/A/Help
0x00000000038a9000 	/System/Library/Frameworks/Carbon.framework/Versions/A/Frameworks/ImageCapture.framework/Versions/A/ImageCapture
0x00000000038a9000 	/System/Library/Frameworks/Carbon.framework/Versions/A/Frameworks/OpenScripting.framework/Versions/A/OpenScripting
0x00000000038a9000 	/System/Library/Frameworks/Carbon.framework/Versions/A/Frameworks/Print.framework/Versions/A/Print
0x00000000038a9000 	/System/Library/Frameworks/Carbon.framework/Versions/A/Frameworks/SecurityHI.framework/Versions/A/SecurityHI
0x0000000128137000 	/Library/Java/JavaVirtualMachines/jdk1.8.0_11.jdk/Contents/Home/jre/lib/libawt.dylib
0x00000001281e6000 	/Library/Java/JavaVirtualMachines/jdk1.8.0_11.jdk/Contents/Home/jre/lib/./libmlib_image.dylib
0x00000001282b2000 	/Library/Java/JavaVirtualMachines/jdk1.8.0_11.jdk/Contents/Home/jre/lib/libawt_lwawt.dylib
0x0000000128364000 	/Library/Java/JavaVirtualMachines/jdk1.8.0_11.jdk/Contents/Home/jre/lib/./libosxapp.dylib
0x00000000038a9000 	/System/Library/Frameworks/ExceptionHandling.framework/Versions/A/ExceptionHandling
0x00000000038a9000 	/System/Library/PrivateFrameworks/CoreServicesInternal.framework/Versions/A/CoreServicesInternal
0x00000000038a9000 	/System/Library/PrivateFrameworks/CloudDocs.framework/Versions/A/CloudDocs
0x00000000038a9000 	/System/Library/PrivateFrameworks/CoreDuet.framework/Versions/A/CoreDuet
0x00000000038a9000 	/System/Library/Frameworks/CloudKit.framework/Versions/A/CloudKit
0x00000000038a9000 	/System/Library/PrivateFrameworks/ProtocolBuffer.framework/Versions/A/ProtocolBuffer
0x00000000038a9000 	/System/Library/PrivateFrameworks/CoreDuetDaemonProtocol.framework/Versions/A/CoreDuetDaemonProtocol
0x00000000038a9000 	/System/Library/PrivateFrameworks/CoreDuetDebugLogging.framework/Versions/A/CoreDuetDebugLogging
0x00000000038a9000 	/System/Library/PrivateFrameworks/MMCS.framework/Versions/A/MMCS
0x00000000038a9000 	/System/Library/Frameworks/CoreLocation.framework/Versions/A/CoreLocation
0x00000000038a9000 	/System/Library/PrivateFrameworks/ProtectedCloudStorage.framework/Versions/A/ProtectedCloudStorage
0x00000000038a9000 	/System/Library/PrivateFrameworks/GeoServices.framework/Versions/A/GeoServices
0x00000000038a9000 	/System/Library/Frameworks/CoreGraphics.framework/Versions/A/Resources/libCGCMS.A.dylib
0x00000000038a9000 	/System/Library/Frameworks/CoreGraphics.framework/Versions/A/Resources/libRIP.A.dylib
0x00000000038a9000 	/System/Library/Frameworks/CoreGraphics.framework/Versions/A/Resources/libCGXType.A.dylib
0x00000000038a9000 	/System/Library/Frameworks/OpenCL.framework/Versions/A/Libraries/libcldcpuengine.dylib
0x00000000038a9000 	/System/Library/PrivateFrameworks/DiskImages.framework/Versions/A/DiskImages
0x00000000038a9000 	/System/Library/Frameworks/DiscRecording.framework/Versions/A/DiscRecording
0x00000000038a9000 	/usr/lib/libcsfde.dylib
0x00000000038a9000 	/usr/lib/libcurl.4.dylib
0x00000000038a9000 	/System/Library/PrivateFrameworks/MediaKit.framework/Versions/A/MediaKit
0x00000000038a9000 	/usr/lib/libCoreStorage.dylib
0x00000000038a9000 	/System/Library/PrivateFrameworks/EFILogin.framework/Versions/A/EFILogin
0x00000000038a9000 	/usr/lib/libutil.dylib
0x00000000038a9000 	/System/Library/PrivateFrameworks/FindMyDevice.framework/Versions/A/FindMyDevice
0x00000000038a9000 	/System/Library/Frameworks/LDAP.framework/Versions/A/LDAP
0x00000000038a9000 	/usr/lib/libsasl2.2.dylib
0x00000000038a9000 	/System/Library/PrivateFrameworks/CoreDaemon.framework/Versions/B/CoreDaemon
0x00000000038a9000 	/usr/lib/libcrypto.0.9.8.dylib
0x00000000038a9000 	/System/Library/PrivateFrameworks/AppleSRP.framework/Versions/A/AppleSRP
0x00000000038a9000 	/System/Library/PrivateFrameworks/TrustEvaluationAgent.framework/Versions/A/TrustEvaluationAgent
0x000000012b295000 	cl_kernels
0x000000012b297000 	/System/Library/Frameworks/OpenCL.framework/Versions/A/Libraries/ImageFormats/unorm8_bgra.dylib
0x000000012b286000 	cl_kernels
0x00000000038a9000 	/System/Library/PrivateFrameworks/FamilyControls.framework/Versions/A/FamilyControls
0x00000000038a9000 	/System/Library/PrivateFrameworks/CommerceKit.framework/Versions/A/Frameworks/CommerceCore.framework/Versions/A/CommerceCore
0x00000000038a9000 	/System/Library/PrivateFrameworks/SystemAdministration.framework/Versions/A/SystemAdministration
0x00000000038a9000 	/System/Library/PrivateFrameworks/AppContainer.framework/Versions/A/AppContainer
0x00000000038a9000 	/System/Library/PrivateFrameworks/SecCodeWrapper.framework/Versions/A/SecCodeWrapper
0x00000000038a9000 	/System/Library/Frameworks/DirectoryService.framework/Versions/A/DirectoryService
0x00000000038a9000 	/System/Library/PrivateFrameworks/LoginUIKit.framework/Versions/A/Frameworks/LoginUICore.framework/Versions/A/LoginUICore
0x00000000038a9000 	/usr/lib/libodfde.dylib
0x000000012c45d000 	/Library/Java/JavaVirtualMachines/jdk1.8.0_11.jdk/Contents/Home/jre/lib/libfontmanager.dylib
0x000000012c4c3000 	/Users/Olivier/Dropbox/Informatique/Projet_Int-grateur_TeamYOCO-master/build/classes/res/native/liblwjgl.dylib
0x000000012a7cf000 	/Library/Java/JavaVirtualMachines/jdk1.8.0_11.jdk/Contents/Home/jre/lib/libjawt.dylib
0x000000012c54f000 	/Users/Olivier/Dropbox/Informatique/Projet_Int-grateur_TeamYOCO-master/build/classes/res/native/openal.dylib
0x000000012c5d2000 	/System/Library/Components/CoreAudio.component/Contents/MacOS/CoreAudio
0x000000012b28a000 	/System/Library/Extensions/AppleHDA.kext/Contents/PlugIns/AppleHDAHALPlugIn.bundle/Contents/MacOS/AppleHDAHALPlugIn
0x00000000038a9000 	/System/Library/Frameworks/OpenGL.framework/Versions/A/Resources/GLEngine.bundle/GLEngine
0x00000000038a9000 	/System/Library/Frameworks/OpenGL.framework/Versions/A/Libraries/libGLProgrammability.dylib
0x00000001319f1000 	/System/Library/Extensions/AppleIntelHDGraphicsGLDriver.bundle/Contents/MacOS/AppleIntelHDGraphicsGLDriver
0x0000000131e78000 	/System/Library/PrivateFrameworks/GPUSupport.framework/Versions/A/Libraries/libGPUSupport.dylib
0x0000000000000000 	/System/Library/Extensions/GeForceTeslaGLDriver.bundle/Contents/MacOS/GeForceTeslaGLDriver
0x0000000131e8c000 	/System/Library/Extensions/GeForceTeslaGLDriver.bundle/Contents/MacOS/libclh.dylib
0x00000000038a9000 	/System/Library/Frameworks/OpenGL.framework/Versions/A/Resources/GLRendererFloat.bundle/GLRendererFloat

VM Arguments:
jvm_args: -Dfile.encoding=UTF-8 -Djava.library.path=lib 
java_command: ca.qc.bdeb.info204.Game
java_class_path (initial): /Users/Olivier/Dropbox/Informatique/Projet_Int-grateur_TeamYOCO-master/lib/jinput.jar:/Users/Olivier/Dropbox/Informatique/Projet_Int-grateur_TeamYOCO-master/lib/lwjgl.jar:/Users/Olivier/Dropbox/Informatique/Projet_Int-grateur_TeamYOCO-master/lib/lwjgl_util.jar:/Users/Olivier/Dropbox/Informatique/Projet_Int-grateur_TeamYOCO-master/lib/slick.jar:/Users/Olivier/Dropbox/Informatique/Projet_Int-grateur_TeamYOCO-master/build/classes
Launcher Type: SUN_STANDARD

Environment Variables:
PATH=/usr/bin:/bin:/usr/sbin:/sbin
LD_LIBRARY_PATH=/Library/Java/JavaVirtualMachines/jdk1.8.0_11.jdk/Contents/Home/jre/lib/amd64:/Library/Java/JavaVirtualMachines/jdk1.8.0_11.jdk/Contents/Home/jre/lib/i386:
SHELL=/bin/bash
DYLD_LIBRARY_PATH=/Applications/NetBeans/NetBeans 8.0.1.app/Contents/Resources/NetBeans/webcommon/bin:

Signal Handlers:
SIGSEGV: [libjvm.dylib+0x56059b], sa_mask[0]=0xfffefeff, sa_flags=0x00000043
SIGBUS: [libjvm.dylib+0x56059b], sa_mask[0]=0xfffefeff, sa_flags=0x00000042
SIGFPE: [libjvm.dylib+0x4438f2], sa_mask[0]=0xfffefeff, sa_flags=0x00000042
SIGPIPE: [libjvm.dylib+0x4438f2], sa_mask[0]=0xfffefeff, sa_flags=0x00000042
SIGXFSZ: [libjvm.dylib+0x4438f2], sa_mask[0]=0xfffefeff, sa_flags=0x00000042
SIGILL: [libjvm.dylib+0x4438f2], sa_mask[0]=0xfffefeff, sa_flags=0x00000042
SIGUSR1: SIG_DFL, sa_mask[0]=0x00000000, sa_flags=0x00000000
SIGUSR2: [libjvm.dylib+0x443410], sa_mask[0]=0x00000004, sa_flags=0x00000042
SIGHUP: [libjvm.dylib+0x44179b], sa_mask[0]=0xfffefeff, sa_flags=0x00000042
SIGINT: SIG_IGN, sa_mask[0]=0x00000000, sa_flags=0x00000000
SIGTERM: [libjvm.dylib+0x44179b], sa_mask[0]=0xfffefeff, sa_flags=0x00000042
SIGQUIT: [libjvm.dylib+0x44179b], sa_mask[0]=0xfffefeff, sa_flags=0x00000042


---------------  S Y S T E M  ---------------

OS:Bsduname:Darwin 14.5.0 Darwin Kernel Version 14.5.0: Wed Jul 29 02:26:53 PDT 2015; root:xnu-2782.40.9~1/RELEASE_X86_64 x86_64
rlimit: STACK 8192k, CORE 0k, NPROC 709, NOFILE 10240, AS infinity
load average:2.10 1.74 2.01

CPU:total 4 (2 cores per cpu, 2 threads per core) family 6 model 37 stepping 5, cmov, cx8, fxsr, mmx, sse, sse2, sse3, ssse3, sse4.1, sse4.2, popcnt, aes, clmul, ht, tsc, tscinvbit

Memory: 4k page, physical 8388608k(97824k free)

/proc/meminfo:


vm_info: Java HotSpot(TM) 64-Bit Server VM (25.11-b03) for bsd-amd64 JRE (1.8.0_11-b12), built on Jun 16 2014 17:39:42 by "java_re" with gcc 4.2.1 (Based on Apple Inc. build 5658) (LLVM build 2336.11.00)

time: Fri Mar 25 16:24:43 2016
elapsed time: 3 seconds

