#
# A fatal error has been detected by the Java Runtime Environment:
#
#  SIGSEGV (0xb) at pc=0x00007fff8c6990dd, pid=7036, tid=1811
#
# JRE version: Java(TM) SE Runtime Environment (8.0_11-b12) (build 1.8.0_11-b12)
# Java VM: Java HotSpot(TM) 64-Bit Server VM (25.11-b03 mixed mode bsd-amd64 compressed oops)
# Problematic frame:
# C  [libobjc.A.dylib+0x10dd]  objc_msgSend+0x1d
#
# Failed to write core dump. Core dumps have been disabled. To enable core dumping, try "ulimit -c unlimited" before starting Java again
#
# If you would like to submit a bug report, please visit:
#   http://bugreport.sun.com/bugreport/crash.jsp
# The crash happened outside the Java Virtual Machine in native code.
# See problematic frame for where to report the bug.
#

---------------  T H R E A D  ---------------

Current thread (0x00007fd2f2868000):  JavaThread "AppKit Thread" daemon [_thread_in_native, id=1811, stack(0x00007fff50ed1000,0x00007fff516d1000)]

siginfo:si_signo=SIGSEGV: si_errno=0, si_code=1 (SEGV_MAPERR), si_addr=0x0000000000000018

Registers:
RAX=0x00007fd2f1480b20, RBX=0x00007fff516cc848, RCX=0x0000000000000000, RDX=0x00007fd2f17605d0
RSP=0x00007fff516cc668, RBP=0x00007fff516cc670, RSI=0x00007fff8508141e, RDI=0x00007fd2f1480b20
R8 =0x00007fff516cc650, R9 =0x0000000000000055, R10=0x00007fff8508141e, R11=0x0000000000000000
R12=0x00007fd2f1410250, R13=0x00000000000f42f0, R14=0x00007fd2f1648120, R15=0x00007fff516cc7a8
RIP=0x00007fff8c6990dd, EFLAGS=0x0000000000010246, ERR=0x0000000000000004
  TRAPNO=0x000000000000000e

Top of Stack: (sp=0x00007fff516cc668)
0x00007fff516cc668:   00007fff8ff6d45c 00007fff516cc9d0
0x00007fff516cc678:   00007fff8fe5d634 00007fff516cc6fc
0x00007fff516cc688:   00007fff516cc700 00007fff516cc704
0x00007fff516cc698:   00007fff76a02e00 ffffffffffffffff
0x00007fff516cc6a8:   00000000000007f8 00007fff76a02e18
0x00007fff516cc6b8:   00007fd2f1648120 0000000000000000
0x00007fff516cc6c8:   00007fff516cc7a0 0000000000000000
0x00007fff516cc6d8:   00007fd2f1699e40 00007fff516cc820
0x00007fff516cc6e8:   0000000000000055 00000000000f42f2
0x00007fff516cc6f8:   00007fd2f17605d0 00007fd2f1699870
0x00007fff516cc708:   00007fd2f1410250 0000000000000001
0x00007fff516cc718:   00000000000f42f0 00007fd2f1410240
0x00007fff516cc728:   00007fff93927c05 00000001f1683ee0
0x00007fff516cc738:   00007fff74f2d0d0 0000000042000000
0x00007fff516cc748:   00007fff9392ee63 00007fff769cd240
0x00007fff516cc758:   00007fff516cc828 00007fff516cc780
0x00007fff516cc768:   00007fff516cc7a0 0000000000000000
0x00007fff516cc778:   0000000000000023 0001790300000001
0x00007fff516cc788:   00007fd2f1410274 0000000000000000
0x00007fff516cc798:   0000000000000000 00007fd2f1699ec0
0x00007fff516cc7a8:   00007fd2f1648120 0000002000000000
0x00007fff516cc7b8:   0000000000000000 00007fff74f2d0d0
0x00007fff516cc7c8:   0000000042000000 00007fff9392e4f8
0x00007fff516cc7d8:   00007fff769cd350 00007fff516cc738
0x00007fff516cc7e8:   0000000000000000 00007fff516cc8b8
0x00007fff516cc7f8:   00007fff74534ea0 00007fff516cc8f0
0x00007fff516cc808:   00007fff85329770 00007fff516cc8a0
0x00007fff516cc818:   00007fff847b54ed 0000000000000050
0x00007fff516cc828:   0000000000000000 00000000000f42e1
0x00007fff516cc838:   0000000000000052 0000000000000000
0x00007fff516cc848:   00000000000f42f0 00007fff516cc8c4
0x00007fff516cc858:   0000000000411101 00000000ffffffff 

Instructions: (pc=0x00007fff8c6990dd)
0x00007fff8c6990bd:   00 00 00 48 85 ff 2e 74 7a 40 f6 c7 01 2e 75 7e
0x00007fff8c6990cd:   49 bb f8 ff ff ff ff 7f 00 00 4c 23 1f 49 89 f2
0x00007fff8c6990dd:   45 23 53 18 49 c1 e2 04 4d 03 53 10 49 3b 32 75
0x00007fff8c6990ed:   04 41 ff 62 08 49 83 3a 00 74 6a 4d 3b 53 10 74 

Register to memory mapping:

RAX=0x00007fd2f1480b20 is an unknown value
RBX=0x00007fff516cc848 is pointing into the stack for thread: 0x00007fd2f2868000
RCX=0x0000000000000000 is an unknown value
RDX=0x00007fd2f17605d0 is an unknown value
RSP=0x00007fff516cc668 is pointing into the stack for thread: 0x00007fd2f2868000
RBP=0x00007fff516cc670 is pointing into the stack for thread: 0x00007fd2f2868000
RSI=0x00007fff8508141e: -[NSTitlebarContainerView transparent]+0x5e312 in /System/Library/Frameworks/AppKit.framework/Versions/C/AppKit at 0x00007fff84680000
RDI=0x00007fd2f1480b20 is an unknown value
R8 =0x00007fff516cc650 is pointing into the stack for thread: 0x00007fd2f2868000
R9 =0x0000000000000055 is an unknown value
R10=0x00007fff8508141e: -[NSTitlebarContainerView transparent]+0x5e312 in /System/Library/Frameworks/AppKit.framework/Versions/C/AppKit at 0x00007fff84680000
R11=0x0000000000000000 is an unknown value
R12=0x00007fd2f1410250 is an unknown value
R13=0x00000000000f42f0 is an unknown value
R14=0x00007fd2f1648120 is an unknown value
R15=0x00007fff516cc7a8 is pointing into the stack for thread: 0x00007fd2f2868000


Stack: [0x00007fff50ed1000,0x00007fff516d1000],  sp=0x00007fff516cc668,  free space=8173k
Native frames: (J=compiled Java code, j=interpreted, Vv=VM code, C=native code)
C  [libobjc.A.dylib+0x10dd]  objc_msgSend+0x1d
C  [CoreFoundation+0x10634]  _CFXNotificationPost+0xc44
C  [Foundation+0x7aa1]  -[NSNotificationCenter postNotificationName:object:userInfo:]+0x42
C  [AppKit+0x439c2]  -[NSSurface _disposeSurface]+0x98
C  [AppKit+0x43426]  -[NSSurface setWindow:]+0x42
C  [AppKit+0x33910]  -[NSView _setWindow:]+0xa33
C  [AppKit+0x6af91]  -[NSView removeFromSuperview]+0x1c5
C  [AppKit+0x14bd99]  -[NSView removeFromSuperviewWithoutNeedingDisplay]+0x26
C  [liblwjgl.dylib+0xa205]  +[MacOSXKeyableWindow destroyWindow]+0xb5
C  [Foundation+0x92dd0]  __NSThreadPerformPerform+0x125
C  [CoreFoundation+0x80a01]  __CFRUNLOOP_IS_CALLING_OUT_TO_A_SOURCE0_PERFORM_FUNCTION__+0x11
C  [CoreFoundation+0x72b8d]  __CFRunLoopDoSources0+0x10d
C  [CoreFoundation+0x721bf]  __CFRunLoopRun+0x39f
C  [CoreFoundation+0x71bd8]  CFRunLoopRunSpecific+0x128
C  [HIToolbox+0x3256f]  RunCurrentEventLoopInMode+0xeb
C  [HIToolbox+0x322ea]  ReceiveNextEventCommon+0x1af
C  [HIToolbox+0x3212b]  _BlockUntilNextEventMatchingListInModeWithFilter+0x47
C  [AppKit+0x918ab]  _DPSNextEvent+0x3d2
C  [AppKit+0x90e58]  -[NSApplication nextEventMatchingMask:untilDate:inMode:dequeue:]+0x15a
C  [libosxapp.dylib+0x242a]  -[NSApplicationAWT nextEventMatchingMask:untilDate:inMode:dequeue:]+0x7c
C  [AppKit+0x86af3]  -[NSApplication run]+0x252
C  [libosxapp.dylib+0x223e]  +[NSApplicationAWT runAWTLoopWithApp:]+0x9c
C  [libawt_lwawt.dylib+0x439bb]  -[AWTStarter starter:]+0x389
C  [Foundation+0x92dd0]  __NSThreadPerformPerform+0x125
C  [CoreFoundation+0x80a01]  __CFRUNLOOP_IS_CALLING_OUT_TO_A_SOURCE0_PERFORM_FUNCTION__+0x11
C  [CoreFoundation+0x72b8d]  __CFRunLoopDoSources0+0x10d
C  [CoreFoundation+0x721bf]  __CFRunLoopRun+0x39f
C  [CoreFoundation+0x71bd8]  CFRunLoopRunSpecific+0x128
C  [java+0x56cb]  CreateExecutionEnvironment+0x367
C  [java+0x166c]  JLI_Launch+0x7a0
C  [java+0x7689]  main+0x65
C  [java+0xec4]  start+0x34


---------------  P R O C E S S  ---------------

Java Threads: ( => current thread )
  0x00007fd2f20e1800 JavaThread "AWT-Shutdown" [_thread_blocked, id=28179, stack(0x0000000129789000,0x0000000129889000)]
=>0x00007fd2f2868000 JavaThread "AppKit Thread" daemon [_thread_in_native, id=1811, stack(0x00007fff50ed1000,0x00007fff516d1000)]
  0x00007fd2f2849000 JavaThread "Service Thread" daemon [_thread_blocked, id=18435, stack(0x0000000127bfc000,0x0000000127cfc000)]
  0x00007fd2f282e000 JavaThread "C1 CompilerThread2" daemon [_thread_blocked, id=17923, stack(0x0000000127af9000,0x0000000127bf9000)]
  0x00007fd2f282d800 JavaThread "C2 CompilerThread1" daemon [_thread_blocked, id=17411, stack(0x00000001279f6000,0x0000000127af6000)]
  0x00007fd2f2801000 JavaThread "C2 CompilerThread0" daemon [_thread_blocked, id=16899, stack(0x00000001278f3000,0x00000001279f3000)]
  0x00007fd2f2059000 JavaThread "Signal Dispatcher" daemon [_thread_blocked, id=16163, stack(0x00000001277f0000,0x00000001278f0000)]
  0x00007fd2f2052800 JavaThread "Finalizer" daemon [_thread_blocked, id=12035, stack(0x0000000125dd4000,0x0000000125ed4000)]
  0x00007fd2f204c000 JavaThread "Reference Handler" daemon [_thread_blocked, id=11523, stack(0x0000000125cd1000,0x0000000125dd1000)]
  0x00007fd2f3001800 JavaThread "main" [_thread_in_native, id=4355, stack(0x000000010fe01000,0x000000010ff01000)]

Other Threads:
  0x00007fd2f2049800 VMThread [stack: 0x0000000125bce000,0x0000000125cce000] [id=11011]
  0x00007fd2f1809800 WatcherThread [stack: 0x0000000127cff000,0x0000000127dff000] [id=18947]

VM state:not at safepoint (normal execution)

VM Mutex/Monitor currently owned by a thread: None

Heap:
 PSYoungGen      total 5632K, used 4487K [0x0000000795580000, 0x0000000795c80000, 0x00000007c0000000)
  eden space 4096K, 79% used [0x0000000795580000,0x00000007958b1508,0x0000000795980000)
  from space 1536K, 79% used [0x0000000795b00000,0x0000000795c30850,0x0000000795c80000)
  to   space 1536K, 0% used [0x0000000795980000,0x0000000795980000,0x0000000795b00000)
 ParOldGen       total 129536K, used 1322K [0x0000000740000000, 0x0000000747e80000, 0x0000000795580000)
  object space 129536K, 1% used [0x0000000740000000,0x000000074014ab10,0x0000000747e80000)
 Metaspace       used 7857K, capacity 7975K, committed 8064K, reserved 1056768K
  class space    used 816K, capacity 850K, committed 896K, reserved 1048576K

Card table byte_map: [0x000000011f2c3000,0x000000011f6c4000] byte_map_base: 0x000000011b8c3000

Marking Bits: (ParMarkBitMap*) 0x000000010ee940a0
 Begin Bits: [0x000000011fd7b000, 0x0000000121d7b000)
 End Bits:   [0x0000000121d7b000, 0x0000000123d7b000)

Polling page: 0x000000010f547000

CodeCache: size=245760Kb used=2465Kb max_used=2469Kb free=243294Kb
 bounds [0x000000010ff03000, 0x0000000110173000, 0x000000011ef03000]
 total_blobs=1031 nmethods=627 adapters=320
 compilation: enabled

Compilation events (10 events):
Event: 2.427 Thread 0x00007fd2f282e000  622       1       java.nio.Buffer::capacity (5 bytes)
Event: 2.427 Thread 0x00007fd2f282e000 nmethod 622 0x00000001101695d0 code [0x0000000110169720, 0x0000000110169830]
Event: 2.534 Thread 0x00007fd2f282e000  623       3       java.nio.DirectIntBufferU::get (16 bytes)
Event: 2.535 Thread 0x00007fd2f282e000 nmethod 623 0x0000000110166d90 code [0x0000000110166f00, 0x0000000110167150]
Event: 2.535 Thread 0x00007fd2f282e000  625       3       org.newdawn.slick.Graphics::predraw (5 bytes)
Event: 2.535 Thread 0x00007fd2f282e000 nmethod 625 0x0000000110166790 code [0x0000000110166900, 0x0000000110166c30]
Event: 2.535 Thread 0x00007fd2f282e000  626       3       org.newdawn.slick.Graphics::setCurrent (30 bytes)
Event: 2.535 Thread 0x00007fd2f282e000 nmethod 626 0x0000000110166250 code [0x00000001101663c0, 0x0000000110166670]
Event: 2.643 Thread 0x00007fd2f282e000  627       3       java.util.HashMap$HashIterator::hasNext (13 bytes)
Event: 2.643 Thread 0x00007fd2f282e000 nmethod 627 0x0000000110165ed0 code [0x0000000110166020, 0x00000001101661d0]

GC Heap History (10 events):
Event: 0.190 GC heap before
{Heap before GC invocations=2 (full 0):
 PSYoungGen      total 1024K, used 960K [0x0000000795580000, 0x0000000795780000, 0x00000007c0000000)
  eden space 512K, 100% used [0x0000000795580000,0x0000000795600000,0x0000000795600000)
  from space 512K, 87% used [0x0000000795600000,0x0000000795670020,0x0000000795680000)
  to   space 512K, 0% used [0x0000000795700000,0x0000000795700000,0x0000000795780000)
 ParOldGen       total 129536K, used 8K [0x0000000740000000, 0x0000000747e80000, 0x0000000795580000)
  object space 129536K, 0% used [0x0000000740000000,0x0000000740002000,0x0000000747e80000)
 Metaspace       used 2899K, capacity 4600K, committed 4864K, reserved 1056768K
  class space    used 318K, capacity 424K, committed 512K, reserved 1048576K
Event: 0.191 GC heap after
Heap after GC invocations=2 (full 0):
 PSYoungGen      total 1536K, used 480K [0x0000000795580000, 0x0000000795780000, 0x00000007c0000000)
  eden space 1024K, 0% used [0x0000000795580000,0x0000000795580000,0x0000000795680000)
  from space 512K, 93% used [0x0000000795700000,0x0000000795778020,0x0000000795780000)
  to   space 512K, 0% used [0x0000000795680000,0x0000000795680000,0x0000000795700000)
 ParOldGen       total 129536K, used 100K [0x0000000740000000, 0x0000000747e80000, 0x0000000795580000)
  object space 129536K, 0% used [0x0000000740000000,0x0000000740019080,0x0000000747e80000)
 Metaspace       used 2899K, capacity 4600K, committed 4864K, reserved 1056768K
  class space    used 318K, capacity 424K, committed 512K, reserved 1048576K
}
Event: 0.665 GC heap before
{Heap before GC invocations=3 (full 0):
 PSYoungGen      total 1536K, used 1504K [0x0000000795580000, 0x0000000795780000, 0x00000007c0000000)
  eden space 1024K, 100% used [0x0000000795580000,0x0000000795680000,0x0000000795680000)
  from space 512K, 93% used [0x0000000795700000,0x0000000795778020,0x0000000795780000)
  to   space 512K, 0% used [0x0000000795680000,0x0000000795680000,0x0000000795700000)
 ParOldGen       total 129536K, used 100K [0x0000000740000000, 0x0000000747e80000, 0x0000000795580000)
  object space 129536K, 0% used [0x0000000740000000,0x0000000740019080,0x0000000747e80000)
 Metaspace       used 4348K, capacity 4864K, committed 5120K, reserved 1056768K
  class space    used 473K, capacity 496K, committed 512K, reserved 1048576K
Event: 0.667 GC heap after
Heap after GC invocations=3 (full 0):
 PSYoungGen      total 1536K, used 496K [0x0000000795580000, 0x0000000795880000, 0x00000007c0000000)
  eden space 1024K, 0% used [0x0000000795580000,0x0000000795580000,0x0000000795680000)
  from space 512K, 96% used [0x0000000795680000,0x00000007956fc010,0x0000000795700000)
  to   space 512K, 0% used [0x0000000795800000,0x0000000795800000,0x0000000795880000)
 ParOldGen       total 129536K, used 416K [0x0000000740000000, 0x0000000747e80000, 0x0000000795580000)
  object space 129536K, 0% used [0x0000000740000000,0x0000000740068058,0x0000000747e80000)
 Metaspace       used 4348K, capacity 4864K, committed 5120K, reserved 1056768K
  class space    used 473K, capacity 496K, committed 512K, reserved 1048576K
}
Event: 0.709 GC heap before
{Heap before GC invocations=4 (full 0):
 PSYoungGen      total 1536K, used 1520K [0x0000000795580000, 0x0000000795880000, 0x00000007c0000000)
  eden space 1024K, 100% used [0x0000000795580000,0x0000000795680000,0x0000000795680000)
  from space 512K, 96% used [0x0000000795680000,0x00000007956fc010,0x0000000795700000)
  to   space 512K, 0% used [0x0000000795800000,0x0000000795800000,0x0000000795880000)
 ParOldGen       total 129536K, used 416K [0x0000000740000000, 0x0000000747e80000, 0x0000000795580000)
  object space 129536K, 0% used [0x0000000740000000,0x0000000740068058,0x0000000747e80000)
 Metaspace       used 4863K, capacity 5046K, committed 5248K, reserved 1056768K
  class space    used 553K, capacity 587K, committed 640K, reserved 1048576K
Event: 0.715 GC heap after
Heap after GC invocations=4 (full 0):
 PSYoungGen      total 2560K, used 496K [0x0000000795580000, 0x0000000795880000, 0x00000007c0000000)
  eden space 2048K, 0% used [0x0000000795580000,0x0000000795580000,0x0000000795780000)
  from space 512K, 96% used [0x0000000795800000,0x000000079587c010,0x0000000795880000)
  to   space 512K, 0% used [0x0000000795780000,0x0000000795780000,0x0000000795800000)
 ParOldGen       total 129536K, used 657K [0x0000000740000000, 0x0000000747e80000, 0x0000000795580000)
  object space 129536K, 0% used [0x0000000740000000,0x00000007400a46e0,0x0000000747e80000)
 Metaspace       used 4863K, capacity 5046K, committed 5248K, reserved 1056768K
  class space    used 553K, capacity 587K, committed 640K, reserved 1048576K
}
Event: 0.991 GC heap before
{Heap before GC invocations=5 (full 0):
 PSYoungGen      total 2560K, used 2544K [0x0000000795580000, 0x0000000795880000, 0x00000007c0000000)
  eden space 2048K, 100% used [0x0000000795580000,0x0000000795780000,0x0000000795780000)
  from space 512K, 96% used [0x0000000795800000,0x000000079587c010,0x0000000795880000)
  to   space 512K, 0% used [0x0000000795780000,0x0000000795780000,0x0000000795800000)
 ParOldGen       total 129536K, used 657K [0x0000000740000000, 0x0000000747e80000, 0x0000000795580000)
  object space 129536K, 0% used [0x0000000740000000,0x00000007400a46e0,0x0000000747e80000)
 Metaspace       used 5973K, capacity 6087K, committed 6400K, reserved 1056768K
  class space    used 622K, capacity 690K, committed 768K, reserved 1048576K
Event: 0.995 GC heap after
Heap after GC invocations=5 (full 0):
 PSYoungGen      total 2560K, used 496K [0x0000000795580000, 0x0000000795c80000, 0x00000007c0000000)
  eden space 2048K, 0% used [0x0000000795580000,0x0000000795580000,0x0000000795780000)
  from space 512K, 96% used [0x0000000795780000,0x00000007957fc010,0x0000000795800000)
  to   space 1536K, 0% used [0x0000000795b00000,0x0000000795b00000,0x0000000795c80000)
 ParOldGen       total 129536K, used 1250K [0x0000000740000000, 0x0000000747e80000, 0x0000000795580000)
  object space 129536K, 0% used [0x0000000740000000,0x0000000740138b00,0x0000000747e80000)
 Metaspace       used 5973K, capacity 6087K, committed 6400K, reserved 1056768K
  class space    used 622K, capacity 690K, committed 768K, reserved 1048576K
}
Event: 1.251 GC heap before
{Heap before GC invocations=6 (full 0):
 PSYoungGen      total 2560K, used 2544K [0x0000000795580000, 0x0000000795c80000, 0x00000007c0000000)
  eden space 2048K, 100% used [0x0000000795580000,0x0000000795780000,0x0000000795780000)
  from space 512K, 96% used [0x0000000795780000,0x00000007957fc010,0x0000000795800000)
  to   space 1536K, 0% used [0x0000000795b00000,0x0000000795b00000,0x0000000795c80000)
 ParOldGen       total 129536K, used 1250K [0x0000000740000000, 0x0000000747e80000, 0x0000000795580000)
  object space 129536K, 0% used [0x0000000740000000,0x0000000740138b00,0x0000000747e80000)
 Metaspace       used 7710K, capacity 7847K, committed 8064K, reserved 1056768K
  class space    used 803K, capacity 850K, committed 896K, reserved 1048576K
Event: 1.254 GC heap after
Heap after GC invocations=6 (full 0):
 PSYoungGen      total 5632K, used 1218K [0x0000000795580000, 0x0000000795c80000, 0x00000007c0000000)
  eden space 4096K, 0% used [0x0000000795580000,0x0000000795580000,0x0000000795980000)
  from space 1536K, 79% used [0x0000000795b00000,0x0000000795c30850,0x0000000795c80000)
  to   space 1536K, 0% used [0x0000000795980000,0x0000000795980000,0x0000000795b00000)
 ParOldGen       total 129536K, used 1322K [0x0000000740000000, 0x0000000747e80000, 0x0000000795580000)
  object space 129536K, 1% used [0x0000000740000000,0x000000074014ab10,0x0000000747e80000)
 Metaspace       used 7710K, capacity 7847K, committed 8064K, reserved 1056768K
  class space    used 803K, capacity 850K, committed 896K, reserved 1048576K
}

Deoptimization events (0 events):
No events

Internal exceptions (10 events):
Event: 1.215 Thread 0x00007fd2f3001800 Exception <a 'java/security/PrivilegedActionException'> (0x00000007957316f8) thrown at [/HUDSON3/workspace/8-2-build-macosx-x86_64/jdk8u11/648/hotspot/src/share/vm/prims/jvm.cpp, line 1248]
Event: 1.238 Thread 0x00007fd2f3001800 Exception <a 'java/security/PrivilegedActionException'> (0x0000000795763aa8) thrown at [/HUDSON3/workspace/8-2-build-macosx-x86_64/jdk8u11/648/hotspot/src/share/vm/prims/jvm.cpp, line 1248]
Event: 1.249 Thread 0x00007fd2f3001800 Exception <a 'java/security/PrivilegedActionException'> (0x0000000795775d18) thrown at [/HUDSON3/workspace/8-2-build-macosx-x86_64/jdk8u11/648/hotspot/src/share/vm/prims/jvm.cpp, line 1248]
Event: 1.339 Thread 0x00007fd2f3001800 Exception <a 'java/security/PrivilegedActionException'> (0x00000007956589a0) thrown at [/HUDSON3/workspace/8-2-build-macosx-x86_64/jdk8u11/648/hotspot/src/share/vm/prims/jvm.cpp, line 1248]
Event: 1.427 Thread 0x00007fd2f3001800 Exception <a 'java/security/PrivilegedActionException'> (0x00000007957288e8) thrown at [/HUDSON3/workspace/8-2-build-macosx-x86_64/jdk8u11/648/hotspot/src/share/vm/prims/jvm.cpp, line 1248]
Event: 1.437 Thread 0x00007fd2f3001800 Exception <a 'java/security/PrivilegedActionException'> (0x000000079573bcc8) thrown at [/HUDSON3/workspace/8-2-build-macosx-x86_64/jdk8u11/648/hotspot/src/share/vm/prims/jvm.cpp, line 1248]
Event: 1.502 Thread 0x00007fd2f3001800 Exception <a 'java/security/PrivilegedActionException'> (0x0000000795898508) thrown at [/HUDSON3/workspace/8-2-build-macosx-x86_64/jdk8u11/648/hotspot/src/share/vm/prims/jvm.cpp, line 1248]
Event: 1.505 Thread 0x00007fd2f3001800 Exception <a 'java/security/PrivilegedActionException'> (0x000000079589ee40) thrown at [/HUDSON3/workspace/8-2-build-macosx-x86_64/jdk8u11/648/hotspot/src/share/vm/prims/jvm.cpp, line 1248]
Event: 1.573 Thread 0x00007fd2f3001800 Exception <a 'java/security/PrivilegedActionException'> (0x00000007958a3160) thrown at [/HUDSON3/workspace/8-2-build-macosx-x86_64/jdk8u11/648/hotspot/src/share/vm/prims/jvm.cpp, line 1248]
Event: 2.798 Thread 0x00007fd2f3001800 Exception <a 'java/security/PrivilegedActionException'> (0x00000007958a7120) thrown at [/HUDSON3/workspace/8-2-build-macosx-x86_64/jdk8u11/648/hotspot/src/share/vm/prims/jvm.cpp, line 1248]

Events (10 events):
Event: 1.645 Thread 0x00007fd2f3001800 DEOPT PACKING pc=0x0000000110155c39 sp=0x000000010ff003a0
Event: 1.645 Thread 0x00007fd2f3001800 DEOPT UNPACKING pc=0x000000010ff4a01a sp=0x000000010ff001d0 mode 0
Event: 1.646 Thread 0x00007fd2f3001800 DEOPT PACKING pc=0x0000000110155c39 sp=0x000000010ff003a0
Event: 1.646 Thread 0x00007fd2f3001800 DEOPT UNPACKING pc=0x000000010ff4a01a sp=0x000000010ff001d0 mode 0
Event: 1.646 Thread 0x00007fd2f3001800 DEOPT PACKING pc=0x0000000110155c39 sp=0x000000010ff003a0
Event: 1.646 Thread 0x00007fd2f3001800 DEOPT UNPACKING pc=0x000000010ff4a01a sp=0x000000010ff001d0 mode 0
Event: 1.647 Thread 0x00007fd2f3001800 DEOPT PACKING pc=0x0000000110155c39 sp=0x000000010ff003a0
Event: 1.647 Thread 0x00007fd2f3001800 DEOPT UNPACKING pc=0x000000010ff4a01a sp=0x000000010ff001d0 mode 0
Event: 2.798 loading class org/lwjgl/opengl/CallbackUtil
Event: 2.798 loading class org/lwjgl/opengl/CallbackUtil done


Dynamic libraries:
0x00000000044d0000 	/System/Library/Frameworks/Cocoa.framework/Versions/A/Cocoa
0x00000000044d0000 	/System/Library/Frameworks/Security.framework/Versions/A/Security
0x00000000044d0000 	/System/Library/Frameworks/ApplicationServices.framework/Versions/A/ApplicationServices
0x00000000044d0000 	/usr/lib/libz.1.dylib
0x00000000044d0000 	/usr/lib/libSystem.B.dylib
0x00000000044d0000 	/usr/lib/libobjc.A.dylib
0x00000000044d0000 	/System/Library/Frameworks/CoreFoundation.framework/Versions/A/CoreFoundation
0x00000000044d0000 	/System/Library/Frameworks/Foundation.framework/Versions/C/Foundation
0x00000000044d0000 	/System/Library/Frameworks/AppKit.framework/Versions/C/AppKit
0x00000000044d0000 	/System/Library/Frameworks/CoreData.framework/Versions/A/CoreData
0x00000000044d0000 	/System/Library/PrivateFrameworks/RemoteViewServices.framework/Versions/A/RemoteViewServices
0x00000000044d0000 	/System/Library/PrivateFrameworks/UIFoundation.framework/Versions/A/UIFoundation
0x00000000044d0000 	/System/Library/Frameworks/IOSurface.framework/Versions/A/IOSurface
0x00000000044d0000 	/System/Library/Frameworks/AudioToolbox.framework/Versions/A/AudioToolbox
0x00000000044d0000 	/System/Library/Frameworks/AudioUnit.framework/Versions/A/AudioUnit
0x00000000044d0000 	/System/Library/PrivateFrameworks/DataDetectorsCore.framework/Versions/A/DataDetectorsCore
0x00000000044d0000 	/System/Library/PrivateFrameworks/DesktopServicesPriv.framework/Versions/A/DesktopServicesPriv
0x00000000044d0000 	/System/Library/Frameworks/Carbon.framework/Versions/A/Frameworks/HIToolbox.framework/Versions/A/HIToolbox
0x00000000044d0000 	/System/Library/Frameworks/QuartzCore.framework/Versions/A/QuartzCore
0x00000000044d0000 	/System/Library/Frameworks/Carbon.framework/Versions/A/Frameworks/SpeechRecognition.framework/Versions/A/SpeechRecognition
0x00000000044d0000 	/usr/lib/libauto.dylib
0x00000000044d0000 	/usr/lib/libicucore.A.dylib
0x00000000044d0000 	/usr/lib/libxml2.2.dylib
0x00000000044d0000 	/System/Library/PrivateFrameworks/CoreUI.framework/Versions/A/CoreUI
0x00000000044d0000 	/System/Library/Frameworks/CoreAudio.framework/Versions/A/CoreAudio
0x00000000044d0000 	/System/Library/Frameworks/DiskArbitration.framework/Versions/A/DiskArbitration
0x00000000044d0000 	/usr/lib/liblangid.dylib
0x00000000044d0000 	/System/Library/PrivateFrameworks/MultitouchSupport.framework/Versions/A/MultitouchSupport
0x00000000044d0000 	/System/Library/Frameworks/IOKit.framework/Versions/A/IOKit
0x00000000044d0000 	/usr/lib/libDiagnosticMessagesClient.dylib
0x00000000044d0000 	/System/Library/Frameworks/CoreServices.framework/Versions/A/CoreServices
0x00000000044d0000 	/System/Library/PrivateFrameworks/PerformanceAnalysis.framework/Versions/A/PerformanceAnalysis
0x00000000044d0000 	/System/Library/PrivateFrameworks/GenerationalStorage.framework/Versions/A/GenerationalStorage
0x00000000044d0000 	/System/Library/Frameworks/OpenGL.framework/Versions/A/OpenGL
0x00000000044d0000 	/System/Library/PrivateFrameworks/Sharing.framework/Versions/A/Sharing
0x00000000044d0000 	/System/Library/Frameworks/CoreGraphics.framework/Versions/A/CoreGraphics
0x00000000044d0000 	/System/Library/Frameworks/CoreText.framework/Versions/A/CoreText
0x00000000044d0000 	/System/Library/Frameworks/ImageIO.framework/Versions/A/ImageIO
0x00000000044d0000 	/usr/lib/libextension.dylib
0x00000000044d0000 	/System/Library/PrivateFrameworks/Backup.framework/Versions/A/Backup
0x00000000044d0000 	/usr/lib/libarchive.2.dylib
0x00000000044d0000 	/System/Library/Frameworks/CFNetwork.framework/Versions/A/CFNetwork
0x00000000044d0000 	/System/Library/Frameworks/SystemConfiguration.framework/Versions/A/SystemConfiguration
0x00000000044d0000 	/usr/lib/libCRFSuite.dylib
0x00000000044d0000 	/usr/lib/libc++.1.dylib
0x00000000044d0000 	/usr/lib/libc++abi.dylib
0x00000000044d0000 	/usr/lib/system/libcache.dylib
0x00000000044d0000 	/usr/lib/system/libcommonCrypto.dylib
0x00000000044d0000 	/usr/lib/system/libcompiler_rt.dylib
0x00000000044d0000 	/usr/lib/system/libcopyfile.dylib
0x00000000044d0000 	/usr/lib/system/libcorecrypto.dylib
0x00000000044d0000 	/usr/lib/system/libdispatch.dylib
0x00000000044d0000 	/usr/lib/system/libdyld.dylib
0x00000000044d0000 	/usr/lib/system/libkeymgr.dylib
0x00000000044d0000 	/usr/lib/system/liblaunch.dylib
0x00000000044d0000 	/usr/lib/system/libmacho.dylib
0x00000000044d0000 	/usr/lib/system/libquarantine.dylib
0x00000000044d0000 	/usr/lib/system/libremovefile.dylib
0x00000000044d0000 	/usr/lib/system/libsystem_asl.dylib
0x00000000044d0000 	/usr/lib/system/libsystem_blocks.dylib
0x00000000044d0000 	/usr/lib/system/libsystem_c.dylib
0x00000000044d0000 	/usr/lib/system/libsystem_configuration.dylib
0x00000000044d0000 	/usr/lib/system/libsystem_coreservices.dylib
0x00000000044d0000 	/usr/lib/system/libsystem_coretls.dylib
0x00000000044d0000 	/usr/lib/system/libsystem_dnssd.dylib
0x00000000044d0000 	/usr/lib/system/libsystem_info.dylib
0x00000000044d0000 	/usr/lib/system/libsystem_kernel.dylib
0x00000000044d0000 	/usr/lib/system/libsystem_m.dylib
0x00000000044d0000 	/usr/lib/system/libsystem_malloc.dylib
0x00000000044d0000 	/usr/lib/system/libsystem_network.dylib
0x00000000044d0000 	/usr/lib/system/libsystem_networkextension.dylib
0x00000000044d0000 	/usr/lib/system/libsystem_notify.dylib
0x00000000044d0000 	/usr/lib/system/libsystem_platform.dylib
0x00000000044d0000 	/usr/lib/system/libsystem_pthread.dylib
0x00000000044d0000 	/usr/lib/system/libsystem_sandbox.dylib
0x00000000044d0000 	/usr/lib/system/libsystem_secinit.dylib
0x00000000044d0000 	/usr/lib/system/libsystem_stats.dylib
0x00000000044d0000 	/usr/lib/system/libsystem_trace.dylib
0x00000000044d0000 	/usr/lib/system/libunc.dylib
0x00000000044d0000 	/usr/lib/system/libunwind.dylib
0x00000000044d0000 	/usr/lib/system/libxpc.dylib
0x00000000044d0000 	/usr/lib/libbz2.1.0.dylib
0x00000000044d0000 	/usr/lib/liblzma.5.dylib
0x00000000044d0000 	/usr/lib/libbsm.0.dylib
0x00000000044d0000 	/usr/lib/libsqlite3.dylib
0x00000000044d0000 	/usr/lib/system/libkxld.dylib
0x00000000044d0000 	/usr/lib/libxar.1.dylib
0x00000000044d0000 	/usr/lib/libpam.2.dylib
0x00000000044d0000 	/usr/lib/libOpenScriptingUtil.dylib
0x00000000044d0000 	/System/Library/Frameworks/CoreServices.framework/Versions/A/Frameworks/FSEvents.framework/Versions/A/FSEvents
0x00000000044d0000 	/System/Library/Frameworks/CoreServices.framework/Versions/A/Frameworks/CarbonCore.framework/Versions/A/CarbonCore
0x00000000044d0000 	/System/Library/Frameworks/CoreServices.framework/Versions/A/Frameworks/Metadata.framework/Versions/A/Metadata
0x00000000044d0000 	/System/Library/Frameworks/CoreServices.framework/Versions/A/Frameworks/OSServices.framework/Versions/A/OSServices
0x00000000044d0000 	/System/Library/Frameworks/CoreServices.framework/Versions/A/Frameworks/SearchKit.framework/Versions/A/SearchKit
0x00000000044d0000 	/System/Library/Frameworks/CoreServices.framework/Versions/A/Frameworks/AE.framework/Versions/A/AE
0x00000000044d0000 	/System/Library/Frameworks/CoreServices.framework/Versions/A/Frameworks/LaunchServices.framework/Versions/A/LaunchServices
0x00000000044d0000 	/System/Library/Frameworks/CoreServices.framework/Versions/A/Frameworks/DictionaryServices.framework/Versions/A/DictionaryServices
0x00000000044d0000 	/System/Library/Frameworks/NetFS.framework/Versions/A/NetFS
0x00000000044d0000 	/System/Library/PrivateFrameworks/NetAuth.framework/Versions/A/NetAuth
0x00000000044d0000 	/System/Library/PrivateFrameworks/login.framework/Versions/A/Frameworks/loginsupport.framework/Versions/A/loginsupport
0x00000000044d0000 	/System/Library/PrivateFrameworks/TCC.framework/Versions/A/TCC
0x00000000044d0000 	/usr/lib/libmecabra.dylib
0x00000000044d0000 	/System/Library/Frameworks/ApplicationServices.framework/Versions/A/Frameworks/ATS.framework/Versions/A/ATS
0x00000000044d0000 	/System/Library/Frameworks/ApplicationServices.framework/Versions/A/Frameworks/ColorSync.framework/Versions/A/ColorSync
0x00000000044d0000 	/System/Library/Frameworks/ApplicationServices.framework/Versions/A/Frameworks/HIServices.framework/Versions/A/HIServices
0x00000000044d0000 	/System/Library/Frameworks/ApplicationServices.framework/Versions/A/Frameworks/LangAnalysis.framework/Versions/A/LangAnalysis
0x00000000044d0000 	/System/Library/Frameworks/ApplicationServices.framework/Versions/A/Frameworks/PrintCore.framework/Versions/A/PrintCore
0x00000000044d0000 	/System/Library/Frameworks/ApplicationServices.framework/Versions/A/Frameworks/QD.framework/Versions/A/QD
0x00000000044d0000 	/System/Library/Frameworks/ApplicationServices.framework/Versions/A/Frameworks/SpeechSynthesis.framework/Versions/A/SpeechSynthesis
0x00000000044d0000 	/System/Library/Frameworks/Accelerate.framework/Versions/A/Accelerate
0x00000000044d0000 	/System/Library/Frameworks/Accelerate.framework/Versions/A/Frameworks/vImage.framework/Versions/A/vImage
0x00000000044d0000 	/System/Library/Frameworks/Accelerate.framework/Versions/A/Frameworks/vecLib.framework/Versions/A/vecLib
0x00000000044d0000 	/System/Library/Frameworks/Accelerate.framework/Versions/A/Frameworks/vecLib.framework/Versions/A/libvDSP.dylib
0x00000000044d0000 	/System/Library/Frameworks/Accelerate.framework/Versions/A/Frameworks/vecLib.framework/Versions/A/libvMisc.dylib
0x00000000044d0000 	/System/Library/Frameworks/Accelerate.framework/Versions/A/Frameworks/vecLib.framework/Versions/A/libLAPACK.dylib
0x00000000044d0000 	/System/Library/Frameworks/Accelerate.framework/Versions/A/Frameworks/vecLib.framework/Versions/A/libBLAS.dylib
0x00000000044d0000 	/System/Library/Frameworks/Accelerate.framework/Versions/A/Frameworks/vecLib.framework/Versions/A/libLinearAlgebra.dylib
0x00000000044d0000 	/System/Library/Frameworks/ApplicationServices.framework/Versions/A/Frameworks/ATS.framework/Versions/A/Resources/libFontParser.dylib
0x00000000044d0000 	/System/Library/Frameworks/ApplicationServices.framework/Versions/A/Frameworks/ATS.framework/Versions/A/Resources/libFontRegistry.dylib
0x00000000044d0000 	/System/Library/PrivateFrameworks/AppleVPA.framework/Versions/A/AppleVPA
0x00000000044d0000 	/System/Library/PrivateFrameworks/AppleJPEG.framework/Versions/A/AppleJPEG
0x00000000044d0000 	/System/Library/Frameworks/ImageIO.framework/Versions/A/Resources/libJPEG.dylib
0x00000000044d0000 	/System/Library/Frameworks/ImageIO.framework/Versions/A/Resources/libTIFF.dylib
0x00000000044d0000 	/System/Library/Frameworks/ImageIO.framework/Versions/A/Resources/libPng.dylib
0x00000000044d0000 	/System/Library/Frameworks/ImageIO.framework/Versions/A/Resources/libGIF.dylib
0x00000000044d0000 	/System/Library/Frameworks/ImageIO.framework/Versions/A/Resources/libJP2.dylib
0x00000000044d0000 	/System/Library/Frameworks/ImageIO.framework/Versions/A/Resources/libRadiance.dylib
0x00000000044d0000 	/System/Library/Frameworks/CoreVideo.framework/Versions/A/CoreVideo
0x00000000044d0000 	/System/Library/Frameworks/OpenGL.framework/Versions/A/Libraries/libGLU.dylib
0x00000000044d0000 	/System/Library/Frameworks/OpenGL.framework/Versions/A/Libraries/libGFXShared.dylib
0x00000000044d0000 	/System/Library/Frameworks/OpenGL.framework/Versions/A/Libraries/libGL.dylib
0x00000000044d0000 	/System/Library/Frameworks/OpenGL.framework/Versions/A/Libraries/libGLImage.dylib
0x00000000044d0000 	/System/Library/Frameworks/OpenGL.framework/Versions/A/Libraries/libCVMSPluginSupport.dylib
0x00000000044d0000 	/System/Library/Frameworks/OpenGL.framework/Versions/A/Libraries/libCoreVMClient.dylib
0x00000000044d0000 	/usr/lib/libcups.2.dylib
0x00000000044d0000 	/System/Library/Frameworks/Kerberos.framework/Versions/A/Kerberos
0x00000000044d0000 	/System/Library/Frameworks/GSS.framework/Versions/A/GSS
0x00000000044d0000 	/usr/lib/libresolv.9.dylib
0x00000000044d0000 	/usr/lib/libiconv.2.dylib
0x00000000044d0000 	/System/Library/PrivateFrameworks/Heimdal.framework/Versions/A/Heimdal
0x00000000044d0000 	/usr/lib/libheimdal-asn1.dylib
0x00000000044d0000 	/System/Library/Frameworks/OpenDirectory.framework/Versions/A/OpenDirectory
0x00000000044d0000 	/System/Library/PrivateFrameworks/CommonAuth.framework/Versions/A/CommonAuth
0x00000000044d0000 	/System/Library/Frameworks/OpenDirectory.framework/Versions/A/Frameworks/CFOpenDirectory.framework/Versions/A/CFOpenDirectory
0x00000000044d0000 	/System/Library/Frameworks/SecurityFoundation.framework/Versions/A/SecurityFoundation
0x00000000044d0000 	/System/Library/PrivateFrameworks/LanguageModeling.framework/Versions/A/LanguageModeling
0x00000000044d0000 	/usr/lib/libcmph.dylib
0x00000000044d0000 	/System/Library/Frameworks/ServiceManagement.framework/Versions/A/ServiceManagement
0x00000000044d0000 	/usr/lib/libxslt.1.dylib
0x00000000044d0000 	/System/Library/Frameworks/Carbon.framework/Versions/A/Frameworks/Ink.framework/Versions/A/Ink
0x00000000044d0000 	/System/Library/Frameworks/QuartzCore.framework/Versions/A/Frameworks/CoreImage.framework/Versions/A/CoreImage
0x00000000044d0000 	/System/Library/PrivateFrameworks/CrashReporterSupport.framework/Versions/A/CrashReporterSupport
0x00000000044d0000 	/System/Library/Frameworks/OpenCL.framework/Versions/A/OpenCL
0x00000000044d0000 	/System/Library/PrivateFrameworks/FaceCore.framework/Versions/A/FaceCore
0x00000000044d0000 	/System/Library/PrivateFrameworks/Ubiquity.framework/Versions/A/Ubiquity
0x00000000044d0000 	/System/Library/PrivateFrameworks/IconServices.framework/Versions/A/IconServices
0x00000000044d0000 	/System/Library/PrivateFrameworks/ChunkingLibrary.framework/Versions/A/ChunkingLibrary
0x00000000044d0000 	/System/Library/PrivateFrameworks/Apple80211.framework/Versions/A/Apple80211
0x00000000044d0000 	/System/Library/Frameworks/CoreWLAN.framework/Versions/A/CoreWLAN
0x00000000044d0000 	/System/Library/Frameworks/IOBluetooth.framework/Versions/A/IOBluetooth
0x00000000044d0000 	/System/Library/PrivateFrameworks/CoreWiFi.framework/Versions/A/CoreWiFi
0x00000000044d0000 	/System/Library/Frameworks/CoreBluetooth.framework/Versions/A/CoreBluetooth
0x00000000044d0000 	/System/Library/PrivateFrameworks/DebugSymbols.framework/Versions/A/DebugSymbols
0x00000000044d0000 	/System/Library/PrivateFrameworks/CoreSymbolication.framework/Versions/A/CoreSymbolication
0x00000000044d0000 	/System/Library/PrivateFrameworks/Symbolication.framework/Versions/A/Symbolication
0x00000000044d0000 	/System/Library/PrivateFrameworks/SpeechRecognitionCore.framework/Versions/A/SpeechRecognitionCore
0x000000010e62d000 	/Library/Java/JavaVirtualMachines/jdk1.8.0_11.jdk/Contents/Home/jre/lib/server/libjvm.dylib
0x00000000044d0000 	/usr/lib/libstdc++.6.dylib
0x000000010f505000 	/Library/Java/JavaVirtualMachines/jdk1.8.0_11.jdk/Contents/Home/jre/lib/libverify.dylib
0x000000010f513000 	/Library/Java/JavaVirtualMachines/jdk1.8.0_11.jdk/Contents/Home/jre/lib/libjava.dylib
0x000000010f551000 	/Library/Java/JavaVirtualMachines/jdk1.8.0_11.jdk/Contents/Home/jre/lib/libzip.dylib
0x0000000125ed6000 	/System/Library/Frameworks/JavaVM.framework/Frameworks/JavaRuntimeSupport.framework/JavaRuntimeSupport
0x0000000125eec000 	/System/Library/Frameworks/JavaVM.framework/Versions/A/Frameworks/JavaNativeFoundation.framework/Versions/A/JavaNativeFoundation
0x0000000125f00000 	/System/Library/Frameworks/JavaVM.framework/Versions/A/JavaVM
0x00000000044d0000 	/System/Library/Frameworks/Carbon.framework/Versions/A/Carbon
0x0000000125f0c000 	/System/Library/PrivateFrameworks/JavaLaunching.framework/Versions/A/JavaLaunching
0x00000000044d0000 	/System/Library/Frameworks/Carbon.framework/Versions/A/Frameworks/CommonPanels.framework/Versions/A/CommonPanels
0x00000000044d0000 	/System/Library/Frameworks/Carbon.framework/Versions/A/Frameworks/Help.framework/Versions/A/Help
0x00000000044d0000 	/System/Library/Frameworks/Carbon.framework/Versions/A/Frameworks/ImageCapture.framework/Versions/A/ImageCapture
0x00000000044d0000 	/System/Library/Frameworks/Carbon.framework/Versions/A/Frameworks/OpenScripting.framework/Versions/A/OpenScripting
0x00000000044d0000 	/System/Library/Frameworks/Carbon.framework/Versions/A/Frameworks/Print.framework/Versions/A/Print
0x00000000044d0000 	/System/Library/Frameworks/Carbon.framework/Versions/A/Frameworks/SecurityHI.framework/Versions/A/SecurityHI
0x0000000127e25000 	/Library/Java/JavaVirtualMachines/jdk1.8.0_11.jdk/Contents/Home/jre/lib/libawt.dylib
0x0000000127ed4000 	/Library/Java/JavaVirtualMachines/jdk1.8.0_11.jdk/Contents/Home/jre/lib/./libmlib_image.dylib
0x0000000127fa0000 	/Library/Java/JavaVirtualMachines/jdk1.8.0_11.jdk/Contents/Home/jre/lib/libawt_lwawt.dylib
0x0000000128052000 	/Library/Java/JavaVirtualMachines/jdk1.8.0_11.jdk/Contents/Home/jre/lib/./libosxapp.dylib
0x00000000044d0000 	/System/Library/Frameworks/ExceptionHandling.framework/Versions/A/ExceptionHandling
0x00000000044d0000 	/System/Library/PrivateFrameworks/CoreServicesInternal.framework/Versions/A/CoreServicesInternal
0x00000000044d0000 	/System/Library/PrivateFrameworks/CloudDocs.framework/Versions/A/CloudDocs
0x00000000044d0000 	/System/Library/PrivateFrameworks/CoreDuet.framework/Versions/A/CoreDuet
0x00000000044d0000 	/System/Library/Frameworks/CloudKit.framework/Versions/A/CloudKit
0x00000000044d0000 	/System/Library/PrivateFrameworks/ProtocolBuffer.framework/Versions/A/ProtocolBuffer
0x00000000044d0000 	/System/Library/PrivateFrameworks/CoreDuetDaemonProtocol.framework/Versions/A/CoreDuetDaemonProtocol
0x00000000044d0000 	/System/Library/PrivateFrameworks/CoreDuetDebugLogging.framework/Versions/A/CoreDuetDebugLogging
0x00000000044d0000 	/System/Library/PrivateFrameworks/MMCS.framework/Versions/A/MMCS
0x00000000044d0000 	/System/Library/Frameworks/CoreLocation.framework/Versions/A/CoreLocation
0x00000000044d0000 	/System/Library/PrivateFrameworks/ProtectedCloudStorage.framework/Versions/A/ProtectedCloudStorage
0x00000000044d0000 	/System/Library/PrivateFrameworks/GeoServices.framework/Versions/A/GeoServices
0x00000000044d0000 	/System/Library/Frameworks/CoreGraphics.framework/Versions/A/Resources/libCGCMS.A.dylib
0x00000000044d0000 	/System/Library/Frameworks/CoreGraphics.framework/Versions/A/Resources/libRIP.A.dylib
0x00000000044d0000 	/System/Library/Frameworks/CoreGraphics.framework/Versions/A/Resources/libCGXType.A.dylib
0x00000000044d0000 	/System/Library/Frameworks/OpenCL.framework/Versions/A/Libraries/libcldcpuengine.dylib
0x00000000044d0000 	/System/Library/PrivateFrameworks/DiskImages.framework/Versions/A/DiskImages
0x00000000044d0000 	/System/Library/Frameworks/DiscRecording.framework/Versions/A/DiscRecording
0x00000000044d0000 	/usr/lib/libcsfde.dylib
0x00000000044d0000 	/usr/lib/libcurl.4.dylib
0x00000000044d0000 	/System/Library/PrivateFrameworks/MediaKit.framework/Versions/A/MediaKit
0x00000000044d0000 	/usr/lib/libCoreStorage.dylib
0x00000000044d0000 	/System/Library/PrivateFrameworks/EFILogin.framework/Versions/A/EFILogin
0x00000000044d0000 	/usr/lib/libutil.dylib
0x00000000044d0000 	/System/Library/PrivateFrameworks/FindMyDevice.framework/Versions/A/FindMyDevice
0x00000000044d0000 	/System/Library/Frameworks/LDAP.framework/Versions/A/LDAP
0x00000000044d0000 	/usr/lib/libsasl2.2.dylib
0x00000000044d0000 	/System/Library/PrivateFrameworks/CoreDaemon.framework/Versions/B/CoreDaemon
0x00000000044d0000 	/usr/lib/libcrypto.0.9.8.dylib
0x00000000044d0000 	/System/Library/PrivateFrameworks/AppleSRP.framework/Versions/A/AppleSRP
0x00000000044d0000 	/System/Library/PrivateFrameworks/TrustEvaluationAgent.framework/Versions/A/TrustEvaluationAgent
0x000000012af00000 	cl_kernels
0x000000012af02000 	/System/Library/Frameworks/OpenCL.framework/Versions/A/Libraries/ImageFormats/unorm8_bgra.dylib
0x000000012aef1000 	cl_kernels
0x00000000044d0000 	/System/Library/PrivateFrameworks/FamilyControls.framework/Versions/A/FamilyControls
0x00000000044d0000 	/System/Library/PrivateFrameworks/CommerceKit.framework/Versions/A/Frameworks/CommerceCore.framework/Versions/A/CommerceCore
0x00000000044d0000 	/System/Library/PrivateFrameworks/SystemAdministration.framework/Versions/A/SystemAdministration
0x00000000044d0000 	/System/Library/PrivateFrameworks/AppContainer.framework/Versions/A/AppContainer
0x00000000044d0000 	/System/Library/PrivateFrameworks/SecCodeWrapper.framework/Versions/A/SecCodeWrapper
0x00000000044d0000 	/System/Library/Frameworks/DirectoryService.framework/Versions/A/DirectoryService
0x00000000044d0000 	/System/Library/PrivateFrameworks/LoginUIKit.framework/Versions/A/Frameworks/LoginUICore.framework/Versions/A/LoginUICore
0x00000000044d0000 	/usr/lib/libodfde.dylib
0x000000012c0c8000 	/Library/Java/JavaVirtualMachines/jdk1.8.0_11.jdk/Contents/Home/jre/lib/libfontmanager.dylib
0x000000012c12e000 	/Users/Olivier/Dropbox/Informatique/Projet_Int-grateur_TeamYOCO-master/build/classes/res/native/liblwjgl.dylib
0x000000012a43a000 	/Library/Java/JavaVirtualMachines/jdk1.8.0_11.jdk/Contents/Home/jre/lib/libjawt.dylib
0x00000000044d0000 	/System/Library/Frameworks/OpenGL.framework/Versions/A/Resources/GLEngine.bundle/GLEngine
0x00000000044d0000 	/System/Library/Frameworks/OpenGL.framework/Versions/A/Libraries/libGLProgrammability.dylib
0x000000012c1ba000 	/System/Library/Extensions/AppleIntelHDGraphicsGLDriver.bundle/Contents/MacOS/AppleIntelHDGraphicsGLDriver
0x000000012c641000 	/System/Library/PrivateFrameworks/GPUSupport.framework/Versions/A/Libraries/libGPUSupport.dylib
0x0000000000000000 	/System/Library/Extensions/GeForceTeslaGLDriver.bundle/Contents/MacOS/GeForceTeslaGLDriver
0x000000012c655000 	/System/Library/Extensions/GeForceTeslaGLDriver.bundle/Contents/MacOS/libclh.dylib
0x00000000044d0000 	/System/Library/Frameworks/OpenGL.framework/Versions/A/Resources/GLRendererFloat.bundle/GLRendererFloat

VM Arguments:
jvm_args: -Dfile.encoding=UTF-8 -Djava.library.path=lib 
java_command: ca.qc.bdeb.info204.Game
java_class_path (initial): /Users/Olivier/Dropbox/Informatique/Projet_Int-grateur_TeamYOCO-master/lib/jinput.jar:/Users/Olivier/Dropbox/Informatique/Projet_Int-grateur_TeamYOCO-master/lib/lwjgl.jar:/Users/Olivier/Dropbox/Informatique/Projet_Int-grateur_TeamYOCO-master/lib/lwjgl_util.jar:/Users/Olivier/Dropbox/Informatique/Projet_Int-grateur_TeamYOCO-master/lib/slick.jar:/Users/Olivier/Dropbox/Informatique/Projet_Int-grateur_TeamYOCO-master/build/classes
Launcher Type: SUN_STANDARD

Environment Variables:
PATH=/usr/bin:/bin:/usr/sbin:/sbin
LD_LIBRARY_PATH=/Library/Java/JavaVirtualMachines/jdk1.8.0_11.jdk/Contents/Home/jre/lib/amd64:/Library/Java/JavaVirtualMachines/jdk1.8.0_11.jdk/Contents/Home/jre/lib/i386:
SHELL=/bin/bash
DYLD_LIBRARY_PATH=/Applications/NetBeans/NetBeans 8.0.1.app/Contents/Resources/NetBeans/webcommon/bin:

Signal Handlers:
SIGSEGV: [libjvm.dylib+0x56059b], sa_mask[0]=0xfffefeff, sa_flags=0x00000043
SIGBUS: [libjvm.dylib+0x56059b], sa_mask[0]=0xfffefeff, sa_flags=0x00000042
SIGFPE: [libjvm.dylib+0x4438f2], sa_mask[0]=0xfffefeff, sa_flags=0x00000042
SIGPIPE: [libjvm.dylib+0x4438f2], sa_mask[0]=0xfffefeff, sa_flags=0x00000042
SIGXFSZ: [libjvm.dylib+0x4438f2], sa_mask[0]=0xfffefeff, sa_flags=0x00000042
SIGILL: [libjvm.dylib+0x4438f2], sa_mask[0]=0xfffefeff, sa_flags=0x00000042
SIGUSR1: SIG_DFL, sa_mask[0]=0x00000000, sa_flags=0x00000000
SIGUSR2: [libjvm.dylib+0x443410], sa_mask[0]=0x00000004, sa_flags=0x00000042
SIGHUP: [libjvm.dylib+0x44179b], sa_mask[0]=0xfffefeff, sa_flags=0x00000042
SIGINT: SIG_IGN, sa_mask[0]=0x00000000, sa_flags=0x00000000
SIGTERM: [libjvm.dylib+0x44179b], sa_mask[0]=0xfffefeff, sa_flags=0x00000042
SIGQUIT: [libjvm.dylib+0x44179b], sa_mask[0]=0xfffefeff, sa_flags=0x00000042


---------------  S Y S T E M  ---------------

OS:Bsduname:Darwin 14.5.0 Darwin Kernel Version 14.5.0: Wed Jul 29 02:26:53 PDT 2015; root:xnu-2782.40.9~1/RELEASE_X86_64 x86_64
rlimit: STACK 8192k, CORE 0k, NPROC 709, NOFILE 10240, AS infinity
load average:2.90 2.35 2.20

CPU:total 4 (2 cores per cpu, 2 threads per core) family 6 model 37 stepping 5, cmov, cx8, fxsr, mmx, sse, sse2, sse3, ssse3, sse4.1, sse4.2, popcnt, aes, clmul, ht, tsc, tscinvbit

Memory: 4k page, physical 8388608k(1022500k free)

/proc/meminfo:


vm_info: Java HotSpot(TM) 64-Bit Server VM (25.11-b03) for bsd-amd64 JRE (1.8.0_11-b12), built on Jun 16 2014 17:39:42 by "java_re" with gcc 4.2.1 (Based on Apple Inc. build 5658) (LLVM build 2336.11.00)

time: Wed Mar  2 10:56:57 2016
elapsed time: 2 seconds

