#
# A fatal error has been detected by the Java Runtime Environment:
#
#  SIGSEGV (0xb) at pc=0x00007fff8cc720dd, pid=3082, tid=1811
#
# JRE version: Java(TM) SE Runtime Environment (8.0_11-b12) (build 1.8.0_11-b12)
# Java VM: Java HotSpot(TM) 64-Bit Server VM (25.11-b03 mixed mode bsd-amd64 compressed oops)
# Problematic frame:
# C  [libobjc.A.dylib+0x10dd]  objc_msgSend+0x1d
#
# Failed to write core dump. Core dumps have been disabled. To enable core dumping, try "ulimit -c unlimited" before starting Java again
#
# If you would like to submit a bug report, please visit:
#   http://bugreport.sun.com/bugreport/crash.jsp
# The crash happened outside the Java Virtual Machine in native code.
# See problematic frame for where to report the bug.
#

---------------  T H R E A D  ---------------

Current thread (0x00007fecaa8cf800):  JavaThread "AppKit Thread" daemon [_thread_in_native, id=1811, stack(0x00007fff55c65000,0x00007fff56465000)]

siginfo:si_signo=SIGSEGV: si_errno=0, si_code=1 (SEGV_MAPERR), si_addr=0x000007feca8f6e78

Registers:
RAX=0x00007feca8f6c770, RBX=0x00007fff56460838, RCX=0x0000000000000000, RDX=0x00007feca8c99e60
RSP=0x00007fff56460658, RBP=0x00007fff56460660, RSI=0x00007fff89d0441e, RDI=0x00007feca8f6c770
R8 =0x00007fff56460640, R9 =0x0000000000000062, R10=0x00007fff89d0441e, R11=0x000007feca8f6e60
R12=0x00007feca8e0c220, R13=0x00000000000f4303, R14=0x00007feca8cd7670, R15=0x00007fff56460798
RIP=0x00007fff8cc720dd, EFLAGS=0x0000000000010206, ERR=0x0000000000000004
  TRAPNO=0x000000000000000e

Top of Stack: (sp=0x00007fff56460658)
0x00007fff56460658:   00007fff8a5f845c 00007fff564609c0
0x00007fff56460668:   00007fff8a4e8634 00007fff564606ec
0x00007fff56460678:   00007fff564606f0 00007fff564606f4
0x00007fff56460688:   00007fff772c8e00 ffffffffffffffff
0x00007fff56460698:   0000000000000930 00007fff772c8e18
0x00007fff564606a8:   00007feca8cd7670 0000000000000000
0x00007fff564606b8:   00007fff56460790 0000000000000000
0x00007fff564606c8:   00007feca8c812d0 00007fff56460810
0x00007fff564606d8:   0000000000000062 00000000000f4305
0x00007fff564606e8:   00007feca8c99e60 00007feca8c80d00
0x00007fff564606f8:   00007feca8e0c220 0000000000000001
0x00007fff56460708:   00000000000f4303 00007feca8e0c210
0x00007fff56460718:   00007fff9378dc05 00000001a8fc97f0
0x00007fff56460728:   00007fff75c670d0 0000000042000000
0x00007fff56460738:   00007fff93794e63 00007fff77293240
0x00007fff56460748:   00007fff56460818 00007fff56460770
0x00007fff56460758:   00007fff56460790 0000000000000000
0x00007fff56460768:   0000000000000025 0004050300000001
0x00007fff56460778:   00007feca8e0c244 0000000000000000
0x00007fff56460788:   0000000000000000 00007feca8c81350
0x00007fff56460798:   00007feca8cd7670 0000002000000000
0x00007fff564607a8:   0000000000000000 00007fff75c670d0
0x00007fff564607b8:   0000000042000000 00007fff937944f8
0x00007fff564607c8:   00007fff77293350 00007fff56460728
0x00007fff564607d8:   0000000000000000 00007fff564608a8
0x00007fff564607e8:   00007fff75990ea0 00007fff564608e0
0x00007fff564607f8:   00007fff8fb24770 00007fff56460890
0x00007fff56460808:   00007fff894384ed 0000000000000050
0x00007fff56460818:   0000000000000000 00000000000f42e1
0x00007fff56460828:   0000000000000052 0000000000000000
0x00007fff56460838:   00000000000f4303 00007fff564608b4
0x00007fff56460848:   0000000000455201 00000000ffffffff 

Instructions: (pc=0x00007fff8cc720dd)
0x00007fff8cc720bd:   00 00 00 48 85 ff 2e 74 7a 40 f6 c7 01 2e 75 7e
0x00007fff8cc720cd:   49 bb f8 ff ff ff ff 7f 00 00 4c 23 1f 49 89 f2
0x00007fff8cc720dd:   45 23 53 18 49 c1 e2 04 4d 03 53 10 49 3b 32 75
0x00007fff8cc720ed:   04 41 ff 62 08 49 83 3a 00 74 6a 4d 3b 53 10 74 

Register to memory mapping:

RAX=0x00007feca8f6c770 is an unknown value
RBX=0x00007fff56460838 is pointing into the stack for thread: 0x00007fecaa8cf800
RCX=0x0000000000000000 is an unknown value
RDX=0x00007feca8c99e60 is an unknown value
RSP=0x00007fff56460658 is pointing into the stack for thread: 0x00007fecaa8cf800
RBP=0x00007fff56460660 is pointing into the stack for thread: 0x00007fecaa8cf800
RSI=0x00007fff89d0441e: -[NSTitlebarContainerView transparent]+0x5e312 in /System/Library/Frameworks/AppKit.framework/Versions/C/AppKit at 0x00007fff89303000
RDI=0x00007feca8f6c770 is an unknown value
R8 =0x00007fff56460640 is pointing into the stack for thread: 0x00007fecaa8cf800
R9 =0x0000000000000062 is an unknown value
R10=0x00007fff89d0441e: -[NSTitlebarContainerView transparent]+0x5e312 in /System/Library/Frameworks/AppKit.framework/Versions/C/AppKit at 0x00007fff89303000
R11=0x000007feca8f6e60 is an unknown value
R12=0x00007feca8e0c220 is an unknown value
R13=0x00000000000f4303 is an unknown value
R14=0x00007feca8cd7670 is an unknown value
R15=0x00007fff56460798 is pointing into the stack for thread: 0x00007fecaa8cf800


Stack: [0x00007fff55c65000,0x00007fff56465000],  sp=0x00007fff56460658,  free space=8173k
Native frames: (J=compiled Java code, j=interpreted, Vv=VM code, C=native code)
C  [libobjc.A.dylib+0x10dd]  objc_msgSend+0x1d
C  [CoreFoundation+0x10634]  _CFXNotificationPost+0xc44
C  [Foundation+0x7aa1]  -[NSNotificationCenter postNotificationName:object:userInfo:]+0x42
C  [AppKit+0x439c2]  -[NSSurface _disposeSurface]+0x98
C  [AppKit+0x43426]  -[NSSurface setWindow:]+0x42
C  [AppKit+0x33910]  -[NSView _setWindow:]+0xa33
C  [AppKit+0x6af91]  -[NSView removeFromSuperview]+0x1c5
C  [AppKit+0x14bd99]  -[NSView removeFromSuperviewWithoutNeedingDisplay]+0x26
C  [liblwjgl.dylib+0xa205]  +[MacOSXKeyableWindow destroyWindow]+0xb5
C  [Foundation+0x92dd0]  __NSThreadPerformPerform+0x125
C  [CoreFoundation+0x80a01]  __CFRUNLOOP_IS_CALLING_OUT_TO_A_SOURCE0_PERFORM_FUNCTION__+0x11
C  [CoreFoundation+0x72b8d]  __CFRunLoopDoSources0+0x10d
C  [CoreFoundation+0x721bf]  __CFRunLoopRun+0x39f
C  [CoreFoundation+0x71bd8]  CFRunLoopRunSpecific+0x128
C  [HIToolbox+0x3256f]  RunCurrentEventLoopInMode+0xeb
C  [HIToolbox+0x322ea]  ReceiveNextEventCommon+0x1af
C  [HIToolbox+0x3212b]  _BlockUntilNextEventMatchingListInModeWithFilter+0x47
C  [AppKit+0x918ab]  _DPSNextEvent+0x3d2
C  [AppKit+0x90e58]  -[NSApplication nextEventMatchingMask:untilDate:inMode:dequeue:]+0x15a
C  [libosxapp.dylib+0x242a]  -[NSApplicationAWT nextEventMatchingMask:untilDate:inMode:dequeue:]+0x7c
C  [AppKit+0x86af3]  -[NSApplication run]+0x252
C  [libosxapp.dylib+0x223e]  +[NSApplicationAWT runAWTLoopWithApp:]+0x9c
C  [libawt_lwawt.dylib+0x439bb]  -[AWTStarter starter:]+0x389
C  [Foundation+0x92dd0]  __NSThreadPerformPerform+0x125
C  [CoreFoundation+0x80a01]  __CFRUNLOOP_IS_CALLING_OUT_TO_A_SOURCE0_PERFORM_FUNCTION__+0x11
C  [CoreFoundation+0x72b8d]  __CFRunLoopDoSources0+0x10d
C  [CoreFoundation+0x721bf]  __CFRunLoopRun+0x39f
C  [CoreFoundation+0x71bd8]  CFRunLoopRunSpecific+0x128
C  [java+0x56cb]  CreateExecutionEnvironment+0x367
C  [java+0x166c]  JLI_Launch+0x7a0
C  [java+0x7689]  main+0x65
C  [java+0xec4]  start+0x34


---------------  P R O C E S S  ---------------

Java Threads: ( => current thread )
  0x00007fecaa1d1000 JavaThread "Java2D Queue Flusher" daemon [_thread_blocked, id=56587, stack(0x0000000128cd0000,0x0000000128dd0000)]
  0x00007feca9915000 JavaThread "Java2D Disposer" daemon [_thread_blocked, id=55795, stack(0x0000000137a41000,0x0000000137b41000)]
  0x00007fecaa8c8800 JavaThread "AWT-Shutdown" [_thread_blocked, id=28179, stack(0x0000000124b33000,0x0000000124c33000)]
=>0x00007fecaa8cf800 JavaThread "AppKit Thread" daemon [_thread_in_native, id=1811, stack(0x00007fff55c65000,0x00007fff56465000)]
  0x00007fecaa80b800 JavaThread "Service Thread" daemon [_thread_blocked, id=18179, stack(0x0000000122e70000,0x0000000122f70000)]
  0x00007feca9800800 JavaThread "C1 CompilerThread2" daemon [_thread_blocked, id=17667, stack(0x0000000122d6d000,0x0000000122e6d000)]
  0x00007feca904c000 JavaThread "C2 CompilerThread1" daemon [_thread_blocked, id=17155, stack(0x0000000122c6a000,0x0000000122d6a000)]
  0x00007fecaa809000 JavaThread "C2 CompilerThread0" daemon [_thread_blocked, id=16643, stack(0x0000000122b67000,0x0000000122c67000)]
  0x00007fecaa800000 JavaThread "Signal Dispatcher" daemon [_thread_blocked, id=16159, stack(0x0000000122a64000,0x0000000122b64000)]
  0x00007feca9034800 JavaThread "Finalizer" daemon [_thread_blocked, id=11523, stack(0x000000012104d000,0x000000012114d000)]
  0x00007feca9033800 JavaThread "Reference Handler" daemon [_thread_blocked, id=11011, stack(0x0000000120f4a000,0x000000012104a000)]
  0x00007fecaa006000 JavaThread "main" [_thread_in_native, id=4867, stack(0x000000010b001000,0x000000010b101000)]

Other Threads:
  0x00007feca902f000 VMThread [stack: 0x0000000120e47000,0x0000000120f47000] [id=10499]
  0x00007fecaa80c800 WatcherThread [stack: 0x0000000122f73000,0x0000000123073000] [id=18691]

VM state:not at safepoint (normal execution)

VM Mutex/Monitor currently owned by a thread: None

Heap:
 PSYoungGen      total 14848K, used 8186K [0x0000000795580000, 0x0000000796e80000, 0x00000007c0000000)
  eden space 13312K, 51% used [0x0000000795580000,0x0000000795c3bbe0,0x0000000796280000)
  from space 1536K, 84% used [0x0000000796280000,0x00000007963c2fc0,0x0000000796400000)
  to   space 2048K, 0% used [0x0000000796c80000,0x0000000796c80000,0x0000000796e80000)
 ParOldGen       total 129536K, used 41659K [0x0000000740000000, 0x0000000747e80000, 0x0000000795580000)
  object space 129536K, 32% used [0x0000000740000000,0x00000007428aefc0,0x0000000747e80000)
 Metaspace       used 11016K, capacity 11159K, committed 11264K, reserved 1058816K
  class space    used 1182K, capacity 1218K, committed 1280K, reserved 1048576K

Card table byte_map: [0x000000011a4c3000,0x000000011a8c4000] byte_map_base: 0x0000000116ac3000

Marking Bits: (ParMarkBitMap*) 0x000000010a1000a0
 Begin Bits: [0x000000011af7b000, 0x000000011cf7b000)
 End Bits:   [0x000000011cf7b000, 0x000000011ef7b000)

Polling page: 0x000000010a7b3000

CodeCache: size=245760Kb used=3953Kb max_used=3958Kb free=241806Kb
 bounds [0x000000010b103000, 0x000000010b4e3000, 0x000000011a103000]
 total_blobs=1601 nmethods=1081 adapters=436
 compilation: enabled

Compilation events (10 events):
Event: 12.084 Thread 0x00007feca9800800 1077       3       sun.awt.AWTAutoShutdown::notifyToolkitThreadFree (8 bytes)
Event: 12.084 Thread 0x00007feca9800800 nmethod 1077 0x000000010b4e2410 code [0x000000010b4e2580, 0x000000010b4e2748]
Event: 12.098 Thread 0x00007feca9800800 1078       3       org.lwjgl.MemoryUtil::getAddress (9 bytes)
Event: 12.099 Thread 0x00007feca9800800 nmethod 1078 0x000000010b4e1dd0 code [0x000000010b4e1f40, 0x000000010b4e2250]
Event: 12.099 Thread 0x00007feca9800800 1079       3       org.lwjgl.MemoryUtil::getAddress (8 bytes)
Event: 12.099 Thread 0x00007feca9800800 nmethod 1079 0x000000010b4e18d0 code [0x000000010b4e1a40, 0x000000010b4e1c50]
Event: 12.165 Thread 0x00007feca9800800 1080       1       org.newdawn.slick.opengl.TextureImpl::hasAlpha (5 bytes)
Event: 12.165 Thread 0x00007feca9800800 nmethod 1080 0x000000010b4e1610 code [0x000000010b4e1760, 0x000000010b4e1870]
Event: 12.298 Thread 0x00007feca9800800 1081       1       org.newdawn.slick.opengl.TextureImpl::getTextureWidth (5 bytes)
Event: 12.298 Thread 0x00007feca9800800 nmethod 1081 0x000000010b4e1350 code [0x000000010b4e14a0, 0x000000010b4e15b0]

GC Heap History (10 events):
Event: 2.227 GC heap before
{Heap before GC invocations=7 (full 0):
 PSYoungGen      total 5632K, used 5215K [0x0000000795580000, 0x0000000795c80000, 0x00000007c0000000)
  eden space 4096K, 100% used [0x0000000795580000,0x0000000795980000,0x0000000795980000)
  from space 1536K, 72% used [0x0000000795b00000,0x0000000795c17f50,0x0000000795c80000)
  to   space 1536K, 0% used [0x0000000795980000,0x0000000795980000,0x0000000795b00000)
 ParOldGen       total 129536K, used 3403K [0x0000000740000000, 0x0000000747e80000, 0x0000000795580000)
  object space 129536K, 2% used [0x0000000740000000,0x0000000740352c08,0x0000000747e80000)
 Metaspace       used 7800K, capacity 7947K, committed 8064K, reserved 1056768K
  class space    used 830K, capacity 884K, committed 896K, reserved 1048576K
Event: 2.231 GC heap after
Heap after GC invocations=7 (full 0):
 PSYoungGen      total 5632K, used 1227K [0x0000000795580000, 0x0000000796080000, 0x00000007c0000000)
  eden space 4096K, 0% used [0x0000000795580000,0x0000000795580000,0x0000000795980000)
  from space 1536K, 79% used [0x0000000795980000,0x0000000795ab2e20,0x0000000795b00000)
  to   space 1536K, 0% used [0x0000000795f00000,0x0000000795f00000,0x0000000796080000)
 ParOldGen       total 129536K, used 3627K [0x0000000740000000, 0x0000000747e80000, 0x0000000795580000)
  object space 129536K, 2% used [0x0000000740000000,0x000000074038ac28,0x0000000747e80000)
 Metaspace       used 7800K, capacity 7947K, committed 8064K, reserved 1056768K
  class space    used 830K, capacity 884K, committed 896K, reserved 1048576K
}
Event: 2.552 GC heap before
{Heap before GC invocations=8 (full 0):
 PSYoungGen      total 5632K, used 5323K [0x0000000795580000, 0x0000000796080000, 0x00000007c0000000)
  eden space 4096K, 100% used [0x0000000795580000,0x0000000795980000,0x0000000795980000)
  from space 1536K, 79% used [0x0000000795980000,0x0000000795ab2e20,0x0000000795b00000)
  to   space 1536K, 0% used [0x0000000795f00000,0x0000000795f00000,0x0000000796080000)
 ParOldGen       total 129536K, used 12843K [0x0000000740000000, 0x0000000747e80000, 0x0000000795580000)
  object space 129536K, 9% used [0x0000000740000000,0x0000000740c8ac58,0x0000000747e80000)
 Metaspace       used 8875K, capacity 8981K, committed 9216K, reserved 1056768K
  class space    used 963K, capacity 1015K, committed 1024K, reserved 1048576K
Event: 2.555 GC heap after
Heap after GC invocations=8 (full 0):
 PSYoungGen      total 9728K, used 1141K [0x0000000795580000, 0x0000000796080000, 0x00000007c0000000)
  eden space 8192K, 0% used [0x0000000795580000,0x0000000795580000,0x0000000795d80000)
  from space 1536K, 74% used [0x0000000795f00000,0x000000079601d5c8,0x0000000796080000)
  to   space 1536K, 0% used [0x0000000795d80000,0x0000000795d80000,0x0000000795f00000)
 ParOldGen       total 129536K, used 13003K [0x0000000740000000, 0x0000000747e80000, 0x0000000795580000)
  object space 129536K, 10% used [0x0000000740000000,0x0000000740cb2c58,0x0000000747e80000)
 Metaspace       used 8875K, capacity 8981K, committed 9216K, reserved 1056768K
  class space    used 963K, capacity 1015K, committed 1024K, reserved 1048576K
}
Event: 2.592 GC heap before
{Heap before GC invocations=9 (full 0):
 PSYoungGen      total 9728K, used 9333K [0x0000000795580000, 0x0000000796080000, 0x00000007c0000000)
  eden space 8192K, 100% used [0x0000000795580000,0x0000000795d80000,0x0000000795d80000)
  from space 1536K, 74% used [0x0000000795f00000,0x000000079601d5c8,0x0000000796080000)
  to   space 1536K, 0% used [0x0000000795d80000,0x0000000795d80000,0x0000000795f00000)
 ParOldGen       total 129536K, used 13003K [0x0000000740000000, 0x0000000747e80000, 0x0000000795580000)
  object space 129536K, 10% used [0x0000000740000000,0x0000000740cb2c58,0x0000000747e80000)
 Metaspace       used 8875K, capacity 8981K, committed 9216K, reserved 1056768K
  class space    used 963K, capacity 1015K, committed 1024K, reserved 1048576K
Event: 2.595 GC heap after
Heap after GC invocations=9 (full 0):
 PSYoungGen      total 9728K, used 789K [0x0000000795580000, 0x0000000796580000, 0x00000007c0000000)
  eden space 8192K, 0% used [0x0000000795580000,0x0000000795580000,0x0000000795d80000)
  from space 1536K, 51% used [0x0000000795d80000,0x0000000795e455c8,0x0000000795f00000)
  to   space 1536K, 0% used [0x0000000796400000,0x0000000796400000,0x0000000796580000)
 ParOldGen       total 129536K, used 13337K [0x0000000740000000, 0x0000000747e80000, 0x0000000795580000)
  object space 129536K, 10% used [0x0000000740000000,0x0000000740d06528,0x0000000747e80000)
 Metaspace       used 8875K, capacity 8981K, committed 9216K, reserved 1056768K
  class space    used 963K, capacity 1015K, committed 1024K, reserved 1048576K
}
Event: 2.619 GC heap before
{Heap before GC invocations=10 (full 0):
 PSYoungGen      total 9728K, used 8981K [0x0000000795580000, 0x0000000796580000, 0x00000007c0000000)
  eden space 8192K, 100% used [0x0000000795580000,0x0000000795d80000,0x0000000795d80000)
  from space 1536K, 51% used [0x0000000795d80000,0x0000000795e455c8,0x0000000795f00000)
  to   space 1536K, 0% used [0x0000000796400000,0x0000000796400000,0x0000000796580000)
 ParOldGen       total 129536K, used 13337K [0x0000000740000000, 0x0000000747e80000, 0x0000000795580000)
  object space 129536K, 10% used [0x0000000740000000,0x0000000740d06528,0x0000000747e80000)
 Metaspace       used 8875K, capacity 8981K, committed 9216K, reserved 1056768K
  class space    used 963K, capacity 1015K, committed 1024K, reserved 1048576K
Event: 2.621 GC heap after
Heap after GC invocations=10 (full 0):
 PSYoungGen      total 14848K, used 0K [0x0000000795580000, 0x0000000796580000, 0x00000007c0000000)
  eden space 13312K, 0% used [0x0000000795580000,0x0000000795580000,0x0000000796280000)
  from space 1536K, 0% used [0x0000000796400000,0x0000000796400000,0x0000000796580000)
  to   space 1536K, 0% used [0x0000000796280000,0x0000000796280000,0x0000000796400000)
 ParOldGen       total 129536K, used 14070K [0x0000000740000000, 0x0000000747e80000, 0x0000000795580000)
  object space 129536K, 10% used [0x0000000740000000,0x0000000740dbdb10,0x0000000747e80000)
 Metaspace       used 8875K, capacity 8981K, committed 9216K, reserved 1056768K
  class space    used 963K, capacity 1015K, committed 1024K, reserved 1048576K
}
Event: 11.597 GC heap before
{Heap before GC invocations=11 (full 0):
 PSYoungGen      total 14848K, used 13232K [0x0000000795580000, 0x0000000796580000, 0x00000007c0000000)
  eden space 13312K, 99% used [0x0000000795580000,0x000000079626c060,0x0000000796280000)
  from space 1536K, 0% used [0x0000000796400000,0x0000000796400000,0x0000000796580000)
  to   space 1536K, 0% used [0x0000000796280000,0x0000000796280000,0x0000000796400000)
 ParOldGen       total 129536K, used 41587K [0x0000000740000000, 0x0000000747e80000, 0x0000000795580000)
  object space 129536K, 32% used [0x0000000740000000,0x000000074289cfb0,0x0000000747e80000)
 Metaspace       used 11007K, capacity 11159K, committed 11264K, reserved 1058816K
  class space    used 1181K, capacity 1218K, committed 1280K, reserved 1048576K
Event: 11.601 GC heap after
Heap after GC invocations=11 (full 0):
 PSYoungGen      total 14848K, used 1291K [0x0000000795580000, 0x0000000796e80000, 0x00000007c0000000)
  eden space 13312K, 0% used [0x0000000795580000,0x0000000795580000,0x0000000796280000)
  from space 1536K, 84% used [0x0000000796280000,0x00000007963c2fc0,0x0000000796400000)
  to   space 2048K, 0% used [0x0000000796c80000,0x0000000796c80000,0x0000000796e80000)
 ParOldGen       total 129536K, used 41659K [0x0000000740000000, 0x0000000747e80000, 0x0000000795580000)
  object space 129536K, 32% used [0x0000000740000000,0x00000007428aefc0,0x0000000747e80000)
 Metaspace       used 11007K, capacity 11159K, committed 11264K, reserved 1058816K
  class space    used 1181K, capacity 1218K, committed 1280K, reserved 1048576K
}

Deoptimization events (2 events):
Event: 2.107 Thread 0x00007fecaa006000 Uncommon trap: reason=unloaded action=reinterpret pc=0x000000010b321da0 method=org.newdawn.slick.opengl.PNGDecoder.<init>(Ljava/io/InputStream;)V @ 52
Event: 2.641 Thread 0x00007fecaa006000 Uncommon trap: reason=unreached action=reinterpret pc=0x000000010b37ab88 method=sun.awt.image.ByteInterleavedRaster.getDataElements(IILjava/lang/Object;)Ljava/lang/Object; @ 43

Internal exceptions (10 events):
Event: 3.161 Thread 0x00007fecaa006000 Exception <a 'java/security/PrivilegedActionException'> (0x0000000795e3d150) thrown at [/HUDSON3/workspace/8-2-build-macosx-x86_64/jdk8u11/648/hotspot/src/share/vm/prims/jvm.cpp, line 1248]
Event: 3.164 Thread 0x00007fecaa006000 Exception <a 'java/security/PrivilegedActionException'> (0x0000000795e45b08) thrown at [/HUDSON3/workspace/8-2-build-macosx-x86_64/jdk8u11/648/hotspot/src/share/vm/prims/jvm.cpp, line 1248]
Event: 3.469 Thread 0x00007fecaa006000 Exception <a 'java/security/PrivilegedActionException'> (0x0000000795e674a0) thrown at [/HUDSON3/workspace/8-2-build-macosx-x86_64/jdk8u11/648/hotspot/src/share/vm/prims/jvm.cpp, line 1248]
Event: 3.472 Thread 0x00007fecaa006000 Exception <a 'java/security/PrivilegedActionException'> (0x0000000795e6ba68) thrown at [/HUDSON3/workspace/8-2-build-macosx-x86_64/jdk8u11/648/hotspot/src/share/vm/prims/jvm.cpp, line 1248]
Event: 3.477 Thread 0x00007fecaa006000 Exception <a 'java/security/PrivilegedActionException'> (0x0000000795e701b0) thrown at [/HUDSON3/workspace/8-2-build-macosx-x86_64/jdk8u11/648/hotspot/src/share/vm/prims/jvm.cpp, line 1248]
Event: 4.320 Thread 0x00007fecaa006000 Exception <a 'java/security/PrivilegedActionException'> (0x0000000795e75b78) thrown at [/HUDSON3/workspace/8-2-build-macosx-x86_64/jdk8u11/648/hotspot/src/share/vm/prims/jvm.cpp, line 1248]
Event: 4.321 Thread 0x00007fecaa006000 Exception <a 'java/security/PrivilegedActionException'> (0x0000000795e7a928) thrown at [/HUDSON3/workspace/8-2-build-macosx-x86_64/jdk8u11/648/hotspot/src/share/vm/prims/jvm.cpp, line 1248]
Event: 4.858 Thread 0x00007fecaa006000 Exception <a 'java/security/PrivilegedActionException'> (0x0000000795e80b38) thrown at [/HUDSON3/workspace/8-2-build-macosx-x86_64/jdk8u11/648/hotspot/src/share/vm/prims/jvm.cpp, line 1248]
Event: 9.690 Thread 0x00007fecaa006000 Exception <a 'java/lang/NoSuchMethodError': <clinit>> (0x0000000795eeb800) thrown at [/HUDSON3/workspace/8-2-build-macosx-x86_64/jdk8u11/648/hotspot/src/share/vm/prims/jni.cpp, line 1599]
Event: 12.425 Thread 0x00007fecaa006000 Exception <a 'java/security/PrivilegedActionException'> (0x00000007955c60b0) thrown at [/HUDSON3/workspace/8-2-build-macosx-x86_64/jdk8u11/648/hotspot/src/share/vm/prims/jvm.cpp, line 1248]

Events (10 events):
Event: 9.701 loading class java/util/function/Function done
Event: 9.701 loading class java/util/function/UnaryOperator done
Event: 11.597 Executing VM operation: ParallelGCFailedAllocation
Event: 11.601 Executing VM operation: ParallelGCFailedAllocation done
Event: 11.611 loading class java/io/FileOutputStream$1
Event: 11.611 loading class java/io/FileOutputStream$1 done
Event: 11.611 Executing VM operation: RevokeBias
Event: 11.611 Executing VM operation: RevokeBias done
Event: 12.425 loading class org/lwjgl/opengl/CallbackUtil
Event: 12.425 loading class org/lwjgl/opengl/CallbackUtil done


Dynamic libraries:
0x000000000512a000 	/System/Library/Frameworks/Cocoa.framework/Versions/A/Cocoa
0x000000000512a000 	/System/Library/Frameworks/Security.framework/Versions/A/Security
0x000000000512a000 	/System/Library/Frameworks/ApplicationServices.framework/Versions/A/ApplicationServices
0x000000000512a000 	/usr/lib/libz.1.dylib
0x000000000512a000 	/usr/lib/libSystem.B.dylib
0x000000000512a000 	/usr/lib/libobjc.A.dylib
0x000000000512a000 	/System/Library/Frameworks/CoreFoundation.framework/Versions/A/CoreFoundation
0x000000000512a000 	/System/Library/Frameworks/Foundation.framework/Versions/C/Foundation
0x000000000512a000 	/System/Library/Frameworks/AppKit.framework/Versions/C/AppKit
0x000000000512a000 	/System/Library/Frameworks/CoreData.framework/Versions/A/CoreData
0x000000000512a000 	/System/Library/PrivateFrameworks/RemoteViewServices.framework/Versions/A/RemoteViewServices
0x000000000512a000 	/System/Library/PrivateFrameworks/UIFoundation.framework/Versions/A/UIFoundation
0x000000000512a000 	/System/Library/Frameworks/IOSurface.framework/Versions/A/IOSurface
0x000000000512a000 	/System/Library/Frameworks/AudioToolbox.framework/Versions/A/AudioToolbox
0x000000000512a000 	/System/Library/Frameworks/AudioUnit.framework/Versions/A/AudioUnit
0x000000000512a000 	/System/Library/PrivateFrameworks/DataDetectorsCore.framework/Versions/A/DataDetectorsCore
0x000000000512a000 	/System/Library/PrivateFrameworks/DesktopServicesPriv.framework/Versions/A/DesktopServicesPriv
0x000000000512a000 	/System/Library/Frameworks/Carbon.framework/Versions/A/Frameworks/HIToolbox.framework/Versions/A/HIToolbox
0x000000000512a000 	/System/Library/Frameworks/QuartzCore.framework/Versions/A/QuartzCore
0x000000000512a000 	/System/Library/Frameworks/Carbon.framework/Versions/A/Frameworks/SpeechRecognition.framework/Versions/A/SpeechRecognition
0x000000000512a000 	/usr/lib/libauto.dylib
0x000000000512a000 	/usr/lib/libicucore.A.dylib
0x000000000512a000 	/usr/lib/libxml2.2.dylib
0x000000000512a000 	/System/Library/PrivateFrameworks/CoreUI.framework/Versions/A/CoreUI
0x000000000512a000 	/System/Library/Frameworks/CoreAudio.framework/Versions/A/CoreAudio
0x000000000512a000 	/System/Library/Frameworks/DiskArbitration.framework/Versions/A/DiskArbitration
0x000000000512a000 	/usr/lib/liblangid.dylib
0x000000000512a000 	/System/Library/PrivateFrameworks/MultitouchSupport.framework/Versions/A/MultitouchSupport
0x000000000512a000 	/System/Library/Frameworks/IOKit.framework/Versions/A/IOKit
0x000000000512a000 	/usr/lib/libDiagnosticMessagesClient.dylib
0x000000000512a000 	/System/Library/Frameworks/CoreServices.framework/Versions/A/CoreServices
0x000000000512a000 	/System/Library/PrivateFrameworks/PerformanceAnalysis.framework/Versions/A/PerformanceAnalysis
0x000000000512a000 	/System/Library/PrivateFrameworks/GenerationalStorage.framework/Versions/A/GenerationalStorage
0x000000000512a000 	/System/Library/Frameworks/OpenGL.framework/Versions/A/OpenGL
0x000000000512a000 	/System/Library/PrivateFrameworks/Sharing.framework/Versions/A/Sharing
0x000000000512a000 	/System/Library/Frameworks/CoreGraphics.framework/Versions/A/CoreGraphics
0x000000000512a000 	/System/Library/Frameworks/CoreText.framework/Versions/A/CoreText
0x000000000512a000 	/System/Library/Frameworks/ImageIO.framework/Versions/A/ImageIO
0x000000000512a000 	/usr/lib/libextension.dylib
0x000000000512a000 	/System/Library/PrivateFrameworks/Backup.framework/Versions/A/Backup
0x000000000512a000 	/usr/lib/libarchive.2.dylib
0x000000000512a000 	/System/Library/Frameworks/CFNetwork.framework/Versions/A/CFNetwork
0x000000000512a000 	/System/Library/Frameworks/SystemConfiguration.framework/Versions/A/SystemConfiguration
0x000000000512a000 	/usr/lib/libCRFSuite.dylib
0x000000000512a000 	/usr/lib/libc++.1.dylib
0x000000000512a000 	/usr/lib/libc++abi.dylib
0x000000000512a000 	/usr/lib/system/libcache.dylib
0x000000000512a000 	/usr/lib/system/libcommonCrypto.dylib
0x000000000512a000 	/usr/lib/system/libcompiler_rt.dylib
0x000000000512a000 	/usr/lib/system/libcopyfile.dylib
0x000000000512a000 	/usr/lib/system/libcorecrypto.dylib
0x000000000512a000 	/usr/lib/system/libdispatch.dylib
0x000000000512a000 	/usr/lib/system/libdyld.dylib
0x000000000512a000 	/usr/lib/system/libkeymgr.dylib
0x000000000512a000 	/usr/lib/system/liblaunch.dylib
0x000000000512a000 	/usr/lib/system/libmacho.dylib
0x000000000512a000 	/usr/lib/system/libquarantine.dylib
0x000000000512a000 	/usr/lib/system/libremovefile.dylib
0x000000000512a000 	/usr/lib/system/libsystem_asl.dylib
0x000000000512a000 	/usr/lib/system/libsystem_blocks.dylib
0x000000000512a000 	/usr/lib/system/libsystem_c.dylib
0x000000000512a000 	/usr/lib/system/libsystem_configuration.dylib
0x000000000512a000 	/usr/lib/system/libsystem_coreservices.dylib
0x000000000512a000 	/usr/lib/system/libsystem_coretls.dylib
0x000000000512a000 	/usr/lib/system/libsystem_dnssd.dylib
0x000000000512a000 	/usr/lib/system/libsystem_info.dylib
0x000000000512a000 	/usr/lib/system/libsystem_kernel.dylib
0x000000000512a000 	/usr/lib/system/libsystem_m.dylib
0x000000000512a000 	/usr/lib/system/libsystem_malloc.dylib
0x000000000512a000 	/usr/lib/system/libsystem_network.dylib
0x000000000512a000 	/usr/lib/system/libsystem_networkextension.dylib
0x000000000512a000 	/usr/lib/system/libsystem_notify.dylib
0x000000000512a000 	/usr/lib/system/libsystem_platform.dylib
0x000000000512a000 	/usr/lib/system/libsystem_pthread.dylib
0x000000000512a000 	/usr/lib/system/libsystem_sandbox.dylib
0x000000000512a000 	/usr/lib/system/libsystem_secinit.dylib
0x000000000512a000 	/usr/lib/system/libsystem_stats.dylib
0x000000000512a000 	/usr/lib/system/libsystem_trace.dylib
0x000000000512a000 	/usr/lib/system/libunc.dylib
0x000000000512a000 	/usr/lib/system/libunwind.dylib
0x000000000512a000 	/usr/lib/system/libxpc.dylib
0x000000000512a000 	/usr/lib/libbz2.1.0.dylib
0x000000000512a000 	/usr/lib/liblzma.5.dylib
0x000000000512a000 	/usr/lib/libbsm.0.dylib
0x000000000512a000 	/usr/lib/libsqlite3.dylib
0x000000000512a000 	/usr/lib/system/libkxld.dylib
0x000000000512a000 	/usr/lib/libxar.1.dylib
0x000000000512a000 	/usr/lib/libpam.2.dylib
0x000000000512a000 	/usr/lib/libOpenScriptingUtil.dylib
0x000000000512a000 	/System/Library/Frameworks/CoreServices.framework/Versions/A/Frameworks/FSEvents.framework/Versions/A/FSEvents
0x000000000512a000 	/System/Library/Frameworks/CoreServices.framework/Versions/A/Frameworks/CarbonCore.framework/Versions/A/CarbonCore
0x000000000512a000 	/System/Library/Frameworks/CoreServices.framework/Versions/A/Frameworks/Metadata.framework/Versions/A/Metadata
0x000000000512a000 	/System/Library/Frameworks/CoreServices.framework/Versions/A/Frameworks/OSServices.framework/Versions/A/OSServices
0x000000000512a000 	/System/Library/Frameworks/CoreServices.framework/Versions/A/Frameworks/SearchKit.framework/Versions/A/SearchKit
0x000000000512a000 	/System/Library/Frameworks/CoreServices.framework/Versions/A/Frameworks/AE.framework/Versions/A/AE
0x000000000512a000 	/System/Library/Frameworks/CoreServices.framework/Versions/A/Frameworks/LaunchServices.framework/Versions/A/LaunchServices
0x000000000512a000 	/System/Library/Frameworks/CoreServices.framework/Versions/A/Frameworks/DictionaryServices.framework/Versions/A/DictionaryServices
0x000000000512a000 	/System/Library/Frameworks/NetFS.framework/Versions/A/NetFS
0x000000000512a000 	/System/Library/PrivateFrameworks/NetAuth.framework/Versions/A/NetAuth
0x000000000512a000 	/System/Library/PrivateFrameworks/login.framework/Versions/A/Frameworks/loginsupport.framework/Versions/A/loginsupport
0x000000000512a000 	/System/Library/PrivateFrameworks/TCC.framework/Versions/A/TCC
0x000000000512a000 	/usr/lib/libmecabra.dylib
0x000000000512a000 	/System/Library/Frameworks/ApplicationServices.framework/Versions/A/Frameworks/ATS.framework/Versions/A/ATS
0x000000000512a000 	/System/Library/Frameworks/ApplicationServices.framework/Versions/A/Frameworks/ColorSync.framework/Versions/A/ColorSync
0x000000000512a000 	/System/Library/Frameworks/ApplicationServices.framework/Versions/A/Frameworks/HIServices.framework/Versions/A/HIServices
0x000000000512a000 	/System/Library/Frameworks/ApplicationServices.framework/Versions/A/Frameworks/LangAnalysis.framework/Versions/A/LangAnalysis
0x000000000512a000 	/System/Library/Frameworks/ApplicationServices.framework/Versions/A/Frameworks/PrintCore.framework/Versions/A/PrintCore
0x000000000512a000 	/System/Library/Frameworks/ApplicationServices.framework/Versions/A/Frameworks/QD.framework/Versions/A/QD
0x000000000512a000 	/System/Library/Frameworks/ApplicationServices.framework/Versions/A/Frameworks/SpeechSynthesis.framework/Versions/A/SpeechSynthesis
0x000000000512a000 	/System/Library/Frameworks/Accelerate.framework/Versions/A/Accelerate
0x000000000512a000 	/System/Library/Frameworks/Accelerate.framework/Versions/A/Frameworks/vImage.framework/Versions/A/vImage
0x000000000512a000 	/System/Library/Frameworks/Accelerate.framework/Versions/A/Frameworks/vecLib.framework/Versions/A/vecLib
0x000000000512a000 	/System/Library/Frameworks/Accelerate.framework/Versions/A/Frameworks/vecLib.framework/Versions/A/libvDSP.dylib
0x000000000512a000 	/System/Library/Frameworks/Accelerate.framework/Versions/A/Frameworks/vecLib.framework/Versions/A/libvMisc.dylib
0x000000000512a000 	/System/Library/Frameworks/Accelerate.framework/Versions/A/Frameworks/vecLib.framework/Versions/A/libLAPACK.dylib
0x000000000512a000 	/System/Library/Frameworks/Accelerate.framework/Versions/A/Frameworks/vecLib.framework/Versions/A/libBLAS.dylib
0x000000000512a000 	/System/Library/Frameworks/Accelerate.framework/Versions/A/Frameworks/vecLib.framework/Versions/A/libLinearAlgebra.dylib
0x000000000512a000 	/System/Library/Frameworks/ApplicationServices.framework/Versions/A/Frameworks/ATS.framework/Versions/A/Resources/libFontParser.dylib
0x000000000512a000 	/System/Library/Frameworks/ApplicationServices.framework/Versions/A/Frameworks/ATS.framework/Versions/A/Resources/libFontRegistry.dylib
0x000000000512a000 	/System/Library/PrivateFrameworks/AppleVPA.framework/Versions/A/AppleVPA
0x000000000512a000 	/System/Library/PrivateFrameworks/AppleJPEG.framework/Versions/A/AppleJPEG
0x000000000512a000 	/System/Library/Frameworks/ImageIO.framework/Versions/A/Resources/libJPEG.dylib
0x000000000512a000 	/System/Library/Frameworks/ImageIO.framework/Versions/A/Resources/libTIFF.dylib
0x000000000512a000 	/System/Library/Frameworks/ImageIO.framework/Versions/A/Resources/libPng.dylib
0x000000000512a000 	/System/Library/Frameworks/ImageIO.framework/Versions/A/Resources/libGIF.dylib
0x000000000512a000 	/System/Library/Frameworks/ImageIO.framework/Versions/A/Resources/libJP2.dylib
0x000000000512a000 	/System/Library/Frameworks/ImageIO.framework/Versions/A/Resources/libRadiance.dylib
0x000000000512a000 	/System/Library/Frameworks/CoreVideo.framework/Versions/A/CoreVideo
0x000000000512a000 	/System/Library/Frameworks/OpenGL.framework/Versions/A/Libraries/libGLU.dylib
0x000000000512a000 	/System/Library/Frameworks/OpenGL.framework/Versions/A/Libraries/libGFXShared.dylib
0x000000000512a000 	/System/Library/Frameworks/OpenGL.framework/Versions/A/Libraries/libGL.dylib
0x000000000512a000 	/System/Library/Frameworks/OpenGL.framework/Versions/A/Libraries/libGLImage.dylib
0x000000000512a000 	/System/Library/Frameworks/OpenGL.framework/Versions/A/Libraries/libCVMSPluginSupport.dylib
0x000000000512a000 	/System/Library/Frameworks/OpenGL.framework/Versions/A/Libraries/libCoreVMClient.dylib
0x000000000512a000 	/usr/lib/libcups.2.dylib
0x000000000512a000 	/System/Library/Frameworks/Kerberos.framework/Versions/A/Kerberos
0x000000000512a000 	/System/Library/Frameworks/GSS.framework/Versions/A/GSS
0x000000000512a000 	/usr/lib/libresolv.9.dylib
0x000000000512a000 	/usr/lib/libiconv.2.dylib
0x000000000512a000 	/System/Library/PrivateFrameworks/Heimdal.framework/Versions/A/Heimdal
0x000000000512a000 	/usr/lib/libheimdal-asn1.dylib
0x000000000512a000 	/System/Library/Frameworks/OpenDirectory.framework/Versions/A/OpenDirectory
0x000000000512a000 	/System/Library/PrivateFrameworks/CommonAuth.framework/Versions/A/CommonAuth
0x000000000512a000 	/System/Library/Frameworks/OpenDirectory.framework/Versions/A/Frameworks/CFOpenDirectory.framework/Versions/A/CFOpenDirectory
0x000000000512a000 	/System/Library/Frameworks/SecurityFoundation.framework/Versions/A/SecurityFoundation
0x000000000512a000 	/System/Library/PrivateFrameworks/LanguageModeling.framework/Versions/A/LanguageModeling
0x000000000512a000 	/usr/lib/libcmph.dylib
0x000000000512a000 	/System/Library/Frameworks/ServiceManagement.framework/Versions/A/ServiceManagement
0x000000000512a000 	/usr/lib/libxslt.1.dylib
0x000000000512a000 	/System/Library/Frameworks/Carbon.framework/Versions/A/Frameworks/Ink.framework/Versions/A/Ink
0x000000000512a000 	/System/Library/Frameworks/QuartzCore.framework/Versions/A/Frameworks/CoreImage.framework/Versions/A/CoreImage
0x000000000512a000 	/System/Library/PrivateFrameworks/CrashReporterSupport.framework/Versions/A/CrashReporterSupport
0x000000000512a000 	/System/Library/Frameworks/OpenCL.framework/Versions/A/OpenCL
0x000000000512a000 	/System/Library/PrivateFrameworks/FaceCore.framework/Versions/A/FaceCore
0x000000000512a000 	/System/Library/PrivateFrameworks/Ubiquity.framework/Versions/A/Ubiquity
0x000000000512a000 	/System/Library/PrivateFrameworks/IconServices.framework/Versions/A/IconServices
0x000000000512a000 	/System/Library/PrivateFrameworks/ChunkingLibrary.framework/Versions/A/ChunkingLibrary
0x000000000512a000 	/System/Library/PrivateFrameworks/Apple80211.framework/Versions/A/Apple80211
0x000000000512a000 	/System/Library/Frameworks/CoreWLAN.framework/Versions/A/CoreWLAN
0x000000000512a000 	/System/Library/Frameworks/IOBluetooth.framework/Versions/A/IOBluetooth
0x000000000512a000 	/System/Library/PrivateFrameworks/CoreWiFi.framework/Versions/A/CoreWiFi
0x000000000512a000 	/System/Library/Frameworks/CoreBluetooth.framework/Versions/A/CoreBluetooth
0x000000000512a000 	/System/Library/PrivateFrameworks/DebugSymbols.framework/Versions/A/DebugSymbols
0x000000000512a000 	/System/Library/PrivateFrameworks/CoreSymbolication.framework/Versions/A/CoreSymbolication
0x000000000512a000 	/System/Library/PrivateFrameworks/Symbolication.framework/Versions/A/Symbolication
0x000000000512a000 	/System/Library/PrivateFrameworks/SpeechRecognitionCore.framework/Versions/A/SpeechRecognitionCore
0x0000000109899000 	/Library/Java/JavaVirtualMachines/jdk1.8.0_11.jdk/Contents/Home/jre/lib/server/libjvm.dylib
0x000000000512a000 	/usr/lib/libstdc++.6.dylib
0x000000010a771000 	/Library/Java/JavaVirtualMachines/jdk1.8.0_11.jdk/Contents/Home/jre/lib/libverify.dylib
0x000000010a77f000 	/Library/Java/JavaVirtualMachines/jdk1.8.0_11.jdk/Contents/Home/jre/lib/libjava.dylib
0x000000010a7bd000 	/Library/Java/JavaVirtualMachines/jdk1.8.0_11.jdk/Contents/Home/jre/lib/libzip.dylib
0x000000012114f000 	/System/Library/Frameworks/JavaVM.framework/Frameworks/JavaRuntimeSupport.framework/JavaRuntimeSupport
0x000000012116a000 	/System/Library/Frameworks/JavaVM.framework/Versions/A/Frameworks/JavaNativeFoundation.framework/Versions/A/JavaNativeFoundation
0x000000010a7ef000 	/System/Library/Frameworks/JavaVM.framework/Versions/A/JavaVM
0x000000000512a000 	/System/Library/Frameworks/Carbon.framework/Versions/A/Carbon
0x000000012117f000 	/System/Library/PrivateFrameworks/JavaLaunching.framework/Versions/A/JavaLaunching
0x000000000512a000 	/System/Library/Frameworks/Carbon.framework/Versions/A/Frameworks/CommonPanels.framework/Versions/A/CommonPanels
0x000000000512a000 	/System/Library/Frameworks/Carbon.framework/Versions/A/Frameworks/Help.framework/Versions/A/Help
0x000000000512a000 	/System/Library/Frameworks/Carbon.framework/Versions/A/Frameworks/ImageCapture.framework/Versions/A/ImageCapture
0x000000000512a000 	/System/Library/Frameworks/Carbon.framework/Versions/A/Frameworks/OpenScripting.framework/Versions/A/OpenScripting
0x000000000512a000 	/System/Library/Frameworks/Carbon.framework/Versions/A/Frameworks/Print.framework/Versions/A/Print
0x000000000512a000 	/System/Library/Frameworks/Carbon.framework/Versions/A/Frameworks/SecurityHI.framework/Versions/A/SecurityHI
0x00000001230d4000 	/Library/Java/JavaVirtualMachines/jdk1.8.0_11.jdk/Contents/Home/jre/lib/libawt.dylib
0x0000000123183000 	/Library/Java/JavaVirtualMachines/jdk1.8.0_11.jdk/Contents/Home/jre/lib/./libmlib_image.dylib
0x000000012324f000 	/Library/Java/JavaVirtualMachines/jdk1.8.0_11.jdk/Contents/Home/jre/lib/libawt_lwawt.dylib
0x0000000123301000 	/Library/Java/JavaVirtualMachines/jdk1.8.0_11.jdk/Contents/Home/jre/lib/./libosxapp.dylib
0x000000000512a000 	/System/Library/Frameworks/ExceptionHandling.framework/Versions/A/ExceptionHandling
0x000000000512a000 	/System/Library/PrivateFrameworks/CoreServicesInternal.framework/Versions/A/CoreServicesInternal
0x000000000512a000 	/System/Library/PrivateFrameworks/CloudDocs.framework/Versions/A/CloudDocs
0x000000000512a000 	/System/Library/PrivateFrameworks/CoreDuet.framework/Versions/A/CoreDuet
0x000000000512a000 	/System/Library/Frameworks/CloudKit.framework/Versions/A/CloudKit
0x000000000512a000 	/System/Library/PrivateFrameworks/ProtocolBuffer.framework/Versions/A/ProtocolBuffer
0x000000000512a000 	/System/Library/PrivateFrameworks/CoreDuetDaemonProtocol.framework/Versions/A/CoreDuetDaemonProtocol
0x000000000512a000 	/System/Library/PrivateFrameworks/CoreDuetDebugLogging.framework/Versions/A/CoreDuetDebugLogging
0x000000000512a000 	/System/Library/PrivateFrameworks/MMCS.framework/Versions/A/MMCS
0x000000000512a000 	/System/Library/Frameworks/CoreLocation.framework/Versions/A/CoreLocation
0x000000000512a000 	/System/Library/PrivateFrameworks/ProtectedCloudStorage.framework/Versions/A/ProtectedCloudStorage
0x000000000512a000 	/System/Library/PrivateFrameworks/GeoServices.framework/Versions/A/GeoServices
0x000000000512a000 	/System/Library/Frameworks/CoreGraphics.framework/Versions/A/Resources/libCGCMS.A.dylib
0x000000000512a000 	/System/Library/Frameworks/CoreGraphics.framework/Versions/A/Resources/libRIP.A.dylib
0x000000000512a000 	/System/Library/Frameworks/CoreGraphics.framework/Versions/A/Resources/libCGXType.A.dylib
0x000000000512a000 	/System/Library/Frameworks/OpenCL.framework/Versions/A/Libraries/libcldcpuengine.dylib
0x000000000512a000 	/System/Library/PrivateFrameworks/DiskImages.framework/Versions/A/DiskImages
0x000000000512a000 	/System/Library/Frameworks/DiscRecording.framework/Versions/A/DiscRecording
0x000000000512a000 	/usr/lib/libcsfde.dylib
0x000000000512a000 	/usr/lib/libcurl.4.dylib
0x000000000512a000 	/System/Library/PrivateFrameworks/MediaKit.framework/Versions/A/MediaKit
0x000000000512a000 	/usr/lib/libCoreStorage.dylib
0x000000000512a000 	/System/Library/PrivateFrameworks/EFILogin.framework/Versions/A/EFILogin
0x000000000512a000 	/usr/lib/libutil.dylib
0x000000000512a000 	/System/Library/PrivateFrameworks/FindMyDevice.framework/Versions/A/FindMyDevice
0x000000000512a000 	/System/Library/Frameworks/LDAP.framework/Versions/A/LDAP
0x000000000512a000 	/usr/lib/libsasl2.2.dylib
0x000000000512a000 	/System/Library/PrivateFrameworks/CoreDaemon.framework/Versions/B/CoreDaemon
0x000000000512a000 	/usr/lib/libcrypto.0.9.8.dylib
0x000000000512a000 	/System/Library/PrivateFrameworks/AppleSRP.framework/Versions/A/AppleSRP
0x000000000512a000 	/System/Library/PrivateFrameworks/TrustEvaluationAgent.framework/Versions/A/TrustEvaluationAgent
0x00000001262af000 	cl_kernels
0x00000001262b1000 	/System/Library/Frameworks/OpenCL.framework/Versions/A/Libraries/ImageFormats/unorm8_bgra.dylib
0x00000001262a0000 	cl_kernels
0x000000000512a000 	/System/Library/PrivateFrameworks/FamilyControls.framework/Versions/A/FamilyControls
0x000000000512a000 	/System/Library/PrivateFrameworks/CommerceKit.framework/Versions/A/Frameworks/CommerceCore.framework/Versions/A/CommerceCore
0x000000000512a000 	/System/Library/PrivateFrameworks/SystemAdministration.framework/Versions/A/SystemAdministration
0x000000000512a000 	/System/Library/PrivateFrameworks/AppContainer.framework/Versions/A/AppContainer
0x000000000512a000 	/System/Library/PrivateFrameworks/SecCodeWrapper.framework/Versions/A/SecCodeWrapper
0x000000000512a000 	/System/Library/Frameworks/DirectoryService.framework/Versions/A/DirectoryService
0x000000000512a000 	/System/Library/PrivateFrameworks/LoginUIKit.framework/Versions/A/Frameworks/LoginUICore.framework/Versions/A/LoginUICore
0x000000000512a000 	/usr/lib/libodfde.dylib
0x00000001274fa000 	/Library/Java/JavaVirtualMachines/jdk1.8.0_11.jdk/Contents/Home/jre/lib/libfontmanager.dylib
0x0000000127560000 	/Users/Olivier/Dropbox/Projet_Int-grateur_TeamYOCO-master/build/classes/res/native/liblwjgl.dylib
0x00000001257e4000 	/Library/Java/JavaVirtualMachines/jdk1.8.0_11.jdk/Contents/Home/jre/lib/libjawt.dylib
0x000000000512a000 	/System/Library/Frameworks/OpenGL.framework/Versions/A/Resources/GLEngine.bundle/GLEngine
0x000000000512a000 	/System/Library/Frameworks/OpenGL.framework/Versions/A/Libraries/libGLProgrammability.dylib
0x00000001275ec000 	/System/Library/Extensions/AppleIntelHDGraphicsGLDriver.bundle/Contents/MacOS/AppleIntelHDGraphicsGLDriver
0x0000000127a73000 	/System/Library/PrivateFrameworks/GPUSupport.framework/Versions/A/Libraries/libGPUSupport.dylib
0x0000000000000000 	/System/Library/Extensions/GeForceTeslaGLDriver.bundle/Contents/MacOS/GeForceTeslaGLDriver
0x0000000127a87000 	/System/Library/Extensions/GeForceTeslaGLDriver.bundle/Contents/MacOS/libclh.dylib
0x000000000512a000 	/System/Library/Frameworks/OpenGL.framework/Versions/A/Resources/GLRendererFloat.bundle/GLRendererFloat
0x000000012a277000 	/Library/Java/JavaVirtualMachines/jdk1.8.0_11.jdk/Contents/Home/jre/lib/libnio.dylib
0x000000012a286000 	/Library/Java/JavaVirtualMachines/jdk1.8.0_11.jdk/Contents/Home/jre/lib/./libnet.dylib
0x000000012a29c000 	/Library/Java/JavaVirtualMachines/jdk1.8.0_11.jdk/Contents/Home/jre/lib/libjpeg.dylib
0x00000001293d2000 	/Users/Olivier/Dropbox/Projet_Int-grateur_TeamYOCO-master/build/classes/res/native/openal.dylib
0x000000012b1b5000 	/System/Library/Components/CoreAudio.component/Contents/MacOS/CoreAudio
0x00000001282e3000 	/System/Library/Extensions/AppleHDA.kext/Contents/PlugIns/AppleHDAHALPlugIn.bundle/Contents/MacOS/AppleHDAHALPlugIn

VM Arguments:
jvm_args: -Dfile.encoding=UTF-8 -Djava.library.path=lib 
java_command: ca.qc.bdeb.info204.Game
java_class_path (initial): /Users/Olivier/Dropbox/Projet_Int-grateur_TeamYOCO-master/lib/jinput.jar:/Users/Olivier/Dropbox/Projet_Int-grateur_TeamYOCO-master/lib/lwjgl.jar:/Users/Olivier/Dropbox/Projet_Int-grateur_TeamYOCO-master/lib/lwjgl_util.jar:/Users/Olivier/Dropbox/Projet_Int-grateur_TeamYOCO-master/lib/slick.jar:/Users/Olivier/Dropbox/Projet_Int-grateur_TeamYOCO-master/lib/SlickUtils-1.3.jar:/Users/Olivier/Dropbox/Projet_Int-grateur_TeamYOCO-master/build/classes
Launcher Type: SUN_STANDARD

Environment Variables:
PATH=/usr/bin:/bin:/usr/sbin:/sbin
LD_LIBRARY_PATH=/Library/Java/JavaVirtualMachines/jdk1.8.0_11.jdk/Contents/Home/jre/lib/amd64:/Library/Java/JavaVirtualMachines/jdk1.8.0_11.jdk/Contents/Home/jre/lib/i386:
SHELL=/bin/bash
DYLD_LIBRARY_PATH=/Applications/NetBeans/NetBeans 8.0.1.app/Contents/Resources/NetBeans/webcommon/bin:

Signal Handlers:
SIGSEGV: [libjvm.dylib+0x56059b], sa_mask[0]=0xfffefeff, sa_flags=0x00000043
SIGBUS: [libjvm.dylib+0x56059b], sa_mask[0]=0xfffefeff, sa_flags=0x00000042
SIGFPE: [libjvm.dylib+0x4438f2], sa_mask[0]=0xfffefeff, sa_flags=0x00000042
SIGPIPE: [libjvm.dylib+0x4438f2], sa_mask[0]=0xfffefeff, sa_flags=0x00000042
SIGXFSZ: [libjvm.dylib+0x4438f2], sa_mask[0]=0xfffefeff, sa_flags=0x00000042
SIGILL: [libjvm.dylib+0x4438f2], sa_mask[0]=0xfffefeff, sa_flags=0x00000042
SIGUSR1: SIG_DFL, sa_mask[0]=0x00000000, sa_flags=0x00000000
SIGUSR2: [libjvm.dylib+0x443410], sa_mask[0]=0x00000004, sa_flags=0x00000042
SIGHUP: [libjvm.dylib+0x44179b], sa_mask[0]=0xfffefeff, sa_flags=0x00000042
SIGINT: SIG_IGN, sa_mask[0]=0x00000000, sa_flags=0x00000000
SIGTERM: [libjvm.dylib+0x44179b], sa_mask[0]=0xfffefeff, sa_flags=0x00000042
SIGQUIT: [libjvm.dylib+0x44179b], sa_mask[0]=0xfffefeff, sa_flags=0x00000042


---------------  S Y S T E M  ---------------

OS:Bsduname:Darwin 14.5.0 Darwin Kernel Version 14.5.0: Wed Jul 29 02:26:53 PDT 2015; root:xnu-2782.40.9~1/RELEASE_X86_64 x86_64
rlimit: STACK 8192k, CORE 0k, NPROC 709, NOFILE 10240, AS infinity
load average:1.55 1.62 1.71

CPU:total 4 (2 cores per cpu, 2 threads per core) family 6 model 37 stepping 5, cmov, cx8, fxsr, mmx, sse, sse2, sse3, ssse3, sse4.1, sse4.2, popcnt, aes, clmul, ht, tsc, tscinvbit

Memory: 4k page, physical 8388608k(58592k free)

/proc/meminfo:


vm_info: Java HotSpot(TM) 64-Bit Server VM (25.11-b03) for bsd-amd64 JRE (1.8.0_11-b12), built on Jun 16 2014 17:39:42 by "java_re" with gcc 4.2.1 (Based on Apple Inc. build 5658) (LLVM build 2336.11.00)

time: Sat May 21 15:13:15 2016
elapsed time: 12 seconds

