#
# A fatal error has been detected by the Java Runtime Environment:
#
#  SIGSEGV (0xb) at pc=0x00007fff93afb0dd, pid=3022, tid=1811
#
# JRE version: Java(TM) SE Runtime Environment (8.0_11-b12) (build 1.8.0_11-b12)
# Java VM: Java HotSpot(TM) 64-Bit Server VM (25.11-b03 mixed mode bsd-amd64 compressed oops)
# Problematic frame:
# C  [libobjc.A.dylib+0x10dd]  objc_msgSend+0x1d
#
# Failed to write core dump. Core dumps have been disabled. To enable core dumping, try "ulimit -c unlimited" before starting Java again
#
# If you would like to submit a bug report, please visit:
#   http://bugreport.sun.com/bugreport/crash.jsp
# The crash happened outside the Java Virtual Machine in native code.
# See problematic frame for where to report the bug.
#

---------------  T H R E A D  ---------------

Current thread (0x00007fda2a922000):  JavaThread "AppKit Thread" daemon [_thread_in_native, id=1811, stack(0x00007fff5704e000,0x00007fff5784e000)]

siginfo:si_signo=SIGSEGV: si_errno=0, si_code=1 (SEGV_MAPERR), si_addr=0x0000000000000018

Registers:
RAX=0x00007fda2a75bca0, RBX=0x00007fff57849838, RCX=0x0000000000000000, RDX=0x00007fda2a6d5310
RSP=0x00007fff57849658, RBP=0x00007fff57849660, RSI=0x00007fff8d8a841e, RDI=0x00007fda2a75bca0
R8 =0x00007fff57849640, R9 =0x0000000000000062, R10=0x00007fff8d8a841e, R11=0x0000000000000000
R12=0x00007fda2a702350, R13=0x00000000000f4303, R14=0x00007fda2cc8fb70, R15=0x00007fff57849798
RIP=0x00007fff93afb0dd, EFLAGS=0x0000000000010246, ERR=0x0000000000000004
  TRAPNO=0x000000000000000e

Top of Stack: (sp=0x00007fff57849658)
0x00007fff57849658:   00007fff9765845c 00007fff578499c0
0x00007fff57849668:   00007fff97548634 00007fff578496ec
0x00007fff57849678:   00007fff578496f0 00007fff578496f4
0x00007fff57849688:   00007fff7cec6e00 ffffffffffffffff
0x00007fff57849698:   0000000000000930 00007fff7cec6e18
0x00007fff578496a8:   00007fda2cc8fb70 0000000000000000
0x00007fff578496b8:   00007fff57849790 0000000000000000
0x00007fff578496c8:   00007fda2a681f10 00007fff57849810
0x00007fff578496d8:   0000000000000062 00000000000f4305
0x00007fff578496e8:   00007fda2a6d5310 00007fda2a684170
0x00007fff578496f8:   00007fda2a702350 0000000000000001
0x00007fff57849708:   00000000000f4303 00007fda2a702340
0x00007fff57849718:   00007fff935d1c05 000000017dbde070
0x00007fff57849728:   00007fff7c6350d0 0000000042000000
0x00007fff57849738:   00007fff935d8e63 00007fff7ce91240
0x00007fff57849748:   00007fff57849818 00007fff57849770
0x00007fff57849758:   00007fff57849790 0000000000000000
0x00007fff57849768:   0000000000000028 0003160393b1b97a
0x00007fff57849778:   00007fda2a702374 0000000000000000
0x00007fff57849788:   0000000000000000 00007fda2a681f90
0x00007fff57849798:   00007fda2cc8fb70 0000002000000000
0x00007fff578497a8:   0000000000000000 00007fff7c6350d0
0x00007fff578497b8:   0000000042000000 00007fff935d84f8
0x00007fff578497c8:   00007fff7ce91350 00007fff57849728
0x00007fff578497d8:   0000000000000000 00007fff578498a8
0x00007fff578497e8:   00007fff7c0c9ea0 00007fff578498e0
0x00007fff578497f8:   00007fff8dde9770 00007fff57849890
0x00007fff57849808:   00007fff8cfdc4ed 0000000000000051
0x00007fff57849818:   0000000000000000 00000000000f42e3
0x00007fff57849828:   0000000000000053 0000000000000000
0x00007fff57849838:   00000000000f4303 00007fff578498b4
0x00007fff57849848:   0000000000556501 00000000ffffffff 

Instructions: (pc=0x00007fff93afb0dd)
0x00007fff93afb0bd:   00 00 00 48 85 ff 2e 74 7a 40 f6 c7 01 2e 75 7e
0x00007fff93afb0cd:   49 bb f8 ff ff ff ff 7f 00 00 4c 23 1f 49 89 f2
0x00007fff93afb0dd:   45 23 53 18 49 c1 e2 04 4d 03 53 10 49 3b 32 75
0x00007fff93afb0ed:   04 41 ff 62 08 49 83 3a 00 74 6a 4d 3b 53 10 74 

Register to memory mapping:

RAX=0x00007fda2a75bca0 is an unknown value
RBX=0x00007fff57849838 is pointing into the stack for thread: 0x00007fda2a922000
RCX=0x0000000000000000 is an unknown value
RDX=0x00007fda2a6d5310 is an unknown value
RSP=0x00007fff57849658 is pointing into the stack for thread: 0x00007fda2a922000
RBP=0x00007fff57849660 is pointing into the stack for thread: 0x00007fda2a922000
RSI=0x00007fff8d8a841e: -[NSTitlebarContainerView transparent]+0x5e312 in /System/Library/Frameworks/AppKit.framework/Versions/C/AppKit at 0x00007fff8cea7000
RDI=0x00007fda2a75bca0 is an unknown value
R8 =0x00007fff57849640 is pointing into the stack for thread: 0x00007fda2a922000
R9 =0x0000000000000062 is an unknown value
R10=0x00007fff8d8a841e: -[NSTitlebarContainerView transparent]+0x5e312 in /System/Library/Frameworks/AppKit.framework/Versions/C/AppKit at 0x00007fff8cea7000
R11=0x0000000000000000 is an unknown value
R12=0x00007fda2a702350 is an unknown value
R13=0x00000000000f4303 is an unknown value
R14=0x00007fda2cc8fb70 is an unknown value
R15=0x00007fff57849798 is pointing into the stack for thread: 0x00007fda2a922000


Stack: [0x00007fff5704e000,0x00007fff5784e000],  sp=0x00007fff57849658,  free space=8173k
Native frames: (J=compiled Java code, j=interpreted, Vv=VM code, C=native code)
C  [libobjc.A.dylib+0x10dd]  objc_msgSend+0x1d
C  [CoreFoundation+0x10634]  _CFXNotificationPost+0xc44
C  [Foundation+0x7aa1]  -[NSNotificationCenter postNotificationName:object:userInfo:]+0x42
C  [AppKit+0x439c2]  -[NSSurface _disposeSurface]+0x98
C  [AppKit+0x43426]  -[NSSurface setWindow:]+0x42
C  [AppKit+0x33910]  -[NSView _setWindow:]+0xa33
C  [AppKit+0x6af91]  -[NSView removeFromSuperview]+0x1c5
C  [AppKit+0x14bd99]  -[NSView removeFromSuperviewWithoutNeedingDisplay]+0x26
C  [liblwjgl.dylib+0xa205]  +[MacOSXKeyableWindow destroyWindow]+0xb5
C  [Foundation+0x92dd0]  __NSThreadPerformPerform+0x125
C  [CoreFoundation+0x80a01]  __CFRUNLOOP_IS_CALLING_OUT_TO_A_SOURCE0_PERFORM_FUNCTION__+0x11
C  [CoreFoundation+0x72b8d]  __CFRunLoopDoSources0+0x10d
C  [CoreFoundation+0x721bf]  __CFRunLoopRun+0x39f
C  [CoreFoundation+0x71bd8]  CFRunLoopRunSpecific+0x128
C  [HIToolbox+0x3256f]  RunCurrentEventLoopInMode+0xeb
C  [HIToolbox+0x321ee]  ReceiveNextEventCommon+0xb3
C  [HIToolbox+0x3212b]  _BlockUntilNextEventMatchingListInModeWithFilter+0x47
C  [AppKit+0x918ab]  _DPSNextEvent+0x3d2
C  [AppKit+0x90e58]  -[NSApplication nextEventMatchingMask:untilDate:inMode:dequeue:]+0x15a
C  [libosxapp.dylib+0x242a]  -[NSApplicationAWT nextEventMatchingMask:untilDate:inMode:dequeue:]+0x7c
C  [AppKit+0x86af3]  -[NSApplication run]+0x252
C  [libosxapp.dylib+0x223e]  +[NSApplicationAWT runAWTLoopWithApp:]+0x9c
C  [libawt_lwawt.dylib+0x439bb]  -[AWTStarter starter:]+0x389
C  [Foundation+0x92dd0]  __NSThreadPerformPerform+0x125
C  [CoreFoundation+0x80a01]  __CFRUNLOOP_IS_CALLING_OUT_TO_A_SOURCE0_PERFORM_FUNCTION__+0x11
C  [CoreFoundation+0x72b8d]  __CFRunLoopDoSources0+0x10d
C  [CoreFoundation+0x721bf]  __CFRunLoopRun+0x39f
C  [CoreFoundation+0x71bd8]  CFRunLoopRunSpecific+0x128
C  [java+0x56cb]  CreateExecutionEnvironment+0x367
C  [java+0x166c]  JLI_Launch+0x7a0
C  [java+0x7689]  main+0x65
C  [java+0xec4]  start+0x34


---------------  P R O C E S S  ---------------

Java Threads: ( => current thread )
  0x00007fda2ba22000 JavaThread "AWT-Shutdown" [_thread_blocked, id=23587, stack(0x000000012db7f000,0x000000012dc7f000)]
  0x00007fda2aa05000 JavaThread "Java2D Queue Flusher" daemon [_thread_blocked, id=56583, stack(0x0000000127956000,0x0000000127a56000)]
  0x00007fda2b8f6800 JavaThread "Java2D Disposer" daemon [_thread_blocked, id=55303, stack(0x00000001277d0000,0x00000001278d0000)]
=>0x00007fda2a922000 JavaThread "AppKit Thread" daemon [_thread_in_native, id=1811, stack(0x00007fff5704e000,0x00007fff5784e000)]
  0x00007fda2c035800 JavaThread "Service Thread" daemon [_thread_blocked, id=18435, stack(0x0000000121a88000,0x0000000121b88000)]
  0x00007fda2c01c000 JavaThread "C1 CompilerThread2" daemon [_thread_blocked, id=17923, stack(0x0000000121985000,0x0000000121a85000)]
  0x00007fda2b03e800 JavaThread "C2 CompilerThread1" daemon [_thread_blocked, id=17411, stack(0x0000000121882000,0x0000000121982000)]
  0x00007fda2b00a000 JavaThread "C2 CompilerThread0" daemon [_thread_blocked, id=16899, stack(0x000000012177f000,0x000000012187f000)]
  0x00007fda2a825000 JavaThread "Signal Dispatcher" daemon [_thread_blocked, id=13847, stack(0x000000012167c000,0x000000012177c000)]
  0x00007fda2a81b800 JavaThread "Finalizer" daemon [_thread_blocked, id=11523, stack(0x000000011fc6f000,0x000000011fd6f000)]
  0x00007fda2c016000 JavaThread "Reference Handler" daemon [_thread_blocked, id=11011, stack(0x000000011fb6c000,0x000000011fc6c000)]
  0x00007fda2c001000 JavaThread "main" [_thread_in_native, id=3331, stack(0x0000000109372000,0x0000000109472000)]

Other Threads:
  0x00007fda2c011800 VMThread [stack: 0x000000011fa69000,0x000000011fb69000] [id=10499]
  0x00007fda2b80a000 WatcherThread [stack: 0x0000000121b8b000,0x0000000121c8b000] [id=18947]

VM state:not at safepoint (normal execution)

VM Mutex/Monitor currently owned by a thread: None

Heap:
 PSYoungGen      total 19456K, used 7770K [0x0000000795580000, 0x0000000796a80000, 0x00000007c0000000)
  eden space 17408K, 35% used [0x0000000795580000,0x0000000795b8fad0,0x0000000796680000)
  from space 2048K, 76% used [0x0000000796880000,0x0000000796a06fc0,0x0000000796a80000)
  to   space 2048K, 0% used [0x0000000796680000,0x0000000796680000,0x0000000796880000)
 ParOldGen       total 129536K, used 67802K [0x0000000740000000, 0x0000000747e80000, 0x0000000795580000)
  object space 129536K, 52% used [0x0000000740000000,0x0000000744236a50,0x0000000747e80000)
 Metaspace       used 11481K, capacity 11557K, committed 11776K, reserved 1060864K
  class space    used 1220K, capacity 1271K, committed 1280K, reserved 1048576K

Card table byte_map: [0x00000001191c0000,0x00000001195c1000] byte_map_base: 0x00000001157c0000

Marking Bits: (ParMarkBitMap*) 0x0000000108d170a0
 Begin Bits: [0x0000000119b75000, 0x000000011bb75000)
 End Bits:   [0x000000011bb75000, 0x000000011db75000)

Polling page: 0x00000001094b6000

CodeCache: size=245760Kb used=4430Kb max_used=4430Kb free=241330Kb
 bounds [0x0000000109e00000, 0x000000010a260000, 0x0000000118e00000]
 total_blobs=1801 nmethods=1255 adapters=462
 compilation: enabled

Compilation events (10 events):
Event: 14.297 Thread 0x00007fda2c01c000 1251   !   3       org.lwjgl.opengl.Display::isVisible (38 bytes)
Event: 14.298 Thread 0x00007fda2c01c000 nmethod 1251 0x000000010a2506d0 code [0x000000010a250860, 0x000000010a250e48]
Event: 14.298 Thread 0x00007fda2c01c000 1252   !   3       org.newdawn.slick.GameContainer::updateAndRender (406 bytes)
Event: 14.301 Thread 0x00007fda2c01c000 nmethod 1252 0x000000010a251050 code [0x000000010a251540, 0x000000010a253928]
Event: 14.301 Thread 0x00007fda2c01c000 1253       3       org.newdawn.slick.state.StateBasedGame::inputStarted (1 bytes)
Event: 14.301 Thread 0x00007fda2c01c000 nmethod 1253 0x000000010a255290 code [0x000000010a2553e0, 0x000000010a255530]
Event: 14.302 Thread 0x00007fda2c01c000 1254       3       org.newdawn.slick.state.StateBasedGame::update (166 bytes)
Event: 14.302 Thread 0x00007fda2c01c000 nmethod 1254 0x000000010a2555d0 code [0x000000010a2557e0, 0x000000010a256278]
Event: 14.302 Thread 0x00007fda2c01c000 1255       3       org.newdawn.slick.state.StateBasedGame::preUpdateState (1 bytes)
Event: 14.302 Thread 0x00007fda2c01c000 nmethod 1255 0x000000010a2565d0 code [0x000000010a256720, 0x000000010a256870]

GC Heap History (10 events):
Event: 1.684 GC heap before
{Heap before GC invocations=10 (full 0):
 PSYoungGen      total 5632K, used 5191K [0x0000000795580000, 0x0000000796000000, 0x00000007c0000000)
  eden space 4096K, 100% used [0x0000000795580000,0x0000000795980000,0x0000000795980000)
  from space 1536K, 71% used [0x0000000795980000,0x0000000795a91eb8,0x0000000795b00000)
  to   space 2048K, 0% used [0x0000000795e00000,0x0000000795e00000,0x0000000796000000)
 ParOldGen       total 129536K, used 8353K [0x0000000740000000, 0x0000000747e80000, 0x0000000795580000)
  object space 129536K, 6% used [0x0000000740000000,0x0000000740828758,0x0000000747e80000)
 Metaspace       used 8565K, capacity 8709K, committed 8960K, reserved 1056768K
  class space    used 917K, capacity 983K, committed 1024K, reserved 1048576K
Event: 1.694 GC heap after
Heap after GC invocations=10 (full 0):
 PSYoungGen      total 8704K, used 288K [0x0000000795580000, 0x0000000796000000, 0x00000007c0000000)
  eden space 6656K, 0% used [0x0000000795580000,0x0000000795580000,0x0000000795c00000)
  from space 2048K, 14% used [0x0000000795e00000,0x0000000795e48000,0x0000000796000000)
  to   space 2048K, 0% used [0x0000000795c00000,0x0000000795c00000,0x0000000795e00000)
 ParOldGen       total 129536K, used 18445K [0x0000000740000000, 0x0000000747e80000, 0x0000000795580000)
  object space 129536K, 14% used [0x0000000740000000,0x0000000741203530,0x0000000747e80000)
 Metaspace       used 8565K, capacity 8709K, committed 8960K, reserved 1056768K
  class space    used 917K, capacity 983K, committed 1024K, reserved 1048576K
}
Event: 1.834 GC heap before
{Heap before GC invocations=11 (full 0):
 PSYoungGen      total 8704K, used 6944K [0x0000000795580000, 0x0000000796000000, 0x00000007c0000000)
  eden space 6656K, 100% used [0x0000000795580000,0x0000000795c00000,0x0000000795c00000)
  from space 2048K, 14% used [0x0000000795e00000,0x0000000795e48000,0x0000000796000000)
  to   space 2048K, 0% used [0x0000000795c00000,0x0000000795c00000,0x0000000795e00000)
 ParOldGen       total 129536K, used 18445K [0x0000000740000000, 0x0000000747e80000, 0x0000000795580000)
  object space 129536K, 14% used [0x0000000740000000,0x0000000741203530,0x0000000747e80000)
 Metaspace       used 8839K, capacity 8997K, committed 9216K, reserved 1056768K
  class space    used 961K, capacity 1015K, committed 1024K, reserved 1048576K
Event: 1.857 GC heap after
Heap after GC invocations=11 (full 0):
 PSYoungGen      total 8704K, used 192K [0x0000000795580000, 0x0000000796400000, 0x00000007c0000000)
  eden space 6656K, 0% used [0x0000000795580000,0x0000000795580000,0x0000000795c00000)
  from space 2048K, 9% used [0x0000000795c00000,0x0000000795c30000,0x0000000795e00000)
  to   space 2048K, 0% used [0x0000000796200000,0x0000000796200000,0x0000000796400000)
 ParOldGen       total 129536K, used 40133K [0x0000000740000000, 0x0000000747e80000, 0x0000000795580000)
  object space 129536K, 30% used [0x0000000740000000,0x00000007427315a0,0x0000000747e80000)
 Metaspace       used 8839K, capacity 8997K, committed 9216K, reserved 1056768K
  class space    used 961K, capacity 1015K, committed 1024K, reserved 1048576K
}
Event: 1.896 GC heap before
{Heap before GC invocations=12 (full 0):
 PSYoungGen      total 8704K, used 6848K [0x0000000795580000, 0x0000000796400000, 0x00000007c0000000)
  eden space 6656K, 100% used [0x0000000795580000,0x0000000795c00000,0x0000000795c00000)
  from space 2048K, 9% used [0x0000000795c00000,0x0000000795c30000,0x0000000795e00000)
  to   space 2048K, 0% used [0x0000000796200000,0x0000000796200000,0x0000000796400000)
 ParOldGen       total 129536K, used 40133K [0x0000000740000000, 0x0000000747e80000, 0x0000000795580000)
  object space 129536K, 30% used [0x0000000740000000,0x00000007427315a0,0x0000000747e80000)
 Metaspace       used 8840K, capacity 8997K, committed 9216K, reserved 1056768K
  class space    used 961K, capacity 1015K, committed 1024K, reserved 1048576K
Event: 1.899 GC heap after
Heap after GC invocations=12 (full 0):
 PSYoungGen      total 12800K, used 0K [0x0000000795580000, 0x0000000796400000, 0x00000007c0000000)
  eden space 10752K, 0% used [0x0000000795580000,0x0000000795580000,0x0000000796000000)
  from space 2048K, 0% used [0x0000000796200000,0x0000000796200000,0x0000000796400000)
  to   space 2048K, 0% used [0x0000000796000000,0x0000000796000000,0x0000000796200000)
 ParOldGen       total 129536K, used 40213K [0x0000000740000000, 0x0000000747e80000, 0x0000000795580000)
  object space 129536K, 31% used [0x0000000740000000,0x00000007427455a0,0x0000000747e80000)
 Metaspace       used 8840K, capacity 8997K, committed 9216K, reserved 1056768K
  class space    used 961K, capacity 1015K, committed 1024K, reserved 1048576K
}
Event: 1.934 GC heap before
{Heap before GC invocations=13 (full 0):
 PSYoungGen      total 12800K, used 10752K [0x0000000795580000, 0x0000000796400000, 0x00000007c0000000)
  eden space 10752K, 100% used [0x0000000795580000,0x0000000796000000,0x0000000796000000)
  from space 2048K, 0% used [0x0000000796200000,0x0000000796200000,0x0000000796400000)
  to   space 2048K, 0% used [0x0000000796000000,0x0000000796000000,0x0000000796200000)
 ParOldGen       total 129536K, used 40213K [0x0000000740000000, 0x0000000747e80000, 0x0000000795580000)
  object space 129536K, 31% used [0x0000000740000000,0x00000007427455a0,0x0000000747e80000)
 Metaspace       used 8840K, capacity 8997K, committed 9216K, reserved 1056768K
  class space    used 961K, capacity 1015K, committed 1024K, reserved 1048576K
Event: 1.935 GC heap after
Heap after GC invocations=13 (full 0):
 PSYoungGen      total 12800K, used 0K [0x0000000795580000, 0x0000000796a80000, 0x00000007c0000000)
  eden space 10752K, 0% used [0x0000000795580000,0x0000000795580000,0x0000000796000000)
  from space 2048K, 0% used [0x0000000796000000,0x0000000796000000,0x0000000796200000)
  to   space 2048K, 0% used [0x0000000796880000,0x0000000796880000,0x0000000796a80000)
 ParOldGen       total 129536K, used 40213K [0x0000000740000000, 0x0000000747e80000, 0x0000000795580000)
  object space 129536K, 31% used [0x0000000740000000,0x00000007427455a0,0x0000000747e80000)
 Metaspace       used 8840K, capacity 8997K, committed 9216K, reserved 1056768K
  class space    used 961K, capacity 1015K, committed 1024K, reserved 1048576K
}
Event: 2.837 GC heap before
{Heap before GC invocations=14 (full 0):
 PSYoungGen      total 12800K, used 10752K [0x0000000795580000, 0x0000000796a80000, 0x00000007c0000000)
  eden space 10752K, 100% used [0x0000000795580000,0x0000000796000000,0x0000000796000000)
  from space 2048K, 0% used [0x0000000796000000,0x0000000796000000,0x0000000796200000)
  to   space 2048K, 0% used [0x0000000796880000,0x0000000796880000,0x0000000796a80000)
 ParOldGen       total 129536K, used 67730K [0x0000000740000000, 0x0000000747e80000, 0x0000000795580000)
  object space 129536K, 52% used [0x0000000740000000,0x0000000744224a40,0x0000000747e80000)
 Metaspace       used 10924K, capacity 10981K, committed 11264K, reserved 1058816K
  class space    used 1185K, capacity 1207K, committed 1280K, reserved 1048576K
Event: 2.840 GC heap after
Heap after GC invocations=14 (full 0):
 PSYoungGen      total 19456K, used 1563K [0x0000000795580000, 0x0000000796a80000, 0x00000007c0000000)
  eden space 17408K, 0% used [0x0000000795580000,0x0000000795580000,0x0000000796680000)
  from space 2048K, 76% used [0x0000000796880000,0x0000000796a06fc0,0x0000000796a80000)
  to   space 2048K, 0% used [0x0000000796680000,0x0000000796680000,0x0000000796880000)
 ParOldGen       total 129536K, used 67802K [0x0000000740000000, 0x0000000747e80000, 0x0000000795580000)
  object space 129536K, 52% used [0x0000000740000000,0x0000000744236a50,0x0000000747e80000)
 Metaspace       used 10924K, capacity 10981K, committed 11264K, reserved 1058816K
  class space    used 1185K, capacity 1207K, committed 1280K, reserved 1048576K
}

Deoptimization events (2 events):
Event: 1.954 Thread 0x00007fda2c001000 Uncommon trap: reason=unreached action=reinterpret pc=0x000000010a041dc8 method=sun.awt.image.ByteInterleavedRaster.getDataElements(IILjava/lang/Object;)Ljava/lang/Object; @ 43
Event: 12.116 Thread 0x00007fda2c001000 Uncommon trap: reason=range_check action=make_not_entrant pc=0x000000010a08c20c method=java.util.ArrayList.elementData(I)Ljava/lang/Object; @ 5

Internal exceptions (10 events):
Event: 7.836 Thread 0x00007fda2c001000 Exception <a 'java/security/PrivilegedActionException'> (0x00000007958201c0) thrown at [/HUDSON3/workspace/8-2-build-macosx-x86_64/jdk8u11/648/hotspot/src/share/vm/prims/jvm.cpp, line 1248]
Event: 7.837 Thread 0x00007fda2c001000 Exception <a 'java/security/PrivilegedActionException'> (0x0000000795824750) thrown at [/HUDSON3/workspace/8-2-build-macosx-x86_64/jdk8u11/648/hotspot/src/share/vm/prims/jvm.cpp, line 1248]
Event: 10.316 Thread 0x00007fda2c001000 Exception <a 'java/security/PrivilegedActionException'> (0x0000000795a793f0) thrown at [/HUDSON3/workspace/8-2-build-macosx-x86_64/jdk8u11/648/hotspot/src/share/vm/prims/jvm.cpp, line 1248]
Event: 10.319 Thread 0x00007fda2c001000 Exception <a 'java/security/PrivilegedActionException'> (0x0000000795a7d1e8) thrown at [/HUDSON3/workspace/8-2-build-macosx-x86_64/jdk8u11/648/hotspot/src/share/vm/prims/jvm.cpp, line 1248]
Event: 10.319 Thread 0x00007fda2c001000 Exception <a 'java/security/PrivilegedActionException'> (0x0000000795a81270) thrown at [/HUDSON3/workspace/8-2-build-macosx-x86_64/jdk8u11/648/hotspot/src/share/vm/prims/jvm.cpp, line 1248]
Event: 10.912 Thread 0x00007fda2c001000 Exception <a 'java/security/PrivilegedActionException'> (0x0000000795a88cd8) thrown at [/HUDSON3/workspace/8-2-build-macosx-x86_64/jdk8u11/648/hotspot/src/share/vm/prims/jvm.cpp, line 1248]
Event: 10.912 Thread 0x00007fda2c001000 Exception <a 'java/security/PrivilegedActionException'> (0x0000000795a8da88) thrown at [/HUDSON3/workspace/8-2-build-macosx-x86_64/jdk8u11/648/hotspot/src/share/vm/prims/jvm.cpp, line 1248]
Event: 11.441 Thread 0x00007fda2c001000 Exception <a 'java/security/PrivilegedActionException'> (0x0000000795a964a8) thrown at [/HUDSON3/workspace/8-2-build-macosx-x86_64/jdk8u11/648/hotspot/src/share/vm/prims/jvm.cpp, line 1248]
Event: 12.117 Thread 0x00007fda2c001000 Exception <a 'java/lang/ArrayIndexOutOfBoundsException': -1> (0x0000000795a9d2e0) thrown at [/HUDSON3/workspace/8-2-build-macosx-x86_64/jdk8u11/648/hotspot/src/share/vm/interpreter/interpreterRuntime.cpp, line 337]
Event: 14.611 Thread 0x00007fda2c001000 Exception <a 'java/security/PrivilegedActionException'> (0x0000000795b6a858) thrown at [/HUDSON3/workspace/8-2-build-macosx-x86_64/jdk8u11/648/hotspot/src/share/vm/prims/jvm.cpp, line 1248]

Events (10 events):
Event: 11.473 Thread 0x00007fda2c001000 DEOPT UNPACKING pc=0x0000000109e4701a sp=0x00000001094711b0 mode 0
Event: 11.473 Thread 0x00007fda2c001000 DEOPT PACKING pc=0x000000010a1a1d31 sp=0x0000000109471380
Event: 11.473 Thread 0x00007fda2c001000 DEOPT UNPACKING pc=0x0000000109e4701a sp=0x00000001094711b0 mode 0
Event: 11.943 Thread 0x00007fda2c001000 DEOPT PACKING pc=0x000000010a182def sp=0x0000000109471600
Event: 11.943 Thread 0x00007fda2c001000 DEOPT UNPACKING pc=0x0000000109e4701a sp=0x0000000109471430 mode 0
Event: 12.116 Thread 0x00007fda2c001000 Uncommon trap: trap_request=0xffffffe4 fr.pc=0x000000010a08c20c
Event: 12.116 Thread 0x00007fda2c001000 DEOPT PACKING pc=0x000000010a08c20c sp=0x0000000109471650
Event: 12.116 Thread 0x00007fda2c001000 DEOPT UNPACKING pc=0x0000000109e47250 sp=0x00000001094715b0 mode 2
Event: 14.611 loading class org/lwjgl/opengl/CallbackUtil
Event: 14.611 loading class org/lwjgl/opengl/CallbackUtil done


Dynamic libraries:
0x000000000bd73000 	/System/Library/Frameworks/Cocoa.framework/Versions/A/Cocoa
0x000000000bd73000 	/System/Library/Frameworks/Security.framework/Versions/A/Security
0x000000000bd73000 	/System/Library/Frameworks/ApplicationServices.framework/Versions/A/ApplicationServices
0x000000000bd73000 	/usr/lib/libz.1.dylib
0x000000000bd73000 	/usr/lib/libSystem.B.dylib
0x000000000bd73000 	/usr/lib/libobjc.A.dylib
0x000000000bd73000 	/System/Library/Frameworks/CoreFoundation.framework/Versions/A/CoreFoundation
0x000000000bd73000 	/System/Library/Frameworks/Foundation.framework/Versions/C/Foundation
0x000000000bd73000 	/System/Library/Frameworks/AppKit.framework/Versions/C/AppKit
0x000000000bd73000 	/System/Library/Frameworks/CoreData.framework/Versions/A/CoreData
0x000000000bd73000 	/System/Library/PrivateFrameworks/RemoteViewServices.framework/Versions/A/RemoteViewServices
0x000000000bd73000 	/System/Library/PrivateFrameworks/UIFoundation.framework/Versions/A/UIFoundation
0x000000000bd73000 	/System/Library/Frameworks/IOSurface.framework/Versions/A/IOSurface
0x000000000bd73000 	/System/Library/Frameworks/AudioToolbox.framework/Versions/A/AudioToolbox
0x000000000bd73000 	/System/Library/Frameworks/AudioUnit.framework/Versions/A/AudioUnit
0x000000000bd73000 	/System/Library/PrivateFrameworks/DataDetectorsCore.framework/Versions/A/DataDetectorsCore
0x000000000bd73000 	/System/Library/PrivateFrameworks/DesktopServicesPriv.framework/Versions/A/DesktopServicesPriv
0x000000000bd73000 	/System/Library/Frameworks/Carbon.framework/Versions/A/Frameworks/HIToolbox.framework/Versions/A/HIToolbox
0x000000000bd73000 	/System/Library/Frameworks/QuartzCore.framework/Versions/A/QuartzCore
0x000000000bd73000 	/System/Library/Frameworks/Carbon.framework/Versions/A/Frameworks/SpeechRecognition.framework/Versions/A/SpeechRecognition
0x000000000bd73000 	/usr/lib/libauto.dylib
0x000000000bd73000 	/usr/lib/libicucore.A.dylib
0x000000000bd73000 	/usr/lib/libxml2.2.dylib
0x000000000bd73000 	/System/Library/PrivateFrameworks/CoreUI.framework/Versions/A/CoreUI
0x000000000bd73000 	/System/Library/Frameworks/CoreAudio.framework/Versions/A/CoreAudio
0x000000000bd73000 	/System/Library/Frameworks/DiskArbitration.framework/Versions/A/DiskArbitration
0x000000000bd73000 	/usr/lib/liblangid.dylib
0x000000000bd73000 	/System/Library/PrivateFrameworks/MultitouchSupport.framework/Versions/A/MultitouchSupport
0x000000000bd73000 	/System/Library/Frameworks/IOKit.framework/Versions/A/IOKit
0x000000000bd73000 	/usr/lib/libDiagnosticMessagesClient.dylib
0x000000000bd73000 	/System/Library/Frameworks/CoreServices.framework/Versions/A/CoreServices
0x000000000bd73000 	/System/Library/PrivateFrameworks/PerformanceAnalysis.framework/Versions/A/PerformanceAnalysis
0x000000000bd73000 	/System/Library/PrivateFrameworks/GenerationalStorage.framework/Versions/A/GenerationalStorage
0x000000000bd73000 	/System/Library/Frameworks/OpenGL.framework/Versions/A/OpenGL
0x000000000bd73000 	/System/Library/PrivateFrameworks/Sharing.framework/Versions/A/Sharing
0x000000000bd73000 	/System/Library/Frameworks/CoreGraphics.framework/Versions/A/CoreGraphics
0x000000000bd73000 	/System/Library/Frameworks/CoreText.framework/Versions/A/CoreText
0x000000000bd73000 	/System/Library/Frameworks/ImageIO.framework/Versions/A/ImageIO
0x000000000bd73000 	/usr/lib/libextension.dylib
0x000000000bd73000 	/System/Library/PrivateFrameworks/Backup.framework/Versions/A/Backup
0x000000000bd73000 	/usr/lib/libarchive.2.dylib
0x000000000bd73000 	/System/Library/Frameworks/CFNetwork.framework/Versions/A/CFNetwork
0x000000000bd73000 	/System/Library/Frameworks/SystemConfiguration.framework/Versions/A/SystemConfiguration
0x000000000bd73000 	/usr/lib/libCRFSuite.dylib
0x000000000bd73000 	/usr/lib/libc++.1.dylib
0x000000000bd73000 	/usr/lib/libc++abi.dylib
0x000000000bd73000 	/usr/lib/system/libcache.dylib
0x000000000bd73000 	/usr/lib/system/libcommonCrypto.dylib
0x000000000bd73000 	/usr/lib/system/libcompiler_rt.dylib
0x000000000bd73000 	/usr/lib/system/libcopyfile.dylib
0x000000000bd73000 	/usr/lib/system/libcorecrypto.dylib
0x000000000bd73000 	/usr/lib/system/libdispatch.dylib
0x000000000bd73000 	/usr/lib/system/libdyld.dylib
0x000000000bd73000 	/usr/lib/system/libkeymgr.dylib
0x000000000bd73000 	/usr/lib/system/liblaunch.dylib
0x000000000bd73000 	/usr/lib/system/libmacho.dylib
0x000000000bd73000 	/usr/lib/system/libquarantine.dylib
0x000000000bd73000 	/usr/lib/system/libremovefile.dylib
0x000000000bd73000 	/usr/lib/system/libsystem_asl.dylib
0x000000000bd73000 	/usr/lib/system/libsystem_blocks.dylib
0x000000000bd73000 	/usr/lib/system/libsystem_c.dylib
0x000000000bd73000 	/usr/lib/system/libsystem_configuration.dylib
0x000000000bd73000 	/usr/lib/system/libsystem_coreservices.dylib
0x000000000bd73000 	/usr/lib/system/libsystem_coretls.dylib
0x000000000bd73000 	/usr/lib/system/libsystem_dnssd.dylib
0x000000000bd73000 	/usr/lib/system/libsystem_info.dylib
0x000000000bd73000 	/usr/lib/system/libsystem_kernel.dylib
0x000000000bd73000 	/usr/lib/system/libsystem_m.dylib
0x000000000bd73000 	/usr/lib/system/libsystem_malloc.dylib
0x000000000bd73000 	/usr/lib/system/libsystem_network.dylib
0x000000000bd73000 	/usr/lib/system/libsystem_networkextension.dylib
0x000000000bd73000 	/usr/lib/system/libsystem_notify.dylib
0x000000000bd73000 	/usr/lib/system/libsystem_platform.dylib
0x000000000bd73000 	/usr/lib/system/libsystem_pthread.dylib
0x000000000bd73000 	/usr/lib/system/libsystem_sandbox.dylib
0x000000000bd73000 	/usr/lib/system/libsystem_secinit.dylib
0x000000000bd73000 	/usr/lib/system/libsystem_stats.dylib
0x000000000bd73000 	/usr/lib/system/libsystem_trace.dylib
0x000000000bd73000 	/usr/lib/system/libunc.dylib
0x000000000bd73000 	/usr/lib/system/libunwind.dylib
0x000000000bd73000 	/usr/lib/system/libxpc.dylib
0x000000000bd73000 	/usr/lib/libbz2.1.0.dylib
0x000000000bd73000 	/usr/lib/liblzma.5.dylib
0x000000000bd73000 	/usr/lib/libbsm.0.dylib
0x000000000bd73000 	/usr/lib/libsqlite3.dylib
0x000000000bd73000 	/usr/lib/system/libkxld.dylib
0x000000000bd73000 	/usr/lib/libxar.1.dylib
0x000000000bd73000 	/usr/lib/libpam.2.dylib
0x000000000bd73000 	/usr/lib/libOpenScriptingUtil.dylib
0x000000000bd73000 	/System/Library/Frameworks/CoreServices.framework/Versions/A/Frameworks/FSEvents.framework/Versions/A/FSEvents
0x000000000bd73000 	/System/Library/Frameworks/CoreServices.framework/Versions/A/Frameworks/CarbonCore.framework/Versions/A/CarbonCore
0x000000000bd73000 	/System/Library/Frameworks/CoreServices.framework/Versions/A/Frameworks/Metadata.framework/Versions/A/Metadata
0x000000000bd73000 	/System/Library/Frameworks/CoreServices.framework/Versions/A/Frameworks/OSServices.framework/Versions/A/OSServices
0x000000000bd73000 	/System/Library/Frameworks/CoreServices.framework/Versions/A/Frameworks/SearchKit.framework/Versions/A/SearchKit
0x000000000bd73000 	/System/Library/Frameworks/CoreServices.framework/Versions/A/Frameworks/AE.framework/Versions/A/AE
0x000000000bd73000 	/System/Library/Frameworks/CoreServices.framework/Versions/A/Frameworks/LaunchServices.framework/Versions/A/LaunchServices
0x000000000bd73000 	/System/Library/Frameworks/CoreServices.framework/Versions/A/Frameworks/DictionaryServices.framework/Versions/A/DictionaryServices
0x000000000bd73000 	/System/Library/Frameworks/NetFS.framework/Versions/A/NetFS
0x000000000bd73000 	/System/Library/PrivateFrameworks/NetAuth.framework/Versions/A/NetAuth
0x000000000bd73000 	/System/Library/PrivateFrameworks/login.framework/Versions/A/Frameworks/loginsupport.framework/Versions/A/loginsupport
0x000000000bd73000 	/System/Library/PrivateFrameworks/TCC.framework/Versions/A/TCC
0x000000000bd73000 	/usr/lib/libmecabra.dylib
0x000000000bd73000 	/System/Library/Frameworks/ApplicationServices.framework/Versions/A/Frameworks/ATS.framework/Versions/A/ATS
0x000000000bd73000 	/System/Library/Frameworks/ApplicationServices.framework/Versions/A/Frameworks/ColorSync.framework/Versions/A/ColorSync
0x000000000bd73000 	/System/Library/Frameworks/ApplicationServices.framework/Versions/A/Frameworks/HIServices.framework/Versions/A/HIServices
0x000000000bd73000 	/System/Library/Frameworks/ApplicationServices.framework/Versions/A/Frameworks/LangAnalysis.framework/Versions/A/LangAnalysis
0x000000000bd73000 	/System/Library/Frameworks/ApplicationServices.framework/Versions/A/Frameworks/PrintCore.framework/Versions/A/PrintCore
0x000000000bd73000 	/System/Library/Frameworks/ApplicationServices.framework/Versions/A/Frameworks/QD.framework/Versions/A/QD
0x000000000bd73000 	/System/Library/Frameworks/ApplicationServices.framework/Versions/A/Frameworks/SpeechSynthesis.framework/Versions/A/SpeechSynthesis
0x000000000bd73000 	/System/Library/Frameworks/Accelerate.framework/Versions/A/Accelerate
0x000000000bd73000 	/System/Library/Frameworks/Accelerate.framework/Versions/A/Frameworks/vImage.framework/Versions/A/vImage
0x000000000bd73000 	/System/Library/Frameworks/Accelerate.framework/Versions/A/Frameworks/vecLib.framework/Versions/A/vecLib
0x000000000bd73000 	/System/Library/Frameworks/Accelerate.framework/Versions/A/Frameworks/vecLib.framework/Versions/A/libvDSP.dylib
0x000000000bd73000 	/System/Library/Frameworks/Accelerate.framework/Versions/A/Frameworks/vecLib.framework/Versions/A/libvMisc.dylib
0x000000000bd73000 	/System/Library/Frameworks/Accelerate.framework/Versions/A/Frameworks/vecLib.framework/Versions/A/libLAPACK.dylib
0x000000000bd73000 	/System/Library/Frameworks/Accelerate.framework/Versions/A/Frameworks/vecLib.framework/Versions/A/libBLAS.dylib
0x000000000bd73000 	/System/Library/Frameworks/Accelerate.framework/Versions/A/Frameworks/vecLib.framework/Versions/A/libLinearAlgebra.dylib
0x000000000bd73000 	/System/Library/Frameworks/ApplicationServices.framework/Versions/A/Frameworks/ATS.framework/Versions/A/Resources/libFontParser.dylib
0x000000000bd73000 	/System/Library/Frameworks/ApplicationServices.framework/Versions/A/Frameworks/ATS.framework/Versions/A/Resources/libFontRegistry.dylib
0x000000000bd73000 	/System/Library/PrivateFrameworks/AppleVPA.framework/Versions/A/AppleVPA
0x000000000bd73000 	/System/Library/PrivateFrameworks/AppleJPEG.framework/Versions/A/AppleJPEG
0x000000000bd73000 	/System/Library/Frameworks/ImageIO.framework/Versions/A/Resources/libJPEG.dylib
0x000000000bd73000 	/System/Library/Frameworks/ImageIO.framework/Versions/A/Resources/libTIFF.dylib
0x000000000bd73000 	/System/Library/Frameworks/ImageIO.framework/Versions/A/Resources/libPng.dylib
0x000000000bd73000 	/System/Library/Frameworks/ImageIO.framework/Versions/A/Resources/libGIF.dylib
0x000000000bd73000 	/System/Library/Frameworks/ImageIO.framework/Versions/A/Resources/libJP2.dylib
0x000000000bd73000 	/System/Library/Frameworks/ImageIO.framework/Versions/A/Resources/libRadiance.dylib
0x000000000bd73000 	/System/Library/Frameworks/CoreVideo.framework/Versions/A/CoreVideo
0x000000000bd73000 	/System/Library/Frameworks/OpenGL.framework/Versions/A/Libraries/libGLU.dylib
0x000000000bd73000 	/System/Library/Frameworks/OpenGL.framework/Versions/A/Libraries/libGFXShared.dylib
0x000000000bd73000 	/System/Library/Frameworks/OpenGL.framework/Versions/A/Libraries/libGL.dylib
0x000000000bd73000 	/System/Library/Frameworks/OpenGL.framework/Versions/A/Libraries/libGLImage.dylib
0x000000000bd73000 	/System/Library/Frameworks/OpenGL.framework/Versions/A/Libraries/libCVMSPluginSupport.dylib
0x000000000bd73000 	/System/Library/Frameworks/OpenGL.framework/Versions/A/Libraries/libCoreVMClient.dylib
0x000000000bd73000 	/usr/lib/libcups.2.dylib
0x000000000bd73000 	/System/Library/Frameworks/Kerberos.framework/Versions/A/Kerberos
0x000000000bd73000 	/System/Library/Frameworks/GSS.framework/Versions/A/GSS
0x000000000bd73000 	/usr/lib/libresolv.9.dylib
0x000000000bd73000 	/usr/lib/libiconv.2.dylib
0x000000000bd73000 	/System/Library/PrivateFrameworks/Heimdal.framework/Versions/A/Heimdal
0x000000000bd73000 	/usr/lib/libheimdal-asn1.dylib
0x000000000bd73000 	/System/Library/Frameworks/OpenDirectory.framework/Versions/A/OpenDirectory
0x000000000bd73000 	/System/Library/PrivateFrameworks/CommonAuth.framework/Versions/A/CommonAuth
0x000000000bd73000 	/System/Library/Frameworks/OpenDirectory.framework/Versions/A/Frameworks/CFOpenDirectory.framework/Versions/A/CFOpenDirectory
0x000000000bd73000 	/System/Library/Frameworks/SecurityFoundation.framework/Versions/A/SecurityFoundation
0x000000000bd73000 	/System/Library/PrivateFrameworks/LanguageModeling.framework/Versions/A/LanguageModeling
0x000000000bd73000 	/usr/lib/libcmph.dylib
0x000000000bd73000 	/System/Library/Frameworks/ServiceManagement.framework/Versions/A/ServiceManagement
0x000000000bd73000 	/usr/lib/libxslt.1.dylib
0x000000000bd73000 	/System/Library/Frameworks/Carbon.framework/Versions/A/Frameworks/Ink.framework/Versions/A/Ink
0x000000000bd73000 	/System/Library/Frameworks/QuartzCore.framework/Versions/A/Frameworks/CoreImage.framework/Versions/A/CoreImage
0x000000000bd73000 	/System/Library/PrivateFrameworks/CrashReporterSupport.framework/Versions/A/CrashReporterSupport
0x000000000bd73000 	/System/Library/Frameworks/OpenCL.framework/Versions/A/OpenCL
0x000000000bd73000 	/System/Library/PrivateFrameworks/FaceCore.framework/Versions/A/FaceCore
0x000000000bd73000 	/System/Library/PrivateFrameworks/Ubiquity.framework/Versions/A/Ubiquity
0x000000000bd73000 	/System/Library/PrivateFrameworks/IconServices.framework/Versions/A/IconServices
0x000000000bd73000 	/System/Library/PrivateFrameworks/ChunkingLibrary.framework/Versions/A/ChunkingLibrary
0x000000000bd73000 	/System/Library/PrivateFrameworks/Apple80211.framework/Versions/A/Apple80211
0x000000000bd73000 	/System/Library/Frameworks/CoreWLAN.framework/Versions/A/CoreWLAN
0x000000000bd73000 	/System/Library/Frameworks/IOBluetooth.framework/Versions/A/IOBluetooth
0x000000000bd73000 	/System/Library/PrivateFrameworks/CoreWiFi.framework/Versions/A/CoreWiFi
0x000000000bd73000 	/System/Library/Frameworks/CoreBluetooth.framework/Versions/A/CoreBluetooth
0x000000000bd73000 	/System/Library/PrivateFrameworks/DebugSymbols.framework/Versions/A/DebugSymbols
0x000000000bd73000 	/System/Library/PrivateFrameworks/CoreSymbolication.framework/Versions/A/CoreSymbolication
0x000000000bd73000 	/System/Library/PrivateFrameworks/Symbolication.framework/Versions/A/Symbolication
0x000000000bd73000 	/System/Library/PrivateFrameworks/SpeechRecognitionCore.framework/Versions/A/SpeechRecognitionCore
0x00000001084b0000 	/Library/Java/JavaVirtualMachines/jdk1.8.0_11.jdk/Contents/Home/jre/lib/server/libjvm.dylib
0x000000000bd73000 	/usr/lib/libstdc++.6.dylib
0x0000000109474000 	/Library/Java/JavaVirtualMachines/jdk1.8.0_11.jdk/Contents/Home/jre/lib/libverify.dylib
0x0000000109482000 	/Library/Java/JavaVirtualMachines/jdk1.8.0_11.jdk/Contents/Home/jre/lib/libjava.dylib
0x00000001094d7000 	/Library/Java/JavaVirtualMachines/jdk1.8.0_11.jdk/Contents/Home/jre/lib/libzip.dylib
0x00000001095e4000 	/System/Library/Frameworks/JavaVM.framework/Frameworks/JavaRuntimeSupport.framework/JavaRuntimeSupport
0x000000011fd71000 	/System/Library/Frameworks/JavaVM.framework/Versions/A/Frameworks/JavaNativeFoundation.framework/Versions/A/JavaNativeFoundation
0x000000011fd86000 	/System/Library/Frameworks/JavaVM.framework/Versions/A/JavaVM
0x000000000bd73000 	/System/Library/Frameworks/Carbon.framework/Versions/A/Carbon
0x000000011fd93000 	/System/Library/PrivateFrameworks/JavaLaunching.framework/Versions/A/JavaLaunching
0x000000000bd73000 	/System/Library/Frameworks/Carbon.framework/Versions/A/Frameworks/CommonPanels.framework/Versions/A/CommonPanels
0x000000000bd73000 	/System/Library/Frameworks/Carbon.framework/Versions/A/Frameworks/Help.framework/Versions/A/Help
0x000000000bd73000 	/System/Library/Frameworks/Carbon.framework/Versions/A/Frameworks/ImageCapture.framework/Versions/A/ImageCapture
0x000000000bd73000 	/System/Library/Frameworks/Carbon.framework/Versions/A/Frameworks/OpenScripting.framework/Versions/A/OpenScripting
0x000000000bd73000 	/System/Library/Frameworks/Carbon.framework/Versions/A/Frameworks/Print.framework/Versions/A/Print
0x000000000bd73000 	/System/Library/Frameworks/Carbon.framework/Versions/A/Frameworks/SecurityHI.framework/Versions/A/SecurityHI
0x0000000121ceb000 	/Library/Java/JavaVirtualMachines/jdk1.8.0_11.jdk/Contents/Home/jre/lib/libawt.dylib
0x0000000121d9a000 	/Library/Java/JavaVirtualMachines/jdk1.8.0_11.jdk/Contents/Home/jre/lib/./libmlib_image.dylib
0x0000000121e66000 	/Library/Java/JavaVirtualMachines/jdk1.8.0_11.jdk/Contents/Home/jre/lib/libawt_lwawt.dylib
0x0000000121f18000 	/Library/Java/JavaVirtualMachines/jdk1.8.0_11.jdk/Contents/Home/jre/lib/./libosxapp.dylib
0x000000000bd73000 	/System/Library/Frameworks/ExceptionHandling.framework/Versions/A/ExceptionHandling
0x000000000bd73000 	/System/Library/PrivateFrameworks/CoreServicesInternal.framework/Versions/A/CoreServicesInternal
0x000000000bd73000 	/System/Library/PrivateFrameworks/CloudDocs.framework/Versions/A/CloudDocs
0x000000000bd73000 	/System/Library/PrivateFrameworks/CoreDuet.framework/Versions/A/CoreDuet
0x000000000bd73000 	/System/Library/Frameworks/CloudKit.framework/Versions/A/CloudKit
0x000000000bd73000 	/System/Library/PrivateFrameworks/ProtocolBuffer.framework/Versions/A/ProtocolBuffer
0x000000000bd73000 	/System/Library/PrivateFrameworks/CoreDuetDaemonProtocol.framework/Versions/A/CoreDuetDaemonProtocol
0x000000000bd73000 	/System/Library/PrivateFrameworks/CoreDuetDebugLogging.framework/Versions/A/CoreDuetDebugLogging
0x000000000bd73000 	/System/Library/PrivateFrameworks/MMCS.framework/Versions/A/MMCS
0x000000000bd73000 	/System/Library/Frameworks/CoreLocation.framework/Versions/A/CoreLocation
0x000000000bd73000 	/System/Library/PrivateFrameworks/ProtectedCloudStorage.framework/Versions/A/ProtectedCloudStorage
0x000000000bd73000 	/System/Library/PrivateFrameworks/GeoServices.framework/Versions/A/GeoServices
0x000000000bd73000 	/System/Library/Frameworks/CoreGraphics.framework/Versions/A/Resources/libCGCMS.A.dylib
0x000000000bd73000 	/System/Library/Frameworks/CoreGraphics.framework/Versions/A/Resources/libRIP.A.dylib
0x000000000bd73000 	/System/Library/Frameworks/CoreGraphics.framework/Versions/A/Resources/libCGXType.A.dylib
0x000000000bd73000 	/System/Library/Frameworks/OpenCL.framework/Versions/A/Libraries/libcldcpuengine.dylib
0x000000000bd73000 	/System/Library/PrivateFrameworks/DiskImages.framework/Versions/A/DiskImages
0x000000000bd73000 	/System/Library/Frameworks/DiscRecording.framework/Versions/A/DiscRecording
0x000000000bd73000 	/usr/lib/libcsfde.dylib
0x000000000bd73000 	/usr/lib/libcurl.4.dylib
0x000000000bd73000 	/System/Library/PrivateFrameworks/MediaKit.framework/Versions/A/MediaKit
0x000000000bd73000 	/usr/lib/libCoreStorage.dylib
0x000000000bd73000 	/System/Library/PrivateFrameworks/EFILogin.framework/Versions/A/EFILogin
0x000000000bd73000 	/usr/lib/libutil.dylib
0x000000000bd73000 	/System/Library/PrivateFrameworks/FindMyDevice.framework/Versions/A/FindMyDevice
0x000000000bd73000 	/System/Library/Frameworks/LDAP.framework/Versions/A/LDAP
0x000000000bd73000 	/usr/lib/libsasl2.2.dylib
0x000000000bd73000 	/System/Library/PrivateFrameworks/CoreDaemon.framework/Versions/B/CoreDaemon
0x000000000bd73000 	/usr/lib/libcrypto.0.9.8.dylib
0x000000000bd73000 	/System/Library/PrivateFrameworks/AppleSRP.framework/Versions/A/AppleSRP
0x000000000bd73000 	/System/Library/PrivateFrameworks/TrustEvaluationAgent.framework/Versions/A/TrustEvaluationAgent
0x0000000124d43000 	cl_kernels
0x0000000124d45000 	/System/Library/Frameworks/OpenCL.framework/Versions/A/Libraries/ImageFormats/unorm8_bgra.dylib
0x0000000124d34000 	cl_kernels
0x000000000bd73000 	/System/Library/PrivateFrameworks/FamilyControls.framework/Versions/A/FamilyControls
0x000000000bd73000 	/System/Library/PrivateFrameworks/CommerceKit.framework/Versions/A/Frameworks/CommerceCore.framework/Versions/A/CommerceCore
0x000000000bd73000 	/System/Library/PrivateFrameworks/SystemAdministration.framework/Versions/A/SystemAdministration
0x000000000bd73000 	/System/Library/PrivateFrameworks/AppContainer.framework/Versions/A/AppContainer
0x000000000bd73000 	/System/Library/PrivateFrameworks/SecCodeWrapper.framework/Versions/A/SecCodeWrapper
0x000000000bd73000 	/System/Library/Frameworks/DirectoryService.framework/Versions/A/DirectoryService
0x000000000bd73000 	/System/Library/PrivateFrameworks/LoginUIKit.framework/Versions/A/Frameworks/LoginUICore.framework/Versions/A/LoginUICore
0x000000000bd73000 	/usr/lib/libodfde.dylib
0x0000000125f8e000 	/Library/Java/JavaVirtualMachines/jdk1.8.0_11.jdk/Contents/Home/jre/lib/libfontmanager.dylib
0x0000000125ff4000 	/Users/Olivier/Dropbox/Projet_Int-grateur_TeamYOCO-master/build/classes/res/native/liblwjgl.dylib
0x0000000124276000 	/Library/Java/JavaVirtualMachines/jdk1.8.0_11.jdk/Contents/Home/jre/lib/libjawt.dylib
0x000000000bd73000 	/System/Library/Frameworks/OpenGL.framework/Versions/A/Resources/GLEngine.bundle/GLEngine
0x000000000bd73000 	/System/Library/Frameworks/OpenGL.framework/Versions/A/Libraries/libGLProgrammability.dylib
0x0000000126080000 	/System/Library/Extensions/AppleIntelHDGraphicsGLDriver.bundle/Contents/MacOS/AppleIntelHDGraphicsGLDriver
0x0000000126507000 	/System/Library/PrivateFrameworks/GPUSupport.framework/Versions/A/Libraries/libGPUSupport.dylib
0x0000000000000000 	/System/Library/Extensions/GeForceTeslaGLDriver.bundle/Contents/MacOS/GeForceTeslaGLDriver
0x000000012651b000 	/System/Library/Extensions/GeForceTeslaGLDriver.bundle/Contents/MacOS/libclh.dylib
0x000000000bd73000 	/System/Library/Frameworks/OpenGL.framework/Versions/A/Resources/GLRendererFloat.bundle/GLRendererFloat
0x0000000127091000 	/Library/Java/JavaVirtualMachines/jdk1.8.0_11.jdk/Contents/Home/jre/lib/libnio.dylib
0x00000001277b9000 	/Library/Java/JavaVirtualMachines/jdk1.8.0_11.jdk/Contents/Home/jre/lib/./libnet.dylib
0x00000001278d2000 	/Library/Java/JavaVirtualMachines/jdk1.8.0_11.jdk/Contents/Home/jre/lib/libjpeg.dylib
0x0000000128d58000 	/Users/Olivier/Dropbox/Projet_Int-grateur_TeamYOCO-master/build/classes/res/native/openal.dylib
0x0000000128ed2000 	/System/Library/Components/CoreAudio.component/Contents/MacOS/CoreAudio
0x0000000127aae000 	/System/Library/Extensions/AppleHDA.kext/Contents/PlugIns/AppleHDAHALPlugIn.bundle/Contents/MacOS/AppleHDAHALPlugIn

VM Arguments:
jvm_args: -Dfile.encoding=UTF-8 -Djava.library.path=lib 
java_command: ca.qc.bdeb.info204.Game
java_class_path (initial): /Users/Olivier/Dropbox/Projet_Int-grateur_TeamYOCO-master/lib/jinput.jar:/Users/Olivier/Dropbox/Projet_Int-grateur_TeamYOCO-master/lib/lwjgl.jar:/Users/Olivier/Dropbox/Projet_Int-grateur_TeamYOCO-master/lib/lwjgl_util.jar:/Users/Olivier/Dropbox/Projet_Int-grateur_TeamYOCO-master/lib/slick.jar:/Users/Olivier/Dropbox/Projet_Int-grateur_TeamYOCO-master/lib/SlickUtils-1.3.jar:/Users/Olivier/Dropbox/Projet_Int-grateur_TeamYOCO-master/build/classes
Launcher Type: SUN_STANDARD

Environment Variables:
PATH=/usr/bin:/bin:/usr/sbin:/sbin
LD_LIBRARY_PATH=/Library/Java/JavaVirtualMachines/jdk1.8.0_11.jdk/Contents/Home/jre/lib/amd64:/Library/Java/JavaVirtualMachines/jdk1.8.0_11.jdk/Contents/Home/jre/lib/i386:
SHELL=/bin/bash
DYLD_LIBRARY_PATH=/Applications/NetBeans/NetBeans 8.0.1.app/Contents/Resources/NetBeans/webcommon/bin:

Signal Handlers:
SIGSEGV: [libjvm.dylib+0x56059b], sa_mask[0]=0xfffefeff, sa_flags=0x00000043
SIGBUS: [libjvm.dylib+0x56059b], sa_mask[0]=0xfffefeff, sa_flags=0x00000042
SIGFPE: [libjvm.dylib+0x4438f2], sa_mask[0]=0xfffefeff, sa_flags=0x00000042
SIGPIPE: [libjvm.dylib+0x4438f2], sa_mask[0]=0xfffefeff, sa_flags=0x00000042
SIGXFSZ: [libjvm.dylib+0x4438f2], sa_mask[0]=0xfffefeff, sa_flags=0x00000042
SIGILL: [libjvm.dylib+0x4438f2], sa_mask[0]=0xfffefeff, sa_flags=0x00000042
SIGUSR1: SIG_DFL, sa_mask[0]=0x00000000, sa_flags=0x00000000
SIGUSR2: [libjvm.dylib+0x443410], sa_mask[0]=0x00000004, sa_flags=0x00000042
SIGHUP: [libjvm.dylib+0x44179b], sa_mask[0]=0xfffefeff, sa_flags=0x00000042
SIGINT: SIG_IGN, sa_mask[0]=0x00000000, sa_flags=0x00000000
SIGTERM: [libjvm.dylib+0x44179b], sa_mask[0]=0xfffefeff, sa_flags=0x00000042
SIGQUIT: [libjvm.dylib+0x44179b], sa_mask[0]=0xfffefeff, sa_flags=0x00000042


---------------  S Y S T E M  ---------------

OS:Bsduname:Darwin 14.5.0 Darwin Kernel Version 14.5.0: Wed Jul 29 02:26:53 PDT 2015; root:xnu-2782.40.9~1/RELEASE_X86_64 x86_64
rlimit: STACK 8192k, CORE 0k, NPROC 709, NOFILE 10240, AS infinity
load average:2.96 2.53 3.22

CPU:total 4 (2 cores per cpu, 2 threads per core) family 6 model 37 stepping 5, cmov, cx8, fxsr, mmx, sse, sse2, sse3, ssse3, sse4.1, sse4.2, popcnt, aes, clmul, ht, tsc, tscinvbit

Memory: 4k page, physical 8388608k(292852k free)

/proc/meminfo:


vm_info: Java HotSpot(TM) 64-Bit Server VM (25.11-b03) for bsd-amd64 JRE (1.8.0_11-b12), built on Jun 16 2014 17:39:42 by "java_re" with gcc 4.2.1 (Based on Apple Inc. build 5658) (LLVM build 2336.11.00)

time: Sat Apr 16 23:00:53 2016
elapsed time: 14 seconds

