#
# A fatal error has been detected by the Java Runtime Environment:
#
#  SIGSEGV (0xb) at pc=0x00007fff927280dd, pid=9657, tid=1811
#
# JRE version: Java(TM) SE Runtime Environment (8.0_11-b12) (build 1.8.0_11-b12)
# Java VM: Java HotSpot(TM) 64-Bit Server VM (25.11-b03 mixed mode bsd-amd64 compressed oops)
# Problematic frame:
# C  [libobjc.A.dylib+0x10dd]  objc_msgSend+0x1d
#
# Failed to write core dump. Core dumps have been disabled. To enable core dumping, try "ulimit -c unlimited" before starting Java again
#
# If you would like to submit a bug report, please visit:
#   http://bugreport.sun.com/bugreport/crash.jsp
# The crash happened outside the Java Virtual Machine in native code.
# See problematic frame for where to report the bug.
#

---------------  T H R E A D  ---------------

Current thread (0x00007faa4b847000):  JavaThread "AppKit Thread" daemon [_thread_in_native, id=1811, stack(0x00007fff53436000,0x00007fff53c36000)]

siginfo:si_signo=SIGSEGV: si_errno=0, si_code=1 (SEGV_MAPERR), si_addr=0x000007faa4b66d38

Registers:
RAX=0x00007faa4b62ed40, RBX=0x00007fff53c317e8, RCX=0x0000000000000000, RDX=0x00007faa4b486840
RSP=0x00007fff53c31608, RBP=0x00007fff53c31610, RSI=0x00007fff8c4d541e, RDI=0x00007faa4b62ed40
R8 =0x00007fff53c315f0, R9 =0x0000000000000062, R10=0x00007fff8c4d541e, R11=0x000007faa4b66d20
R12=0x00007faa4b40bb90, R13=0x00000000000f42ff, R14=0x00007faa4b6b4960, R15=0x00007fff53c31748
RIP=0x00007fff927280dd, EFLAGS=0x0000000000010202, ERR=0x0000000000000004
  TRAPNO=0x000000000000000e

Top of Stack: (sp=0x00007fff53c31608)
0x00007fff53c31608:   00007fff9628545c 00007fff53c31970
0x00007fff53c31618:   00007fff96175634 00007fff53c3169c
0x00007fff53c31628:   00007fff53c316a0 00007fff53c316a4
0x00007fff53c31638:   00007fff7baf3e00 ffffffffffffffff
0x00007fff53c31648:   0000000000000930 00007fff7baf3e18
0x00007fff53c31658:   00007faa4b6b4960 0000000000000000
0x00007fff53c31668:   00007fff53c31740 0000000000000000
0x00007fff53c31678:   00007faa4b67f1b0 00007fff53c317c0
0x00007fff53c31688:   0000000000000062 00000000000f4301
0x00007fff53c31698:   00007faa4b486840 00007faa4b67ebe0
0x00007fff53c316a8:   00007faa4b40bb90 0000000000000001
0x00007fff53c316b8:   00000000000f42ff 00007faa4b40bb80
0x00007fff53c316c8:   00007fff921fec05 000000014b47f420
0x00007fff53c316d8:   00007fff7b2620d0 0000000042000000
0x00007fff53c316e8:   00007fff92205e63 00007fff7babe240
0x00007fff53c316f8:   00007fff53c317c8 00007fff53c31720
0x00007fff53c31708:   00007fff53c31740 0000000000000000
0x00007fff53c31718:   0000000000000008 0002540300000001
0x00007fff53c31728:   00007faa4b40bbb4 0000000000000000
0x00007fff53c31738:   0000000000000000 00007faa4b67f230
0x00007fff53c31748:   00007faa4b6b4960 0000002000000000
0x00007fff53c31758:   0000000000000000 00007fff7b2620d0
0x00007fff53c31768:   0000000042000000 00007fff922054f8
0x00007fff53c31778:   00007fff7babe350 00007fff53c316d8
0x00007fff53c31788:   0000000000000000 00007fff53c31858
0x00007fff53c31798:   00007fff7acf6ea0 00007fff53c31890
0x00007fff53c317a8:   00007fff8ca16770 00007fff53c31840
0x00007fff53c317b8:   00007fff8bc094ed 0000000000000051
0x00007fff53c317c8:   0000000000000000 00000000000f42e2
0x00007fff53c317d8:   0000000000000053 0000000000000000
0x00007fff53c317e8:   00000000000f42ff 00007fff53c31864
0x00007fff53c317f8:   000000000043b001 00000000ffffffff 

Instructions: (pc=0x00007fff927280dd)
0x00007fff927280bd:   00 00 00 48 85 ff 2e 74 7a 40 f6 c7 01 2e 75 7e
0x00007fff927280cd:   49 bb f8 ff ff ff ff 7f 00 00 4c 23 1f 49 89 f2
0x00007fff927280dd:   45 23 53 18 49 c1 e2 04 4d 03 53 10 49 3b 32 75
0x00007fff927280ed:   04 41 ff 62 08 49 83 3a 00 74 6a 4d 3b 53 10 74 

Register to memory mapping:

RAX=0x00007faa4b62ed40 is an unknown value
RBX=0x00007fff53c317e8 is pointing into the stack for thread: 0x00007faa4b847000
RCX=0x0000000000000000 is an unknown value
RDX=0x00007faa4b486840 is an unknown value
RSP=0x00007fff53c31608 is pointing into the stack for thread: 0x00007faa4b847000
RBP=0x00007fff53c31610 is pointing into the stack for thread: 0x00007faa4b847000
RSI=0x00007fff8c4d541e: -[NSTitlebarContainerView transparent]+0x5e312 in /System/Library/Frameworks/AppKit.framework/Versions/C/AppKit at 0x00007fff8bad4000
RDI=0x00007faa4b62ed40 is an unknown value
R8 =0x00007fff53c315f0 is pointing into the stack for thread: 0x00007faa4b847000
R9 =0x0000000000000062 is an unknown value
R10=0x00007fff8c4d541e: -[NSTitlebarContainerView transparent]+0x5e312 in /System/Library/Frameworks/AppKit.framework/Versions/C/AppKit at 0x00007fff8bad4000
R11=0x000007faa4b66d20 is an unknown value
R12=0x00007faa4b40bb90 is an unknown value
R13=0x00000000000f42ff is an unknown value
R14=0x00007faa4b6b4960 is an unknown value
R15=0x00007fff53c31748 is pointing into the stack for thread: 0x00007faa4b847000


Stack: [0x00007fff53436000,0x00007fff53c36000],  sp=0x00007fff53c31608,  free space=8173k
Native frames: (J=compiled Java code, j=interpreted, Vv=VM code, C=native code)
C  [libobjc.A.dylib+0x10dd]  objc_msgSend+0x1d
C  [CoreFoundation+0x10634]  _CFXNotificationPost+0xc44
C  [Foundation+0x7aa1]  -[NSNotificationCenter postNotificationName:object:userInfo:]+0x42
C  [AppKit+0x439c2]  -[NSSurface _disposeSurface]+0x98
C  [AppKit+0x43426]  -[NSSurface setWindow:]+0x42
C  [AppKit+0x33910]  -[NSView _setWindow:]+0xa33
C  [AppKit+0x6af91]  -[NSView removeFromSuperview]+0x1c5
C  [AppKit+0x14bd99]  -[NSView removeFromSuperviewWithoutNeedingDisplay]+0x26
C  [liblwjgl.dylib+0xa205]  +[MacOSXKeyableWindow destroyWindow]+0xb5
C  [Foundation+0x92dd0]  __NSThreadPerformPerform+0x125
C  [CoreFoundation+0x80a01]  __CFRUNLOOP_IS_CALLING_OUT_TO_A_SOURCE0_PERFORM_FUNCTION__+0x11
C  [CoreFoundation+0x72b8d]  __CFRunLoopDoSources0+0x10d
C  [CoreFoundation+0x721bf]  __CFRunLoopRun+0x39f
C  [CoreFoundation+0x71bd8]  CFRunLoopRunSpecific+0x128
C  [HIToolbox+0x3256f]  RunCurrentEventLoopInMode+0xeb
C  [HIToolbox+0x322ea]  ReceiveNextEventCommon+0x1af
C  [HIToolbox+0x3212b]  _BlockUntilNextEventMatchingListInModeWithFilter+0x47
C  [AppKit+0x918ab]  _DPSNextEvent+0x3d2
C  [AppKit+0x90e58]  -[NSApplication nextEventMatchingMask:untilDate:inMode:dequeue:]+0x15a
C  [libosxapp.dylib+0x242a]  -[NSApplicationAWT nextEventMatchingMask:untilDate:inMode:dequeue:]+0x7c
C  [AppKit+0x86af3]  -[NSApplication run]+0x252
C  [libosxapp.dylib+0x223e]  +[NSApplicationAWT runAWTLoopWithApp:]+0x9c
C  [libawt_lwawt.dylib+0x439bb]  -[AWTStarter starter:]+0x389
C  [Foundation+0x92dd0]  __NSThreadPerformPerform+0x125
C  [CoreFoundation+0x80a01]  __CFRUNLOOP_IS_CALLING_OUT_TO_A_SOURCE0_PERFORM_FUNCTION__+0x11
C  [CoreFoundation+0x72b8d]  __CFRunLoopDoSources0+0x10d
C  [CoreFoundation+0x721bf]  __CFRunLoopRun+0x39f
C  [CoreFoundation+0x71bd8]  CFRunLoopRunSpecific+0x128
C  [java+0x56cb]  CreateExecutionEnvironment+0x367
C  [java+0x166c]  JLI_Launch+0x7a0
C  [java+0x7689]  main+0x65
C  [java+0xec4]  start+0x34


---------------  P R O C E S S  ---------------

Java Threads: ( => current thread )
  0x00007faa4c0c0800 JavaThread "AWT-Shutdown" [_thread_blocked, id=27671, stack(0x000000013515e000,0x000000013525e000)]
  0x00007faa4c192800 JavaThread "Java2D Queue Flusher" daemon [_thread_blocked, id=56583, stack(0x000000012b52c000,0x000000012b62c000)]
  0x00007faa4d1c7800 JavaThread "Java2D Disposer" daemon [_thread_blocked, id=55335, stack(0x000000012b3a6000,0x000000012b4a6000)]
=>0x00007faa4b847000 JavaThread "AppKit Thread" daemon [_thread_in_native, id=1811, stack(0x00007fff53436000,0x00007fff53c36000)]
  0x00007faa4d00f000 JavaThread "Service Thread" daemon [_thread_blocked, id=18179, stack(0x0000000125697000,0x0000000125797000)]
  0x00007faa4b80b800 JavaThread "C1 CompilerThread2" daemon [_thread_blocked, id=17667, stack(0x0000000125594000,0x0000000125694000)]
  0x00007faa4b826000 JavaThread "C2 CompilerThread1" daemon [_thread_blocked, id=17155, stack(0x0000000125491000,0x0000000125591000)]
  0x00007faa4c033000 JavaThread "C2 CompilerThread0" daemon [_thread_blocked, id=16643, stack(0x000000012538e000,0x000000012548e000)]
  0x00007faa4c031000 JavaThread "Signal Dispatcher" daemon [_thread_blocked, id=13335, stack(0x000000012528b000,0x000000012538b000)]
  0x00007faa4d004800 JavaThread "Finalizer" daemon [_thread_blocked, id=11523, stack(0x000000012386f000,0x000000012396f000)]
  0x00007faa4d003800 JavaThread "Reference Handler" daemon [_thread_blocked, id=11011, stack(0x000000012376c000,0x000000012386c000)]
  0x00007faa4c004800 JavaThread "main" [_thread_in_native, id=3331, stack(0x000000010cf8a000,0x000000010d08a000)]

Other Threads:
  0x00007faa4c026800 VMThread [stack: 0x0000000123669000,0x0000000123769000] [id=10499]
  0x00007faa4d029800 WatcherThread [stack: 0x000000012579a000,0x000000012589a000] [id=18691]

VM state:not at safepoint (normal execution)

VM Mutex/Monitor currently owned by a thread: None

Heap:
 PSYoungGen      total 23552K, used 21436K [0x0000000795580000, 0x0000000796e80000, 0x00000007c0000000)
  eden space 21504K, 96% used [0x0000000795580000,0x00000007969cc0f8,0x0000000796a80000)
  from space 2048K, 31% used [0x0000000796c80000,0x0000000796d22fc0,0x0000000796e80000)
  to   space 2048K, 0% used [0x0000000796a80000,0x0000000796a80000,0x0000000796c80000)
 ParOldGen       total 129536K, used 40350K [0x0000000740000000, 0x0000000747e80000, 0x0000000795580000)
  object space 129536K, 31% used [0x0000000740000000,0x0000000742767bc0,0x0000000747e80000)
 Metaspace       used 10579K, capacity 10693K, committed 11008K, reserved 1058816K
  class space    used 1137K, capacity 1175K, committed 1280K, reserved 1048576K

Card table byte_map: [0x000000011cdc0000,0x000000011d1c1000] byte_map_base: 0x00000001193c0000

Marking Bits: (ParMarkBitMap*) 0x000000010c92f0a0
 Begin Bits: [0x000000011d775000, 0x000000011f775000)
 End Bits:   [0x000000011f775000, 0x0000000121775000)

Polling page: 0x000000010d0e5000

CodeCache: size=245760Kb used=3361Kb max_used=3361Kb free=242398Kb
 bounds [0x000000010da00000, 0x000000010dd50000, 0x000000011ca00000]
 total_blobs=1422 nmethods=904 adapters=434
 compilation: enabled

Compilation events (10 events):
Event: 6.581 Thread 0x00007faa4b80b800  900       3       org.lwjgl.opengl.Display::getHeight (30 bytes)
Event: 6.582 Thread 0x00007faa4b80b800 nmethod 900 0x000000010dd45c90 code [0x000000010dd45e40, 0x000000010dd46548]
Event: 6.587 Thread 0x00007faa4c033000  901       4       org.newdawn.slick.Color::bind (26 bytes)
Event: 6.589 Thread 0x00007faa4c033000 nmethod 901 0x000000010dd49550 code [0x000000010dd496c0, 0x000000010dd49908]
Event: 6.614 Thread 0x00007faa4b80b800  902   !   3       org.lwjgl.input.Mouse::next (235 bytes)
Event: 6.616 Thread 0x00007faa4b80b800 nmethod 902 0x000000010dd46f50 code [0x000000010dd47260, 0x000000010dd48a68]
Event: 6.635 Thread 0x00007faa4b80b800  903       3       org.lwjgl.MemoryUtil::getAddress (9 bytes)
Event: 6.636 Thread 0x00007faa4b80b800 nmethod 903 0x000000010dd46910 code [0x000000010dd46a80, 0x000000010dd46d90]
Event: 6.636 Thread 0x00007faa4b80b800  904       3       org.lwjgl.MemoryUtil::getAddress (10 bytes)
Event: 6.636 Thread 0x00007faa4b80b800 nmethod 904 0x000000010dd49c10 code [0x000000010dd49d80, 0x000000010dd49f90]

GC Heap History (10 events):
Event: 1.663 GC heap before
{Heap before GC invocations=8 (full 0):
 PSYoungGen      total 5632K, used 5291K [0x0000000795580000, 0x0000000796180000, 0x00000007c0000000)
  eden space 4096K, 100% used [0x0000000795580000,0x0000000795980000,0x0000000795980000)
  from space 1536K, 77% used [0x0000000795980000,0x0000000795aaae20,0x0000000795b00000)
  to   space 2048K, 0% used [0x0000000795f80000,0x0000000795f80000,0x0000000796180000)
 ParOldGen       total 129536K, used 8327K [0x0000000740000000, 0x0000000747e80000, 0x0000000795580000)
  object space 129536K, 6% used [0x0000000740000000,0x0000000740821d48,0x0000000747e80000)
 Metaspace       used 7997K, capacity 8129K, committed 8448K, reserved 1056768K
  class space    used 850K, capacity 917K, committed 1024K, reserved 1048576K
Event: 1.671 GC heap after
Heap after GC invocations=8 (full 0):
 PSYoungGen      total 9216K, used 1021K [0x0000000795580000, 0x0000000796080000, 0x00000007c0000000)
  eden space 8192K, 0% used [0x0000000795580000,0x0000000795580000,0x0000000795d80000)
  from space 1024K, 99% used [0x0000000795f80000,0x000000079607f710,0x0000000796080000)
  to   space 1536K, 0% used [0x0000000795d80000,0x0000000795d80000,0x0000000795f00000)
 ParOldGen       total 129536K, used 17691K [0x0000000740000000, 0x0000000747e80000, 0x0000000795580000)
  object space 129536K, 13% used [0x0000000740000000,0x0000000741146d98,0x0000000747e80000)
 Metaspace       used 7997K, capacity 8129K, committed 8448K, reserved 1056768K
  class space    used 850K, capacity 917K, committed 1024K, reserved 1048576K
}
Event: 1.954 GC heap before
{Heap before GC invocations=9 (full 0):
 PSYoungGen      total 9216K, used 9213K [0x0000000795580000, 0x0000000796080000, 0x00000007c0000000)
  eden space 8192K, 100% used [0x0000000795580000,0x0000000795d80000,0x0000000795d80000)
  from space 1024K, 99% used [0x0000000795f80000,0x000000079607f710,0x0000000796080000)
  to   space 1536K, 0% used [0x0000000795d80000,0x0000000795d80000,0x0000000795f00000)
 ParOldGen       total 129536K, used 17691K [0x0000000740000000, 0x0000000747e80000, 0x0000000795580000)
  object space 129536K, 13% used [0x0000000740000000,0x0000000741146d98,0x0000000747e80000)
 Metaspace       used 8824K, capacity 8997K, committed 9216K, reserved 1056768K
  class space    used 961K, capacity 1015K, committed 1024K, reserved 1048576K
Event: 1.978 GC heap after
Heap after GC invocations=9 (full 0):
 PSYoungGen      total 9728K, used 384K [0x0000000795580000, 0x0000000796680000, 0x00000007c0000000)
  eden space 8192K, 0% used [0x0000000795580000,0x0000000795580000,0x0000000795d80000)
  from space 1536K, 25% used [0x0000000795d80000,0x0000000795de0000,0x0000000795f00000)
  to   space 2048K, 0% used [0x0000000796480000,0x0000000796480000,0x0000000796680000)
 ParOldGen       total 129536K, used 39966K [0x0000000740000000, 0x0000000747e80000, 0x0000000795580000)
  object space 129536K, 30% used [0x0000000740000000,0x0000000742707bb0,0x0000000747e80000)
 Metaspace       used 8824K, capacity 8997K, committed 9216K, reserved 1056768K
  class space    used 961K, capacity 1015K, committed 1024K, reserved 1048576K
}
Event: 2.018 GC heap before
{Heap before GC invocations=10 (full 0):
 PSYoungGen      total 9728K, used 8576K [0x0000000795580000, 0x0000000796680000, 0x00000007c0000000)
  eden space 8192K, 100% used [0x0000000795580000,0x0000000795d80000,0x0000000795d80000)
  from space 1536K, 25% used [0x0000000795d80000,0x0000000795de0000,0x0000000795f00000)
  to   space 2048K, 0% used [0x0000000796480000,0x0000000796480000,0x0000000796680000)
 ParOldGen       total 129536K, used 39966K [0x0000000740000000, 0x0000000747e80000, 0x0000000795580000)
  object space 129536K, 30% used [0x0000000740000000,0x0000000742707bb0,0x0000000747e80000)
 Metaspace       used 8825K, capacity 8997K, committed 9216K, reserved 1056768K
  class space    used 961K, capacity 1015K, committed 1024K, reserved 1048576K
Event: 2.020 GC heap after
Heap after GC invocations=10 (full 0):
 PSYoungGen      total 15360K, used 160K [0x0000000795580000, 0x0000000796680000, 0x00000007c0000000)
  eden space 13312K, 0% used [0x0000000795580000,0x0000000795580000,0x0000000796280000)
  from space 2048K, 7% used [0x0000000796480000,0x00000007964a8000,0x0000000796680000)
  to   space 2048K, 0% used [0x0000000796280000,0x0000000796280000,0x0000000796480000)
 ParOldGen       total 129536K, used 40166K [0x0000000740000000, 0x0000000747e80000, 0x0000000795580000)
  object space 129536K, 31% used [0x0000000740000000,0x0000000742739bb0,0x0000000747e80000)
 Metaspace       used 8825K, capacity 8997K, committed 9216K, reserved 1056768K
  class space    used 961K, capacity 1015K, committed 1024K, reserved 1048576K
}
Event: 2.060 GC heap before
{Heap before GC invocations=11 (full 0):
 PSYoungGen      total 15360K, used 13472K [0x0000000795580000, 0x0000000796680000, 0x00000007c0000000)
  eden space 13312K, 100% used [0x0000000795580000,0x0000000796280000,0x0000000796280000)
  from space 2048K, 7% used [0x0000000796480000,0x00000007964a8000,0x0000000796680000)
  to   space 2048K, 0% used [0x0000000796280000,0x0000000796280000,0x0000000796480000)
 ParOldGen       total 129536K, used 40166K [0x0000000740000000, 0x0000000747e80000, 0x0000000795580000)
  object space 129536K, 31% used [0x0000000740000000,0x0000000742739bb0,0x0000000747e80000)
 Metaspace       used 8825K, capacity 8997K, committed 9216K, reserved 1056768K
  class space    used 961K, capacity 1015K, committed 1024K, reserved 1048576K
Event: 2.062 GC heap after
Heap after GC invocations=11 (full 0):
 PSYoungGen      total 15360K, used 0K [0x0000000795580000, 0x0000000796e80000, 0x00000007c0000000)
  eden space 13312K, 0% used [0x0000000795580000,0x0000000795580000,0x0000000796280000)
  from space 2048K, 0% used [0x0000000796280000,0x0000000796280000,0x0000000796480000)
  to   space 2048K, 0% used [0x0000000796c80000,0x0000000796c80000,0x0000000796e80000)
 ParOldGen       total 129536K, used 40278K [0x0000000740000000, 0x0000000747e80000, 0x0000000795580000)
  object space 129536K, 31% used [0x0000000740000000,0x0000000742755bb0,0x0000000747e80000)
 Metaspace       used 8825K, capacity 8997K, committed 9216K, reserved 1056768K
  class space    used 961K, capacity 1015K, committed 1024K, reserved 1048576K
}
Event: 2.744 GC heap before
{Heap before GC invocations=12 (full 0):
 PSYoungGen      total 15360K, used 13312K [0x0000000795580000, 0x0000000796e80000, 0x00000007c0000000)
  eden space 13312K, 100% used [0x0000000795580000,0x0000000796280000,0x0000000796280000)
  from space 2048K, 0% used [0x0000000796280000,0x0000000796280000,0x0000000796480000)
  to   space 2048K, 0% used [0x0000000796c80000,0x0000000796c80000,0x0000000796e80000)
 ParOldGen       total 129536K, used 40278K [0x0000000740000000, 0x0000000747e80000, 0x0000000795580000)
  object space 129536K, 31% used [0x0000000740000000,0x0000000742755bb0,0x0000000747e80000)
 Metaspace       used 10378K, capacity 10501K, committed 10752K, reserved 1058816K
  class space    used 1124K, capacity 1175K, committed 1280K, reserved 1048576K
Event: 2.746 GC heap after
Heap after GC invocations=12 (full 0):
 PSYoungGen      total 23552K, used 651K [0x0000000795580000, 0x0000000796e80000, 0x00000007c0000000)
  eden space 21504K, 0% used [0x0000000795580000,0x0000000795580000,0x0000000796a80000)
  from space 2048K, 31% used [0x0000000796c80000,0x0000000796d22fc0,0x0000000796e80000)
  to   space 2048K, 0% used [0x0000000796a80000,0x0000000796a80000,0x0000000796c80000)
 ParOldGen       total 129536K, used 40350K [0x0000000740000000, 0x0000000747e80000, 0x0000000795580000)
  object space 129536K, 31% used [0x0000000740000000,0x0000000742767bc0,0x0000000747e80000)
 Metaspace       used 10378K, capacity 10501K, committed 10752K, reserved 1058816K
  class space    used 1124K, capacity 1175K, committed 1280K, reserved 1048576K
}

Deoptimization events (1 events):
Event: 2.066 Thread 0x00007faa4c004800 Uncommon trap: reason=unreached action=reinterpret pc=0x000000010dc27608 method=sun.awt.image.ByteInterleavedRaster.getDataElements(IILjava/lang/Object;)Ljava/lang/Object; @ 43

Internal exceptions (10 events):
Event: 2.815 Thread 0x00007faa4c004800 Exception <a 'java/security/PrivilegedActionException'> (0x000000079564e070) thrown at [/HUDSON3/workspace/8-2-build-macosx-x86_64/jdk8u11/648/hotspot/src/share/vm/prims/jvm.cpp, line 1248]
Event: 3.058 Thread 0x00007faa4c004800 Exception <a 'java/security/PrivilegedActionException'> (0x00000007967d95d0) thrown at [/HUDSON3/workspace/8-2-build-macosx-x86_64/jdk8u11/648/hotspot/src/share/vm/prims/jvm.cpp, line 1248]
Event: 3.059 Thread 0x00007faa4c004800 Exception <a 'java/security/PrivilegedActionException'> (0x00000007967dc060) thrown at [/HUDSON3/workspace/8-2-build-macosx-x86_64/jdk8u11/648/hotspot/src/share/vm/prims/jvm.cpp, line 1248]
Event: 3.157 Thread 0x00007faa4c004800 Exception <a 'java/security/PrivilegedActionException'> (0x000000079695c008) thrown at [/HUDSON3/workspace/8-2-build-macosx-x86_64/jdk8u11/648/hotspot/src/share/vm/prims/jvm.cpp, line 1248]
Event: 3.160 Thread 0x00007faa4c004800 Exception <a 'java/security/PrivilegedActionException'> (0x000000079695f388) thrown at [/HUDSON3/workspace/8-2-build-macosx-x86_64/jdk8u11/648/hotspot/src/share/vm/prims/jvm.cpp, line 1248]
Event: 3.160 Thread 0x00007faa4c004800 Exception <a 'java/security/PrivilegedActionException'> (0x0000000796962758) thrown at [/HUDSON3/workspace/8-2-build-macosx-x86_64/jdk8u11/648/hotspot/src/share/vm/prims/jvm.cpp, line 1248]
Event: 3.927 Thread 0x00007faa4c004800 Exception <a 'java/security/PrivilegedActionException'> (0x0000000796967a50) thrown at [/HUDSON3/workspace/8-2-build-macosx-x86_64/jdk8u11/648/hotspot/src/share/vm/prims/jvm.cpp, line 1248]
Event: 3.928 Thread 0x00007faa4c004800 Exception <a 'java/security/PrivilegedActionException'> (0x000000079696b700) thrown at [/HUDSON3/workspace/8-2-build-macosx-x86_64/jdk8u11/648/hotspot/src/share/vm/prims/jvm.cpp, line 1248]
Event: 4.452 Thread 0x00007faa4c004800 Exception <a 'java/security/PrivilegedActionException'> (0x00000007969726e0) thrown at [/HUDSON3/workspace/8-2-build-macosx-x86_64/jdk8u11/648/hotspot/src/share/vm/prims/jvm.cpp, line 1248]
Event: 6.707 Thread 0x00007faa4c004800 Exception <a 'java/security/PrivilegedActionException'> (0x000000079697c0d0) thrown at [/HUDSON3/workspace/8-2-build-macosx-x86_64/jdk8u11/648/hotspot/src/share/vm/prims/jvm.cpp, line 1248]

Events (10 events):
Event: 4.980 loading class java/util/IdentityHashMap$IdentityHashMapIterator done
Event: 4.980 loading class java/util/IdentityHashMap$ValueIterator done
Event: 4.980 loading class sun/awt/AppContext$PostShutdownEventRunnable
Event: 4.980 loading class sun/awt/AppContext$PostShutdownEventRunnable done
Event: 4.980 loading class sun/awt/AWTAutoShutdown$1
Event: 4.980 loading class sun/awt/AWTAutoShutdown$1 done
Event: 4.981 Thread 0x00007faa4c0c0800 Thread exited: 0x00007faa4c0c0800
Event: 5.488 Thread 0x00007faa4c0c0800 Thread added: 0x00007faa4c0c0800
Event: 6.707 loading class org/lwjgl/opengl/CallbackUtil
Event: 6.707 loading class org/lwjgl/opengl/CallbackUtil done


Dynamic libraries:
0x000000000a9a0000 	/System/Library/Frameworks/Cocoa.framework/Versions/A/Cocoa
0x000000000a9a0000 	/System/Library/Frameworks/Security.framework/Versions/A/Security
0x000000000a9a0000 	/System/Library/Frameworks/ApplicationServices.framework/Versions/A/ApplicationServices
0x000000000a9a0000 	/usr/lib/libz.1.dylib
0x000000000a9a0000 	/usr/lib/libSystem.B.dylib
0x000000000a9a0000 	/usr/lib/libobjc.A.dylib
0x000000000a9a0000 	/System/Library/Frameworks/CoreFoundation.framework/Versions/A/CoreFoundation
0x000000000a9a0000 	/System/Library/Frameworks/Foundation.framework/Versions/C/Foundation
0x000000000a9a0000 	/System/Library/Frameworks/AppKit.framework/Versions/C/AppKit
0x000000000a9a0000 	/System/Library/Frameworks/CoreData.framework/Versions/A/CoreData
0x000000000a9a0000 	/System/Library/PrivateFrameworks/RemoteViewServices.framework/Versions/A/RemoteViewServices
0x000000000a9a0000 	/System/Library/PrivateFrameworks/UIFoundation.framework/Versions/A/UIFoundation
0x000000000a9a0000 	/System/Library/Frameworks/IOSurface.framework/Versions/A/IOSurface
0x000000000a9a0000 	/System/Library/Frameworks/AudioToolbox.framework/Versions/A/AudioToolbox
0x000000000a9a0000 	/System/Library/Frameworks/AudioUnit.framework/Versions/A/AudioUnit
0x000000000a9a0000 	/System/Library/PrivateFrameworks/DataDetectorsCore.framework/Versions/A/DataDetectorsCore
0x000000000a9a0000 	/System/Library/PrivateFrameworks/DesktopServicesPriv.framework/Versions/A/DesktopServicesPriv
0x000000000a9a0000 	/System/Library/Frameworks/Carbon.framework/Versions/A/Frameworks/HIToolbox.framework/Versions/A/HIToolbox
0x000000000a9a0000 	/System/Library/Frameworks/QuartzCore.framework/Versions/A/QuartzCore
0x000000000a9a0000 	/System/Library/Frameworks/Carbon.framework/Versions/A/Frameworks/SpeechRecognition.framework/Versions/A/SpeechRecognition
0x000000000a9a0000 	/usr/lib/libauto.dylib
0x000000000a9a0000 	/usr/lib/libicucore.A.dylib
0x000000000a9a0000 	/usr/lib/libxml2.2.dylib
0x000000000a9a0000 	/System/Library/PrivateFrameworks/CoreUI.framework/Versions/A/CoreUI
0x000000000a9a0000 	/System/Library/Frameworks/CoreAudio.framework/Versions/A/CoreAudio
0x000000000a9a0000 	/System/Library/Frameworks/DiskArbitration.framework/Versions/A/DiskArbitration
0x000000000a9a0000 	/usr/lib/liblangid.dylib
0x000000000a9a0000 	/System/Library/PrivateFrameworks/MultitouchSupport.framework/Versions/A/MultitouchSupport
0x000000000a9a0000 	/System/Library/Frameworks/IOKit.framework/Versions/A/IOKit
0x000000000a9a0000 	/usr/lib/libDiagnosticMessagesClient.dylib
0x000000000a9a0000 	/System/Library/Frameworks/CoreServices.framework/Versions/A/CoreServices
0x000000000a9a0000 	/System/Library/PrivateFrameworks/PerformanceAnalysis.framework/Versions/A/PerformanceAnalysis
0x000000000a9a0000 	/System/Library/PrivateFrameworks/GenerationalStorage.framework/Versions/A/GenerationalStorage
0x000000000a9a0000 	/System/Library/Frameworks/OpenGL.framework/Versions/A/OpenGL
0x000000000a9a0000 	/System/Library/PrivateFrameworks/Sharing.framework/Versions/A/Sharing
0x000000000a9a0000 	/System/Library/Frameworks/CoreGraphics.framework/Versions/A/CoreGraphics
0x000000000a9a0000 	/System/Library/Frameworks/CoreText.framework/Versions/A/CoreText
0x000000000a9a0000 	/System/Library/Frameworks/ImageIO.framework/Versions/A/ImageIO
0x000000000a9a0000 	/usr/lib/libextension.dylib
0x000000000a9a0000 	/System/Library/PrivateFrameworks/Backup.framework/Versions/A/Backup
0x000000000a9a0000 	/usr/lib/libarchive.2.dylib
0x000000000a9a0000 	/System/Library/Frameworks/CFNetwork.framework/Versions/A/CFNetwork
0x000000000a9a0000 	/System/Library/Frameworks/SystemConfiguration.framework/Versions/A/SystemConfiguration
0x000000000a9a0000 	/usr/lib/libCRFSuite.dylib
0x000000000a9a0000 	/usr/lib/libc++.1.dylib
0x000000000a9a0000 	/usr/lib/libc++abi.dylib
0x000000000a9a0000 	/usr/lib/system/libcache.dylib
0x000000000a9a0000 	/usr/lib/system/libcommonCrypto.dylib
0x000000000a9a0000 	/usr/lib/system/libcompiler_rt.dylib
0x000000000a9a0000 	/usr/lib/system/libcopyfile.dylib
0x000000000a9a0000 	/usr/lib/system/libcorecrypto.dylib
0x000000000a9a0000 	/usr/lib/system/libdispatch.dylib
0x000000000a9a0000 	/usr/lib/system/libdyld.dylib
0x000000000a9a0000 	/usr/lib/system/libkeymgr.dylib
0x000000000a9a0000 	/usr/lib/system/liblaunch.dylib
0x000000000a9a0000 	/usr/lib/system/libmacho.dylib
0x000000000a9a0000 	/usr/lib/system/libquarantine.dylib
0x000000000a9a0000 	/usr/lib/system/libremovefile.dylib
0x000000000a9a0000 	/usr/lib/system/libsystem_asl.dylib
0x000000000a9a0000 	/usr/lib/system/libsystem_blocks.dylib
0x000000000a9a0000 	/usr/lib/system/libsystem_c.dylib
0x000000000a9a0000 	/usr/lib/system/libsystem_configuration.dylib
0x000000000a9a0000 	/usr/lib/system/libsystem_coreservices.dylib
0x000000000a9a0000 	/usr/lib/system/libsystem_coretls.dylib
0x000000000a9a0000 	/usr/lib/system/libsystem_dnssd.dylib
0x000000000a9a0000 	/usr/lib/system/libsystem_info.dylib
0x000000000a9a0000 	/usr/lib/system/libsystem_kernel.dylib
0x000000000a9a0000 	/usr/lib/system/libsystem_m.dylib
0x000000000a9a0000 	/usr/lib/system/libsystem_malloc.dylib
0x000000000a9a0000 	/usr/lib/system/libsystem_network.dylib
0x000000000a9a0000 	/usr/lib/system/libsystem_networkextension.dylib
0x000000000a9a0000 	/usr/lib/system/libsystem_notify.dylib
0x000000000a9a0000 	/usr/lib/system/libsystem_platform.dylib
0x000000000a9a0000 	/usr/lib/system/libsystem_pthread.dylib
0x000000000a9a0000 	/usr/lib/system/libsystem_sandbox.dylib
0x000000000a9a0000 	/usr/lib/system/libsystem_secinit.dylib
0x000000000a9a0000 	/usr/lib/system/libsystem_stats.dylib
0x000000000a9a0000 	/usr/lib/system/libsystem_trace.dylib
0x000000000a9a0000 	/usr/lib/system/libunc.dylib
0x000000000a9a0000 	/usr/lib/system/libunwind.dylib
0x000000000a9a0000 	/usr/lib/system/libxpc.dylib
0x000000000a9a0000 	/usr/lib/libbz2.1.0.dylib
0x000000000a9a0000 	/usr/lib/liblzma.5.dylib
0x000000000a9a0000 	/usr/lib/libbsm.0.dylib
0x000000000a9a0000 	/usr/lib/libsqlite3.dylib
0x000000000a9a0000 	/usr/lib/system/libkxld.dylib
0x000000000a9a0000 	/usr/lib/libxar.1.dylib
0x000000000a9a0000 	/usr/lib/libpam.2.dylib
0x000000000a9a0000 	/usr/lib/libOpenScriptingUtil.dylib
0x000000000a9a0000 	/System/Library/Frameworks/CoreServices.framework/Versions/A/Frameworks/FSEvents.framework/Versions/A/FSEvents
0x000000000a9a0000 	/System/Library/Frameworks/CoreServices.framework/Versions/A/Frameworks/CarbonCore.framework/Versions/A/CarbonCore
0x000000000a9a0000 	/System/Library/Frameworks/CoreServices.framework/Versions/A/Frameworks/Metadata.framework/Versions/A/Metadata
0x000000000a9a0000 	/System/Library/Frameworks/CoreServices.framework/Versions/A/Frameworks/OSServices.framework/Versions/A/OSServices
0x000000000a9a0000 	/System/Library/Frameworks/CoreServices.framework/Versions/A/Frameworks/SearchKit.framework/Versions/A/SearchKit
0x000000000a9a0000 	/System/Library/Frameworks/CoreServices.framework/Versions/A/Frameworks/AE.framework/Versions/A/AE
0x000000000a9a0000 	/System/Library/Frameworks/CoreServices.framework/Versions/A/Frameworks/LaunchServices.framework/Versions/A/LaunchServices
0x000000000a9a0000 	/System/Library/Frameworks/CoreServices.framework/Versions/A/Frameworks/DictionaryServices.framework/Versions/A/DictionaryServices
0x000000000a9a0000 	/System/Library/Frameworks/NetFS.framework/Versions/A/NetFS
0x000000000a9a0000 	/System/Library/PrivateFrameworks/NetAuth.framework/Versions/A/NetAuth
0x000000000a9a0000 	/System/Library/PrivateFrameworks/login.framework/Versions/A/Frameworks/loginsupport.framework/Versions/A/loginsupport
0x000000000a9a0000 	/System/Library/PrivateFrameworks/TCC.framework/Versions/A/TCC
0x000000000a9a0000 	/usr/lib/libmecabra.dylib
0x000000000a9a0000 	/System/Library/Frameworks/ApplicationServices.framework/Versions/A/Frameworks/ATS.framework/Versions/A/ATS
0x000000000a9a0000 	/System/Library/Frameworks/ApplicationServices.framework/Versions/A/Frameworks/ColorSync.framework/Versions/A/ColorSync
0x000000000a9a0000 	/System/Library/Frameworks/ApplicationServices.framework/Versions/A/Frameworks/HIServices.framework/Versions/A/HIServices
0x000000000a9a0000 	/System/Library/Frameworks/ApplicationServices.framework/Versions/A/Frameworks/LangAnalysis.framework/Versions/A/LangAnalysis
0x000000000a9a0000 	/System/Library/Frameworks/ApplicationServices.framework/Versions/A/Frameworks/PrintCore.framework/Versions/A/PrintCore
0x000000000a9a0000 	/System/Library/Frameworks/ApplicationServices.framework/Versions/A/Frameworks/QD.framework/Versions/A/QD
0x000000000a9a0000 	/System/Library/Frameworks/ApplicationServices.framework/Versions/A/Frameworks/SpeechSynthesis.framework/Versions/A/SpeechSynthesis
0x000000000a9a0000 	/System/Library/Frameworks/Accelerate.framework/Versions/A/Accelerate
0x000000000a9a0000 	/System/Library/Frameworks/Accelerate.framework/Versions/A/Frameworks/vImage.framework/Versions/A/vImage
0x000000000a9a0000 	/System/Library/Frameworks/Accelerate.framework/Versions/A/Frameworks/vecLib.framework/Versions/A/vecLib
0x000000000a9a0000 	/System/Library/Frameworks/Accelerate.framework/Versions/A/Frameworks/vecLib.framework/Versions/A/libvDSP.dylib
0x000000000a9a0000 	/System/Library/Frameworks/Accelerate.framework/Versions/A/Frameworks/vecLib.framework/Versions/A/libvMisc.dylib
0x000000000a9a0000 	/System/Library/Frameworks/Accelerate.framework/Versions/A/Frameworks/vecLib.framework/Versions/A/libLAPACK.dylib
0x000000000a9a0000 	/System/Library/Frameworks/Accelerate.framework/Versions/A/Frameworks/vecLib.framework/Versions/A/libBLAS.dylib
0x000000000a9a0000 	/System/Library/Frameworks/Accelerate.framework/Versions/A/Frameworks/vecLib.framework/Versions/A/libLinearAlgebra.dylib
0x000000000a9a0000 	/System/Library/Frameworks/ApplicationServices.framework/Versions/A/Frameworks/ATS.framework/Versions/A/Resources/libFontParser.dylib
0x000000000a9a0000 	/System/Library/Frameworks/ApplicationServices.framework/Versions/A/Frameworks/ATS.framework/Versions/A/Resources/libFontRegistry.dylib
0x000000000a9a0000 	/System/Library/PrivateFrameworks/AppleVPA.framework/Versions/A/AppleVPA
0x000000000a9a0000 	/System/Library/PrivateFrameworks/AppleJPEG.framework/Versions/A/AppleJPEG
0x000000000a9a0000 	/System/Library/Frameworks/ImageIO.framework/Versions/A/Resources/libJPEG.dylib
0x000000000a9a0000 	/System/Library/Frameworks/ImageIO.framework/Versions/A/Resources/libTIFF.dylib
0x000000000a9a0000 	/System/Library/Frameworks/ImageIO.framework/Versions/A/Resources/libPng.dylib
0x000000000a9a0000 	/System/Library/Frameworks/ImageIO.framework/Versions/A/Resources/libGIF.dylib
0x000000000a9a0000 	/System/Library/Frameworks/ImageIO.framework/Versions/A/Resources/libJP2.dylib
0x000000000a9a0000 	/System/Library/Frameworks/ImageIO.framework/Versions/A/Resources/libRadiance.dylib
0x000000000a9a0000 	/System/Library/Frameworks/CoreVideo.framework/Versions/A/CoreVideo
0x000000000a9a0000 	/System/Library/Frameworks/OpenGL.framework/Versions/A/Libraries/libGLU.dylib
0x000000000a9a0000 	/System/Library/Frameworks/OpenGL.framework/Versions/A/Libraries/libGFXShared.dylib
0x000000000a9a0000 	/System/Library/Frameworks/OpenGL.framework/Versions/A/Libraries/libGL.dylib
0x000000000a9a0000 	/System/Library/Frameworks/OpenGL.framework/Versions/A/Libraries/libGLImage.dylib
0x000000000a9a0000 	/System/Library/Frameworks/OpenGL.framework/Versions/A/Libraries/libCVMSPluginSupport.dylib
0x000000000a9a0000 	/System/Library/Frameworks/OpenGL.framework/Versions/A/Libraries/libCoreVMClient.dylib
0x000000000a9a0000 	/usr/lib/libcups.2.dylib
0x000000000a9a0000 	/System/Library/Frameworks/Kerberos.framework/Versions/A/Kerberos
0x000000000a9a0000 	/System/Library/Frameworks/GSS.framework/Versions/A/GSS
0x000000000a9a0000 	/usr/lib/libresolv.9.dylib
0x000000000a9a0000 	/usr/lib/libiconv.2.dylib
0x000000000a9a0000 	/System/Library/PrivateFrameworks/Heimdal.framework/Versions/A/Heimdal
0x000000000a9a0000 	/usr/lib/libheimdal-asn1.dylib
0x000000000a9a0000 	/System/Library/Frameworks/OpenDirectory.framework/Versions/A/OpenDirectory
0x000000000a9a0000 	/System/Library/PrivateFrameworks/CommonAuth.framework/Versions/A/CommonAuth
0x000000000a9a0000 	/System/Library/Frameworks/OpenDirectory.framework/Versions/A/Frameworks/CFOpenDirectory.framework/Versions/A/CFOpenDirectory
0x000000000a9a0000 	/System/Library/Frameworks/SecurityFoundation.framework/Versions/A/SecurityFoundation
0x000000000a9a0000 	/System/Library/PrivateFrameworks/LanguageModeling.framework/Versions/A/LanguageModeling
0x000000000a9a0000 	/usr/lib/libcmph.dylib
0x000000000a9a0000 	/System/Library/Frameworks/ServiceManagement.framework/Versions/A/ServiceManagement
0x000000000a9a0000 	/usr/lib/libxslt.1.dylib
0x000000000a9a0000 	/System/Library/Frameworks/Carbon.framework/Versions/A/Frameworks/Ink.framework/Versions/A/Ink
0x000000000a9a0000 	/System/Library/Frameworks/QuartzCore.framework/Versions/A/Frameworks/CoreImage.framework/Versions/A/CoreImage
0x000000000a9a0000 	/System/Library/PrivateFrameworks/CrashReporterSupport.framework/Versions/A/CrashReporterSupport
0x000000000a9a0000 	/System/Library/Frameworks/OpenCL.framework/Versions/A/OpenCL
0x000000000a9a0000 	/System/Library/PrivateFrameworks/FaceCore.framework/Versions/A/FaceCore
0x000000000a9a0000 	/System/Library/PrivateFrameworks/Ubiquity.framework/Versions/A/Ubiquity
0x000000000a9a0000 	/System/Library/PrivateFrameworks/IconServices.framework/Versions/A/IconServices
0x000000000a9a0000 	/System/Library/PrivateFrameworks/ChunkingLibrary.framework/Versions/A/ChunkingLibrary
0x000000000a9a0000 	/System/Library/PrivateFrameworks/Apple80211.framework/Versions/A/Apple80211
0x000000000a9a0000 	/System/Library/Frameworks/CoreWLAN.framework/Versions/A/CoreWLAN
0x000000000a9a0000 	/System/Library/Frameworks/IOBluetooth.framework/Versions/A/IOBluetooth
0x000000000a9a0000 	/System/Library/PrivateFrameworks/CoreWiFi.framework/Versions/A/CoreWiFi
0x000000000a9a0000 	/System/Library/Frameworks/CoreBluetooth.framework/Versions/A/CoreBluetooth
0x000000000a9a0000 	/System/Library/PrivateFrameworks/DebugSymbols.framework/Versions/A/DebugSymbols
0x000000000a9a0000 	/System/Library/PrivateFrameworks/CoreSymbolication.framework/Versions/A/CoreSymbolication
0x000000000a9a0000 	/System/Library/PrivateFrameworks/Symbolication.framework/Versions/A/Symbolication
0x000000000a9a0000 	/System/Library/PrivateFrameworks/SpeechRecognitionCore.framework/Versions/A/SpeechRecognitionCore
0x000000010c0c8000 	/Library/Java/JavaVirtualMachines/jdk1.8.0_11.jdk/Contents/Home/jre/lib/server/libjvm.dylib
0x000000000a9a0000 	/usr/lib/libstdc++.6.dylib
0x000000010d0a3000 	/Library/Java/JavaVirtualMachines/jdk1.8.0_11.jdk/Contents/Home/jre/lib/libverify.dylib
0x000000010d0b1000 	/Library/Java/JavaVirtualMachines/jdk1.8.0_11.jdk/Contents/Home/jre/lib/libjava.dylib
0x000000010d0ef000 	/Library/Java/JavaVirtualMachines/jdk1.8.0_11.jdk/Contents/Home/jre/lib/libzip.dylib
0x0000000123971000 	/System/Library/Frameworks/JavaVM.framework/Frameworks/JavaRuntimeSupport.framework/JavaRuntimeSupport
0x0000000123987000 	/System/Library/Frameworks/JavaVM.framework/Versions/A/Frameworks/JavaNativeFoundation.framework/Versions/A/JavaNativeFoundation
0x000000012399b000 	/System/Library/Frameworks/JavaVM.framework/Versions/A/JavaVM
0x000000000a9a0000 	/System/Library/Frameworks/Carbon.framework/Versions/A/Carbon
0x00000001239a7000 	/System/Library/PrivateFrameworks/JavaLaunching.framework/Versions/A/JavaLaunching
0x000000000a9a0000 	/System/Library/Frameworks/Carbon.framework/Versions/A/Frameworks/CommonPanels.framework/Versions/A/CommonPanels
0x000000000a9a0000 	/System/Library/Frameworks/Carbon.framework/Versions/A/Frameworks/Help.framework/Versions/A/Help
0x000000000a9a0000 	/System/Library/Frameworks/Carbon.framework/Versions/A/Frameworks/ImageCapture.framework/Versions/A/ImageCapture
0x000000000a9a0000 	/System/Library/Frameworks/Carbon.framework/Versions/A/Frameworks/OpenScripting.framework/Versions/A/OpenScripting
0x000000000a9a0000 	/System/Library/Frameworks/Carbon.framework/Versions/A/Frameworks/Print.framework/Versions/A/Print
0x000000000a9a0000 	/System/Library/Frameworks/Carbon.framework/Versions/A/Frameworks/SecurityHI.framework/Versions/A/SecurityHI
0x00000001258c1000 	/Library/Java/JavaVirtualMachines/jdk1.8.0_11.jdk/Contents/Home/jre/lib/libawt.dylib
0x0000000125970000 	/Library/Java/JavaVirtualMachines/jdk1.8.0_11.jdk/Contents/Home/jre/lib/./libmlib_image.dylib
0x0000000125a3c000 	/Library/Java/JavaVirtualMachines/jdk1.8.0_11.jdk/Contents/Home/jre/lib/libawt_lwawt.dylib
0x0000000125aee000 	/Library/Java/JavaVirtualMachines/jdk1.8.0_11.jdk/Contents/Home/jre/lib/./libosxapp.dylib
0x000000000a9a0000 	/System/Library/Frameworks/ExceptionHandling.framework/Versions/A/ExceptionHandling
0x000000000a9a0000 	/System/Library/PrivateFrameworks/CoreServicesInternal.framework/Versions/A/CoreServicesInternal
0x000000000a9a0000 	/System/Library/PrivateFrameworks/CloudDocs.framework/Versions/A/CloudDocs
0x000000000a9a0000 	/System/Library/PrivateFrameworks/CoreDuet.framework/Versions/A/CoreDuet
0x000000000a9a0000 	/System/Library/Frameworks/CloudKit.framework/Versions/A/CloudKit
0x000000000a9a0000 	/System/Library/PrivateFrameworks/ProtocolBuffer.framework/Versions/A/ProtocolBuffer
0x000000000a9a0000 	/System/Library/PrivateFrameworks/CoreDuetDaemonProtocol.framework/Versions/A/CoreDuetDaemonProtocol
0x000000000a9a0000 	/System/Library/PrivateFrameworks/CoreDuetDebugLogging.framework/Versions/A/CoreDuetDebugLogging
0x000000000a9a0000 	/System/Library/PrivateFrameworks/MMCS.framework/Versions/A/MMCS
0x000000000a9a0000 	/System/Library/Frameworks/CoreLocation.framework/Versions/A/CoreLocation
0x000000000a9a0000 	/System/Library/PrivateFrameworks/ProtectedCloudStorage.framework/Versions/A/ProtectedCloudStorage
0x000000000a9a0000 	/System/Library/PrivateFrameworks/GeoServices.framework/Versions/A/GeoServices
0x000000000a9a0000 	/System/Library/Frameworks/CoreGraphics.framework/Versions/A/Resources/libCGCMS.A.dylib
0x000000000a9a0000 	/System/Library/Frameworks/CoreGraphics.framework/Versions/A/Resources/libRIP.A.dylib
0x000000000a9a0000 	/System/Library/Frameworks/CoreGraphics.framework/Versions/A/Resources/libCGXType.A.dylib
0x000000000a9a0000 	/System/Library/Frameworks/OpenCL.framework/Versions/A/Libraries/libcldcpuengine.dylib
0x000000000a9a0000 	/System/Library/PrivateFrameworks/DiskImages.framework/Versions/A/DiskImages
0x000000000a9a0000 	/System/Library/Frameworks/DiscRecording.framework/Versions/A/DiscRecording
0x000000000a9a0000 	/usr/lib/libcsfde.dylib
0x000000000a9a0000 	/usr/lib/libcurl.4.dylib
0x000000000a9a0000 	/System/Library/PrivateFrameworks/MediaKit.framework/Versions/A/MediaKit
0x000000000a9a0000 	/usr/lib/libCoreStorage.dylib
0x000000000a9a0000 	/System/Library/PrivateFrameworks/EFILogin.framework/Versions/A/EFILogin
0x000000000a9a0000 	/usr/lib/libutil.dylib
0x000000000a9a0000 	/System/Library/PrivateFrameworks/FindMyDevice.framework/Versions/A/FindMyDevice
0x000000000a9a0000 	/System/Library/Frameworks/LDAP.framework/Versions/A/LDAP
0x000000000a9a0000 	/usr/lib/libsasl2.2.dylib
0x000000000a9a0000 	/System/Library/PrivateFrameworks/CoreDaemon.framework/Versions/B/CoreDaemon
0x000000000a9a0000 	/usr/lib/libcrypto.0.9.8.dylib
0x000000000a9a0000 	/System/Library/PrivateFrameworks/AppleSRP.framework/Versions/A/AppleSRP
0x000000000a9a0000 	/System/Library/PrivateFrameworks/TrustEvaluationAgent.framework/Versions/A/TrustEvaluationAgent
0x0000000128919000 	cl_kernels
0x000000012891b000 	/System/Library/Frameworks/OpenCL.framework/Versions/A/Libraries/ImageFormats/unorm8_bgra.dylib
0x000000012890a000 	cl_kernels
0x000000000a9a0000 	/System/Library/PrivateFrameworks/FamilyControls.framework/Versions/A/FamilyControls
0x000000000a9a0000 	/System/Library/PrivateFrameworks/CommerceKit.framework/Versions/A/Frameworks/CommerceCore.framework/Versions/A/CommerceCore
0x000000000a9a0000 	/System/Library/PrivateFrameworks/SystemAdministration.framework/Versions/A/SystemAdministration
0x000000000a9a0000 	/System/Library/PrivateFrameworks/AppContainer.framework/Versions/A/AppContainer
0x000000000a9a0000 	/System/Library/PrivateFrameworks/SecCodeWrapper.framework/Versions/A/SecCodeWrapper
0x000000000a9a0000 	/System/Library/Frameworks/DirectoryService.framework/Versions/A/DirectoryService
0x000000000a9a0000 	/System/Library/PrivateFrameworks/LoginUIKit.framework/Versions/A/Frameworks/LoginUICore.framework/Versions/A/LoginUICore
0x000000000a9a0000 	/usr/lib/libodfde.dylib
0x0000000129b64000 	/Library/Java/JavaVirtualMachines/jdk1.8.0_11.jdk/Contents/Home/jre/lib/libfontmanager.dylib
0x0000000129bca000 	/Users/Olivier/Dropbox/Informatique/Projet_Int-grateur_TeamYOCO-master/build/classes/res/native/liblwjgl.dylib
0x0000000127e52000 	/Library/Java/JavaVirtualMachines/jdk1.8.0_11.jdk/Contents/Home/jre/lib/libjawt.dylib
0x000000000a9a0000 	/System/Library/Frameworks/OpenGL.framework/Versions/A/Resources/GLEngine.bundle/GLEngine
0x000000000a9a0000 	/System/Library/Frameworks/OpenGL.framework/Versions/A/Libraries/libGLProgrammability.dylib
0x0000000129c56000 	/System/Library/Extensions/AppleIntelHDGraphicsGLDriver.bundle/Contents/MacOS/AppleIntelHDGraphicsGLDriver
0x000000012a0dd000 	/System/Library/PrivateFrameworks/GPUSupport.framework/Versions/A/Libraries/libGPUSupport.dylib
0x0000000000000000 	/System/Library/Extensions/GeForceTeslaGLDriver.bundle/Contents/MacOS/GeForceTeslaGLDriver
0x000000012a0f1000 	/System/Library/Extensions/GeForceTeslaGLDriver.bundle/Contents/MacOS/libclh.dylib
0x000000000a9a0000 	/System/Library/Frameworks/OpenGL.framework/Versions/A/Resources/GLRendererFloat.bundle/GLRendererFloat
0x000000012ac67000 	/Library/Java/JavaVirtualMachines/jdk1.8.0_11.jdk/Contents/Home/jre/lib/libnio.dylib
0x000000012b38f000 	/Library/Java/JavaVirtualMachines/jdk1.8.0_11.jdk/Contents/Home/jre/lib/./libnet.dylib
0x000000012b4a8000 	/Library/Java/JavaVirtualMachines/jdk1.8.0_11.jdk/Contents/Home/jre/lib/libjpeg.dylib
0x000000012ca5a000 	/Users/Olivier/Dropbox/Informatique/Projet_Int-grateur_TeamYOCO-master/build/classes/res/native/openal.dylib
0x000000012cab6000 	/System/Library/Components/CoreAudio.component/Contents/MacOS/CoreAudio
0x000000012a94c000 	/System/Library/Extensions/AppleHDA.kext/Contents/PlugIns/AppleHDAHALPlugIn.bundle/Contents/MacOS/AppleHDAHALPlugIn

VM Arguments:
jvm_args: -Dfile.encoding=UTF-8 -Djava.library.path=lib 
java_command: ca.qc.bdeb.info204.Game
java_class_path (initial): /Users/Olivier/Dropbox/Informatique/Projet_Int-grateur_TeamYOCO-master/lib/jinput.jar:/Users/Olivier/Dropbox/Informatique/Projet_Int-grateur_TeamYOCO-master/lib/lwjgl.jar:/Users/Olivier/Dropbox/Informatique/Projet_Int-grateur_TeamYOCO-master/lib/lwjgl_util.jar:/Users/Olivier/Dropbox/Informatique/Projet_Int-grateur_TeamYOCO-master/lib/slick.jar:/Users/Olivier/Dropbox/Informatique/Projet_Int-grateur_TeamYOCO-master/lib/SlickUtils-1.3.jar:/Users/Olivier/Dropbox/Informatique/Projet_Int-grateur_TeamYOCO-master/build/classes
Launcher Type: SUN_STANDARD

Environment Variables:
PATH=/usr/bin:/bin:/usr/sbin:/sbin
LD_LIBRARY_PATH=/Library/Java/JavaVirtualMachines/jdk1.8.0_11.jdk/Contents/Home/jre/lib/amd64:/Library/Java/JavaVirtualMachines/jdk1.8.0_11.jdk/Contents/Home/jre/lib/i386:
SHELL=/bin/bash
DYLD_LIBRARY_PATH=/Applications/NetBeans/NetBeans 8.0.1.app/Contents/Resources/NetBeans/webcommon/bin:

Signal Handlers:
SIGSEGV: [libjvm.dylib+0x56059b], sa_mask[0]=0xfffefeff, sa_flags=0x00000043
SIGBUS: [libjvm.dylib+0x56059b], sa_mask[0]=0xfffefeff, sa_flags=0x00000042
SIGFPE: [libjvm.dylib+0x4438f2], sa_mask[0]=0xfffefeff, sa_flags=0x00000042
SIGPIPE: [libjvm.dylib+0x4438f2], sa_mask[0]=0xfffefeff, sa_flags=0x00000042
SIGXFSZ: [libjvm.dylib+0x4438f2], sa_mask[0]=0xfffefeff, sa_flags=0x00000042
SIGILL: [libjvm.dylib+0x4438f2], sa_mask[0]=0xfffefeff, sa_flags=0x00000042
SIGUSR1: SIG_DFL, sa_mask[0]=0x00000000, sa_flags=0x00000000
SIGUSR2: [libjvm.dylib+0x443410], sa_mask[0]=0x00000004, sa_flags=0x00000042
SIGHUP: [libjvm.dylib+0x44179b], sa_mask[0]=0xfffefeff, sa_flags=0x00000042
SIGINT: SIG_IGN, sa_mask[0]=0x00000000, sa_flags=0x00000000
SIGTERM: [libjvm.dylib+0x44179b], sa_mask[0]=0xfffefeff, sa_flags=0x00000042
SIGQUIT: [libjvm.dylib+0x44179b], sa_mask[0]=0xfffefeff, sa_flags=0x00000042


---------------  S Y S T E M  ---------------

OS:Bsduname:Darwin 14.5.0 Darwin Kernel Version 14.5.0: Wed Jul 29 02:26:53 PDT 2015; root:xnu-2782.40.9~1/RELEASE_X86_64 x86_64
rlimit: STACK 8192k, CORE 0k, NPROC 709, NOFILE 10240, AS infinity
load average:2.16 2.14 1.92

CPU:total 4 (2 cores per cpu, 2 threads per core) family 6 model 37 stepping 5, cmov, cx8, fxsr, mmx, sse, sse2, sse3, ssse3, sse4.1, sse4.2, popcnt, aes, clmul, ht, tsc, tscinvbit

Memory: 4k page, physical 8388608k(112108k free)

/proc/meminfo:


vm_info: Java HotSpot(TM) 64-Bit Server VM (25.11-b03) for bsd-amd64 JRE (1.8.0_11-b12), built on Jun 16 2014 17:39:42 by "java_re" with gcc 4.2.1 (Based on Apple Inc. build 5658) (LLVM build 2336.11.00)

time: Wed Apr  6 17:57:59 2016
elapsed time: 6 seconds

