#
# A fatal error has been detected by the Java Runtime Environment:
#
#  SIGSEGV (0xb) at pc=0x00007fff8f9a10dd, pid=2893, tid=1811
#
# JRE version: Java(TM) SE Runtime Environment (8.0_11-b12) (build 1.8.0_11-b12)
# Java VM: Java HotSpot(TM) 64-Bit Server VM (25.11-b03 mixed mode bsd-amd64 compressed oops)
# Problematic frame:
# C  [libobjc.A.dylib+0x10dd]  objc_msgSend+0x1d
#
# Failed to write core dump. Core dumps have been disabled. To enable core dumping, try "ulimit -c unlimited" before starting Java again
#
# If you would like to submit a bug report, please visit:
#   http://bugreport.sun.com/bugreport/crash.jsp
# The crash happened outside the Java Virtual Machine in native code.
# See problematic frame for where to report the bug.
#

---------------  T H R E A D  ---------------

Current thread (0x00007f7fda135000):  JavaThread "AppKit Thread" daemon [_thread_in_native, id=1811, stack(0x00007fff5e18c000,0x00007fff5e98c000)]

siginfo:si_signo=SIGSEGV: si_errno=0, si_code=1 (SEGV_MAPERR), si_addr=0x000007f7fd847ff0

Registers:
RAX=0x0000000000000000, RBX=0x00007f7fd857bf20, RCX=0x0000000000000000, RDX=0x00007f7fd857bf20
RSP=0x00007fff5e985b88, RBP=0x00007fff5e985bb0, RSI=0x00007fff8974e37c, RDI=0x00007f7fd84804a0
R8 =0x0000000000000001, R9 =0x0000000000000001, R10=0x00007fff8974e37c, R11=0x000007f7fd847fd8
R12=0x0000000000000094, R13=0x00007f7fd8429d20, R14=0x00007f7fd84804a0, R15=0x00007fff5e9860a0
RIP=0x00007fff8f9a10dd, EFLAGS=0x0000000000010206, ERR=0x0000000000000004
  TRAPNO=0x000000000000000e

Top of Stack: (sp=0x00007fff5e985b88)
0x00007fff5e985b88:   000000011eec0598 00007f7fd857bf20
0x00007fff5e985b98:   000000011eef4c60 00007f7fd8429d20
0x00007fff5e985ba8:   00007f7fd857bf20 00007fff5e986090
0x00007fff5e985bb8:   00007fff88e2ef45 0000000000000000
0x00007fff5e985bc8:   0000000000000000 4090000000000000
0x00007fff5e985bd8:   4086000000000000 0000000000000000
0x00007fff5e985be8:   0000000000000000 4090000000000000
0x00007fff5e985bf8:   4086000000000000 4090000000000000
0x00007fff5e985c08:   4086b00000000000 401c000000000000
0x00007fff5e985c18:   4086180000000000 402c000000000000
0x00007fff5e985c28:   4030000000000000 401c000000000000
0x00007fff5e985c38:   0000000000000000 0000000000000000
0x00007fff5e985c48:   4030000000000000 00007fff89711129
0x00007fff5e985c58:   4008000000000000 00007f7fd857dd10
0x00007fff5e985c68:   0000000100000000 0000000000000000
0x00007fff5e985c78:   00007f7fd874b3f0 00007fff5e985dd0
0x00007fff5e985c88:   00007fff88e33b36 00007fff5e985dd0
0x00007fff5e985c98:   00007fff88e35e82 402c000000000000
0x00007fff5e985ca8:   4030000000000000 401c000000000000
0x00007fff5e985cb8:   4086180000000000 402c000000000000
0x00007fff5e985cc8:   4030000000000000 0000000000000000
0x00007fff5e985cd8:   0000000000000000 4090000000000000
0x00007fff5e985ce8:   4086b00000000000 401c000000000000
0x00007fff5e985cf8:   4086180000000000 0000000101291a00
0x00007fff5e985d08:   00007f7fd84e6840 00000000000000b0
0x00007fff5e985d18:   0000000000000000 0000000000000e68
0x00007fff5e985d28:   000000010128e000 00007fff5e985dd0
0x00007fff5e985d38:   00007fff89c91e7f 0000000000000e4c
0x00007fff5e985d48:   000000010128e000 00007fff5e985df0
0x00007fff5e985d58:   0000000000000e69 00007fff5e985e5f
0x00007fff5e985d68:   0000000000000010 00007f7fd84fc080
0x00007fff5e985d78:   00007f7fd84e6790 000000000000000c 

Instructions: (pc=0x00007fff8f9a10dd)
0x00007fff8f9a10bd:   00 00 00 48 85 ff 2e 74 7a 40 f6 c7 01 2e 75 7e
0x00007fff8f9a10cd:   49 bb f8 ff ff ff ff 7f 00 00 4c 23 1f 49 89 f2
0x00007fff8f9a10dd:   45 23 53 18 49 c1 e2 04 4d 03 53 10 49 3b 32 75
0x00007fff8f9a10ed:   04 41 ff 62 08 49 83 3a 00 74 6a 4d 3b 53 10 74 

Register to memory mapping:

RAX=0x0000000000000000 is an unknown value
RBX=0x00007f7fd857bf20 is an unknown value
RCX=0x0000000000000000 is an unknown value
RDX=0x00007f7fd857bf20 is an unknown value
RSP=0x00007fff5e985b88 is pointing into the stack for thread: 0x00007f7fda135000
RBP=0x00007fff5e985bb0 is pointing into the stack for thread: 0x00007f7fda135000
RSI=0x00007fff8974e37c: -[NSTitlebarContainerView transparent]+0x5e270 in /System/Library/Frameworks/AppKit.framework/Versions/C/AppKit at 0x00007fff88d4d000
RDI=0x00007f7fd84804a0 is an unknown value
R8 =0x0000000000000001 is an unknown value
R9 =0x0000000000000001 is an unknown value
R10=0x00007fff8974e37c: -[NSTitlebarContainerView transparent]+0x5e270 in /System/Library/Frameworks/AppKit.framework/Versions/C/AppKit at 0x00007fff88d4d000
R11=0x000007f7fd847fd8 is an unknown value
R12=0x0000000000000094 is an unknown value
R13=0x00007f7fd8429d20 is an unknown value
R14=0x00007f7fd84804a0 is an unknown value
R15=0x00007fff5e9860a0 is pointing into the stack for thread: 0x00007f7fda135000


Stack: [0x00007fff5e18c000,0x00007fff5e98c000],  sp=0x00007fff5e985b88,  free space=8166k
Native frames: (J=compiled Java code, j=interpreted, Vv=VM code, C=native code)
C  [libobjc.A.dylib+0x10dd]  objc_msgSend+0x1d
C  [AppKit+0xe1f45]  -[NSView _recursiveDisplayRectIfNeededIgnoringOpacity:isVisibleRect:rectIsVisibleRectForView:topView:]+0x740
C  [AppKit+0xe2fa0]  -[NSView _recursiveDisplayRectIfNeededIgnoringOpacity:isVisibleRect:rectIsVisibleRectForView:topView:]+0x179b
C  [AppKit+0xe12f3]  -[NSThemeFrame _recursiveDisplayRectIfNeededIgnoringOpacity:isVisibleRect:rectIsVisibleRectForView:topView:]+0x14d
C  [AppKit+0xdd68b]  -[NSView _displayRectIgnoringOpacity:isVisibleRect:rectIsVisibleRectForView:]+0xac9
C  [AppKit+0x951ae]  -[NSView displayIfNeeded]+0x754
C  [AppKit+0x94a09]  -[NSWindow displayIfNeeded]+0xec
C  [AppKit+0x94672]  _handleWindowNeedsDisplayOrLayoutOrUpdateConstraints+0x3a8
C  [Foundation+0x4ba23]  __NSFireTimer+0x5f
C  [CoreFoundation+0xb72e4]  __CFRUNLOOP_IS_CALLING_OUT_TO_A_TIMER_CALLBACK_FUNCTION__+0x14
C  [CoreFoundation+0xb6f73]  __CFRunLoopDoTimer+0x423
C  [CoreFoundation+0x12a53d]  __CFRunLoopDoTimers+0x12d
C  [CoreFoundation+0x72608]  __CFRunLoopRun+0x7e8
C  [CoreFoundation+0x71bd8]  CFRunLoopRunSpecific+0x128
C  [HIToolbox+0x3256f]  RunCurrentEventLoopInMode+0xeb
C  [HIToolbox+0x322ea]  ReceiveNextEventCommon+0x1af
C  [HIToolbox+0x3212b]  _BlockUntilNextEventMatchingListInModeWithFilter+0x47
C  [AppKit+0x918ab]  _DPSNextEvent+0x3d2
C  [AppKit+0x90e58]  -[NSApplication nextEventMatchingMask:untilDate:inMode:dequeue:]+0x15a
C  [libosxapp.dylib+0x242a]  -[NSApplicationAWT nextEventMatchingMask:untilDate:inMode:dequeue:]+0x7c
C  [AppKit+0x86af3]  -[NSApplication run]+0x252
C  [libosxapp.dylib+0x223e]  +[NSApplicationAWT runAWTLoopWithApp:]+0x9c
C  [libawt_lwawt.dylib+0x439bb]  -[AWTStarter starter:]+0x389
C  [Foundation+0x92dd0]  __NSThreadPerformPerform+0x125
C  [CoreFoundation+0x80a01]  __CFRUNLOOP_IS_CALLING_OUT_TO_A_SOURCE0_PERFORM_FUNCTION__+0x11
C  [CoreFoundation+0x72b8d]  __CFRunLoopDoSources0+0x10d
C  [CoreFoundation+0x721bf]  __CFRunLoopRun+0x39f
C  [CoreFoundation+0x71bd8]  CFRunLoopRunSpecific+0x128
C  [java+0x56cb]  CreateExecutionEnvironment+0x367
C  [java+0x166c]  JLI_Launch+0x7a0
C  [java+0x7689]  main+0x65
C  [java+0xec4]  start+0x34


---------------  P R O C E S S  ---------------

Java Threads: ( => current thread )
  0x00007f7fda532000 JavaThread "AWT-Shutdown" [_thread_blocked, id=25635, stack(0x0000000125361000,0x0000000125461000)]
  0x00007f7fd9935000 JavaThread "Java2D Queue Flusher" daemon [_thread_blocked, id=56583, stack(0x0000000120642000,0x0000000120742000)]
  0x00007f7fd9069000 JavaThread "Java2D Disposer" daemon [_thread_blocked, id=55059, stack(0x0000000120512000,0x0000000120612000)]
=>0x00007f7fda135000 JavaThread "AppKit Thread" daemon [_thread_in_native, id=1811, stack(0x00007fff5e18c000,0x00007fff5e98c000)]
  0x00007f7fd9029000 JavaThread "Service Thread" daemon [_thread_blocked, id=18179, stack(0x000000011a949000,0x000000011aa49000)]
  0x00007f7fda028000 JavaThread "C1 CompilerThread2" daemon [_thread_blocked, id=17667, stack(0x000000011a846000,0x000000011a946000)]
  0x00007f7fd9827000 JavaThread "C2 CompilerThread1" daemon [_thread_blocked, id=17155, stack(0x000000011a743000,0x000000011a843000)]
  0x00007f7fd8825000 JavaThread "C2 CompilerThread0" daemon [_thread_blocked, id=16643, stack(0x000000011a640000,0x000000011a740000)]
  0x00007f7fd980c000 JavaThread "Signal Dispatcher" daemon [_thread_blocked, id=14091, stack(0x000000011a53d000,0x000000011a63d000)]
  0x00007f7fd9800800 JavaThread "Finalizer" daemon [_thread_blocked, id=11011, stack(0x0000000118b22000,0x0000000118c22000)]
  0x00007f7fda04b800 JavaThread "Reference Handler" daemon [_thread_blocked, id=10499, stack(0x0000000118a1f000,0x0000000118b1f000)]
  0x00007f7fd880c000 JavaThread "main" [_thread_in_native, id=3331, stack(0x0000000102234000,0x0000000102334000)]

Other Threads:
  0x00007f7fd881e000 VMThread [stack: 0x000000011891c000,0x0000000118a1c000] [id=9987]
  0x00007f7fd9013800 WatcherThread [stack: 0x000000011aa4c000,0x000000011ab4c000] [id=18691]

VM state:not at safepoint (normal execution)

VM Mutex/Monitor currently owned by a thread: None

Heap:
 PSYoungGen      total 18432K, used 2255K [0x0000000795580000, 0x0000000796980000, 0x00000007c0000000)
  eden space 16384K, 6% used [0x0000000795580000,0x0000000795688d00,0x0000000796580000)
  from space 2048K, 58% used [0x0000000796780000,0x00000007968aafc0,0x0000000796980000)
  to   space 2048K, 0% used [0x0000000796580000,0x0000000796580000,0x0000000796780000)
 ParOldGen       total 129536K, used 58507K [0x0000000740000000, 0x0000000747e80000, 0x0000000795580000)
  object space 129536K, 45% used [0x0000000740000000,0x0000000743922df8,0x0000000747e80000)
 Metaspace       used 10656K, capacity 10757K, committed 11008K, reserved 1058816K
  class space    used 1142K, capacity 1175K, committed 1280K, reserved 1048576K

Card table byte_map: [0x0000000111fc0000,0x00000001123c1000] byte_map_base: 0x000000010e5c0000

Marking Bits: (ParMarkBitMap*) 0x0000000101bd90a0
 Begin Bits: [0x0000000112a78000, 0x0000000114a78000)
 End Bits:   [0x0000000114a78000, 0x0000000116a78000)

Polling page: 0x0000000102378000

CodeCache: size=245760Kb used=4117Kb max_used=4130Kb free=241642Kb
 bounds [0x0000000102c00000, 0x0000000103010000, 0x0000000111c00000]
 total_blobs=1599 nmethods=1080 adapters=434
 compilation: enabled

Compilation events (10 events):
Event: 15.864 Thread 0x00007f7fda028000 1076       3       org.newdawn.slick.state.StateBasedGame::transitioning (20 bytes)
Event: 15.865 Thread 0x00007f7fda028000 nmethod 1076 0x0000000102fdeb90 code [0x0000000102fdece0, 0x0000000102fdeed0]
Event: 16.193 Thread 0x00007f7fd8825000 1077       4       java.lang.StringBuilder::append (8 bytes)
Event: 16.198 Thread 0x00007f7fd8825000 nmethod 1077 0x0000000102fde290 code [0x0000000102fde400, 0x0000000102fde7f8]
Event: 16.229 Thread 0x00007f7fda028000 1078       3       java.nio.Buffer::clear (20 bytes)
Event: 16.229 Thread 0x00007f7fda028000 nmethod 1078 0x0000000102fddf50 code [0x0000000102fde0a0, 0x0000000102fde210]
Event: 17.763 Thread 0x00007f7fd9827000 1079       4       java.util.HashMap$KeyIterator::next (8 bytes)
Event: 17.767 Thread 0x00007f7fd9827000 nmethod 1079 0x0000000103003f50 code [0x00000001030040a0, 0x0000000103004318]
Event: 17.925 Thread 0x00007f7fd8825000 1080       4       java.nio.HeapByteBuffer::compact (52 bytes)
Event: 17.927 Thread 0x00007f7fd8825000 nmethod 1080 0x0000000103002610 code [0x0000000103002760, 0x00000001030028f8]

GC Heap History (10 events):
Event: 1.432 GC heap before
{Heap before GC invocations=10 (full 0):
 PSYoungGen      total 5632K, used 5191K [0x0000000795580000, 0x0000000795f00000, 0x00000007c0000000)
  eden space 4096K, 100% used [0x0000000795580000,0x0000000795980000,0x0000000795980000)
  from space 1536K, 71% used [0x0000000795980000,0x0000000795a91eb8,0x0000000795b00000)
  to   space 1536K, 0% used [0x0000000795d80000,0x0000000795d80000,0x0000000795f00000)
 ParOldGen       total 129536K, used 8279K [0x0000000740000000, 0x0000000747e80000, 0x0000000795580000)
  object space 129536K, 6% used [0x0000000740000000,0x0000000740815c70,0x0000000747e80000)
 Metaspace       used 8118K, capacity 8261K, committed 8448K, reserved 1056768K
  class space    used 869K, capacity 919K, committed 1024K, reserved 1048576K
Event: 1.441 GC heap after
Heap after GC invocations=10 (full 0):
 PSYoungGen      total 7680K, used 288K [0x0000000795580000, 0x0000000796000000, 0x00000007c0000000)
  eden space 6144K, 0% used [0x0000000795580000,0x0000000795580000,0x0000000795b80000)
  from space 1536K, 18% used [0x0000000795d80000,0x0000000795dc8000,0x0000000795f00000)
  to   space 2048K, 0% used [0x0000000795b80000,0x0000000795b80000,0x0000000795d80000)
 ParOldGen       total 129536K, used 18358K [0x0000000740000000, 0x0000000747e80000, 0x0000000795580000)
  object space 129536K, 14% used [0x0000000740000000,0x00000007411ed908,0x0000000747e80000)
 Metaspace       used 8118K, capacity 8261K, committed 8448K, reserved 1056768K
  class space    used 869K, capacity 919K, committed 1024K, reserved 1048576K
}
Event: 1.627 GC heap before
{Heap before GC invocations=11 (full 0):
 PSYoungGen      total 7680K, used 6432K [0x0000000795580000, 0x0000000796000000, 0x00000007c0000000)
  eden space 6144K, 100% used [0x0000000795580000,0x0000000795b80000,0x0000000795b80000)
  from space 1536K, 18% used [0x0000000795d80000,0x0000000795dc8000,0x0000000795f00000)
  to   space 2048K, 0% used [0x0000000795b80000,0x0000000795b80000,0x0000000795d80000)
 ParOldGen       total 129536K, used 21430K [0x0000000740000000, 0x0000000747e80000, 0x0000000795580000)
  object space 129536K, 16% used [0x0000000740000000,0x00000007414ed918,0x0000000747e80000)
 Metaspace       used 8834K, capacity 8997K, committed 9216K, reserved 1056768K
  class space    used 965K, capacity 1015K, committed 1024K, reserved 1048576K
Event: 1.637 GC heap after
Heap after GC invocations=11 (full 0):
 PSYoungGen      total 8192K, used 160K [0x0000000795580000, 0x0000000796380000, 0x00000007c0000000)
  eden space 6144K, 0% used [0x0000000795580000,0x0000000795580000,0x0000000795b80000)
  from space 2048K, 7% used [0x0000000795b80000,0x0000000795ba8000,0x0000000795d80000)
  to   space 2048K, 0% used [0x0000000796180000,0x0000000796180000,0x0000000796380000)
 ParOldGen       total 129536K, used 30822K [0x0000000740000000, 0x0000000747e80000, 0x0000000795580000)
  object space 129536K, 23% used [0x0000000740000000,0x0000000741e19948,0x0000000747e80000)
 Metaspace       used 8834K, capacity 8997K, committed 9216K, reserved 1056768K
  class space    used 965K, capacity 1015K, committed 1024K, reserved 1048576K
}
Event: 1.684 GC heap before
{Heap before GC invocations=12 (full 0):
 PSYoungGen      total 8192K, used 6304K [0x0000000795580000, 0x0000000796380000, 0x00000007c0000000)
  eden space 6144K, 100% used [0x0000000795580000,0x0000000795b80000,0x0000000795b80000)
  from space 2048K, 7% used [0x0000000795b80000,0x0000000795ba8000,0x0000000795d80000)
  to   space 2048K, 0% used [0x0000000796180000,0x0000000796180000,0x0000000796380000)
 ParOldGen       total 129536K, used 30822K [0x0000000740000000, 0x0000000747e80000, 0x0000000795580000)
  object space 129536K, 23% used [0x0000000740000000,0x0000000741e19948,0x0000000747e80000)
 Metaspace       used 8834K, capacity 8997K, committed 9216K, reserved 1056768K
  class space    used 965K, capacity 1015K, committed 1024K, reserved 1048576K
Event: 1.692 GC heap after
Heap after GC invocations=12 (full 0):
 PSYoungGen      total 12288K, used 0K [0x0000000795580000, 0x0000000796380000, 0x00000007c0000000)
  eden space 10240K, 0% used [0x0000000795580000,0x0000000795580000,0x0000000795f80000)
  from space 2048K, 0% used [0x0000000796180000,0x0000000796180000,0x0000000796380000)
  to   space 2048K, 0% used [0x0000000795f80000,0x0000000795f80000,0x0000000796180000)
 ParOldGen       total 129536K, used 30918K [0x0000000740000000, 0x0000000747e80000, 0x0000000795580000)
  object space 129536K, 23% used [0x0000000740000000,0x0000000741e31948,0x0000000747e80000)
 Metaspace       used 8834K, capacity 8997K, committed 9216K, reserved 1056768K
  class space    used 965K, capacity 1015K, committed 1024K, reserved 1048576K
}
Event: 1.739 GC heap before
{Heap before GC invocations=13 (full 0):
 PSYoungGen      total 12288K, used 10240K [0x0000000795580000, 0x0000000796380000, 0x00000007c0000000)
  eden space 10240K, 100% used [0x0000000795580000,0x0000000795f80000,0x0000000795f80000)
  from space 2048K, 0% used [0x0000000796180000,0x0000000796180000,0x0000000796380000)
  to   space 2048K, 0% used [0x0000000795f80000,0x0000000795f80000,0x0000000796180000)
 ParOldGen       total 129536K, used 30918K [0x0000000740000000, 0x0000000747e80000, 0x0000000795580000)
  object space 129536K, 23% used [0x0000000740000000,0x0000000741e31948,0x0000000747e80000)
 Metaspace       used 8834K, capacity 8997K, committed 9216K, reserved 1056768K
  class space    used 965K, capacity 1015K, committed 1024K, reserved 1048576K
Event: 1.740 GC heap after
Heap after GC invocations=13 (full 0):
 PSYoungGen      total 12288K, used 0K [0x0000000795580000, 0x0000000796980000, 0x00000007c0000000)
  eden space 10240K, 0% used [0x0000000795580000,0x0000000795580000,0x0000000795f80000)
  from space 2048K, 0% used [0x0000000795f80000,0x0000000795f80000,0x0000000796180000)
  to   space 2048K, 0% used [0x0000000796780000,0x0000000796780000,0x0000000796980000)
 ParOldGen       total 129536K, used 30918K [0x0000000740000000, 0x0000000747e80000, 0x0000000795580000)
  object space 129536K, 23% used [0x0000000740000000,0x0000000741e31948,0x0000000747e80000)
 Metaspace       used 8834K, capacity 8997K, committed 9216K, reserved 1056768K
  class space    used 965K, capacity 1015K, committed 1024K, reserved 1048576K
}
Event: 2.732 GC heap before
{Heap before GC invocations=14 (full 0):
 PSYoungGen      total 12288K, used 10240K [0x0000000795580000, 0x0000000796980000, 0x00000007c0000000)
  eden space 10240K, 100% used [0x0000000795580000,0x0000000795f80000,0x0000000795f80000)
  from space 2048K, 0% used [0x0000000795f80000,0x0000000795f80000,0x0000000796180000)
  to   space 2048K, 0% used [0x0000000796780000,0x0000000796780000,0x0000000796980000)
 ParOldGen       total 129536K, used 58435K [0x0000000740000000, 0x0000000747e80000, 0x0000000795580000)
  object space 129536K, 45% used [0x0000000740000000,0x0000000743910de8,0x0000000747e80000)
 Metaspace       used 10485K, capacity 10629K, committed 10752K, reserved 1058816K
  class space    used 1135K, capacity 1175K, committed 1280K, reserved 1048576K
Event: 2.736 GC heap after
Heap after GC invocations=14 (full 0):
 PSYoungGen      total 18432K, used 1195K [0x0000000795580000, 0x0000000796980000, 0x00000007c0000000)
  eden space 16384K, 0% used [0x0000000795580000,0x0000000795580000,0x0000000796580000)
  from space 2048K, 58% used [0x0000000796780000,0x00000007968aafc0,0x0000000796980000)
  to   space 2048K, 0% used [0x0000000796580000,0x0000000796580000,0x0000000796780000)
 ParOldGen       total 129536K, used 58507K [0x0000000740000000, 0x0000000747e80000, 0x0000000795580000)
  object space 129536K, 45% used [0x0000000740000000,0x0000000743922df8,0x0000000747e80000)
 Metaspace       used 10485K, capacity 10629K, committed 10752K, reserved 1058816K
  class space    used 1135K, capacity 1175K, committed 1280K, reserved 1048576K
}

Deoptimization events (1 events):
Event: 1.761 Thread 0x00007f7fd880c000 Uncommon trap: reason=unreached action=reinterpret pc=0x0000000102e3b108 method=sun.awt.image.ByteInterleavedRaster.getDataElements(IILjava/lang/Object;)Ljava/lang/Object; @ 43

Internal exceptions (10 events):
Event: 2.364 Thread 0x00007f7fd880c000 Exception <a 'java/security/PrivilegedActionException'> (0x0000000795d9d8c0) thrown at [/HUDSON3/workspace/8-2-build-macosx-x86_64/jdk8u11/648/hotspot/src/share/vm/prims/jvm.cpp, line 1248]
Event: 2.640 Thread 0x00007f7fd880c000 Exception <a 'java/security/PrivilegedActionException'> (0x0000000795ddfa70) thrown at [/HUDSON3/workspace/8-2-build-macosx-x86_64/jdk8u11/648/hotspot/src/share/vm/prims/jvm.cpp, line 1248]
Event: 2.744 Thread 0x00007f7fd880c000 Exception <a 'java/security/PrivilegedActionException'> (0x000000079558f718) thrown at [/HUDSON3/workspace/8-2-build-macosx-x86_64/jdk8u11/648/hotspot/src/share/vm/prims/jvm.cpp, line 1248]
Event: 2.750 Thread 0x00007f7fd880c000 Exception <a 'java/security/PrivilegedActionException'> (0x0000000795593510) thrown at [/HUDSON3/workspace/8-2-build-macosx-x86_64/jdk8u11/648/hotspot/src/share/vm/prims/jvm.cpp, line 1248]
Event: 2.751 Thread 0x00007f7fd880c000 Exception <a 'java/security/PrivilegedActionException'> (0x0000000795597598) thrown at [/HUDSON3/workspace/8-2-build-macosx-x86_64/jdk8u11/648/hotspot/src/share/vm/prims/jvm.cpp, line 1248]
Event: 12.640 Thread 0x00007f7fd880c000 Exception <a 'java/security/PrivilegedActionException'> (0x000000079564a7b0) thrown at [/HUDSON3/workspace/8-2-build-macosx-x86_64/jdk8u11/648/hotspot/src/share/vm/prims/jvm.cpp, line 1248]
Event: 12.641 Thread 0x00007f7fd880c000 Exception <a 'java/security/PrivilegedActionException'> (0x000000079564f560) thrown at [/HUDSON3/workspace/8-2-build-macosx-x86_64/jdk8u11/648/hotspot/src/share/vm/prims/jvm.cpp, line 1248]
Event: 13.165 Thread 0x00007f7fd880c000 Exception <a 'java/security/PrivilegedActionException'> (0x0000000795657cc8) thrown at [/HUDSON3/workspace/8-2-build-macosx-x86_64/jdk8u11/648/hotspot/src/share/vm/prims/jvm.cpp, line 1248]
Event: 15.707 Thread 0x00007f7fd880c000 Exception <a 'java/lang/ArrayIndexOutOfBoundsException'> (0x000000079566c7f0) thrown at [/HUDSON3/workspace/8-2-build-macosx-x86_64/jdk8u11/648/hotspot/src/share/vm/runtime/sharedRuntime.cpp, line 595]
Event: 18.247 Thread 0x00007f7fd880c000 Exception <a 'java/security/PrivilegedActionException'> (0x0000000795685930) thrown at [/HUDSON3/workspace/8-2-build-macosx-x86_64/jdk8u11/648/hotspot/src/share/vm/prims/jvm.cpp, line 1248]

Events (10 events):
Event: 13.191 Thread 0x00007f7fd880c000 DEOPT PACKING pc=0x0000000102fb86f1 sp=0x0000000102333200
Event: 13.191 Thread 0x00007f7fd880c000 DEOPT UNPACKING pc=0x0000000102c4701a sp=0x0000000102333030 mode 0
Event: 13.192 Thread 0x00007f7fd880c000 DEOPT PACKING pc=0x0000000102fb86f1 sp=0x0000000102333200
Event: 13.192 Thread 0x00007f7fd880c000 DEOPT UNPACKING pc=0x0000000102c4701a sp=0x0000000102333030 mode 0
Event: 13.193 Thread 0x00007f7fd880c000 DEOPT PACKING pc=0x0000000102fb86f1 sp=0x0000000102333200
Event: 13.193 Thread 0x00007f7fd880c000 DEOPT UNPACKING pc=0x0000000102c4701a sp=0x0000000102333030 mode 0
Event: 13.194 Thread 0x00007f7fd880c000 DEOPT PACKING pc=0x0000000102fb86f1 sp=0x0000000102333200
Event: 13.194 Thread 0x00007f7fd880c000 DEOPT UNPACKING pc=0x0000000102c4701a sp=0x0000000102333030 mode 0
Event: 18.247 loading class org/lwjgl/opengl/CallbackUtil
Event: 18.247 loading class org/lwjgl/opengl/CallbackUtil done


Dynamic libraries:
0x0000000007c19000 	/System/Library/Frameworks/Cocoa.framework/Versions/A/Cocoa
0x0000000007c19000 	/System/Library/Frameworks/Security.framework/Versions/A/Security
0x0000000007c19000 	/System/Library/Frameworks/ApplicationServices.framework/Versions/A/ApplicationServices
0x0000000007c19000 	/usr/lib/libz.1.dylib
0x0000000007c19000 	/usr/lib/libSystem.B.dylib
0x0000000007c19000 	/usr/lib/libobjc.A.dylib
0x0000000007c19000 	/System/Library/Frameworks/CoreFoundation.framework/Versions/A/CoreFoundation
0x0000000007c19000 	/System/Library/Frameworks/Foundation.framework/Versions/C/Foundation
0x0000000007c19000 	/System/Library/Frameworks/AppKit.framework/Versions/C/AppKit
0x0000000007c19000 	/System/Library/Frameworks/CoreData.framework/Versions/A/CoreData
0x0000000007c19000 	/System/Library/PrivateFrameworks/RemoteViewServices.framework/Versions/A/RemoteViewServices
0x0000000007c19000 	/System/Library/PrivateFrameworks/UIFoundation.framework/Versions/A/UIFoundation
0x0000000007c19000 	/System/Library/Frameworks/IOSurface.framework/Versions/A/IOSurface
0x0000000007c19000 	/System/Library/Frameworks/AudioToolbox.framework/Versions/A/AudioToolbox
0x0000000007c19000 	/System/Library/Frameworks/AudioUnit.framework/Versions/A/AudioUnit
0x0000000007c19000 	/System/Library/PrivateFrameworks/DataDetectorsCore.framework/Versions/A/DataDetectorsCore
0x0000000007c19000 	/System/Library/PrivateFrameworks/DesktopServicesPriv.framework/Versions/A/DesktopServicesPriv
0x0000000007c19000 	/System/Library/Frameworks/Carbon.framework/Versions/A/Frameworks/HIToolbox.framework/Versions/A/HIToolbox
0x0000000007c19000 	/System/Library/Frameworks/QuartzCore.framework/Versions/A/QuartzCore
0x0000000007c19000 	/System/Library/Frameworks/Carbon.framework/Versions/A/Frameworks/SpeechRecognition.framework/Versions/A/SpeechRecognition
0x0000000007c19000 	/usr/lib/libauto.dylib
0x0000000007c19000 	/usr/lib/libicucore.A.dylib
0x0000000007c19000 	/usr/lib/libxml2.2.dylib
0x0000000007c19000 	/System/Library/PrivateFrameworks/CoreUI.framework/Versions/A/CoreUI
0x0000000007c19000 	/System/Library/Frameworks/CoreAudio.framework/Versions/A/CoreAudio
0x0000000007c19000 	/System/Library/Frameworks/DiskArbitration.framework/Versions/A/DiskArbitration
0x0000000007c19000 	/usr/lib/liblangid.dylib
0x0000000007c19000 	/System/Library/PrivateFrameworks/MultitouchSupport.framework/Versions/A/MultitouchSupport
0x0000000007c19000 	/System/Library/Frameworks/IOKit.framework/Versions/A/IOKit
0x0000000007c19000 	/usr/lib/libDiagnosticMessagesClient.dylib
0x0000000007c19000 	/System/Library/Frameworks/CoreServices.framework/Versions/A/CoreServices
0x0000000007c19000 	/System/Library/PrivateFrameworks/PerformanceAnalysis.framework/Versions/A/PerformanceAnalysis
0x0000000007c19000 	/System/Library/PrivateFrameworks/GenerationalStorage.framework/Versions/A/GenerationalStorage
0x0000000007c19000 	/System/Library/Frameworks/OpenGL.framework/Versions/A/OpenGL
0x0000000007c19000 	/System/Library/PrivateFrameworks/Sharing.framework/Versions/A/Sharing
0x0000000007c19000 	/System/Library/Frameworks/CoreGraphics.framework/Versions/A/CoreGraphics
0x0000000007c19000 	/System/Library/Frameworks/CoreText.framework/Versions/A/CoreText
0x0000000007c19000 	/System/Library/Frameworks/ImageIO.framework/Versions/A/ImageIO
0x0000000007c19000 	/usr/lib/libextension.dylib
0x0000000007c19000 	/System/Library/PrivateFrameworks/Backup.framework/Versions/A/Backup
0x0000000007c19000 	/usr/lib/libarchive.2.dylib
0x0000000007c19000 	/System/Library/Frameworks/CFNetwork.framework/Versions/A/CFNetwork
0x0000000007c19000 	/System/Library/Frameworks/SystemConfiguration.framework/Versions/A/SystemConfiguration
0x0000000007c19000 	/usr/lib/libCRFSuite.dylib
0x0000000007c19000 	/usr/lib/libc++.1.dylib
0x0000000007c19000 	/usr/lib/libc++abi.dylib
0x0000000007c19000 	/usr/lib/system/libcache.dylib
0x0000000007c19000 	/usr/lib/system/libcommonCrypto.dylib
0x0000000007c19000 	/usr/lib/system/libcompiler_rt.dylib
0x0000000007c19000 	/usr/lib/system/libcopyfile.dylib
0x0000000007c19000 	/usr/lib/system/libcorecrypto.dylib
0x0000000007c19000 	/usr/lib/system/libdispatch.dylib
0x0000000007c19000 	/usr/lib/system/libdyld.dylib
0x0000000007c19000 	/usr/lib/system/libkeymgr.dylib
0x0000000007c19000 	/usr/lib/system/liblaunch.dylib
0x0000000007c19000 	/usr/lib/system/libmacho.dylib
0x0000000007c19000 	/usr/lib/system/libquarantine.dylib
0x0000000007c19000 	/usr/lib/system/libremovefile.dylib
0x0000000007c19000 	/usr/lib/system/libsystem_asl.dylib
0x0000000007c19000 	/usr/lib/system/libsystem_blocks.dylib
0x0000000007c19000 	/usr/lib/system/libsystem_c.dylib
0x0000000007c19000 	/usr/lib/system/libsystem_configuration.dylib
0x0000000007c19000 	/usr/lib/system/libsystem_coreservices.dylib
0x0000000007c19000 	/usr/lib/system/libsystem_coretls.dylib
0x0000000007c19000 	/usr/lib/system/libsystem_dnssd.dylib
0x0000000007c19000 	/usr/lib/system/libsystem_info.dylib
0x0000000007c19000 	/usr/lib/system/libsystem_kernel.dylib
0x0000000007c19000 	/usr/lib/system/libsystem_m.dylib
0x0000000007c19000 	/usr/lib/system/libsystem_malloc.dylib
0x0000000007c19000 	/usr/lib/system/libsystem_network.dylib
0x0000000007c19000 	/usr/lib/system/libsystem_networkextension.dylib
0x0000000007c19000 	/usr/lib/system/libsystem_notify.dylib
0x0000000007c19000 	/usr/lib/system/libsystem_platform.dylib
0x0000000007c19000 	/usr/lib/system/libsystem_pthread.dylib
0x0000000007c19000 	/usr/lib/system/libsystem_sandbox.dylib
0x0000000007c19000 	/usr/lib/system/libsystem_secinit.dylib
0x0000000007c19000 	/usr/lib/system/libsystem_stats.dylib
0x0000000007c19000 	/usr/lib/system/libsystem_trace.dylib
0x0000000007c19000 	/usr/lib/system/libunc.dylib
0x0000000007c19000 	/usr/lib/system/libunwind.dylib
0x0000000007c19000 	/usr/lib/system/libxpc.dylib
0x0000000007c19000 	/usr/lib/libbz2.1.0.dylib
0x0000000007c19000 	/usr/lib/liblzma.5.dylib
0x0000000007c19000 	/usr/lib/libbsm.0.dylib
0x0000000007c19000 	/usr/lib/libsqlite3.dylib
0x0000000007c19000 	/usr/lib/system/libkxld.dylib
0x0000000007c19000 	/usr/lib/libxar.1.dylib
0x0000000007c19000 	/usr/lib/libpam.2.dylib
0x0000000007c19000 	/usr/lib/libOpenScriptingUtil.dylib
0x0000000007c19000 	/System/Library/Frameworks/CoreServices.framework/Versions/A/Frameworks/FSEvents.framework/Versions/A/FSEvents
0x0000000007c19000 	/System/Library/Frameworks/CoreServices.framework/Versions/A/Frameworks/CarbonCore.framework/Versions/A/CarbonCore
0x0000000007c19000 	/System/Library/Frameworks/CoreServices.framework/Versions/A/Frameworks/Metadata.framework/Versions/A/Metadata
0x0000000007c19000 	/System/Library/Frameworks/CoreServices.framework/Versions/A/Frameworks/OSServices.framework/Versions/A/OSServices
0x0000000007c19000 	/System/Library/Frameworks/CoreServices.framework/Versions/A/Frameworks/SearchKit.framework/Versions/A/SearchKit
0x0000000007c19000 	/System/Library/Frameworks/CoreServices.framework/Versions/A/Frameworks/AE.framework/Versions/A/AE
0x0000000007c19000 	/System/Library/Frameworks/CoreServices.framework/Versions/A/Frameworks/LaunchServices.framework/Versions/A/LaunchServices
0x0000000007c19000 	/System/Library/Frameworks/CoreServices.framework/Versions/A/Frameworks/DictionaryServices.framework/Versions/A/DictionaryServices
0x0000000007c19000 	/System/Library/Frameworks/NetFS.framework/Versions/A/NetFS
0x0000000007c19000 	/System/Library/PrivateFrameworks/NetAuth.framework/Versions/A/NetAuth
0x0000000007c19000 	/System/Library/PrivateFrameworks/login.framework/Versions/A/Frameworks/loginsupport.framework/Versions/A/loginsupport
0x0000000007c19000 	/System/Library/PrivateFrameworks/TCC.framework/Versions/A/TCC
0x0000000007c19000 	/usr/lib/libmecabra.dylib
0x0000000007c19000 	/System/Library/Frameworks/ApplicationServices.framework/Versions/A/Frameworks/ATS.framework/Versions/A/ATS
0x0000000007c19000 	/System/Library/Frameworks/ApplicationServices.framework/Versions/A/Frameworks/ColorSync.framework/Versions/A/ColorSync
0x0000000007c19000 	/System/Library/Frameworks/ApplicationServices.framework/Versions/A/Frameworks/HIServices.framework/Versions/A/HIServices
0x0000000007c19000 	/System/Library/Frameworks/ApplicationServices.framework/Versions/A/Frameworks/LangAnalysis.framework/Versions/A/LangAnalysis
0x0000000007c19000 	/System/Library/Frameworks/ApplicationServices.framework/Versions/A/Frameworks/PrintCore.framework/Versions/A/PrintCore
0x0000000007c19000 	/System/Library/Frameworks/ApplicationServices.framework/Versions/A/Frameworks/QD.framework/Versions/A/QD
0x0000000007c19000 	/System/Library/Frameworks/ApplicationServices.framework/Versions/A/Frameworks/SpeechSynthesis.framework/Versions/A/SpeechSynthesis
0x0000000007c19000 	/System/Library/Frameworks/Accelerate.framework/Versions/A/Accelerate
0x0000000007c19000 	/System/Library/Frameworks/Accelerate.framework/Versions/A/Frameworks/vImage.framework/Versions/A/vImage
0x0000000007c19000 	/System/Library/Frameworks/Accelerate.framework/Versions/A/Frameworks/vecLib.framework/Versions/A/vecLib
0x0000000007c19000 	/System/Library/Frameworks/Accelerate.framework/Versions/A/Frameworks/vecLib.framework/Versions/A/libvDSP.dylib
0x0000000007c19000 	/System/Library/Frameworks/Accelerate.framework/Versions/A/Frameworks/vecLib.framework/Versions/A/libvMisc.dylib
0x0000000007c19000 	/System/Library/Frameworks/Accelerate.framework/Versions/A/Frameworks/vecLib.framework/Versions/A/libLAPACK.dylib
0x0000000007c19000 	/System/Library/Frameworks/Accelerate.framework/Versions/A/Frameworks/vecLib.framework/Versions/A/libBLAS.dylib
0x0000000007c19000 	/System/Library/Frameworks/Accelerate.framework/Versions/A/Frameworks/vecLib.framework/Versions/A/libLinearAlgebra.dylib
0x0000000007c19000 	/System/Library/Frameworks/ApplicationServices.framework/Versions/A/Frameworks/ATS.framework/Versions/A/Resources/libFontParser.dylib
0x0000000007c19000 	/System/Library/Frameworks/ApplicationServices.framework/Versions/A/Frameworks/ATS.framework/Versions/A/Resources/libFontRegistry.dylib
0x0000000007c19000 	/System/Library/PrivateFrameworks/AppleVPA.framework/Versions/A/AppleVPA
0x0000000007c19000 	/System/Library/PrivateFrameworks/AppleJPEG.framework/Versions/A/AppleJPEG
0x0000000007c19000 	/System/Library/Frameworks/ImageIO.framework/Versions/A/Resources/libJPEG.dylib
0x0000000007c19000 	/System/Library/Frameworks/ImageIO.framework/Versions/A/Resources/libTIFF.dylib
0x0000000007c19000 	/System/Library/Frameworks/ImageIO.framework/Versions/A/Resources/libPng.dylib
0x0000000007c19000 	/System/Library/Frameworks/ImageIO.framework/Versions/A/Resources/libGIF.dylib
0x0000000007c19000 	/System/Library/Frameworks/ImageIO.framework/Versions/A/Resources/libJP2.dylib
0x0000000007c19000 	/System/Library/Frameworks/ImageIO.framework/Versions/A/Resources/libRadiance.dylib
0x0000000007c19000 	/System/Library/Frameworks/CoreVideo.framework/Versions/A/CoreVideo
0x0000000007c19000 	/System/Library/Frameworks/OpenGL.framework/Versions/A/Libraries/libGLU.dylib
0x0000000007c19000 	/System/Library/Frameworks/OpenGL.framework/Versions/A/Libraries/libGFXShared.dylib
0x0000000007c19000 	/System/Library/Frameworks/OpenGL.framework/Versions/A/Libraries/libGL.dylib
0x0000000007c19000 	/System/Library/Frameworks/OpenGL.framework/Versions/A/Libraries/libGLImage.dylib
0x0000000007c19000 	/System/Library/Frameworks/OpenGL.framework/Versions/A/Libraries/libCVMSPluginSupport.dylib
0x0000000007c19000 	/System/Library/Frameworks/OpenGL.framework/Versions/A/Libraries/libCoreVMClient.dylib
0x0000000007c19000 	/usr/lib/libcups.2.dylib
0x0000000007c19000 	/System/Library/Frameworks/Kerberos.framework/Versions/A/Kerberos
0x0000000007c19000 	/System/Library/Frameworks/GSS.framework/Versions/A/GSS
0x0000000007c19000 	/usr/lib/libresolv.9.dylib
0x0000000007c19000 	/usr/lib/libiconv.2.dylib
0x0000000007c19000 	/System/Library/PrivateFrameworks/Heimdal.framework/Versions/A/Heimdal
0x0000000007c19000 	/usr/lib/libheimdal-asn1.dylib
0x0000000007c19000 	/System/Library/Frameworks/OpenDirectory.framework/Versions/A/OpenDirectory
0x0000000007c19000 	/System/Library/PrivateFrameworks/CommonAuth.framework/Versions/A/CommonAuth
0x0000000007c19000 	/System/Library/Frameworks/OpenDirectory.framework/Versions/A/Frameworks/CFOpenDirectory.framework/Versions/A/CFOpenDirectory
0x0000000007c19000 	/System/Library/Frameworks/SecurityFoundation.framework/Versions/A/SecurityFoundation
0x0000000007c19000 	/System/Library/PrivateFrameworks/LanguageModeling.framework/Versions/A/LanguageModeling
0x0000000007c19000 	/usr/lib/libcmph.dylib
0x0000000007c19000 	/System/Library/Frameworks/ServiceManagement.framework/Versions/A/ServiceManagement
0x0000000007c19000 	/usr/lib/libxslt.1.dylib
0x0000000007c19000 	/System/Library/Frameworks/Carbon.framework/Versions/A/Frameworks/Ink.framework/Versions/A/Ink
0x0000000007c19000 	/System/Library/Frameworks/QuartzCore.framework/Versions/A/Frameworks/CoreImage.framework/Versions/A/CoreImage
0x0000000007c19000 	/System/Library/PrivateFrameworks/CrashReporterSupport.framework/Versions/A/CrashReporterSupport
0x0000000007c19000 	/System/Library/Frameworks/OpenCL.framework/Versions/A/OpenCL
0x0000000007c19000 	/System/Library/PrivateFrameworks/FaceCore.framework/Versions/A/FaceCore
0x0000000007c19000 	/System/Library/PrivateFrameworks/Ubiquity.framework/Versions/A/Ubiquity
0x0000000007c19000 	/System/Library/PrivateFrameworks/IconServices.framework/Versions/A/IconServices
0x0000000007c19000 	/System/Library/PrivateFrameworks/ChunkingLibrary.framework/Versions/A/ChunkingLibrary
0x0000000007c19000 	/System/Library/PrivateFrameworks/Apple80211.framework/Versions/A/Apple80211
0x0000000007c19000 	/System/Library/Frameworks/CoreWLAN.framework/Versions/A/CoreWLAN
0x0000000007c19000 	/System/Library/Frameworks/IOBluetooth.framework/Versions/A/IOBluetooth
0x0000000007c19000 	/System/Library/PrivateFrameworks/CoreWiFi.framework/Versions/A/CoreWiFi
0x0000000007c19000 	/System/Library/Frameworks/CoreBluetooth.framework/Versions/A/CoreBluetooth
0x0000000007c19000 	/System/Library/PrivateFrameworks/DebugSymbols.framework/Versions/A/DebugSymbols
0x0000000007c19000 	/System/Library/PrivateFrameworks/CoreSymbolication.framework/Versions/A/CoreSymbolication
0x0000000007c19000 	/System/Library/PrivateFrameworks/Symbolication.framework/Versions/A/Symbolication
0x0000000007c19000 	/System/Library/PrivateFrameworks/SpeechRecognitionCore.framework/Versions/A/SpeechRecognitionCore
0x0000000101372000 	/Library/Java/JavaVirtualMachines/jdk1.8.0_11.jdk/Contents/Home/jre/lib/server/libjvm.dylib
0x0000000007c19000 	/usr/lib/libstdc++.6.dylib
0x0000000102336000 	/Library/Java/JavaVirtualMachines/jdk1.8.0_11.jdk/Contents/Home/jre/lib/libverify.dylib
0x0000000102344000 	/Library/Java/JavaVirtualMachines/jdk1.8.0_11.jdk/Contents/Home/jre/lib/libjava.dylib
0x0000000102399000 	/Library/Java/JavaVirtualMachines/jdk1.8.0_11.jdk/Contents/Home/jre/lib/libzip.dylib
0x0000000118c24000 	/System/Library/Frameworks/JavaVM.framework/Frameworks/JavaRuntimeSupport.framework/JavaRuntimeSupport
0x0000000118c3f000 	/System/Library/Frameworks/JavaVM.framework/Versions/A/Frameworks/JavaNativeFoundation.framework/Versions/A/JavaNativeFoundation
0x00000001023f3000 	/System/Library/Frameworks/JavaVM.framework/Versions/A/JavaVM
0x0000000007c19000 	/System/Library/Frameworks/Carbon.framework/Versions/A/Carbon
0x0000000118c54000 	/System/Library/PrivateFrameworks/JavaLaunching.framework/Versions/A/JavaLaunching
0x0000000007c19000 	/System/Library/Frameworks/Carbon.framework/Versions/A/Frameworks/CommonPanels.framework/Versions/A/CommonPanels
0x0000000007c19000 	/System/Library/Frameworks/Carbon.framework/Versions/A/Frameworks/Help.framework/Versions/A/Help
0x0000000007c19000 	/System/Library/Frameworks/Carbon.framework/Versions/A/Frameworks/ImageCapture.framework/Versions/A/ImageCapture
0x0000000007c19000 	/System/Library/Frameworks/Carbon.framework/Versions/A/Frameworks/OpenScripting.framework/Versions/A/OpenScripting
0x0000000007c19000 	/System/Library/Frameworks/Carbon.framework/Versions/A/Frameworks/Print.framework/Versions/A/Print
0x0000000007c19000 	/System/Library/Frameworks/Carbon.framework/Versions/A/Frameworks/SecurityHI.framework/Versions/A/SecurityHI
0x000000011abad000 	/Library/Java/JavaVirtualMachines/jdk1.8.0_11.jdk/Contents/Home/jre/lib/libawt.dylib
0x000000011ac5c000 	/Library/Java/JavaVirtualMachines/jdk1.8.0_11.jdk/Contents/Home/jre/lib/./libmlib_image.dylib
0x000000011ad28000 	/Library/Java/JavaVirtualMachines/jdk1.8.0_11.jdk/Contents/Home/jre/lib/libawt_lwawt.dylib
0x000000011adda000 	/Library/Java/JavaVirtualMachines/jdk1.8.0_11.jdk/Contents/Home/jre/lib/./libosxapp.dylib
0x0000000007c19000 	/System/Library/Frameworks/ExceptionHandling.framework/Versions/A/ExceptionHandling
0x0000000007c19000 	/System/Library/PrivateFrameworks/CoreServicesInternal.framework/Versions/A/CoreServicesInternal
0x0000000007c19000 	/System/Library/PrivateFrameworks/CloudDocs.framework/Versions/A/CloudDocs
0x0000000007c19000 	/System/Library/PrivateFrameworks/CoreDuet.framework/Versions/A/CoreDuet
0x0000000007c19000 	/System/Library/Frameworks/CloudKit.framework/Versions/A/CloudKit
0x0000000007c19000 	/System/Library/PrivateFrameworks/ProtocolBuffer.framework/Versions/A/ProtocolBuffer
0x0000000007c19000 	/System/Library/PrivateFrameworks/CoreDuetDaemonProtocol.framework/Versions/A/CoreDuetDaemonProtocol
0x0000000007c19000 	/System/Library/PrivateFrameworks/CoreDuetDebugLogging.framework/Versions/A/CoreDuetDebugLogging
0x0000000007c19000 	/System/Library/PrivateFrameworks/MMCS.framework/Versions/A/MMCS
0x0000000007c19000 	/System/Library/Frameworks/CoreLocation.framework/Versions/A/CoreLocation
0x0000000007c19000 	/System/Library/PrivateFrameworks/ProtectedCloudStorage.framework/Versions/A/ProtectedCloudStorage
0x0000000007c19000 	/System/Library/PrivateFrameworks/GeoServices.framework/Versions/A/GeoServices
0x0000000007c19000 	/System/Library/Frameworks/CoreGraphics.framework/Versions/A/Resources/libCGCMS.A.dylib
0x0000000007c19000 	/System/Library/Frameworks/CoreGraphics.framework/Versions/A/Resources/libRIP.A.dylib
0x0000000007c19000 	/System/Library/Frameworks/CoreGraphics.framework/Versions/A/Resources/libCGXType.A.dylib
0x0000000007c19000 	/System/Library/Frameworks/OpenCL.framework/Versions/A/Libraries/libcldcpuengine.dylib
0x0000000007c19000 	/System/Library/PrivateFrameworks/DiskImages.framework/Versions/A/DiskImages
0x0000000007c19000 	/System/Library/Frameworks/DiscRecording.framework/Versions/A/DiscRecording
0x0000000007c19000 	/usr/lib/libcsfde.dylib
0x0000000007c19000 	/usr/lib/libcurl.4.dylib
0x0000000007c19000 	/System/Library/PrivateFrameworks/MediaKit.framework/Versions/A/MediaKit
0x0000000007c19000 	/usr/lib/libCoreStorage.dylib
0x0000000007c19000 	/System/Library/PrivateFrameworks/EFILogin.framework/Versions/A/EFILogin
0x0000000007c19000 	/usr/lib/libutil.dylib
0x0000000007c19000 	/System/Library/PrivateFrameworks/FindMyDevice.framework/Versions/A/FindMyDevice
0x0000000007c19000 	/System/Library/Frameworks/LDAP.framework/Versions/A/LDAP
0x0000000007c19000 	/usr/lib/libsasl2.2.dylib
0x0000000007c19000 	/System/Library/PrivateFrameworks/CoreDaemon.framework/Versions/B/CoreDaemon
0x0000000007c19000 	/usr/lib/libcrypto.0.9.8.dylib
0x0000000007c19000 	/System/Library/PrivateFrameworks/AppleSRP.framework/Versions/A/AppleSRP
0x0000000007c19000 	/System/Library/PrivateFrameworks/TrustEvaluationAgent.framework/Versions/A/TrustEvaluationAgent
0x000000011dc88000 	cl_kernels
0x000000011dc8a000 	/System/Library/Frameworks/OpenCL.framework/Versions/A/Libraries/ImageFormats/unorm8_bgra.dylib
0x000000011dc79000 	cl_kernels
0x0000000007c19000 	/System/Library/PrivateFrameworks/FamilyControls.framework/Versions/A/FamilyControls
0x0000000007c19000 	/System/Library/PrivateFrameworks/CommerceKit.framework/Versions/A/Frameworks/CommerceCore.framework/Versions/A/CommerceCore
0x0000000007c19000 	/System/Library/PrivateFrameworks/SystemAdministration.framework/Versions/A/SystemAdministration
0x0000000007c19000 	/System/Library/PrivateFrameworks/AppContainer.framework/Versions/A/AppContainer
0x0000000007c19000 	/System/Library/PrivateFrameworks/SecCodeWrapper.framework/Versions/A/SecCodeWrapper
0x0000000007c19000 	/System/Library/Frameworks/DirectoryService.framework/Versions/A/DirectoryService
0x0000000007c19000 	/System/Library/PrivateFrameworks/LoginUIKit.framework/Versions/A/Frameworks/LoginUICore.framework/Versions/A/LoginUICore
0x0000000007c19000 	/usr/lib/libodfde.dylib
0x000000011ee50000 	/Library/Java/JavaVirtualMachines/jdk1.8.0_11.jdk/Contents/Home/jre/lib/libfontmanager.dylib
0x000000011eeb6000 	/Users/Olivier/Dropbox/Projet_Int-grateur_TeamYOCO-master/build/classes/res/native/liblwjgl.dylib
0x000000011d1c2000 	/Library/Java/JavaVirtualMachines/jdk1.8.0_11.jdk/Contents/Home/jre/lib/libjawt.dylib
0x0000000007c19000 	/System/Library/Frameworks/OpenGL.framework/Versions/A/Resources/GLEngine.bundle/GLEngine
0x0000000007c19000 	/System/Library/Frameworks/OpenGL.framework/Versions/A/Libraries/libGLProgrammability.dylib
0x000000011ef42000 	/System/Library/Extensions/AppleIntelHDGraphicsGLDriver.bundle/Contents/MacOS/AppleIntelHDGraphicsGLDriver
0x000000011f3c9000 	/System/Library/PrivateFrameworks/GPUSupport.framework/Versions/A/Libraries/libGPUSupport.dylib
0x0000000000000000 	/System/Library/Extensions/GeForceTeslaGLDriver.bundle/Contents/MacOS/GeForceTeslaGLDriver
0x000000011f3dd000 	/System/Library/Extensions/GeForceTeslaGLDriver.bundle/Contents/MacOS/libclh.dylib
0x0000000007c19000 	/System/Library/Frameworks/OpenGL.framework/Versions/A/Resources/GLRendererFloat.bundle/GLRendererFloat
0x000000011ff52000 	/Library/Java/JavaVirtualMachines/jdk1.8.0_11.jdk/Contents/Home/jre/lib/libnio.dylib
0x00000001204fb000 	/Library/Java/JavaVirtualMachines/jdk1.8.0_11.jdk/Contents/Home/jre/lib/./libnet.dylib
0x0000000120614000 	/Library/Java/JavaVirtualMachines/jdk1.8.0_11.jdk/Contents/Home/jre/lib/libjpeg.dylib
0x0000000120097000 	/Users/Olivier/Dropbox/Projet_Int-grateur_TeamYOCO-master/build/classes/res/native/openal.dylib
0x0000000121ac9000 	/System/Library/Components/CoreAudio.component/Contents/MacOS/CoreAudio
0x000000011fc38000 	/System/Library/Extensions/AppleHDA.kext/Contents/PlugIns/AppleHDAHALPlugIn.bundle/Contents/MacOS/AppleHDAHALPlugIn

VM Arguments:
jvm_args: -Dfile.encoding=UTF-8 -Djava.library.path=lib 
java_command: ca.qc.bdeb.info204.Game
java_class_path (initial): /Users/Olivier/Dropbox/Projet_Int-grateur_TeamYOCO-master/lib/jinput.jar:/Users/Olivier/Dropbox/Projet_Int-grateur_TeamYOCO-master/lib/lwjgl.jar:/Users/Olivier/Dropbox/Projet_Int-grateur_TeamYOCO-master/lib/lwjgl_util.jar:/Users/Olivier/Dropbox/Projet_Int-grateur_TeamYOCO-master/lib/slick.jar:/Users/Olivier/Dropbox/Projet_Int-grateur_TeamYOCO-master/lib/SlickUtils-1.3.jar:/Users/Olivier/Dropbox/Projet_Int-grateur_TeamYOCO-master/build/classes
Launcher Type: SUN_STANDARD

Environment Variables:
PATH=/usr/bin:/bin:/usr/sbin:/sbin
LD_LIBRARY_PATH=/Library/Java/JavaVirtualMachines/jdk1.8.0_11.jdk/Contents/Home/jre/lib/amd64:/Library/Java/JavaVirtualMachines/jdk1.8.0_11.jdk/Contents/Home/jre/lib/i386:
SHELL=/bin/bash
DYLD_LIBRARY_PATH=/Applications/NetBeans/NetBeans 8.0.1.app/Contents/Resources/NetBeans/webcommon/bin:

Signal Handlers:
SIGSEGV: [libjvm.dylib+0x56059b], sa_mask[0]=0xfffefeff, sa_flags=0x00000043
SIGBUS: [libjvm.dylib+0x56059b], sa_mask[0]=0xfffefeff, sa_flags=0x00000042
SIGFPE: [libjvm.dylib+0x4438f2], sa_mask[0]=0xfffefeff, sa_flags=0x00000042
SIGPIPE: [libjvm.dylib+0x4438f2], sa_mask[0]=0xfffefeff, sa_flags=0x00000042
SIGXFSZ: [libjvm.dylib+0x4438f2], sa_mask[0]=0xfffefeff, sa_flags=0x00000042
SIGILL: [libjvm.dylib+0x4438f2], sa_mask[0]=0xfffefeff, sa_flags=0x00000042
SIGUSR1: SIG_DFL, sa_mask[0]=0x00000000, sa_flags=0x00000000
SIGUSR2: [libjvm.dylib+0x443410], sa_mask[0]=0x00000004, sa_flags=0x00000042
SIGHUP: [libjvm.dylib+0x44179b], sa_mask[0]=0xfffefeff, sa_flags=0x00000042
SIGINT: SIG_IGN, sa_mask[0]=0x00000000, sa_flags=0x00000000
SIGTERM: [libjvm.dylib+0x44179b], sa_mask[0]=0xfffefeff, sa_flags=0x00000042
SIGQUIT: [libjvm.dylib+0x44179b], sa_mask[0]=0xfffefeff, sa_flags=0x00000042


---------------  S Y S T E M  ---------------

OS:Bsduname:Darwin 14.5.0 Darwin Kernel Version 14.5.0: Wed Jul 29 02:26:53 PDT 2015; root:xnu-2782.40.9~1/RELEASE_X86_64 x86_64
rlimit: STACK 8192k, CORE 0k, NPROC 709, NOFILE 10240, AS infinity
load average:1.81 1.98 1.86

CPU:total 4 (2 cores per cpu, 2 threads per core) family 6 model 37 stepping 5, cmov, cx8, fxsr, mmx, sse, sse2, sse3, ssse3, sse4.1, sse4.2, popcnt, aes, clmul, ht, tsc, tscinvbit

Memory: 4k page, physical 8388608k(71204k free)

/proc/meminfo:


vm_info: Java HotSpot(TM) 64-Bit Server VM (25.11-b03) for bsd-amd64 JRE (1.8.0_11-b12), built on Jun 16 2014 17:39:42 by "java_re" with gcc 4.2.1 (Based on Apple Inc. build 5658) (LLVM build 2336.11.00)

time: Sun Apr 17 09:44:13 2016
elapsed time: 18 seconds

