#
# A fatal error has been detected by the Java Runtime Environment:
#
#  SIGSEGV (0xb) at pc=0x00007fff8f9a10dd, pid=801, tid=1811
#
# JRE version: Java(TM) SE Runtime Environment (8.0_11-b12) (build 1.8.0_11-b12)
# Java VM: Java HotSpot(TM) 64-Bit Server VM (25.11-b03 mixed mode bsd-amd64 compressed oops)
# Problematic frame:
# C  [libobjc.A.dylib+0x10dd]  objc_msgSend+0x1d
#
# Failed to write core dump. Core dumps have been disabled. To enable core dumping, try "ulimit -c unlimited" before starting Java again
#
# If you would like to submit a bug report, please visit:
#   http://bugreport.sun.com/bugreport/crash.jsp
# The crash happened outside the Java Virtual Machine in native code.
# See problematic frame for where to report the bug.
#

---------------  T H R E A D  ---------------

Current thread (0x00007fa7a5873000):  JavaThread "AppKit Thread" daemon [_thread_in_native, id=1811, stack(0x00007fff5cac0000,0x00007fff5d2c0000)]

siginfo:si_signo=SIGSEGV: si_errno=0, si_code=1 (SEGV_MAPERR), si_addr=0x000007fa7a3c8740

Registers:
RAX=0x00007fa7a3c34a50, RBX=0x00007fff5d2bb7f8, RCX=0x0000000000000000, RDX=0x00007fa7a3f66530
RSP=0x00007fff5d2bb618, RBP=0x00007fff5d2bb620, RSI=0x00007fff8974e41e, RDI=0x00007fa7a3c34a50
R8 =0x00007fff5d2bb600, R9 =0x0000000000000062, R10=0x00007fff8974e41e, R11=0x000007fa7a3c8728
R12=0x00007fa7a3d2a790, R13=0x00000000000f42ff, R14=0x00007fa7a3f66b30, R15=0x00007fff5d2bb758
RIP=0x00007fff8f9a10dd, EFLAGS=0x0000000000010206, ERR=0x0000000000000004
  TRAPNO=0x000000000000000e

Top of Stack: (sp=0x00007fff5d2bb618)
0x00007fff5d2bb618:   00007fff934fe45c 00007fff5d2bb980
0x00007fff5d2bb628:   00007fff933ee634 00007fff5d2bb6ac
0x00007fff5d2bb638:   00007fff5d2bb6b0 00007fff5d2bb6b4
0x00007fff5d2bb648:   00007fff78d6ce00 ffffffffffffffff
0x00007fff5d2bb658:   0000000000000930 00007fff78d6ce18
0x00007fff5d2bb668:   00007fa7a3f66b30 0000000000000000
0x00007fff5d2bb678:   00007fff5d2bb750 0000000000000000
0x00007fff5d2bb688:   00007fa7a3f2aba0 00007fff5d2bb7d0
0x00007fff5d2bb698:   0000000000000062 00000000000f4301
0x00007fff5d2bb6a8:   00007fa7a3f66530 00007fa7a3f5c740
0x00007fff5d2bb6b8:   00007fa7a3d2a790 0000000000000001
0x00007fff5d2bb6c8:   00000000000f42ff 00007fa7a3d2a780
0x00007fff5d2bb6d8:   00007fff8f477c05 0000000179a84070
0x00007fff5d2bb6e8:   00007fff784db0d0 0000000042000000
0x00007fff5d2bb6f8:   00007fff8f47ee63 00007fff78d37240
0x00007fff5d2bb708:   00007fff5d2bb7d8 00007fff5d2bb730
0x00007fff5d2bb718:   00007fff5d2bb750 0000000000000000
0x00007fff5d2bb728:   000000000000000b 000469038f9c197a
0x00007fff5d2bb738:   00007fa7a3d2a7b4 0000000000000000
0x00007fff5d2bb748:   0000000000000000 00007fa7a3f2ac20
0x00007fff5d2bb758:   00007fa7a3f66b30 0000002000000000
0x00007fff5d2bb768:   0000000000000000 00007fff784db0d0
0x00007fff5d2bb778:   0000000042000000 00007fff8f47e4f8
0x00007fff5d2bb788:   00007fff78d37350 00007fff5d2bb6e8
0x00007fff5d2bb798:   0000000000000000 00007fff5d2bb868
0x00007fff5d2bb7a8:   00007fff77f6fea0 00007fff5d2bb8a0
0x00007fff5d2bb7b8:   00007fff89c8f770 00007fff5d2bb850
0x00007fff5d2bb7c8:   00007fff88e824ed 0000000000000051
0x00007fff5d2bb7d8:   0000000000000000 00000000000f42e3
0x00007fff5d2bb7e8:   0000000000000053 0000000000000000
0x00007fff5d2bb7f8:   00000000000f42ff 00007fff5d2bb874
0x00007fff5d2bb808:   0000000000460a01 00000000ffffffff 

Instructions: (pc=0x00007fff8f9a10dd)
0x00007fff8f9a10bd:   00 00 00 48 85 ff 2e 74 7a 40 f6 c7 01 2e 75 7e
0x00007fff8f9a10cd:   49 bb f8 ff ff ff ff 7f 00 00 4c 23 1f 49 89 f2
0x00007fff8f9a10dd:   45 23 53 18 49 c1 e2 04 4d 03 53 10 49 3b 32 75
0x00007fff8f9a10ed:   04 41 ff 62 08 49 83 3a 00 74 6a 4d 3b 53 10 74 

Register to memory mapping:

RAX=0x00007fa7a3c34a50 is an unknown value
RBX=0x00007fff5d2bb7f8 is pointing into the stack for thread: 0x00007fa7a5873000
RCX=0x0000000000000000 is an unknown value
RDX=0x00007fa7a3f66530 is an unknown value
RSP=0x00007fff5d2bb618 is pointing into the stack for thread: 0x00007fa7a5873000
RBP=0x00007fff5d2bb620 is pointing into the stack for thread: 0x00007fa7a5873000
RSI=0x00007fff8974e41e: -[NSTitlebarContainerView transparent]+0x5e312 in /System/Library/Frameworks/AppKit.framework/Versions/C/AppKit at 0x00007fff88d4d000
RDI=0x00007fa7a3c34a50 is an unknown value
R8 =0x00007fff5d2bb600 is pointing into the stack for thread: 0x00007fa7a5873000
R9 =0x0000000000000062 is an unknown value
R10=0x00007fff8974e41e: -[NSTitlebarContainerView transparent]+0x5e312 in /System/Library/Frameworks/AppKit.framework/Versions/C/AppKit at 0x00007fff88d4d000
R11=0x000007fa7a3c8728 is an unknown value
R12=0x00007fa7a3d2a790 is an unknown value
R13=0x00000000000f42ff is an unknown value
R14=0x00007fa7a3f66b30 is an unknown value
R15=0x00007fff5d2bb758 is pointing into the stack for thread: 0x00007fa7a5873000


Stack: [0x00007fff5cac0000,0x00007fff5d2c0000],  sp=0x00007fff5d2bb618,  free space=8173k
Native frames: (J=compiled Java code, j=interpreted, Vv=VM code, C=native code)
C  [libobjc.A.dylib+0x10dd]  objc_msgSend+0x1d
C  [CoreFoundation+0x10634]  _CFXNotificationPost+0xc44
C  [Foundation+0x7aa1]  -[NSNotificationCenter postNotificationName:object:userInfo:]+0x42
C  [AppKit+0x439c2]  -[NSSurface _disposeSurface]+0x98
C  [AppKit+0x43426]  -[NSSurface setWindow:]+0x42
C  [AppKit+0x33910]  -[NSView _setWindow:]+0xa33
C  [AppKit+0x6af91]  -[NSView removeFromSuperview]+0x1c5
C  [AppKit+0x14bd99]  -[NSView removeFromSuperviewWithoutNeedingDisplay]+0x26
C  [liblwjgl.dylib+0xa205]  +[MacOSXKeyableWindow destroyWindow]+0xb5
C  [Foundation+0x92dd0]  __NSThreadPerformPerform+0x125
C  [CoreFoundation+0x80a01]  __CFRUNLOOP_IS_CALLING_OUT_TO_A_SOURCE0_PERFORM_FUNCTION__+0x11
C  [CoreFoundation+0x72b8d]  __CFRunLoopDoSources0+0x10d
C  [CoreFoundation+0x721bf]  __CFRunLoopRun+0x39f
C  [CoreFoundation+0x71bd8]  CFRunLoopRunSpecific+0x128
C  [HIToolbox+0x3256f]  RunCurrentEventLoopInMode+0xeb
C  [HIToolbox+0x321ee]  ReceiveNextEventCommon+0xb3
C  [HIToolbox+0x3212b]  _BlockUntilNextEventMatchingListInModeWithFilter+0x47
C  [AppKit+0x918ab]  _DPSNextEvent+0x3d2
C  [AppKit+0x90e58]  -[NSApplication nextEventMatchingMask:untilDate:inMode:dequeue:]+0x15a
C  [libosxapp.dylib+0x242a]  -[NSApplicationAWT nextEventMatchingMask:untilDate:inMode:dequeue:]+0x7c
C  [AppKit+0x86af3]  -[NSApplication run]+0x252
C  [libosxapp.dylib+0x223e]  +[NSApplicationAWT runAWTLoopWithApp:]+0x9c
C  [libawt_lwawt.dylib+0x439bb]  -[AWTStarter starter:]+0x389
C  [Foundation+0x92dd0]  __NSThreadPerformPerform+0x125
C  [CoreFoundation+0x80a01]  __CFRUNLOOP_IS_CALLING_OUT_TO_A_SOURCE0_PERFORM_FUNCTION__+0x11
C  [CoreFoundation+0x72b8d]  __CFRunLoopDoSources0+0x10d
C  [CoreFoundation+0x721bf]  __CFRunLoopRun+0x39f
C  [CoreFoundation+0x71bd8]  CFRunLoopRunSpecific+0x128
C  [java+0x56cb]  CreateExecutionEnvironment+0x367
C  [java+0x166c]  JLI_Launch+0x7a0
C  [java+0x7689]  main+0x65
C  [java+0xec4]  start+0x34


---------------  P R O C E S S  ---------------

Java Threads: ( => current thread )
  0x00007fa7a8870000 JavaThread "AWT-Shutdown" [_thread_blocked, id=23347, stack(0x000000012411e000,0x000000012421e000)]
  0x00007fa7a4a0b800 JavaThread "Java2D Queue Flusher" daemon [_thread_blocked, id=56071, stack(0x0000000121d0f000,0x0000000121e0f000)]
  0x00007fa7a59e0000 JavaThread "Java2D Disposer" daemon [_thread_blocked, id=54299, stack(0x0000000121bdf000,0x0000000121cdf000)]
=>0x00007fa7a5873000 JavaThread "AppKit Thread" daemon [_thread_in_native, id=1811, stack(0x00007fff5cac0000,0x00007fff5d2c0000)]
  0x00007fa7a5852000 JavaThread "Service Thread" daemon [_thread_blocked, id=18179, stack(0x000000011c016000,0x000000011c116000)]
  0x00007fa7a4016000 JavaThread "C1 CompilerThread2" daemon [_thread_blocked, id=17667, stack(0x000000011bf13000,0x000000011c013000)]
  0x00007fa7a5851800 JavaThread "C2 CompilerThread1" daemon [_thread_blocked, id=17155, stack(0x000000011be10000,0x000000011bf10000)]
  0x00007fa7a4818000 JavaThread "C2 CompilerThread0" daemon [_thread_blocked, id=16643, stack(0x000000011bd0d000,0x000000011be0d000)]
  0x00007fa7a4012000 JavaThread "Signal Dispatcher" daemon [_thread_blocked, id=13335, stack(0x000000011bc0a000,0x000000011bd0a000)]
  0x00007fa7a400b000 JavaThread "Finalizer" daemon [_thread_blocked, id=11011, stack(0x000000011a1ff000,0x000000011a2ff000)]
  0x00007fa7a5839000 JavaThread "Reference Handler" daemon [_thread_blocked, id=10499, stack(0x000000011a0fc000,0x000000011a1fc000)]
  0x00007fa7a5800000 JavaThread "main" [_thread_in_native, id=3331, stack(0x0000000103900000,0x0000000103a00000)]

Other Threads:
  0x00007fa7a5834800 VMThread [stack: 0x0000000119ff9000,0x000000011a0f9000] [id=9987]
  0x00007fa7a4819000 WatcherThread [stack: 0x000000011c119000,0x000000011c219000] [id=18691]

VM state:not at safepoint (normal execution)

VM Mutex/Monitor currently owned by a thread: None

Heap:
 PSYoungGen      total 13824K, used 4682K [0x0000000795580000, 0x0000000796c00000, 0x00000007c0000000)
  eden space 11776K, 24% used [0x0000000795580000,0x000000079585fbf0,0x0000000796100000)
  from space 2048K, 84% used [0x0000000796100000,0x00000007962b2fc0,0x0000000796300000)
  to   space 2048K, 0% used [0x0000000796a00000,0x0000000796a00000,0x0000000796c00000)
 ParOldGen       total 129536K, used 46173K [0x0000000740000000, 0x0000000747e80000, 0x0000000795580000)
  object space 129536K, 35% used [0x0000000740000000,0x0000000742d175b0,0x0000000747e80000)
 Metaspace       used 10656K, capacity 10821K, committed 11008K, reserved 1058816K
  class space    used 1137K, capacity 1175K, committed 1280K, reserved 1048576K

Card table byte_map: [0x00000001137c0000,0x0000000113bc1000] byte_map_base: 0x000000010fdc0000

Marking Bits: (ParMarkBitMap*) 0x00000001032a50a0
 Begin Bits: [0x0000000114175000, 0x0000000116175000)
 End Bits:   [0x0000000116175000, 0x0000000118175000)

Polling page: 0x0000000103a44000

CodeCache: size=245760Kb used=4274Kb max_used=4276Kb free=241485Kb
 bounds [0x0000000104400000, 0x0000000104840000, 0x0000000113400000]
 total_blobs=1591 nmethods=1073 adapters=434
 compilation: enabled

Compilation events (10 events):
Event: 22.424 Thread 0x00007fa7a4016000 1069       3       java.nio.HeapByteBuffer::putLong (21 bytes)
Event: 22.424 Thread 0x00007fa7a4016000 nmethod 1069 0x00000001047fc750 code [0x00000001047fc8e0, 0x00000001047fcc88]
Event: 22.466 Thread 0x00007fa7a4016000 1070       3       java.nio.HeapByteBuffer::getLong (19 bytes)
Event: 22.466 Thread 0x00007fa7a4016000 nmethod 1070 0x00000001047fc0d0 code [0x00000001047fc260, 0x00000001047fc5e8]
Event: 22.466 Thread 0x00007fa7a4016000 1071       3       java.nio.Bits::getLong (18 bytes)
Event: 22.466 Thread 0x00007fa7a4016000 nmethod 1071 0x00000001047fbcd0 code [0x00000001047fbe40, 0x00000001047fc018]
Event: 22.474 Thread 0x00007fa7a4016000 1072  s    3       org.lwjgl.opengl.MacOSXNativeMouse::mouseMoved (138 bytes)
Event: 22.475 Thread 0x00007fa7a4016000 nmethod 1072 0x00000001047fb0d0 code [0x00000001047fb2c0, 0x00000001047fbb28]
Event: 22.713 Thread 0x00007fa7a4016000 1073       3       org.newdawn.slick.Input::isMousePressed (20 bytes)
Event: 22.714 Thread 0x00007fa7a4016000 nmethod 1073 0x00000001047fac50 code [0x00000001047fadc0, 0x00000001047fafb0]

GC Heap History (10 events):
Event: 1.643 GC heap before
{Heap before GC invocations=7 (full 0):
 PSYoungGen      total 5632K, used 5294K [0x0000000795580000, 0x0000000795c80000, 0x00000007c0000000)
  eden space 4096K, 99% used [0x0000000795580000,0x000000079597ff80,0x0000000795980000)
  from space 1536K, 78% used [0x0000000795b00000,0x0000000795c2bab0,0x0000000795c80000)
  to   space 1536K, 0% used [0x0000000795980000,0x0000000795980000,0x0000000795b00000)
 ParOldGen       total 129536K, used 995K [0x0000000740000000, 0x0000000747e80000, 0x0000000795580000)
  object space 129536K, 0% used [0x0000000740000000,0x00000007400f8eb8,0x0000000747e80000)
 Metaspace       used 7763K, capacity 7899K, committed 8064K, reserved 1056768K
  class space    used 830K, capacity 884K, committed 896K, reserved 1048576K
Event: 1.662 GC heap after
Heap after GC invocations=7 (full 0):
 PSYoungGen      total 5632K, used 1309K [0x0000000795580000, 0x0000000796080000, 0x00000007c0000000)
  eden space 4096K, 0% used [0x0000000795580000,0x0000000795580000,0x0000000795980000)
  from space 1536K, 85% used [0x0000000795980000,0x0000000795ac7710,0x0000000795b00000)
  to   space 1536K, 0% used [0x0000000795f00000,0x0000000795f00000,0x0000000796080000)
 ParOldGen       total 129536K, used 8115K [0x0000000740000000, 0x0000000747e80000, 0x0000000795580000)
  object space 129536K, 6% used [0x0000000740000000,0x00000007407ecf18,0x0000000747e80000)
 Metaspace       used 7763K, capacity 7899K, committed 8064K, reserved 1056768K
  class space    used 830K, capacity 884K, committed 896K, reserved 1048576K
}
Event: 2.107 GC heap before
{Heap before GC invocations=8 (full 0):
 PSYoungGen      total 5632K, used 5405K [0x0000000795580000, 0x0000000796080000, 0x00000007c0000000)
  eden space 4096K, 100% used [0x0000000795580000,0x0000000795980000,0x0000000795980000)
  from space 1536K, 85% used [0x0000000795980000,0x0000000795ac7710,0x0000000795b00000)
  to   space 1536K, 0% used [0x0000000795f00000,0x0000000795f00000,0x0000000796080000)
 ParOldGen       total 129536K, used 17331K [0x0000000740000000, 0x0000000747e80000, 0x0000000795580000)
  object space 129536K, 13% used [0x0000000740000000,0x00000007410ecf48,0x0000000747e80000)
 Metaspace       used 8831K, capacity 8997K, committed 9216K, reserved 1056768K
  class space    used 962K, capacity 1015K, committed 1024K, reserved 1048576K
Event: 2.111 GC heap after
Heap after GC invocations=8 (full 0):
 PSYoungGen      total 9216K, used 1173K [0x0000000795580000, 0x0000000796180000, 0x00000007c0000000)
  eden space 7680K, 0% used [0x0000000795580000,0x0000000795580000,0x0000000795d00000)
  from space 1536K, 76% used [0x0000000795f00000,0x00000007960255c8,0x0000000796080000)
  to   space 2048K, 0% used [0x0000000795d00000,0x0000000795d00000,0x0000000795f00000)
 ParOldGen       total 129536K, used 17477K [0x0000000740000000, 0x0000000747e80000, 0x0000000795580000)
  object space 129536K, 13% used [0x0000000740000000,0x00000007411115d0,0x0000000747e80000)
 Metaspace       used 8831K, capacity 8997K, committed 9216K, reserved 1056768K
  class space    used 962K, capacity 1015K, committed 1024K, reserved 1048576K
}
Event: 2.193 GC heap before
{Heap before GC invocations=9 (full 0):
 PSYoungGen      total 9216K, used 8853K [0x0000000795580000, 0x0000000796180000, 0x00000007c0000000)
  eden space 7680K, 100% used [0x0000000795580000,0x0000000795d00000,0x0000000795d00000)
  from space 1536K, 76% used [0x0000000795f00000,0x00000007960255c8,0x0000000796080000)
  to   space 2048K, 0% used [0x0000000795d00000,0x0000000795d00000,0x0000000795f00000)
 ParOldGen       total 129536K, used 17477K [0x0000000740000000, 0x0000000747e80000, 0x0000000795580000)
  object space 129536K, 13% used [0x0000000740000000,0x00000007411115d0,0x0000000747e80000)
 Metaspace       used 8831K, capacity 8997K, committed 9216K, reserved 1056768K
  class space    used 962K, capacity 1015K, committed 1024K, reserved 1048576K
Event: 2.196 GC heap after
Heap after GC invocations=9 (full 0):
 PSYoungGen      total 9728K, used 757K [0x0000000795580000, 0x0000000796480000, 0x00000007c0000000)
  eden space 7680K, 0% used [0x0000000795580000,0x0000000795580000,0x0000000795d00000)
  from space 2048K, 36% used [0x0000000795d00000,0x0000000795dbd5c8,0x0000000795f00000)
  to   space 1536K, 0% used [0x0000000796300000,0x0000000796300000,0x0000000796480000)
 ParOldGen       total 129536K, used 17874K [0x0000000740000000, 0x0000000747e80000, 0x0000000795580000)
  object space 129536K, 13% used [0x0000000740000000,0x0000000741174b08,0x0000000747e80000)
 Metaspace       used 8831K, capacity 8997K, committed 9216K, reserved 1056768K
  class space    used 962K, capacity 1015K, committed 1024K, reserved 1048576K
}
Event: 2.231 GC heap before
{Heap before GC invocations=10 (full 0):
 PSYoungGen      total 9728K, used 8437K [0x0000000795580000, 0x0000000796480000, 0x00000007c0000000)
  eden space 7680K, 100% used [0x0000000795580000,0x0000000795d00000,0x0000000795d00000)
  from space 2048K, 36% used [0x0000000795d00000,0x0000000795dbd5c8,0x0000000795f00000)
  to   space 1536K, 0% used [0x0000000796300000,0x0000000796300000,0x0000000796480000)
 ParOldGen       total 129536K, used 17874K [0x0000000740000000, 0x0000000747e80000, 0x0000000795580000)
  object space 129536K, 13% used [0x0000000740000000,0x0000000741174b08,0x0000000747e80000)
 Metaspace       used 8831K, capacity 8997K, committed 9216K, reserved 1056768K
  class space    used 962K, capacity 1015K, committed 1024K, reserved 1048576K
Event: 2.233 GC heap after
Heap after GC invocations=10 (full 0):
 PSYoungGen      total 13312K, used 0K [0x0000000795580000, 0x0000000796580000, 0x00000007c0000000)
  eden space 11776K, 0% used [0x0000000795580000,0x0000000795580000,0x0000000796100000)
  from space 1536K, 0% used [0x0000000796300000,0x0000000796300000,0x0000000796480000)
  to   space 2048K, 0% used [0x0000000796100000,0x0000000796100000,0x0000000796300000)
 ParOldGen       total 129536K, used 18584K [0x0000000740000000, 0x0000000747e80000, 0x0000000795580000)
  object space 129536K, 14% used [0x0000000740000000,0x0000000741226100,0x0000000747e80000)
 Metaspace       used 8831K, capacity 8997K, committed 9216K, reserved 1056768K
  class space    used 962K, capacity 1015K, committed 1024K, reserved 1048576K
}
Event: 3.425 GC heap before
{Heap before GC invocations=11 (full 0):
 PSYoungGen      total 13312K, used 11776K [0x0000000795580000, 0x0000000796580000, 0x00000007c0000000)
  eden space 11776K, 100% used [0x0000000795580000,0x0000000796100000,0x0000000796100000)
  from space 1536K, 0% used [0x0000000796300000,0x0000000796300000,0x0000000796480000)
  to   space 2048K, 0% used [0x0000000796100000,0x0000000796100000,0x0000000796300000)
 ParOldGen       total 129536K, used 46101K [0x0000000740000000, 0x0000000747e80000, 0x0000000795580000)
  object space 129536K, 35% used [0x0000000740000000,0x0000000742d055a0,0x0000000747e80000)
 Metaspace       used 10480K, capacity 10629K, committed 10752K, reserved 1058816K
  class space    used 1130K, capacity 1175K, committed 1280K, reserved 1048576K
Event: 3.429 GC heap after
Heap after GC invocations=11 (full 0):
 PSYoungGen      total 13824K, used 1739K [0x0000000795580000, 0x0000000796c00000, 0x00000007c0000000)
  eden space 11776K, 0% used [0x0000000795580000,0x0000000795580000,0x0000000796100000)
  from space 2048K, 84% used [0x0000000796100000,0x00000007962b2fc0,0x0000000796300000)
  to   space 2048K, 0% used [0x0000000796a00000,0x0000000796a00000,0x0000000796c00000)
 ParOldGen       total 129536K, used 46173K [0x0000000740000000, 0x0000000747e80000, 0x0000000795580000)
  object space 129536K, 35% used [0x0000000740000000,0x0000000742d175b0,0x0000000747e80000)
 Metaspace       used 10480K, capacity 10629K, committed 10752K, reserved 1058816K
  class space    used 1130K, capacity 1175K, committed 1280K, reserved 1048576K
}

Deoptimization events (2 events):
Event: 2.262 Thread 0x00007fa7a5800000 Uncommon trap: reason=unreached action=reinterpret pc=0x00000001046428c8 method=sun.awt.image.ByteInterleavedRaster.getDataElements(IILjava/lang/Object;)Ljava/lang/Object; @ 43
Event: 5.507 Thread 0x00007fa7a5800000 Uncommon trap: reason=range_check action=make_not_entrant pc=0x00000001046a174c method=java.util.ArrayList.elementData(I)Ljava/lang/Object; @ 5

Internal exceptions (10 events):
Event: 2.994 Thread 0x00007fa7a5800000 Exception <a 'java/security/PrivilegedActionException'> (0x0000000795f84d68) thrown at [/HUDSON3/workspace/8-2-build-macosx-x86_64/jdk8u11/648/hotspot/src/share/vm/prims/jvm.cpp, line 1248]
Event: 3.333 Thread 0x00007fa7a5800000 Exception <a 'java/security/PrivilegedActionException'> (0x0000000795fe4508) thrown at [/HUDSON3/workspace/8-2-build-macosx-x86_64/jdk8u11/648/hotspot/src/share/vm/prims/jvm.cpp, line 1248]
Event: 3.481 Thread 0x00007fa7a5800000 Exception <a 'java/security/PrivilegedActionException'> (0x00000007956155e0) thrown at [/HUDSON3/workspace/8-2-build-macosx-x86_64/jdk8u11/648/hotspot/src/share/vm/prims/jvm.cpp, line 1248]
Event: 3.484 Thread 0x00007fa7a5800000 Exception <a 'java/security/PrivilegedActionException'> (0x00000007956193d8) thrown at [/HUDSON3/workspace/8-2-build-macosx-x86_64/jdk8u11/648/hotspot/src/share/vm/prims/jvm.cpp, line 1248]
Event: 3.485 Thread 0x00007fa7a5800000 Exception <a 'java/security/PrivilegedActionException'> (0x000000079561d460) thrown at [/HUDSON3/workspace/8-2-build-macosx-x86_64/jdk8u11/648/hotspot/src/share/vm/prims/jvm.cpp, line 1248]
Event: 3.971 Thread 0x00007fa7a5800000 Exception <a 'java/security/PrivilegedActionException'> (0x0000000795622898) thrown at [/HUDSON3/workspace/8-2-build-macosx-x86_64/jdk8u11/648/hotspot/src/share/vm/prims/jvm.cpp, line 1248]
Event: 3.971 Thread 0x00007fa7a5800000 Exception <a 'java/security/PrivilegedActionException'> (0x0000000795627648) thrown at [/HUDSON3/workspace/8-2-build-macosx-x86_64/jdk8u11/648/hotspot/src/share/vm/prims/jvm.cpp, line 1248]
Event: 4.504 Thread 0x00007fa7a5800000 Exception <a 'java/security/PrivilegedActionException'> (0x000000079562d8f8) thrown at [/HUDSON3/workspace/8-2-build-macosx-x86_64/jdk8u11/648/hotspot/src/share/vm/prims/jvm.cpp, line 1248]
Event: 5.507 Thread 0x00007fa7a5800000 Exception <a 'java/lang/ArrayIndexOutOfBoundsException': -1> (0x00000007956339d0) thrown at [/HUDSON3/workspace/8-2-build-macosx-x86_64/jdk8u11/648/hotspot/src/share/vm/interpreter/interpreterRuntime.cpp, line 337]
Event: 23.449 Thread 0x00007fa7a5800000 Exception <a 'java/security/PrivilegedActionException'> (0x000000079581aa88) thrown at [/HUDSON3/workspace/8-2-build-macosx-x86_64/jdk8u11/648/hotspot/src/share/vm/prims/jvm.cpp, line 1248]

Events (10 events):
Event: 18.868 Executing VM operation: RevokeBias
Event: 18.868 Executing VM operation: RevokeBias done
Event: 18.868 Thread 0x00007fa7a4aa3000 Thread exited: 0x00007fa7a4aa3000
Event: 21.048 Thread 0x00007fa7a48ba000 Thread added: 0x00007fa7a48ba000
Event: 22.049 Executing VM operation: RevokeBias
Event: 22.050 Executing VM operation: RevokeBias done
Event: 22.050 Thread 0x00007fa7a48ba000 Thread exited: 0x00007fa7a48ba000
Event: 22.355 Thread 0x00007fa7a8870000 Thread added: 0x00007fa7a8870000
Event: 23.449 loading class org/lwjgl/opengl/CallbackUtil
Event: 23.449 loading class org/lwjgl/opengl/CallbackUtil done


Dynamic libraries:
0x0000000007c19000 	/System/Library/Frameworks/Cocoa.framework/Versions/A/Cocoa
0x0000000007c19000 	/System/Library/Frameworks/Security.framework/Versions/A/Security
0x0000000007c19000 	/System/Library/Frameworks/ApplicationServices.framework/Versions/A/ApplicationServices
0x0000000007c19000 	/usr/lib/libz.1.dylib
0x0000000007c19000 	/usr/lib/libSystem.B.dylib
0x0000000007c19000 	/usr/lib/libobjc.A.dylib
0x0000000007c19000 	/System/Library/Frameworks/CoreFoundation.framework/Versions/A/CoreFoundation
0x0000000007c19000 	/System/Library/Frameworks/Foundation.framework/Versions/C/Foundation
0x0000000007c19000 	/System/Library/Frameworks/AppKit.framework/Versions/C/AppKit
0x0000000007c19000 	/System/Library/Frameworks/CoreData.framework/Versions/A/CoreData
0x0000000007c19000 	/System/Library/PrivateFrameworks/RemoteViewServices.framework/Versions/A/RemoteViewServices
0x0000000007c19000 	/System/Library/PrivateFrameworks/UIFoundation.framework/Versions/A/UIFoundation
0x0000000007c19000 	/System/Library/Frameworks/IOSurface.framework/Versions/A/IOSurface
0x0000000007c19000 	/System/Library/Frameworks/AudioToolbox.framework/Versions/A/AudioToolbox
0x0000000007c19000 	/System/Library/Frameworks/AudioUnit.framework/Versions/A/AudioUnit
0x0000000007c19000 	/System/Library/PrivateFrameworks/DataDetectorsCore.framework/Versions/A/DataDetectorsCore
0x0000000007c19000 	/System/Library/PrivateFrameworks/DesktopServicesPriv.framework/Versions/A/DesktopServicesPriv
0x0000000007c19000 	/System/Library/Frameworks/Carbon.framework/Versions/A/Frameworks/HIToolbox.framework/Versions/A/HIToolbox
0x0000000007c19000 	/System/Library/Frameworks/QuartzCore.framework/Versions/A/QuartzCore
0x0000000007c19000 	/System/Library/Frameworks/Carbon.framework/Versions/A/Frameworks/SpeechRecognition.framework/Versions/A/SpeechRecognition
0x0000000007c19000 	/usr/lib/libauto.dylib
0x0000000007c19000 	/usr/lib/libicucore.A.dylib
0x0000000007c19000 	/usr/lib/libxml2.2.dylib
0x0000000007c19000 	/System/Library/PrivateFrameworks/CoreUI.framework/Versions/A/CoreUI
0x0000000007c19000 	/System/Library/Frameworks/CoreAudio.framework/Versions/A/CoreAudio
0x0000000007c19000 	/System/Library/Frameworks/DiskArbitration.framework/Versions/A/DiskArbitration
0x0000000007c19000 	/usr/lib/liblangid.dylib
0x0000000007c19000 	/System/Library/PrivateFrameworks/MultitouchSupport.framework/Versions/A/MultitouchSupport
0x0000000007c19000 	/System/Library/Frameworks/IOKit.framework/Versions/A/IOKit
0x0000000007c19000 	/usr/lib/libDiagnosticMessagesClient.dylib
0x0000000007c19000 	/System/Library/Frameworks/CoreServices.framework/Versions/A/CoreServices
0x0000000007c19000 	/System/Library/PrivateFrameworks/PerformanceAnalysis.framework/Versions/A/PerformanceAnalysis
0x0000000007c19000 	/System/Library/PrivateFrameworks/GenerationalStorage.framework/Versions/A/GenerationalStorage
0x0000000007c19000 	/System/Library/Frameworks/OpenGL.framework/Versions/A/OpenGL
0x0000000007c19000 	/System/Library/PrivateFrameworks/Sharing.framework/Versions/A/Sharing
0x0000000007c19000 	/System/Library/Frameworks/CoreGraphics.framework/Versions/A/CoreGraphics
0x0000000007c19000 	/System/Library/Frameworks/CoreText.framework/Versions/A/CoreText
0x0000000007c19000 	/System/Library/Frameworks/ImageIO.framework/Versions/A/ImageIO
0x0000000007c19000 	/usr/lib/libextension.dylib
0x0000000007c19000 	/System/Library/PrivateFrameworks/Backup.framework/Versions/A/Backup
0x0000000007c19000 	/usr/lib/libarchive.2.dylib
0x0000000007c19000 	/System/Library/Frameworks/CFNetwork.framework/Versions/A/CFNetwork
0x0000000007c19000 	/System/Library/Frameworks/SystemConfiguration.framework/Versions/A/SystemConfiguration
0x0000000007c19000 	/usr/lib/libCRFSuite.dylib
0x0000000007c19000 	/usr/lib/libc++.1.dylib
0x0000000007c19000 	/usr/lib/libc++abi.dylib
0x0000000007c19000 	/usr/lib/system/libcache.dylib
0x0000000007c19000 	/usr/lib/system/libcommonCrypto.dylib
0x0000000007c19000 	/usr/lib/system/libcompiler_rt.dylib
0x0000000007c19000 	/usr/lib/system/libcopyfile.dylib
0x0000000007c19000 	/usr/lib/system/libcorecrypto.dylib
0x0000000007c19000 	/usr/lib/system/libdispatch.dylib
0x0000000007c19000 	/usr/lib/system/libdyld.dylib
0x0000000007c19000 	/usr/lib/system/libkeymgr.dylib
0x0000000007c19000 	/usr/lib/system/liblaunch.dylib
0x0000000007c19000 	/usr/lib/system/libmacho.dylib
0x0000000007c19000 	/usr/lib/system/libquarantine.dylib
0x0000000007c19000 	/usr/lib/system/libremovefile.dylib
0x0000000007c19000 	/usr/lib/system/libsystem_asl.dylib
0x0000000007c19000 	/usr/lib/system/libsystem_blocks.dylib
0x0000000007c19000 	/usr/lib/system/libsystem_c.dylib
0x0000000007c19000 	/usr/lib/system/libsystem_configuration.dylib
0x0000000007c19000 	/usr/lib/system/libsystem_coreservices.dylib
0x0000000007c19000 	/usr/lib/system/libsystem_coretls.dylib
0x0000000007c19000 	/usr/lib/system/libsystem_dnssd.dylib
0x0000000007c19000 	/usr/lib/system/libsystem_info.dylib
0x0000000007c19000 	/usr/lib/system/libsystem_kernel.dylib
0x0000000007c19000 	/usr/lib/system/libsystem_m.dylib
0x0000000007c19000 	/usr/lib/system/libsystem_malloc.dylib
0x0000000007c19000 	/usr/lib/system/libsystem_network.dylib
0x0000000007c19000 	/usr/lib/system/libsystem_networkextension.dylib
0x0000000007c19000 	/usr/lib/system/libsystem_notify.dylib
0x0000000007c19000 	/usr/lib/system/libsystem_platform.dylib
0x0000000007c19000 	/usr/lib/system/libsystem_pthread.dylib
0x0000000007c19000 	/usr/lib/system/libsystem_sandbox.dylib
0x0000000007c19000 	/usr/lib/system/libsystem_secinit.dylib
0x0000000007c19000 	/usr/lib/system/libsystem_stats.dylib
0x0000000007c19000 	/usr/lib/system/libsystem_trace.dylib
0x0000000007c19000 	/usr/lib/system/libunc.dylib
0x0000000007c19000 	/usr/lib/system/libunwind.dylib
0x0000000007c19000 	/usr/lib/system/libxpc.dylib
0x0000000007c19000 	/usr/lib/libbz2.1.0.dylib
0x0000000007c19000 	/usr/lib/liblzma.5.dylib
0x0000000007c19000 	/usr/lib/libbsm.0.dylib
0x0000000007c19000 	/usr/lib/libsqlite3.dylib
0x0000000007c19000 	/usr/lib/system/libkxld.dylib
0x0000000007c19000 	/usr/lib/libxar.1.dylib
0x0000000007c19000 	/usr/lib/libpam.2.dylib
0x0000000007c19000 	/usr/lib/libOpenScriptingUtil.dylib
0x0000000007c19000 	/System/Library/Frameworks/CoreServices.framework/Versions/A/Frameworks/FSEvents.framework/Versions/A/FSEvents
0x0000000007c19000 	/System/Library/Frameworks/CoreServices.framework/Versions/A/Frameworks/CarbonCore.framework/Versions/A/CarbonCore
0x0000000007c19000 	/System/Library/Frameworks/CoreServices.framework/Versions/A/Frameworks/Metadata.framework/Versions/A/Metadata
0x0000000007c19000 	/System/Library/Frameworks/CoreServices.framework/Versions/A/Frameworks/OSServices.framework/Versions/A/OSServices
0x0000000007c19000 	/System/Library/Frameworks/CoreServices.framework/Versions/A/Frameworks/SearchKit.framework/Versions/A/SearchKit
0x0000000007c19000 	/System/Library/Frameworks/CoreServices.framework/Versions/A/Frameworks/AE.framework/Versions/A/AE
0x0000000007c19000 	/System/Library/Frameworks/CoreServices.framework/Versions/A/Frameworks/LaunchServices.framework/Versions/A/LaunchServices
0x0000000007c19000 	/System/Library/Frameworks/CoreServices.framework/Versions/A/Frameworks/DictionaryServices.framework/Versions/A/DictionaryServices
0x0000000007c19000 	/System/Library/Frameworks/NetFS.framework/Versions/A/NetFS
0x0000000007c19000 	/System/Library/PrivateFrameworks/NetAuth.framework/Versions/A/NetAuth
0x0000000007c19000 	/System/Library/PrivateFrameworks/login.framework/Versions/A/Frameworks/loginsupport.framework/Versions/A/loginsupport
0x0000000007c19000 	/System/Library/PrivateFrameworks/TCC.framework/Versions/A/TCC
0x0000000007c19000 	/usr/lib/libmecabra.dylib
0x0000000007c19000 	/System/Library/Frameworks/ApplicationServices.framework/Versions/A/Frameworks/ATS.framework/Versions/A/ATS
0x0000000007c19000 	/System/Library/Frameworks/ApplicationServices.framework/Versions/A/Frameworks/ColorSync.framework/Versions/A/ColorSync
0x0000000007c19000 	/System/Library/Frameworks/ApplicationServices.framework/Versions/A/Frameworks/HIServices.framework/Versions/A/HIServices
0x0000000007c19000 	/System/Library/Frameworks/ApplicationServices.framework/Versions/A/Frameworks/LangAnalysis.framework/Versions/A/LangAnalysis
0x0000000007c19000 	/System/Library/Frameworks/ApplicationServices.framework/Versions/A/Frameworks/PrintCore.framework/Versions/A/PrintCore
0x0000000007c19000 	/System/Library/Frameworks/ApplicationServices.framework/Versions/A/Frameworks/QD.framework/Versions/A/QD
0x0000000007c19000 	/System/Library/Frameworks/ApplicationServices.framework/Versions/A/Frameworks/SpeechSynthesis.framework/Versions/A/SpeechSynthesis
0x0000000007c19000 	/System/Library/Frameworks/Accelerate.framework/Versions/A/Accelerate
0x0000000007c19000 	/System/Library/Frameworks/Accelerate.framework/Versions/A/Frameworks/vImage.framework/Versions/A/vImage
0x0000000007c19000 	/System/Library/Frameworks/Accelerate.framework/Versions/A/Frameworks/vecLib.framework/Versions/A/vecLib
0x0000000007c19000 	/System/Library/Frameworks/Accelerate.framework/Versions/A/Frameworks/vecLib.framework/Versions/A/libvDSP.dylib
0x0000000007c19000 	/System/Library/Frameworks/Accelerate.framework/Versions/A/Frameworks/vecLib.framework/Versions/A/libvMisc.dylib
0x0000000007c19000 	/System/Library/Frameworks/Accelerate.framework/Versions/A/Frameworks/vecLib.framework/Versions/A/libLAPACK.dylib
0x0000000007c19000 	/System/Library/Frameworks/Accelerate.framework/Versions/A/Frameworks/vecLib.framework/Versions/A/libBLAS.dylib
0x0000000007c19000 	/System/Library/Frameworks/Accelerate.framework/Versions/A/Frameworks/vecLib.framework/Versions/A/libLinearAlgebra.dylib
0x0000000007c19000 	/System/Library/Frameworks/ApplicationServices.framework/Versions/A/Frameworks/ATS.framework/Versions/A/Resources/libFontParser.dylib
0x0000000007c19000 	/System/Library/Frameworks/ApplicationServices.framework/Versions/A/Frameworks/ATS.framework/Versions/A/Resources/libFontRegistry.dylib
0x0000000007c19000 	/System/Library/PrivateFrameworks/AppleVPA.framework/Versions/A/AppleVPA
0x0000000007c19000 	/System/Library/PrivateFrameworks/AppleJPEG.framework/Versions/A/AppleJPEG
0x0000000007c19000 	/System/Library/Frameworks/ImageIO.framework/Versions/A/Resources/libJPEG.dylib
0x0000000007c19000 	/System/Library/Frameworks/ImageIO.framework/Versions/A/Resources/libTIFF.dylib
0x0000000007c19000 	/System/Library/Frameworks/ImageIO.framework/Versions/A/Resources/libPng.dylib
0x0000000007c19000 	/System/Library/Frameworks/ImageIO.framework/Versions/A/Resources/libGIF.dylib
0x0000000007c19000 	/System/Library/Frameworks/ImageIO.framework/Versions/A/Resources/libJP2.dylib
0x0000000007c19000 	/System/Library/Frameworks/ImageIO.framework/Versions/A/Resources/libRadiance.dylib
0x0000000007c19000 	/System/Library/Frameworks/CoreVideo.framework/Versions/A/CoreVideo
0x0000000007c19000 	/System/Library/Frameworks/OpenGL.framework/Versions/A/Libraries/libGLU.dylib
0x0000000007c19000 	/System/Library/Frameworks/OpenGL.framework/Versions/A/Libraries/libGFXShared.dylib
0x0000000007c19000 	/System/Library/Frameworks/OpenGL.framework/Versions/A/Libraries/libGL.dylib
0x0000000007c19000 	/System/Library/Frameworks/OpenGL.framework/Versions/A/Libraries/libGLImage.dylib
0x0000000007c19000 	/System/Library/Frameworks/OpenGL.framework/Versions/A/Libraries/libCVMSPluginSupport.dylib
0x0000000007c19000 	/System/Library/Frameworks/OpenGL.framework/Versions/A/Libraries/libCoreVMClient.dylib
0x0000000007c19000 	/usr/lib/libcups.2.dylib
0x0000000007c19000 	/System/Library/Frameworks/Kerberos.framework/Versions/A/Kerberos
0x0000000007c19000 	/System/Library/Frameworks/GSS.framework/Versions/A/GSS
0x0000000007c19000 	/usr/lib/libresolv.9.dylib
0x0000000007c19000 	/usr/lib/libiconv.2.dylib
0x0000000007c19000 	/System/Library/PrivateFrameworks/Heimdal.framework/Versions/A/Heimdal
0x0000000007c19000 	/usr/lib/libheimdal-asn1.dylib
0x0000000007c19000 	/System/Library/Frameworks/OpenDirectory.framework/Versions/A/OpenDirectory
0x0000000007c19000 	/System/Library/PrivateFrameworks/CommonAuth.framework/Versions/A/CommonAuth
0x0000000007c19000 	/System/Library/Frameworks/OpenDirectory.framework/Versions/A/Frameworks/CFOpenDirectory.framework/Versions/A/CFOpenDirectory
0x0000000007c19000 	/System/Library/Frameworks/SecurityFoundation.framework/Versions/A/SecurityFoundation
0x0000000007c19000 	/System/Library/PrivateFrameworks/LanguageModeling.framework/Versions/A/LanguageModeling
0x0000000007c19000 	/usr/lib/libcmph.dylib
0x0000000007c19000 	/System/Library/Frameworks/ServiceManagement.framework/Versions/A/ServiceManagement
0x0000000007c19000 	/usr/lib/libxslt.1.dylib
0x0000000007c19000 	/System/Library/Frameworks/Carbon.framework/Versions/A/Frameworks/Ink.framework/Versions/A/Ink
0x0000000007c19000 	/System/Library/Frameworks/QuartzCore.framework/Versions/A/Frameworks/CoreImage.framework/Versions/A/CoreImage
0x0000000007c19000 	/System/Library/PrivateFrameworks/CrashReporterSupport.framework/Versions/A/CrashReporterSupport
0x0000000007c19000 	/System/Library/Frameworks/OpenCL.framework/Versions/A/OpenCL
0x0000000007c19000 	/System/Library/PrivateFrameworks/FaceCore.framework/Versions/A/FaceCore
0x0000000007c19000 	/System/Library/PrivateFrameworks/Ubiquity.framework/Versions/A/Ubiquity
0x0000000007c19000 	/System/Library/PrivateFrameworks/IconServices.framework/Versions/A/IconServices
0x0000000007c19000 	/System/Library/PrivateFrameworks/ChunkingLibrary.framework/Versions/A/ChunkingLibrary
0x0000000007c19000 	/System/Library/PrivateFrameworks/Apple80211.framework/Versions/A/Apple80211
0x0000000007c19000 	/System/Library/Frameworks/CoreWLAN.framework/Versions/A/CoreWLAN
0x0000000007c19000 	/System/Library/Frameworks/IOBluetooth.framework/Versions/A/IOBluetooth
0x0000000007c19000 	/System/Library/PrivateFrameworks/CoreWiFi.framework/Versions/A/CoreWiFi
0x0000000007c19000 	/System/Library/Frameworks/CoreBluetooth.framework/Versions/A/CoreBluetooth
0x0000000007c19000 	/System/Library/PrivateFrameworks/DebugSymbols.framework/Versions/A/DebugSymbols
0x0000000007c19000 	/System/Library/PrivateFrameworks/CoreSymbolication.framework/Versions/A/CoreSymbolication
0x0000000007c19000 	/System/Library/PrivateFrameworks/Symbolication.framework/Versions/A/Symbolication
0x0000000007c19000 	/System/Library/PrivateFrameworks/SpeechRecognitionCore.framework/Versions/A/SpeechRecognitionCore
0x0000000102a3e000 	/Library/Java/JavaVirtualMachines/jdk1.8.0_11.jdk/Contents/Home/jre/lib/server/libjvm.dylib
0x0000000007c19000 	/usr/lib/libstdc++.6.dylib
0x0000000103a02000 	/Library/Java/JavaVirtualMachines/jdk1.8.0_11.jdk/Contents/Home/jre/lib/libverify.dylib
0x0000000103a10000 	/Library/Java/JavaVirtualMachines/jdk1.8.0_11.jdk/Contents/Home/jre/lib/libjava.dylib
0x0000000103a65000 	/Library/Java/JavaVirtualMachines/jdk1.8.0_11.jdk/Contents/Home/jre/lib/libzip.dylib
0x0000000103be2000 	/System/Library/Frameworks/JavaVM.framework/Frameworks/JavaRuntimeSupport.framework/JavaRuntimeSupport
0x000000011a301000 	/System/Library/Frameworks/JavaVM.framework/Versions/A/Frameworks/JavaNativeFoundation.framework/Versions/A/JavaNativeFoundation
0x000000011a316000 	/System/Library/Frameworks/JavaVM.framework/Versions/A/JavaVM
0x0000000007c19000 	/System/Library/Frameworks/Carbon.framework/Versions/A/Carbon
0x000000011a323000 	/System/Library/PrivateFrameworks/JavaLaunching.framework/Versions/A/JavaLaunching
0x0000000007c19000 	/System/Library/Frameworks/Carbon.framework/Versions/A/Frameworks/CommonPanels.framework/Versions/A/CommonPanels
0x0000000007c19000 	/System/Library/Frameworks/Carbon.framework/Versions/A/Frameworks/Help.framework/Versions/A/Help
0x0000000007c19000 	/System/Library/Frameworks/Carbon.framework/Versions/A/Frameworks/ImageCapture.framework/Versions/A/ImageCapture
0x0000000007c19000 	/System/Library/Frameworks/Carbon.framework/Versions/A/Frameworks/OpenScripting.framework/Versions/A/OpenScripting
0x0000000007c19000 	/System/Library/Frameworks/Carbon.framework/Versions/A/Frameworks/Print.framework/Versions/A/Print
0x0000000007c19000 	/System/Library/Frameworks/Carbon.framework/Versions/A/Frameworks/SecurityHI.framework/Versions/A/SecurityHI
0x000000011c279000 	/Library/Java/JavaVirtualMachines/jdk1.8.0_11.jdk/Contents/Home/jre/lib/libawt.dylib
0x000000011c328000 	/Library/Java/JavaVirtualMachines/jdk1.8.0_11.jdk/Contents/Home/jre/lib/./libmlib_image.dylib
0x000000011c3f4000 	/Library/Java/JavaVirtualMachines/jdk1.8.0_11.jdk/Contents/Home/jre/lib/libawt_lwawt.dylib
0x000000011c4a6000 	/Library/Java/JavaVirtualMachines/jdk1.8.0_11.jdk/Contents/Home/jre/lib/./libosxapp.dylib
0x0000000007c19000 	/System/Library/Frameworks/ExceptionHandling.framework/Versions/A/ExceptionHandling
0x0000000007c19000 	/System/Library/PrivateFrameworks/CoreServicesInternal.framework/Versions/A/CoreServicesInternal
0x0000000007c19000 	/System/Library/PrivateFrameworks/CloudDocs.framework/Versions/A/CloudDocs
0x0000000007c19000 	/System/Library/PrivateFrameworks/CoreDuet.framework/Versions/A/CoreDuet
0x0000000007c19000 	/System/Library/Frameworks/CloudKit.framework/Versions/A/CloudKit
0x0000000007c19000 	/System/Library/PrivateFrameworks/ProtocolBuffer.framework/Versions/A/ProtocolBuffer
0x0000000007c19000 	/System/Library/PrivateFrameworks/CoreDuetDaemonProtocol.framework/Versions/A/CoreDuetDaemonProtocol
0x0000000007c19000 	/System/Library/PrivateFrameworks/CoreDuetDebugLogging.framework/Versions/A/CoreDuetDebugLogging
0x0000000007c19000 	/System/Library/PrivateFrameworks/MMCS.framework/Versions/A/MMCS
0x0000000007c19000 	/System/Library/Frameworks/CoreLocation.framework/Versions/A/CoreLocation
0x0000000007c19000 	/System/Library/PrivateFrameworks/ProtectedCloudStorage.framework/Versions/A/ProtectedCloudStorage
0x0000000007c19000 	/System/Library/PrivateFrameworks/GeoServices.framework/Versions/A/GeoServices
0x0000000007c19000 	/System/Library/Frameworks/CoreGraphics.framework/Versions/A/Resources/libCGCMS.A.dylib
0x0000000007c19000 	/System/Library/Frameworks/CoreGraphics.framework/Versions/A/Resources/libRIP.A.dylib
0x0000000007c19000 	/System/Library/Frameworks/CoreGraphics.framework/Versions/A/Resources/libCGXType.A.dylib
0x0000000007c19000 	/System/Library/Frameworks/OpenCL.framework/Versions/A/Libraries/libcldcpuengine.dylib
0x0000000007c19000 	/System/Library/PrivateFrameworks/DiskImages.framework/Versions/A/DiskImages
0x0000000007c19000 	/System/Library/Frameworks/DiscRecording.framework/Versions/A/DiscRecording
0x0000000007c19000 	/usr/lib/libcsfde.dylib
0x0000000007c19000 	/usr/lib/libcurl.4.dylib
0x0000000007c19000 	/System/Library/PrivateFrameworks/MediaKit.framework/Versions/A/MediaKit
0x0000000007c19000 	/usr/lib/libCoreStorage.dylib
0x0000000007c19000 	/System/Library/PrivateFrameworks/EFILogin.framework/Versions/A/EFILogin
0x0000000007c19000 	/usr/lib/libutil.dylib
0x0000000007c19000 	/System/Library/PrivateFrameworks/FindMyDevice.framework/Versions/A/FindMyDevice
0x0000000007c19000 	/System/Library/Frameworks/LDAP.framework/Versions/A/LDAP
0x0000000007c19000 	/usr/lib/libsasl2.2.dylib
0x0000000007c19000 	/System/Library/PrivateFrameworks/CoreDaemon.framework/Versions/B/CoreDaemon
0x0000000007c19000 	/usr/lib/libcrypto.0.9.8.dylib
0x0000000007c19000 	/System/Library/PrivateFrameworks/AppleSRP.framework/Versions/A/AppleSRP
0x0000000007c19000 	/System/Library/PrivateFrameworks/TrustEvaluationAgent.framework/Versions/A/TrustEvaluationAgent
0x000000011f2d1000 	cl_kernels
0x000000011f2d3000 	/System/Library/Frameworks/OpenCL.framework/Versions/A/Libraries/ImageFormats/unorm8_bgra.dylib
0x000000011f2c2000 	cl_kernels
0x0000000007c19000 	/System/Library/PrivateFrameworks/FamilyControls.framework/Versions/A/FamilyControls
0x0000000007c19000 	/System/Library/PrivateFrameworks/CommerceKit.framework/Versions/A/Frameworks/CommerceCore.framework/Versions/A/CommerceCore
0x0000000007c19000 	/System/Library/PrivateFrameworks/SystemAdministration.framework/Versions/A/SystemAdministration
0x0000000007c19000 	/System/Library/PrivateFrameworks/AppContainer.framework/Versions/A/AppContainer
0x0000000007c19000 	/System/Library/PrivateFrameworks/SecCodeWrapper.framework/Versions/A/SecCodeWrapper
0x0000000007c19000 	/System/Library/Frameworks/DirectoryService.framework/Versions/A/DirectoryService
0x0000000007c19000 	/System/Library/PrivateFrameworks/LoginUIKit.framework/Versions/A/Frameworks/LoginUICore.framework/Versions/A/LoginUICore
0x0000000007c19000 	/usr/lib/libodfde.dylib
0x000000012051c000 	/Library/Java/JavaVirtualMachines/jdk1.8.0_11.jdk/Contents/Home/jre/lib/libfontmanager.dylib
0x0000000120582000 	/Users/Olivier/Dropbox/Projet_Int-grateur_TeamYOCO-master/build/classes/res/native/liblwjgl.dylib
0x000000011e80a000 	/Library/Java/JavaVirtualMachines/jdk1.8.0_11.jdk/Contents/Home/jre/lib/libjawt.dylib
0x0000000007c19000 	/System/Library/Frameworks/OpenGL.framework/Versions/A/Resources/GLEngine.bundle/GLEngine
0x0000000007c19000 	/System/Library/Frameworks/OpenGL.framework/Versions/A/Libraries/libGLProgrammability.dylib
0x000000012060e000 	/System/Library/Extensions/AppleIntelHDGraphicsGLDriver.bundle/Contents/MacOS/AppleIntelHDGraphicsGLDriver
0x0000000120a95000 	/System/Library/PrivateFrameworks/GPUSupport.framework/Versions/A/Libraries/libGPUSupport.dylib
0x0000000000000000 	/System/Library/Extensions/GeForceTeslaGLDriver.bundle/Contents/MacOS/GeForceTeslaGLDriver
0x0000000120aa9000 	/System/Library/Extensions/GeForceTeslaGLDriver.bundle/Contents/MacOS/libclh.dylib
0x0000000007c19000 	/System/Library/Frameworks/OpenGL.framework/Versions/A/Resources/GLRendererFloat.bundle/GLRendererFloat
0x0000000121620000 	/Library/Java/JavaVirtualMachines/jdk1.8.0_11.jdk/Contents/Home/jre/lib/libnio.dylib
0x0000000121bc8000 	/Library/Java/JavaVirtualMachines/jdk1.8.0_11.jdk/Contents/Home/jre/lib/./libnet.dylib
0x0000000121ce1000 	/Library/Java/JavaVirtualMachines/jdk1.8.0_11.jdk/Contents/Home/jre/lib/libjpeg.dylib
0x00000001216a4000 	/Users/Olivier/Dropbox/Projet_Int-grateur_TeamYOCO-master/build/classes/res/native/openal.dylib
0x0000000123180000 	/System/Library/Components/CoreAudio.component/Contents/MacOS/CoreAudio
0x0000000121714000 	/System/Library/Extensions/AppleHDA.kext/Contents/PlugIns/AppleHDAHALPlugIn.bundle/Contents/MacOS/AppleHDAHALPlugIn

VM Arguments:
jvm_args: -Dfile.encoding=UTF-8 -Djava.library.path=lib 
java_command: ca.qc.bdeb.info204.Game
java_class_path (initial): /Users/Olivier/Dropbox/Projet_Int-grateur_TeamYOCO-master/lib/jinput.jar:/Users/Olivier/Dropbox/Projet_Int-grateur_TeamYOCO-master/lib/lwjgl.jar:/Users/Olivier/Dropbox/Projet_Int-grateur_TeamYOCO-master/lib/lwjgl_util.jar:/Users/Olivier/Dropbox/Projet_Int-grateur_TeamYOCO-master/lib/slick.jar:/Users/Olivier/Dropbox/Projet_Int-grateur_TeamYOCO-master/lib/SlickUtils-1.3.jar:/Users/Olivier/Dropbox/Projet_Int-grateur_TeamYOCO-master/build/classes
Launcher Type: SUN_STANDARD

Environment Variables:
PATH=/usr/bin:/bin:/usr/sbin:/sbin
LD_LIBRARY_PATH=/Library/Java/JavaVirtualMachines/jdk1.8.0_11.jdk/Contents/Home/jre/lib/amd64:/Library/Java/JavaVirtualMachines/jdk1.8.0_11.jdk/Contents/Home/jre/lib/i386:
SHELL=/bin/bash
DYLD_LIBRARY_PATH=/Applications/NetBeans/NetBeans 8.0.1.app/Contents/Resources/NetBeans/webcommon/bin:

Signal Handlers:
SIGSEGV: [libjvm.dylib+0x56059b], sa_mask[0]=0xfffefeff, sa_flags=0x00000043
SIGBUS: [libjvm.dylib+0x56059b], sa_mask[0]=0xfffefeff, sa_flags=0x00000042
SIGFPE: [libjvm.dylib+0x4438f2], sa_mask[0]=0xfffefeff, sa_flags=0x00000042
SIGPIPE: [libjvm.dylib+0x4438f2], sa_mask[0]=0xfffefeff, sa_flags=0x00000042
SIGXFSZ: [libjvm.dylib+0x4438f2], sa_mask[0]=0xfffefeff, sa_flags=0x00000042
SIGILL: [libjvm.dylib+0x4438f2], sa_mask[0]=0xfffefeff, sa_flags=0x00000042
SIGUSR1: SIG_DFL, sa_mask[0]=0x00000000, sa_flags=0x00000000
SIGUSR2: [libjvm.dylib+0x443410], sa_mask[0]=0x00000004, sa_flags=0x00000042
SIGHUP: [libjvm.dylib+0x44179b], sa_mask[0]=0xfffefeff, sa_flags=0x00000042
SIGINT: SIG_IGN, sa_mask[0]=0x00000000, sa_flags=0x00000000
SIGTERM: [libjvm.dylib+0x44179b], sa_mask[0]=0xfffefeff, sa_flags=0x00000042
SIGQUIT: [libjvm.dylib+0x44179b], sa_mask[0]=0xfffefeff, sa_flags=0x00000042


---------------  S Y S T E M  ---------------

OS:Bsduname:Darwin 14.5.0 Darwin Kernel Version 14.5.0: Wed Jul 29 02:26:53 PDT 2015; root:xnu-2782.40.9~1/RELEASE_X86_64 x86_64
rlimit: STACK 8192k, CORE 0k, NPROC 709, NOFILE 10240, AS infinity
load average:2.03 2.06 2.01

CPU:total 4 (2 cores per cpu, 2 threads per core) family 6 model 37 stepping 5, cmov, cx8, fxsr, mmx, sse, sse2, sse3, ssse3, sse4.1, sse4.2, popcnt, aes, clmul, ht, tsc, tscinvbit

Memory: 4k page, physical 8388608k(91788k free)

/proc/meminfo:


vm_info: Java HotSpot(TM) 64-Bit Server VM (25.11-b03) for bsd-amd64 JRE (1.8.0_11-b12), built on Jun 16 2014 17:39:42 by "java_re" with gcc 4.2.1 (Based on Apple Inc. build 5658) (LLVM build 2336.11.00)

time: Sat Apr 16 23:37:02 2016
elapsed time: 23 seconds

