#
# A fatal error has been detected by the Java Runtime Environment:
#
#  SIGSEGV (0xb) at pc=0x00007fff8f9a10e9, pid=2853, tid=1811
#
# JRE version: Java(TM) SE Runtime Environment (8.0_11-b12) (build 1.8.0_11-b12)
# Java VM: Java HotSpot(TM) 64-Bit Server VM (25.11-b03 mixed mode bsd-amd64 compressed oops)
# Problematic frame:
# C  [libobjc.A.dylib+0x10e9]  objc_msgSend+0x29
#
# Failed to write core dump. Core dumps have been disabled. To enable core dumping, try "ulimit -c unlimited" before starting Java again
#
# If you would like to submit a bug report, please visit:
#   http://bugreport.sun.com/bugreport/crash.jsp
# The crash happened outside the Java Virtual Machine in native code.
# See problematic frame for where to report the bug.
#

---------------  T H R E A D  ---------------

Current thread (0x00007fc5040d6800):  JavaThread "AppKit Thread" daemon [_thread_in_native, id=1811, stack(0x00007fff59866000,0x00007fff5a066000)]

siginfo:si_signo=SIGSEGV: si_errno=0, si_code=1 (SEGV_MAPERR), si_addr=0x0000000000000000

Registers:
RAX=0x0000000000000000, RBX=0x00007fc502c719a0, RCX=0x0000000000000000, RDX=0x00007fc502c719a0
RSP=0x00007fff5a060bf8, RBP=0x00007fff5a060c20, RSI=0x00007fff8974e37c, RDI=0x00007fc502c70bf0
R8 =0x0000000000000001, R9 =0x0000000000000001, R10=0x0000000000000000, R11=0x00007fc50300a800
R12=0x0000000000000094, R13=0x00007fc502c76e20, R14=0x00007fc502c70bf0, R15=0x00007fff5a061110
RIP=0x00007fff8f9a10e9, EFLAGS=0x0000000000010246, ERR=0x0000000000000004
  TRAPNO=0x000000000000000e

Top of Stack: (sp=0x00007fff5a060bf8)
0x00007fff5a060bf8:   00000001237e6598 00007fc502c719a0
0x00007fff5a060c08:   000000012381ac60 00007fc502c76e20
0x00007fff5a060c18:   00007fc502c719a0 00007fff5a061100
0x00007fff5a060c28:   00007fff88e2ef45 0000000000000000
0x00007fff5a060c38:   0000000000000000 4090000000000000
0x00007fff5a060c48:   4086000000000000 0000000000000000
0x00007fff5a060c58:   0000000000000000 4090000000000000
0x00007fff5a060c68:   4086000000000000 4090000000000000
0x00007fff5a060c78:   4086b00000000000 401c000000000000
0x00007fff5a060c88:   4086180000000000 402c000000000000
0x00007fff5a060c98:   4030000000000000 401c000000000000
0x00007fff5a060ca8:   0000000000000000 0000000000000000
0x00007fff5a060cb8:   4030000000000000 00007fff89711129
0x00007fff5a060cc8:   4008000000000000 00007fc502c745c0
0x00007fff5a060cd8:   0000000100000000 0000000000000000
0x00007fff5a060ce8:   00007fc502c51480 00007fff5a060e40
0x00007fff5a060cf8:   00007fff88e33b36 00007fff5a060e40
0x00007fff5a060d08:   00007fff88e35e82 402c000000000000
0x00007fff5a060d18:   4030000000000000 401c000000000000
0x00007fff5a060d28:   4086180000000000 402c000000000000
0x00007fff5a060d38:   4030000000000000 0000000000000000
0x00007fff5a060d48:   0000000000000000 4090000000000000
0x00007fff5a060d58:   4086b00000000000 401c000000000000
0x00007fff5a060d68:   4086180000000000 0000000105bb8e00
0x00007fff5a060d78:   00007fc502e81c80 00000000000000b0
0x00007fff5a060d88:   0000000000000002 000000000000081c
0x00007fff5a060d98:   0000000105bb4000 00007fff5a060e40
0x00007fff5a060da8:   00007fff89c91e7f 0000000000000cfc
0x00007fff5a060db8:   0000000105bb4000 00007fff5a060e60
0x00007fff5a060dc8:   000000000000081d 00007fff5a060ecf
0x00007fff5a060dd8:   0000000000000100 00007fc502efc080
0x00007fff5a060de8:   00007fc502e81bd0 0000000000000004 

Instructions: (pc=0x00007fff8f9a10e9)
0x00007fff8f9a10c9:   01 2e 75 7e 49 bb f8 ff ff ff ff 7f 00 00 4c 23
0x00007fff8f9a10d9:   1f 49 89 f2 45 23 53 18 49 c1 e2 04 4d 03 53 10
0x00007fff8f9a10e9:   49 3b 32 75 04 41 ff 62 08 49 83 3a 00 74 6a 4d
0x00007fff8f9a10f9:   3b 53 10 74 0d 49 83 ea 10 49 3b 32 75 eb 41 ff 

Register to memory mapping:

RAX=0x0000000000000000 is an unknown value
RBX=0x00007fc502c719a0 is an unknown value
RCX=0x0000000000000000 is an unknown value
RDX=0x00007fc502c719a0 is an unknown value
RSP=0x00007fff5a060bf8 is pointing into the stack for thread: 0x00007fc5040d6800
RBP=0x00007fff5a060c20 is pointing into the stack for thread: 0x00007fc5040d6800
RSI=0x00007fff8974e37c: -[NSTitlebarContainerView transparent]+0x5e270 in /System/Library/Frameworks/AppKit.framework/Versions/C/AppKit at 0x00007fff88d4d000
RDI=0x00007fc502c70bf0 is an unknown value
R8 =0x0000000000000001 is an unknown value
R9 =0x0000000000000001 is an unknown value
R10=0x0000000000000000 is an unknown value
R11=0x00007fc50300a800 is a thread
R12=0x0000000000000094 is an unknown value
R13=0x00007fc502c76e20 is an unknown value
R14=0x00007fc502c70bf0 is an unknown value
R15=0x00007fff5a061110 is pointing into the stack for thread: 0x00007fc5040d6800


Stack: [0x00007fff59866000,0x00007fff5a066000],  sp=0x00007fff5a060bf8,  free space=8170k
Native frames: (J=compiled Java code, j=interpreted, Vv=VM code, C=native code)
C  [libobjc.A.dylib+0x10e9]  objc_msgSend+0x29
C  [AppKit+0xe1f45]  -[NSView _recursiveDisplayRectIfNeededIgnoringOpacity:isVisibleRect:rectIsVisibleRectForView:topView:]+0x740
C  [AppKit+0xe2fa0]  -[NSView _recursiveDisplayRectIfNeededIgnoringOpacity:isVisibleRect:rectIsVisibleRectForView:topView:]+0x179b
C  [AppKit+0xe12f3]  -[NSThemeFrame _recursiveDisplayRectIfNeededIgnoringOpacity:isVisibleRect:rectIsVisibleRectForView:topView:]+0x14d
C  [AppKit+0xdd68b]  -[NSView _displayRectIgnoringOpacity:isVisibleRect:rectIsVisibleRectForView:]+0xac9
C  [AppKit+0x951ae]  -[NSView displayIfNeeded]+0x754
C  [AppKit+0x94a09]  -[NSWindow displayIfNeeded]+0xec
C  [AppKit+0x94672]  _handleWindowNeedsDisplayOrLayoutOrUpdateConstraints+0x3a8
C  [AppKit+0x7ca171]  __83-[NSWindow _postWindowNeedsDisplayOrLayoutOrUpdateConstraintsUnlessPostingDisabled]_block_invoke1540+0x2e
C  [CoreFoundation+0x80127]  __CFRUNLOOP_IS_CALLING_OUT_TO_AN_OBSERVER_CALLBACK_FUNCTION__+0x17
C  [CoreFoundation+0x80080]  __CFRunLoopDoObservers+0x170
C  [CoreFoundation+0x72188]  __CFRunLoopRun+0x368
C  [CoreFoundation+0x71bd8]  CFRunLoopRunSpecific+0x128
C  [HIToolbox+0x3256f]  RunCurrentEventLoopInMode+0xeb
C  [HIToolbox+0x321ee]  ReceiveNextEventCommon+0xb3
C  [HIToolbox+0x3212b]  _BlockUntilNextEventMatchingListInModeWithFilter+0x47
C  [AppKit+0x918ab]  _DPSNextEvent+0x3d2
C  [AppKit+0x90e58]  -[NSApplication nextEventMatchingMask:untilDate:inMode:dequeue:]+0x15a
C  [libosxapp.dylib+0x242a]  -[NSApplicationAWT nextEventMatchingMask:untilDate:inMode:dequeue:]+0x7c
C  [AppKit+0x86af3]  -[NSApplication run]+0x252
C  [libosxapp.dylib+0x223e]  +[NSApplicationAWT runAWTLoopWithApp:]+0x9c
C  [libawt_lwawt.dylib+0x439bb]  -[AWTStarter starter:]+0x389
C  [Foundation+0x92dd0]  __NSThreadPerformPerform+0x125
C  [CoreFoundation+0x80a01]  __CFRUNLOOP_IS_CALLING_OUT_TO_A_SOURCE0_PERFORM_FUNCTION__+0x11
C  [CoreFoundation+0x72b8d]  __CFRunLoopDoSources0+0x10d
C  [CoreFoundation+0x721bf]  __CFRunLoopRun+0x39f
C  [CoreFoundation+0x71bd8]  CFRunLoopRunSpecific+0x128
C  [java+0x56cb]  CreateExecutionEnvironment+0x367
C  [java+0x166c]  JLI_Launch+0x7a0
C  [java+0x7689]  main+0x65
C  [java+0xec4]  start+0x34


---------------  P R O C E S S  ---------------

Java Threads: ( => current thread )
  0x00007fc5030d8000 JavaThread "AWT-Shutdown" [_thread_blocked, id=27675, stack(0x000000012b0a5000,0x000000012b1a5000)]
  0x00007fc50418f800 JavaThread "Java2D Queue Flusher" daemon [_thread_blocked, id=56071, stack(0x0000000124fbf000,0x00000001250bf000)]
  0x00007fc5031b7000 JavaThread "Java2D Disposer" daemon [_thread_blocked, id=54343, stack(0x0000000124e39000,0x0000000124f39000)]
=>0x00007fc5040d6800 JavaThread "AppKit Thread" daemon [_thread_in_native, id=1811, stack(0x00007fff59866000,0x00007fff5a066000)]
  0x00007fc503025000 JavaThread "Service Thread" daemon [_thread_blocked, id=18179, stack(0x000000011f270000,0x000000011f370000)]
  0x00007fc50380d800 JavaThread "C1 CompilerThread2" daemon [_thread_blocked, id=17667, stack(0x000000011f16d000,0x000000011f26d000)]
  0x00007fc50380c800 JavaThread "C2 CompilerThread1" daemon [_thread_blocked, id=17155, stack(0x000000011f06a000,0x000000011f16a000)]
  0x00007fc503015800 JavaThread "C2 CompilerThread0" daemon [_thread_blocked, id=16643, stack(0x000000011ef67000,0x000000011f067000)]
  0x00007fc504042000 JavaThread "Signal Dispatcher" daemon [_thread_blocked, id=13331, stack(0x000000011ee64000,0x000000011ef64000)]
  0x00007fc50301d000 JavaThread "Finalizer" daemon [_thread_blocked, id=11523, stack(0x000000011d43c000,0x000000011d53c000)]
  0x00007fc50403a800 JavaThread "Reference Handler" daemon [_thread_blocked, id=11011, stack(0x000000011d339000,0x000000011d439000)]
  0x00007fc50300a800 JavaThread "main" [_thread_in_native, id=4867, stack(0x0000000105cb0000,0x0000000105db0000)]

Other Threads:
  0x00007fc504037800 VMThread [stack: 0x000000011d236000,0x000000011d336000] [id=10499]
  0x00007fc504802000 WatcherThread [stack: 0x000000011f373000,0x000000011f473000] [id=18691]

VM state:not at safepoint (normal execution)

VM Mutex/Monitor currently owned by a thread: None

Heap:
 PSYoungGen      total 14336K, used 2214K [0x0000000795580000, 0x0000000796d00000, 0x00000007c0000000)
  eden space 12288K, 8% used [0x0000000795580000,0x000000079567e968,0x0000000796180000)
  from space 2048K, 58% used [0x0000000796180000,0x00000007962aafc0,0x0000000796380000)
  to   space 2048K, 0% used [0x0000000796b00000,0x0000000796b00000,0x0000000796d00000)
 ParOldGen       total 129536K, used 46203K [0x0000000740000000, 0x0000000747e80000, 0x0000000795580000)
  object space 129536K, 35% used [0x0000000740000000,0x0000000742d1ee30,0x0000000747e80000)
 Metaspace       used 10637K, capacity 10757K, committed 11008K, reserved 1058816K
  class space    used 1137K, capacity 1175K, committed 1280K, reserved 1048576K

Card table byte_map: [0x000000011688a000,0x0000000116c8b000] byte_map_base: 0x0000000112e8a000

Marking Bits: (ParMarkBitMap*) 0x0000000106e670a0
 Begin Bits: [0x0000000117342000, 0x0000000119342000)
 End Bits:   [0x0000000119342000, 0x000000011b342000)

Polling page: 0x0000000105df4000

CodeCache: size=245760Kb used=3913Kb max_used=3913Kb free=241846Kb
 bounds [0x00000001074ca000, 0x00000001078aa000, 0x00000001164ca000]
 total_blobs=1513 nmethods=995 adapters=434
 compilation: enabled

Compilation events (10 events):
Event: 8.766 Thread 0x00007fc50380d800  991       3       org.lwjgl.opengl.MacOSXDisplay::pollKeyboard (27 bytes)
Event: 8.767 Thread 0x00007fc50380d800 nmethod 991 0x000000010789b990 code [0x000000010789bb40, 0x000000010789c378]
Event: 8.767 Thread 0x00007fc50380d800  992  s    3       org.lwjgl.opengl.MacOSXNativeKeyboard::poll (25 bytes)
Event: 8.767 Thread 0x00007fc50380d800 nmethod 992 0x000000010789c6d0 code [0x000000010789c880, 0x000000010789cfc8]
Event: 8.767 Thread 0x00007fc50380d800  993       3       java.nio.ByteBuffer::put (9 bytes)
Event: 8.767 Thread 0x00007fc50380d800 nmethod 993 0x000000010789d1d0 code [0x000000010789d340, 0x000000010789d568]
Event: 8.767 Thread 0x00007fc50380d800  994       3       org.lwjgl.input.Keyboard::read (26 bytes)
Event: 8.768 Thread 0x00007fc50380d800 nmethod 994 0x000000010789d610 code [0x000000010789d7e0, 0x000000010789dfb8]
Event: 8.772 Thread 0x00007fc50380d800  995       3       org.newdawn.slick.GameContainer::updateFPS (48 bytes)
Event: 8.772 Thread 0x00007fc50380d800 nmethod 995 0x000000010789e290 code [0x000000010789e460, 0x000000010789ea90]

GC Heap History (10 events):
Event: 1.713 GC heap before
{Heap before GC invocations=7 (full 0):
 PSYoungGen      total 5632K, used 5296K [0x0000000795580000, 0x0000000795c80000, 0x00000007c0000000)
  eden space 4096K, 100% used [0x0000000795580000,0x0000000795980000,0x0000000795980000)
  from space 1536K, 78% used [0x0000000795b00000,0x0000000795c2c0c8,0x0000000795c80000)
  to   space 1536K, 0% used [0x0000000795980000,0x0000000795980000,0x0000000795b00000)
 ParOldGen       total 129536K, used 1032K [0x0000000740000000, 0x0000000747e80000, 0x0000000795580000)
  object space 129536K, 0% used [0x0000000740000000,0x0000000740102338,0x0000000747e80000)
 Metaspace       used 7763K, capacity 7899K, committed 8064K, reserved 1056768K
  class space    used 829K, capacity 884K, committed 896K, reserved 1048576K
Event: 1.724 GC heap after
Heap after GC invocations=7 (full 0):
 PSYoungGen      total 5632K, used 1387K [0x0000000795580000, 0x0000000796080000, 0x00000007c0000000)
  eden space 4096K, 0% used [0x0000000795580000,0x0000000795580000,0x0000000795980000)
  from space 1536K, 90% used [0x0000000795980000,0x0000000795adae20,0x0000000795b00000)
  to   space 1536K, 0% used [0x0000000795f00000,0x0000000795f00000,0x0000000796080000)
 ParOldGen       total 129536K, used 8096K [0x0000000740000000, 0x0000000747e80000, 0x0000000795580000)
  object space 129536K, 6% used [0x0000000740000000,0x00000007407e8388,0x0000000747e80000)
 Metaspace       used 7763K, capacity 7899K, committed 8064K, reserved 1056768K
  class space    used 829K, capacity 884K, committed 896K, reserved 1048576K
}
Event: 2.033 GC heap before
{Heap before GC invocations=8 (full 0):
 PSYoungGen      total 5632K, used 5483K [0x0000000795580000, 0x0000000796080000, 0x00000007c0000000)
  eden space 4096K, 100% used [0x0000000795580000,0x0000000795980000,0x0000000795980000)
  from space 1536K, 90% used [0x0000000795980000,0x0000000795adae20,0x0000000795b00000)
  to   space 1536K, 0% used [0x0000000795f00000,0x0000000795f00000,0x0000000796080000)
 ParOldGen       total 129536K, used 17312K [0x0000000740000000, 0x0000000747e80000, 0x0000000795580000)
  object space 129536K, 13% used [0x0000000740000000,0x00000007410e83b8,0x0000000747e80000)
 Metaspace       used 8835K, capacity 8997K, committed 9216K, reserved 1056768K
  class space    used 962K, capacity 1015K, committed 1024K, reserved 1048576K
Event: 2.039 GC heap after
Heap after GC invocations=8 (full 0):
 PSYoungGen      total 9216K, used 1259K [0x0000000795580000, 0x0000000796180000, 0x00000007c0000000)
  eden space 7680K, 0% used [0x0000000795580000,0x0000000795580000,0x0000000795d00000)
  from space 1536K, 82% used [0x0000000795f00000,0x000000079603ae20,0x0000000796080000)
  to   space 2048K, 0% used [0x0000000795d00000,0x0000000795d00000,0x0000000795f00000)
 ParOldGen       total 129536K, used 17448K [0x0000000740000000, 0x0000000747e80000, 0x0000000795580000)
  object space 129536K, 13% used [0x0000000740000000,0x000000074110a3c8,0x0000000747e80000)
 Metaspace       used 8835K, capacity 8997K, committed 9216K, reserved 1056768K
  class space    used 962K, capacity 1015K, committed 1024K, reserved 1048576K
}
Event: 2.082 GC heap before
{Heap before GC invocations=9 (full 0):
 PSYoungGen      total 9216K, used 8939K [0x0000000795580000, 0x0000000796180000, 0x00000007c0000000)
  eden space 7680K, 100% used [0x0000000795580000,0x0000000795d00000,0x0000000795d00000)
  from space 1536K, 82% used [0x0000000795f00000,0x000000079603ae20,0x0000000796080000)
  to   space 2048K, 0% used [0x0000000795d00000,0x0000000795d00000,0x0000000795f00000)
 ParOldGen       total 129536K, used 17448K [0x0000000740000000, 0x0000000747e80000, 0x0000000795580000)
  object space 129536K, 13% used [0x0000000740000000,0x000000074110a3c8,0x0000000747e80000)
 Metaspace       used 8836K, capacity 8997K, committed 9216K, reserved 1056768K
  class space    used 962K, capacity 1015K, committed 1024K, reserved 1048576K
Event: 2.086 GC heap after
Heap after GC invocations=9 (full 0):
 PSYoungGen      total 9728K, used 725K [0x0000000795580000, 0x0000000796580000, 0x00000007c0000000)
  eden space 7680K, 0% used [0x0000000795580000,0x0000000795580000,0x0000000795d00000)
  from space 2048K, 35% used [0x0000000795d00000,0x0000000795db55c8,0x0000000795f00000)
  to   space 2048K, 0% used [0x0000000796380000,0x0000000796380000,0x0000000796580000)
 ParOldGen       total 129536K, used 17896K [0x0000000740000000, 0x0000000747e80000, 0x0000000795580000)
  object space 129536K, 13% used [0x0000000740000000,0x000000074117a388,0x0000000747e80000)
 Metaspace       used 8836K, capacity 8997K, committed 9216K, reserved 1056768K
  class space    used 962K, capacity 1015K, committed 1024K, reserved 1048576K
}
Event: 2.105 GC heap before
{Heap before GC invocations=10 (full 0):
 PSYoungGen      total 9728K, used 8405K [0x0000000795580000, 0x0000000796580000, 0x00000007c0000000)
  eden space 7680K, 100% used [0x0000000795580000,0x0000000795d00000,0x0000000795d00000)
  from space 2048K, 35% used [0x0000000795d00000,0x0000000795db55c8,0x0000000795f00000)
  to   space 2048K, 0% used [0x0000000796380000,0x0000000796380000,0x0000000796580000)
 ParOldGen       total 129536K, used 17896K [0x0000000740000000, 0x0000000747e80000, 0x0000000795580000)
  object space 129536K, 13% used [0x0000000740000000,0x000000074117a388,0x0000000747e80000)
 Metaspace       used 8836K, capacity 8997K, committed 9216K, reserved 1056768K
  class space    used 962K, capacity 1015K, committed 1024K, reserved 1048576K
Event: 2.108 GC heap after
Heap after GC invocations=10 (full 0):
 PSYoungGen      total 14336K, used 0K [0x0000000795580000, 0x0000000796580000, 0x00000007c0000000)
  eden space 12288K, 0% used [0x0000000795580000,0x0000000795580000,0x0000000796180000)
  from space 2048K, 0% used [0x0000000796380000,0x0000000796380000,0x0000000796580000)
  to   space 2048K, 0% used [0x0000000796180000,0x0000000796180000,0x0000000796380000)
 ParOldGen       total 129536K, used 18614K [0x0000000740000000, 0x0000000747e80000, 0x0000000795580000)
  object space 129536K, 14% used [0x0000000740000000,0x000000074122d980,0x0000000747e80000)
 Metaspace       used 8836K, capacity 8997K, committed 9216K, reserved 1056768K
  class space    used 962K, capacity 1015K, committed 1024K, reserved 1048576K
}
Event: 3.097 GC heap before
{Heap before GC invocations=11 (full 0):
 PSYoungGen      total 14336K, used 12288K [0x0000000795580000, 0x0000000796580000, 0x00000007c0000000)
  eden space 12288K, 100% used [0x0000000795580000,0x0000000796180000,0x0000000796180000)
  from space 2048K, 0% used [0x0000000796380000,0x0000000796380000,0x0000000796580000)
  to   space 2048K, 0% used [0x0000000796180000,0x0000000796180000,0x0000000796380000)
 ParOldGen       total 129536K, used 46131K [0x0000000740000000, 0x0000000747e80000, 0x0000000795580000)
  object space 129536K, 35% used [0x0000000740000000,0x0000000742d0ce20,0x0000000747e80000)
 Metaspace       used 10490K, capacity 10629K, committed 10752K, reserved 1058816K
  class space    used 1130K, capacity 1175K, committed 1280K, reserved 1048576K
Event: 3.099 GC heap after
Heap after GC invocations=11 (full 0):
 PSYoungGen      total 14336K, used 1195K [0x0000000795580000, 0x0000000796d00000, 0x00000007c0000000)
  eden space 12288K, 0% used [0x0000000795580000,0x0000000795580000,0x0000000796180000)
  from space 2048K, 58% used [0x0000000796180000,0x00000007962aafc0,0x0000000796380000)
  to   space 2048K, 0% used [0x0000000796b00000,0x0000000796b00000,0x0000000796d00000)
 ParOldGen       total 129536K, used 46203K [0x0000000740000000, 0x0000000747e80000, 0x0000000795580000)
  object space 129536K, 35% used [0x0000000740000000,0x0000000742d1ee30,0x0000000747e80000)
 Metaspace       used 10490K, capacity 10629K, committed 10752K, reserved 1058816K
  class space    used 1130K, capacity 1175K, committed 1280K, reserved 1048576K
}

Deoptimization events (2 events):
Event: 2.132 Thread 0x00007fc50300a800 Uncommon trap: reason=unreached action=reinterpret pc=0x0000000107706988 method=sun.awt.image.ByteInterleavedRaster.getDataElements(IILjava/lang/Object;)Ljava/lang/Object; @ 43
Event: 4.740 Thread 0x00007fc50300a800 Uncommon trap: reason=range_check action=make_not_entrant pc=0x000000010775ea8c method=java.util.ArrayList.elementData(I)Ljava/lang/Object; @ 5

Internal exceptions (10 events):
Event: 2.749 Thread 0x00007fc50300a800 Exception <a 'java/security/PrivilegedActionException'> (0x0000000795f8f9b0) thrown at [/HUDSON3/workspace/8-2-build-macosx-x86_64/jdk8u11/648/hotspot/src/share/vm/prims/jvm.cpp, line 1248]
Event: 3.015 Thread 0x00007fc50300a800 Exception <a 'java/security/PrivilegedActionException'> (0x0000000795feef68) thrown at [/HUDSON3/workspace/8-2-build-macosx-x86_64/jdk8u11/648/hotspot/src/share/vm/prims/jvm.cpp, line 1248]
Event: 3.113 Thread 0x00007fc50300a800 Exception <a 'java/security/PrivilegedActionException'> (0x0000000795583e70) thrown at [/HUDSON3/workspace/8-2-build-macosx-x86_64/jdk8u11/648/hotspot/src/share/vm/prims/jvm.cpp, line 1248]
Event: 3.116 Thread 0x00007fc50300a800 Exception <a 'java/security/PrivilegedActionException'> (0x0000000795587c68) thrown at [/HUDSON3/workspace/8-2-build-macosx-x86_64/jdk8u11/648/hotspot/src/share/vm/prims/jvm.cpp, line 1248]
Event: 3.116 Thread 0x00007fc50300a800 Exception <a 'java/security/PrivilegedActionException'> (0x000000079558bcf0) thrown at [/HUDSON3/workspace/8-2-build-macosx-x86_64/jdk8u11/648/hotspot/src/share/vm/prims/jvm.cpp, line 1248]
Event: 3.970 Thread 0x00007fc50300a800 Exception <a 'java/security/PrivilegedActionException'> (0x0000000795592bd8) thrown at [/HUDSON3/workspace/8-2-build-macosx-x86_64/jdk8u11/648/hotspot/src/share/vm/prims/jvm.cpp, line 1248]
Event: 3.971 Thread 0x00007fc50300a800 Exception <a 'java/security/PrivilegedActionException'> (0x0000000795597988) thrown at [/HUDSON3/workspace/8-2-build-macosx-x86_64/jdk8u11/648/hotspot/src/share/vm/prims/jvm.cpp, line 1248]
Event: 4.503 Thread 0x00007fc50300a800 Exception <a 'java/security/PrivilegedActionException'> (0x000000079559e880) thrown at [/HUDSON3/workspace/8-2-build-macosx-x86_64/jdk8u11/648/hotspot/src/share/vm/prims/jvm.cpp, line 1248]
Event: 4.740 Thread 0x00007fc50300a800 Exception <a 'java/lang/ArrayIndexOutOfBoundsException': -1> (0x00000007955a1928) thrown at [/HUDSON3/workspace/8-2-build-macosx-x86_64/jdk8u11/648/hotspot/src/share/vm/interpreter/interpreterRuntime.cpp, line 337]
Event: 9.302 Thread 0x00007fc50300a800 Exception <a 'java/security/PrivilegedActionException'> (0x000000079565f6f0) thrown at [/HUDSON3/workspace/8-2-build-macosx-x86_64/jdk8u11/648/hotspot/src/share/vm/prims/jvm.cpp, line 1248]

Events (10 events):
Event: 6.628 loading class java/util/IdentityHashMap$IdentityHashMapIterator done
Event: 6.628 loading class java/util/IdentityHashMap$ValueIterator done
Event: 6.628 loading class sun/awt/AppContext$PostShutdownEventRunnable
Event: 6.628 loading class sun/awt/AppContext$PostShutdownEventRunnable done
Event: 6.628 loading class sun/awt/AWTAutoShutdown$1
Event: 6.628 loading class sun/awt/AWTAutoShutdown$1 done
Event: 6.628 Thread 0x00007fc5030d8000 Thread exited: 0x00007fc5030d8000
Event: 7.659 Thread 0x00007fc5030d8000 Thread added: 0x00007fc5030d8000
Event: 9.302 loading class org/lwjgl/opengl/CallbackUtil
Event: 9.302 loading class org/lwjgl/opengl/CallbackUtil done


Dynamic libraries:
0x0000000007c19000 	/System/Library/Frameworks/Cocoa.framework/Versions/A/Cocoa
0x0000000007c19000 	/System/Library/Frameworks/Security.framework/Versions/A/Security
0x0000000007c19000 	/System/Library/Frameworks/ApplicationServices.framework/Versions/A/ApplicationServices
0x0000000007c19000 	/usr/lib/libz.1.dylib
0x0000000007c19000 	/usr/lib/libSystem.B.dylib
0x0000000007c19000 	/usr/lib/libobjc.A.dylib
0x0000000007c19000 	/System/Library/Frameworks/CoreFoundation.framework/Versions/A/CoreFoundation
0x0000000007c19000 	/System/Library/Frameworks/Foundation.framework/Versions/C/Foundation
0x0000000007c19000 	/System/Library/Frameworks/AppKit.framework/Versions/C/AppKit
0x0000000007c19000 	/System/Library/Frameworks/CoreData.framework/Versions/A/CoreData
0x0000000007c19000 	/System/Library/PrivateFrameworks/RemoteViewServices.framework/Versions/A/RemoteViewServices
0x0000000007c19000 	/System/Library/PrivateFrameworks/UIFoundation.framework/Versions/A/UIFoundation
0x0000000007c19000 	/System/Library/Frameworks/IOSurface.framework/Versions/A/IOSurface
0x0000000007c19000 	/System/Library/Frameworks/AudioToolbox.framework/Versions/A/AudioToolbox
0x0000000007c19000 	/System/Library/Frameworks/AudioUnit.framework/Versions/A/AudioUnit
0x0000000007c19000 	/System/Library/PrivateFrameworks/DataDetectorsCore.framework/Versions/A/DataDetectorsCore
0x0000000007c19000 	/System/Library/PrivateFrameworks/DesktopServicesPriv.framework/Versions/A/DesktopServicesPriv
0x0000000007c19000 	/System/Library/Frameworks/Carbon.framework/Versions/A/Frameworks/HIToolbox.framework/Versions/A/HIToolbox
0x0000000007c19000 	/System/Library/Frameworks/QuartzCore.framework/Versions/A/QuartzCore
0x0000000007c19000 	/System/Library/Frameworks/Carbon.framework/Versions/A/Frameworks/SpeechRecognition.framework/Versions/A/SpeechRecognition
0x0000000007c19000 	/usr/lib/libauto.dylib
0x0000000007c19000 	/usr/lib/libicucore.A.dylib
0x0000000007c19000 	/usr/lib/libxml2.2.dylib
0x0000000007c19000 	/System/Library/PrivateFrameworks/CoreUI.framework/Versions/A/CoreUI
0x0000000007c19000 	/System/Library/Frameworks/CoreAudio.framework/Versions/A/CoreAudio
0x0000000007c19000 	/System/Library/Frameworks/DiskArbitration.framework/Versions/A/DiskArbitration
0x0000000007c19000 	/usr/lib/liblangid.dylib
0x0000000007c19000 	/System/Library/PrivateFrameworks/MultitouchSupport.framework/Versions/A/MultitouchSupport
0x0000000007c19000 	/System/Library/Frameworks/IOKit.framework/Versions/A/IOKit
0x0000000007c19000 	/usr/lib/libDiagnosticMessagesClient.dylib
0x0000000007c19000 	/System/Library/Frameworks/CoreServices.framework/Versions/A/CoreServices
0x0000000007c19000 	/System/Library/PrivateFrameworks/PerformanceAnalysis.framework/Versions/A/PerformanceAnalysis
0x0000000007c19000 	/System/Library/PrivateFrameworks/GenerationalStorage.framework/Versions/A/GenerationalStorage
0x0000000007c19000 	/System/Library/Frameworks/OpenGL.framework/Versions/A/OpenGL
0x0000000007c19000 	/System/Library/PrivateFrameworks/Sharing.framework/Versions/A/Sharing
0x0000000007c19000 	/System/Library/Frameworks/CoreGraphics.framework/Versions/A/CoreGraphics
0x0000000007c19000 	/System/Library/Frameworks/CoreText.framework/Versions/A/CoreText
0x0000000007c19000 	/System/Library/Frameworks/ImageIO.framework/Versions/A/ImageIO
0x0000000007c19000 	/usr/lib/libextension.dylib
0x0000000007c19000 	/System/Library/PrivateFrameworks/Backup.framework/Versions/A/Backup
0x0000000007c19000 	/usr/lib/libarchive.2.dylib
0x0000000007c19000 	/System/Library/Frameworks/CFNetwork.framework/Versions/A/CFNetwork
0x0000000007c19000 	/System/Library/Frameworks/SystemConfiguration.framework/Versions/A/SystemConfiguration
0x0000000007c19000 	/usr/lib/libCRFSuite.dylib
0x0000000007c19000 	/usr/lib/libc++.1.dylib
0x0000000007c19000 	/usr/lib/libc++abi.dylib
0x0000000007c19000 	/usr/lib/system/libcache.dylib
0x0000000007c19000 	/usr/lib/system/libcommonCrypto.dylib
0x0000000007c19000 	/usr/lib/system/libcompiler_rt.dylib
0x0000000007c19000 	/usr/lib/system/libcopyfile.dylib
0x0000000007c19000 	/usr/lib/system/libcorecrypto.dylib
0x0000000007c19000 	/usr/lib/system/libdispatch.dylib
0x0000000007c19000 	/usr/lib/system/libdyld.dylib
0x0000000007c19000 	/usr/lib/system/libkeymgr.dylib
0x0000000007c19000 	/usr/lib/system/liblaunch.dylib
0x0000000007c19000 	/usr/lib/system/libmacho.dylib
0x0000000007c19000 	/usr/lib/system/libquarantine.dylib
0x0000000007c19000 	/usr/lib/system/libremovefile.dylib
0x0000000007c19000 	/usr/lib/system/libsystem_asl.dylib
0x0000000007c19000 	/usr/lib/system/libsystem_blocks.dylib
0x0000000007c19000 	/usr/lib/system/libsystem_c.dylib
0x0000000007c19000 	/usr/lib/system/libsystem_configuration.dylib
0x0000000007c19000 	/usr/lib/system/libsystem_coreservices.dylib
0x0000000007c19000 	/usr/lib/system/libsystem_coretls.dylib
0x0000000007c19000 	/usr/lib/system/libsystem_dnssd.dylib
0x0000000007c19000 	/usr/lib/system/libsystem_info.dylib
0x0000000007c19000 	/usr/lib/system/libsystem_kernel.dylib
0x0000000007c19000 	/usr/lib/system/libsystem_m.dylib
0x0000000007c19000 	/usr/lib/system/libsystem_malloc.dylib
0x0000000007c19000 	/usr/lib/system/libsystem_network.dylib
0x0000000007c19000 	/usr/lib/system/libsystem_networkextension.dylib
0x0000000007c19000 	/usr/lib/system/libsystem_notify.dylib
0x0000000007c19000 	/usr/lib/system/libsystem_platform.dylib
0x0000000007c19000 	/usr/lib/system/libsystem_pthread.dylib
0x0000000007c19000 	/usr/lib/system/libsystem_sandbox.dylib
0x0000000007c19000 	/usr/lib/system/libsystem_secinit.dylib
0x0000000007c19000 	/usr/lib/system/libsystem_stats.dylib
0x0000000007c19000 	/usr/lib/system/libsystem_trace.dylib
0x0000000007c19000 	/usr/lib/system/libunc.dylib
0x0000000007c19000 	/usr/lib/system/libunwind.dylib
0x0000000007c19000 	/usr/lib/system/libxpc.dylib
0x0000000007c19000 	/usr/lib/libbz2.1.0.dylib
0x0000000007c19000 	/usr/lib/liblzma.5.dylib
0x0000000007c19000 	/usr/lib/libbsm.0.dylib
0x0000000007c19000 	/usr/lib/libsqlite3.dylib
0x0000000007c19000 	/usr/lib/system/libkxld.dylib
0x0000000007c19000 	/usr/lib/libxar.1.dylib
0x0000000007c19000 	/usr/lib/libpam.2.dylib
0x0000000007c19000 	/usr/lib/libOpenScriptingUtil.dylib
0x0000000007c19000 	/System/Library/Frameworks/CoreServices.framework/Versions/A/Frameworks/FSEvents.framework/Versions/A/FSEvents
0x0000000007c19000 	/System/Library/Frameworks/CoreServices.framework/Versions/A/Frameworks/CarbonCore.framework/Versions/A/CarbonCore
0x0000000007c19000 	/System/Library/Frameworks/CoreServices.framework/Versions/A/Frameworks/Metadata.framework/Versions/A/Metadata
0x0000000007c19000 	/System/Library/Frameworks/CoreServices.framework/Versions/A/Frameworks/OSServices.framework/Versions/A/OSServices
0x0000000007c19000 	/System/Library/Frameworks/CoreServices.framework/Versions/A/Frameworks/SearchKit.framework/Versions/A/SearchKit
0x0000000007c19000 	/System/Library/Frameworks/CoreServices.framework/Versions/A/Frameworks/AE.framework/Versions/A/AE
0x0000000007c19000 	/System/Library/Frameworks/CoreServices.framework/Versions/A/Frameworks/LaunchServices.framework/Versions/A/LaunchServices
0x0000000007c19000 	/System/Library/Frameworks/CoreServices.framework/Versions/A/Frameworks/DictionaryServices.framework/Versions/A/DictionaryServices
0x0000000007c19000 	/System/Library/Frameworks/NetFS.framework/Versions/A/NetFS
0x0000000007c19000 	/System/Library/PrivateFrameworks/NetAuth.framework/Versions/A/NetAuth
0x0000000007c19000 	/System/Library/PrivateFrameworks/login.framework/Versions/A/Frameworks/loginsupport.framework/Versions/A/loginsupport
0x0000000007c19000 	/System/Library/PrivateFrameworks/TCC.framework/Versions/A/TCC
0x0000000007c19000 	/usr/lib/libmecabra.dylib
0x0000000007c19000 	/System/Library/Frameworks/ApplicationServices.framework/Versions/A/Frameworks/ATS.framework/Versions/A/ATS
0x0000000007c19000 	/System/Library/Frameworks/ApplicationServices.framework/Versions/A/Frameworks/ColorSync.framework/Versions/A/ColorSync
0x0000000007c19000 	/System/Library/Frameworks/ApplicationServices.framework/Versions/A/Frameworks/HIServices.framework/Versions/A/HIServices
0x0000000007c19000 	/System/Library/Frameworks/ApplicationServices.framework/Versions/A/Frameworks/LangAnalysis.framework/Versions/A/LangAnalysis
0x0000000007c19000 	/System/Library/Frameworks/ApplicationServices.framework/Versions/A/Frameworks/PrintCore.framework/Versions/A/PrintCore
0x0000000007c19000 	/System/Library/Frameworks/ApplicationServices.framework/Versions/A/Frameworks/QD.framework/Versions/A/QD
0x0000000007c19000 	/System/Library/Frameworks/ApplicationServices.framework/Versions/A/Frameworks/SpeechSynthesis.framework/Versions/A/SpeechSynthesis
0x0000000007c19000 	/System/Library/Frameworks/Accelerate.framework/Versions/A/Accelerate
0x0000000007c19000 	/System/Library/Frameworks/Accelerate.framework/Versions/A/Frameworks/vImage.framework/Versions/A/vImage
0x0000000007c19000 	/System/Library/Frameworks/Accelerate.framework/Versions/A/Frameworks/vecLib.framework/Versions/A/vecLib
0x0000000007c19000 	/System/Library/Frameworks/Accelerate.framework/Versions/A/Frameworks/vecLib.framework/Versions/A/libvDSP.dylib
0x0000000007c19000 	/System/Library/Frameworks/Accelerate.framework/Versions/A/Frameworks/vecLib.framework/Versions/A/libvMisc.dylib
0x0000000007c19000 	/System/Library/Frameworks/Accelerate.framework/Versions/A/Frameworks/vecLib.framework/Versions/A/libLAPACK.dylib
0x0000000007c19000 	/System/Library/Frameworks/Accelerate.framework/Versions/A/Frameworks/vecLib.framework/Versions/A/libBLAS.dylib
0x0000000007c19000 	/System/Library/Frameworks/Accelerate.framework/Versions/A/Frameworks/vecLib.framework/Versions/A/libLinearAlgebra.dylib
0x0000000007c19000 	/System/Library/Frameworks/ApplicationServices.framework/Versions/A/Frameworks/ATS.framework/Versions/A/Resources/libFontParser.dylib
0x0000000007c19000 	/System/Library/Frameworks/ApplicationServices.framework/Versions/A/Frameworks/ATS.framework/Versions/A/Resources/libFontRegistry.dylib
0x0000000007c19000 	/System/Library/PrivateFrameworks/AppleVPA.framework/Versions/A/AppleVPA
0x0000000007c19000 	/System/Library/PrivateFrameworks/AppleJPEG.framework/Versions/A/AppleJPEG
0x0000000007c19000 	/System/Library/Frameworks/ImageIO.framework/Versions/A/Resources/libJPEG.dylib
0x0000000007c19000 	/System/Library/Frameworks/ImageIO.framework/Versions/A/Resources/libTIFF.dylib
0x0000000007c19000 	/System/Library/Frameworks/ImageIO.framework/Versions/A/Resources/libPng.dylib
0x0000000007c19000 	/System/Library/Frameworks/ImageIO.framework/Versions/A/Resources/libGIF.dylib
0x0000000007c19000 	/System/Library/Frameworks/ImageIO.framework/Versions/A/Resources/libJP2.dylib
0x0000000007c19000 	/System/Library/Frameworks/ImageIO.framework/Versions/A/Resources/libRadiance.dylib
0x0000000007c19000 	/System/Library/Frameworks/CoreVideo.framework/Versions/A/CoreVideo
0x0000000007c19000 	/System/Library/Frameworks/OpenGL.framework/Versions/A/Libraries/libGLU.dylib
0x0000000007c19000 	/System/Library/Frameworks/OpenGL.framework/Versions/A/Libraries/libGFXShared.dylib
0x0000000007c19000 	/System/Library/Frameworks/OpenGL.framework/Versions/A/Libraries/libGL.dylib
0x0000000007c19000 	/System/Library/Frameworks/OpenGL.framework/Versions/A/Libraries/libGLImage.dylib
0x0000000007c19000 	/System/Library/Frameworks/OpenGL.framework/Versions/A/Libraries/libCVMSPluginSupport.dylib
0x0000000007c19000 	/System/Library/Frameworks/OpenGL.framework/Versions/A/Libraries/libCoreVMClient.dylib
0x0000000007c19000 	/usr/lib/libcups.2.dylib
0x0000000007c19000 	/System/Library/Frameworks/Kerberos.framework/Versions/A/Kerberos
0x0000000007c19000 	/System/Library/Frameworks/GSS.framework/Versions/A/GSS
0x0000000007c19000 	/usr/lib/libresolv.9.dylib
0x0000000007c19000 	/usr/lib/libiconv.2.dylib
0x0000000007c19000 	/System/Library/PrivateFrameworks/Heimdal.framework/Versions/A/Heimdal
0x0000000007c19000 	/usr/lib/libheimdal-asn1.dylib
0x0000000007c19000 	/System/Library/Frameworks/OpenDirectory.framework/Versions/A/OpenDirectory
0x0000000007c19000 	/System/Library/PrivateFrameworks/CommonAuth.framework/Versions/A/CommonAuth
0x0000000007c19000 	/System/Library/Frameworks/OpenDirectory.framework/Versions/A/Frameworks/CFOpenDirectory.framework/Versions/A/CFOpenDirectory
0x0000000007c19000 	/System/Library/Frameworks/SecurityFoundation.framework/Versions/A/SecurityFoundation
0x0000000007c19000 	/System/Library/PrivateFrameworks/LanguageModeling.framework/Versions/A/LanguageModeling
0x0000000007c19000 	/usr/lib/libcmph.dylib
0x0000000007c19000 	/System/Library/Frameworks/ServiceManagement.framework/Versions/A/ServiceManagement
0x0000000007c19000 	/usr/lib/libxslt.1.dylib
0x0000000007c19000 	/System/Library/Frameworks/Carbon.framework/Versions/A/Frameworks/Ink.framework/Versions/A/Ink
0x0000000007c19000 	/System/Library/Frameworks/QuartzCore.framework/Versions/A/Frameworks/CoreImage.framework/Versions/A/CoreImage
0x0000000007c19000 	/System/Library/PrivateFrameworks/CrashReporterSupport.framework/Versions/A/CrashReporterSupport
0x0000000007c19000 	/System/Library/Frameworks/OpenCL.framework/Versions/A/OpenCL
0x0000000007c19000 	/System/Library/PrivateFrameworks/FaceCore.framework/Versions/A/FaceCore
0x0000000007c19000 	/System/Library/PrivateFrameworks/Ubiquity.framework/Versions/A/Ubiquity
0x0000000007c19000 	/System/Library/PrivateFrameworks/IconServices.framework/Versions/A/IconServices
0x0000000007c19000 	/System/Library/PrivateFrameworks/ChunkingLibrary.framework/Versions/A/ChunkingLibrary
0x0000000007c19000 	/System/Library/PrivateFrameworks/Apple80211.framework/Versions/A/Apple80211
0x0000000007c19000 	/System/Library/Frameworks/CoreWLAN.framework/Versions/A/CoreWLAN
0x0000000007c19000 	/System/Library/Frameworks/IOBluetooth.framework/Versions/A/IOBluetooth
0x0000000007c19000 	/System/Library/PrivateFrameworks/CoreWiFi.framework/Versions/A/CoreWiFi
0x0000000007c19000 	/System/Library/Frameworks/CoreBluetooth.framework/Versions/A/CoreBluetooth
0x0000000007c19000 	/System/Library/PrivateFrameworks/DebugSymbols.framework/Versions/A/DebugSymbols
0x0000000007c19000 	/System/Library/PrivateFrameworks/CoreSymbolication.framework/Versions/A/CoreSymbolication
0x0000000007c19000 	/System/Library/PrivateFrameworks/Symbolication.framework/Versions/A/Symbolication
0x0000000007c19000 	/System/Library/PrivateFrameworks/SpeechRecognitionCore.framework/Versions/A/SpeechRecognitionCore
0x0000000106600000 	/Library/Java/JavaVirtualMachines/jdk1.8.0_11.jdk/Contents/Home/jre/lib/server/libjvm.dylib
0x0000000007c19000 	/usr/lib/libstdc++.6.dylib
0x0000000105db2000 	/Library/Java/JavaVirtualMachines/jdk1.8.0_11.jdk/Contents/Home/jre/lib/libverify.dylib
0x0000000105dc0000 	/Library/Java/JavaVirtualMachines/jdk1.8.0_11.jdk/Contents/Home/jre/lib/libjava.dylib
0x00000001074c1000 	/Library/Java/JavaVirtualMachines/jdk1.8.0_11.jdk/Contents/Home/jre/lib/libzip.dylib
0x000000011d53e000 	/System/Library/Frameworks/JavaVM.framework/Frameworks/JavaRuntimeSupport.framework/JavaRuntimeSupport
0x000000011d559000 	/System/Library/Frameworks/JavaVM.framework/Versions/A/Frameworks/JavaNativeFoundation.framework/Versions/A/JavaNativeFoundation
0x000000011d56e000 	/System/Library/Frameworks/JavaVM.framework/Versions/A/JavaVM
0x0000000007c19000 	/System/Library/Frameworks/Carbon.framework/Versions/A/Carbon
0x000000011d57b000 	/System/Library/PrivateFrameworks/JavaLaunching.framework/Versions/A/JavaLaunching
0x0000000007c19000 	/System/Library/Frameworks/Carbon.framework/Versions/A/Frameworks/CommonPanels.framework/Versions/A/CommonPanels
0x0000000007c19000 	/System/Library/Frameworks/Carbon.framework/Versions/A/Frameworks/Help.framework/Versions/A/Help
0x0000000007c19000 	/System/Library/Frameworks/Carbon.framework/Versions/A/Frameworks/ImageCapture.framework/Versions/A/ImageCapture
0x0000000007c19000 	/System/Library/Frameworks/Carbon.framework/Versions/A/Frameworks/OpenScripting.framework/Versions/A/OpenScripting
0x0000000007c19000 	/System/Library/Frameworks/Carbon.framework/Versions/A/Frameworks/Print.framework/Versions/A/Print
0x0000000007c19000 	/System/Library/Frameworks/Carbon.framework/Versions/A/Frameworks/SecurityHI.framework/Versions/A/SecurityHI
0x000000011f4d3000 	/Library/Java/JavaVirtualMachines/jdk1.8.0_11.jdk/Contents/Home/jre/lib/libawt.dylib
0x000000011f582000 	/Library/Java/JavaVirtualMachines/jdk1.8.0_11.jdk/Contents/Home/jre/lib/./libmlib_image.dylib
0x000000011f64e000 	/Library/Java/JavaVirtualMachines/jdk1.8.0_11.jdk/Contents/Home/jre/lib/libawt_lwawt.dylib
0x000000011f700000 	/Library/Java/JavaVirtualMachines/jdk1.8.0_11.jdk/Contents/Home/jre/lib/./libosxapp.dylib
0x0000000007c19000 	/System/Library/Frameworks/ExceptionHandling.framework/Versions/A/ExceptionHandling
0x0000000007c19000 	/System/Library/PrivateFrameworks/CoreServicesInternal.framework/Versions/A/CoreServicesInternal
0x0000000007c19000 	/System/Library/PrivateFrameworks/CloudDocs.framework/Versions/A/CloudDocs
0x0000000007c19000 	/System/Library/PrivateFrameworks/CoreDuet.framework/Versions/A/CoreDuet
0x0000000007c19000 	/System/Library/Frameworks/CloudKit.framework/Versions/A/CloudKit
0x0000000007c19000 	/System/Library/PrivateFrameworks/ProtocolBuffer.framework/Versions/A/ProtocolBuffer
0x0000000007c19000 	/System/Library/PrivateFrameworks/CoreDuetDaemonProtocol.framework/Versions/A/CoreDuetDaemonProtocol
0x0000000007c19000 	/System/Library/PrivateFrameworks/CoreDuetDebugLogging.framework/Versions/A/CoreDuetDebugLogging
0x0000000007c19000 	/System/Library/PrivateFrameworks/MMCS.framework/Versions/A/MMCS
0x0000000007c19000 	/System/Library/Frameworks/CoreLocation.framework/Versions/A/CoreLocation
0x0000000007c19000 	/System/Library/PrivateFrameworks/ProtectedCloudStorage.framework/Versions/A/ProtectedCloudStorage
0x0000000007c19000 	/System/Library/PrivateFrameworks/GeoServices.framework/Versions/A/GeoServices
0x0000000007c19000 	/System/Library/Frameworks/CoreGraphics.framework/Versions/A/Resources/libCGCMS.A.dylib
0x0000000007c19000 	/System/Library/Frameworks/CoreGraphics.framework/Versions/A/Resources/libRIP.A.dylib
0x0000000007c19000 	/System/Library/Frameworks/CoreGraphics.framework/Versions/A/Resources/libCGXType.A.dylib
0x0000000007c19000 	/System/Library/Frameworks/OpenCL.framework/Versions/A/Libraries/libcldcpuengine.dylib
0x0000000007c19000 	/System/Library/PrivateFrameworks/DiskImages.framework/Versions/A/DiskImages
0x0000000007c19000 	/System/Library/Frameworks/DiscRecording.framework/Versions/A/DiscRecording
0x0000000007c19000 	/usr/lib/libcsfde.dylib
0x0000000007c19000 	/usr/lib/libcurl.4.dylib
0x0000000007c19000 	/System/Library/PrivateFrameworks/MediaKit.framework/Versions/A/MediaKit
0x0000000007c19000 	/usr/lib/libCoreStorage.dylib
0x0000000007c19000 	/System/Library/PrivateFrameworks/EFILogin.framework/Versions/A/EFILogin
0x0000000007c19000 	/usr/lib/libutil.dylib
0x0000000007c19000 	/System/Library/PrivateFrameworks/FindMyDevice.framework/Versions/A/FindMyDevice
0x0000000007c19000 	/System/Library/Frameworks/LDAP.framework/Versions/A/LDAP
0x0000000007c19000 	/usr/lib/libsasl2.2.dylib
0x0000000007c19000 	/System/Library/PrivateFrameworks/CoreDaemon.framework/Versions/B/CoreDaemon
0x0000000007c19000 	/usr/lib/libcrypto.0.9.8.dylib
0x0000000007c19000 	/System/Library/PrivateFrameworks/AppleSRP.framework/Versions/A/AppleSRP
0x0000000007c19000 	/System/Library/PrivateFrameworks/TrustEvaluationAgent.framework/Versions/A/TrustEvaluationAgent
0x000000012252b000 	cl_kernels
0x000000012252d000 	/System/Library/Frameworks/OpenCL.framework/Versions/A/Libraries/ImageFormats/unorm8_bgra.dylib
0x000000012251c000 	cl_kernels
0x0000000007c19000 	/System/Library/PrivateFrameworks/FamilyControls.framework/Versions/A/FamilyControls
0x0000000007c19000 	/System/Library/PrivateFrameworks/CommerceKit.framework/Versions/A/Frameworks/CommerceCore.framework/Versions/A/CommerceCore
0x0000000007c19000 	/System/Library/PrivateFrameworks/SystemAdministration.framework/Versions/A/SystemAdministration
0x0000000007c19000 	/System/Library/PrivateFrameworks/AppContainer.framework/Versions/A/AppContainer
0x0000000007c19000 	/System/Library/PrivateFrameworks/SecCodeWrapper.framework/Versions/A/SecCodeWrapper
0x0000000007c19000 	/System/Library/Frameworks/DirectoryService.framework/Versions/A/DirectoryService
0x0000000007c19000 	/System/Library/PrivateFrameworks/LoginUIKit.framework/Versions/A/Frameworks/LoginUICore.framework/Versions/A/LoginUICore
0x0000000007c19000 	/usr/lib/libodfde.dylib
0x0000000123776000 	/Library/Java/JavaVirtualMachines/jdk1.8.0_11.jdk/Contents/Home/jre/lib/libfontmanager.dylib
0x00000001237dc000 	/Users/Olivier/Dropbox/Projet_Int-grateur_TeamYOCO-master/build/classes/res/native/liblwjgl.dylib
0x0000000121a5e000 	/Library/Java/JavaVirtualMachines/jdk1.8.0_11.jdk/Contents/Home/jre/lib/libjawt.dylib
0x0000000007c19000 	/System/Library/Frameworks/OpenGL.framework/Versions/A/Resources/GLEngine.bundle/GLEngine
0x0000000007c19000 	/System/Library/Frameworks/OpenGL.framework/Versions/A/Libraries/libGLProgrammability.dylib
0x0000000123868000 	/System/Library/Extensions/AppleIntelHDGraphicsGLDriver.bundle/Contents/MacOS/AppleIntelHDGraphicsGLDriver
0x0000000123cef000 	/System/Library/PrivateFrameworks/GPUSupport.framework/Versions/A/Libraries/libGPUSupport.dylib
0x0000000000000000 	/System/Library/Extensions/GeForceTeslaGLDriver.bundle/Contents/MacOS/GeForceTeslaGLDriver
0x0000000123d03000 	/System/Library/Extensions/GeForceTeslaGLDriver.bundle/Contents/MacOS/libclh.dylib
0x0000000007c19000 	/System/Library/Frameworks/OpenGL.framework/Versions/A/Resources/GLRendererFloat.bundle/GLRendererFloat
0x0000000124878000 	/Library/Java/JavaVirtualMachines/jdk1.8.0_11.jdk/Contents/Home/jre/lib/libnio.dylib
0x0000000124e22000 	/Library/Java/JavaVirtualMachines/jdk1.8.0_11.jdk/Contents/Home/jre/lib/./libnet.dylib
0x0000000124f3b000 	/Library/Java/JavaVirtualMachines/jdk1.8.0_11.jdk/Contents/Home/jre/lib/libjpeg.dylib
0x00000001248fe000 	/Users/Olivier/Dropbox/Projet_Int-grateur_TeamYOCO-master/build/classes/res/native/openal.dylib
0x000000012645c000 	/System/Library/Components/CoreAudio.component/Contents/MacOS/CoreAudio
0x000000012455e000 	/System/Library/Extensions/AppleHDA.kext/Contents/PlugIns/AppleHDAHALPlugIn.bundle/Contents/MacOS/AppleHDAHALPlugIn

VM Arguments:
jvm_args: -Dfile.encoding=UTF-8 -Djava.library.path=lib 
java_command: ca.qc.bdeb.info204.Game
java_class_path (initial): /Users/Olivier/Dropbox/Projet_Int-grateur_TeamYOCO-master/lib/jinput.jar:/Users/Olivier/Dropbox/Projet_Int-grateur_TeamYOCO-master/lib/lwjgl.jar:/Users/Olivier/Dropbox/Projet_Int-grateur_TeamYOCO-master/lib/lwjgl_util.jar:/Users/Olivier/Dropbox/Projet_Int-grateur_TeamYOCO-master/lib/slick.jar:/Users/Olivier/Dropbox/Projet_Int-grateur_TeamYOCO-master/lib/SlickUtils-1.3.jar:/Users/Olivier/Dropbox/Projet_Int-grateur_TeamYOCO-master/build/classes
Launcher Type: SUN_STANDARD

Environment Variables:
PATH=/usr/bin:/bin:/usr/sbin:/sbin
LD_LIBRARY_PATH=/Library/Java/JavaVirtualMachines/jdk1.8.0_11.jdk/Contents/Home/jre/lib/amd64:/Library/Java/JavaVirtualMachines/jdk1.8.0_11.jdk/Contents/Home/jre/lib/i386:
SHELL=/bin/bash
DYLD_LIBRARY_PATH=/Applications/NetBeans/NetBeans 8.0.1.app/Contents/Resources/NetBeans/webcommon/bin:

Signal Handlers:
SIGSEGV: [libjvm.dylib+0x56059b], sa_mask[0]=0xfffefeff, sa_flags=0x00000043
SIGBUS: [libjvm.dylib+0x56059b], sa_mask[0]=0xfffefeff, sa_flags=0x00000042
SIGFPE: [libjvm.dylib+0x4438f2], sa_mask[0]=0xfffefeff, sa_flags=0x00000042
SIGPIPE: [libjvm.dylib+0x4438f2], sa_mask[0]=0xfffefeff, sa_flags=0x00000042
SIGXFSZ: [libjvm.dylib+0x4438f2], sa_mask[0]=0xfffefeff, sa_flags=0x00000042
SIGILL: [libjvm.dylib+0x4438f2], sa_mask[0]=0xfffefeff, sa_flags=0x00000042
SIGUSR1: SIG_DFL, sa_mask[0]=0x00000000, sa_flags=0x00000000
SIGUSR2: [libjvm.dylib+0x443410], sa_mask[0]=0x00000004, sa_flags=0x00000042
SIGHUP: [libjvm.dylib+0x44179b], sa_mask[0]=0xfffefeff, sa_flags=0x00000042
SIGINT: SIG_IGN, sa_mask[0]=0x00000000, sa_flags=0x00000000
SIGTERM: [libjvm.dylib+0x44179b], sa_mask[0]=0xfffefeff, sa_flags=0x00000042
SIGQUIT: [libjvm.dylib+0x44179b], sa_mask[0]=0xfffefeff, sa_flags=0x00000042


---------------  S Y S T E M  ---------------

OS:Bsduname:Darwin 14.5.0 Darwin Kernel Version 14.5.0: Wed Jul 29 02:26:53 PDT 2015; root:xnu-2782.40.9~1/RELEASE_X86_64 x86_64
rlimit: STACK 8192k, CORE 0k, NPROC 709, NOFILE 10240, AS infinity
load average:2.44 2.04 1.77

CPU:total 4 (2 cores per cpu, 2 threads per core) family 6 model 37 stepping 5, cmov, cx8, fxsr, mmx, sse, sse2, sse3, ssse3, sse4.1, sse4.2, popcnt, aes, clmul, ht, tsc, tscinvbit

Memory: 4k page, physical 8388608k(63848k free)

/proc/meminfo:


vm_info: Java HotSpot(TM) 64-Bit Server VM (25.11-b03) for bsd-amd64 JRE (1.8.0_11-b12), built on Jun 16 2014 17:39:42 by "java_re" with gcc 4.2.1 (Based on Apple Inc. build 5658) (LLVM build 2336.11.00)

time: Sun Apr 17 09:33:55 2016
elapsed time: 9 seconds

