#
# A fatal error has been detected by the Java Runtime Environment:
#
#  SIGSEGV (0xb) at pc=0x00007fff949150dd, pid=4427, tid=1811
#
# JRE version: Java(TM) SE Runtime Environment (8.0_11-b12) (build 1.8.0_11-b12)
# Java VM: Java HotSpot(TM) 64-Bit Server VM (25.11-b03 mixed mode bsd-amd64 compressed oops)
# Problematic frame:
# C  [libobjc.A.dylib+0x10dd]  objc_msgSend+0x1d
#
# Failed to write core dump. Core dumps have been disabled. To enable core dumping, try "ulimit -c unlimited" before starting Java again
#
# If you would like to submit a bug report, please visit:
#   http://bugreport.sun.com/bugreport/crash.jsp
# The crash happened outside the Java Virtual Machine in native code.
# See problematic frame for where to report the bug.
#

---------------  T H R E A D  ---------------

Current thread (0x00007ff1a085f000):  JavaThread "AppKit Thread" daemon [_thread_in_native, id=1811, stack(0x00007fff57b21000,0x00007fff58321000)]

siginfo:si_signo=SIGSEGV: si_errno=0, si_code=1 (SEGV_MAPERR), si_addr=0x000007ff1a042e88

Registers:
RAX=0x00007ff1a0467d70, RBX=0x00007fff5831c838, RCX=0x0000000000000000, RDX=0x00007ff1a06812c0
RSP=0x00007fff5831c658, RBP=0x00007fff5831c660, RSI=0x00007fff919a741e, RDI=0x00007ff1a0467d70
R8 =0x00007fff5831c640, R9 =0x0000000000000062, R10=0x00007fff919a741e, R11=0x000007ff1a042e70
R12=0x00007ff1a0404c00, R13=0x00000000000f42ff, R14=0x00007ff1a06be8d0, R15=0x00007fff5831c798
RIP=0x00007fff949150dd, EFLAGS=0x0000000000010202, ERR=0x0000000000000004
  TRAPNO=0x000000000000000e

Top of Stack: (sp=0x00007fff5831c658)
0x00007fff5831c658:   00007fff9229b45c 00007fff5831c9c0
0x00007fff5831c668:   00007fff9218b634 00007fff5831c6ec
0x00007fff5831c678:   00007fff5831c6f0 00007fff5831c6f4
0x00007fff5831c688:   00007fff7ef6be00 ffffffffffffffff
0x00007fff5831c698:   0000000000000930 00007fff7ef6be18
0x00007fff5831c6a8:   00007ff1a06be8d0 0000000000000000
0x00007fff5831c6b8:   00007fff5831c790 0000000000000000
0x00007fff5831c6c8:   00007ff1a0681990 00007fff5831c810
0x00007fff5831c6d8:   0000000000000062 00000000000f4301
0x00007fff5831c6e8:   00007ff1a06812c0 00007ff1a06813c0
0x00007fff5831c6f8:   00007ff1a0404c00 0000000000000001
0x00007fff5831c708:   00000000000f42ff 00007ff1a0404bf0
0x00007fff5831c718:   00007fff9b430c05 000000017ef05070
0x00007fff5831c728:   00007fff7d90a0d0 0000000042000000
0x00007fff5831c738:   00007fff9b437e63 00007fff7ef36240
0x00007fff5831c748:   00007fff5831c818 00007fff5831c770
0x00007fff5831c758:   00007fff5831c790 0000000000000000
0x00007fff5831c768:   000000000000000c 000170039493597a
0x00007fff5831c778:   00007ff1a0404c24 0000000000000000
0x00007fff5831c788:   0000000000000000 00007ff1a0681a10
0x00007fff5831c798:   00007ff1a06be8d0 0000002000000000
0x00007fff5831c7a8:   0000000000000000 00007fff7d90a0d0
0x00007fff5831c7b8:   0000000042000000 00007fff9b4374f8
0x00007fff5831c7c8:   00007fff7ef36350 00007fff5831c728
0x00007fff5831c7d8:   0000000000000000 00007fff5831c8a8
0x00007fff5831c7e8:   00007fff7d633ea0 00007fff5831c8e0
0x00007fff5831c7f8:   00007fff977c7770 00007fff5831c890
0x00007fff5831c808:   00007fff910db4ed 0000000000000050
0x00007fff5831c818:   0000000000000000 00000000000f42e0
0x00007fff5831c828:   0000000000000052 0000000000000000
0x00007fff5831c838:   00000000000f42ff 00007fff5831c8b4
0x00007fff5831c848:   0000000000437d01 00000000ffffffff 

Instructions: (pc=0x00007fff949150dd)
0x00007fff949150bd:   00 00 00 48 85 ff 2e 74 7a 40 f6 c7 01 2e 75 7e
0x00007fff949150cd:   49 bb f8 ff ff ff ff 7f 00 00 4c 23 1f 49 89 f2
0x00007fff949150dd:   45 23 53 18 49 c1 e2 04 4d 03 53 10 49 3b 32 75
0x00007fff949150ed:   04 41 ff 62 08 49 83 3a 00 74 6a 4d 3b 53 10 74 

Register to memory mapping:

RAX=0x00007ff1a0467d70 is an unknown value
RBX=0x00007fff5831c838 is pointing into the stack for thread: 0x00007ff1a085f000
RCX=0x0000000000000000 is an unknown value
RDX=0x00007ff1a06812c0 is an unknown value
RSP=0x00007fff5831c658 is pointing into the stack for thread: 0x00007ff1a085f000
RBP=0x00007fff5831c660 is pointing into the stack for thread: 0x00007ff1a085f000
RSI=0x00007fff919a741e: -[NSTitlebarContainerView transparent]+0x5e312 in /System/Library/Frameworks/AppKit.framework/Versions/C/AppKit at 0x00007fff90fa6000
RDI=0x00007ff1a0467d70 is an unknown value
R8 =0x00007fff5831c640 is pointing into the stack for thread: 0x00007ff1a085f000
R9 =0x0000000000000062 is an unknown value
R10=0x00007fff919a741e: -[NSTitlebarContainerView transparent]+0x5e312 in /System/Library/Frameworks/AppKit.framework/Versions/C/AppKit at 0x00007fff90fa6000
R11=0x000007ff1a042e70 is an unknown value
R12=0x00007ff1a0404c00 is an unknown value
R13=0x00000000000f42ff is an unknown value
R14=0x00007ff1a06be8d0 is an unknown value
R15=0x00007fff5831c798 is pointing into the stack for thread: 0x00007ff1a085f000


Stack: [0x00007fff57b21000,0x00007fff58321000],  sp=0x00007fff5831c658,  free space=8173k
Native frames: (J=compiled Java code, j=interpreted, Vv=VM code, C=native code)
C  [libobjc.A.dylib+0x10dd]  objc_msgSend+0x1d
C  [CoreFoundation+0x10634]  _CFXNotificationPost+0xc44
C  [Foundation+0x7aa1]  -[NSNotificationCenter postNotificationName:object:userInfo:]+0x42
C  [AppKit+0x439c2]  -[NSSurface _disposeSurface]+0x98
C  [AppKit+0x43426]  -[NSSurface setWindow:]+0x42
C  [AppKit+0x33910]  -[NSView _setWindow:]+0xa33
C  [AppKit+0x6af91]  -[NSView removeFromSuperview]+0x1c5
C  [AppKit+0x14bd99]  -[NSView removeFromSuperviewWithoutNeedingDisplay]+0x26
C  [liblwjgl.dylib+0xa205]  +[MacOSXKeyableWindow destroyWindow]+0xb5
C  [Foundation+0x92dd0]  __NSThreadPerformPerform+0x125
C  [CoreFoundation+0x80a01]  __CFRUNLOOP_IS_CALLING_OUT_TO_A_SOURCE0_PERFORM_FUNCTION__+0x11
C  [CoreFoundation+0x72b8d]  __CFRunLoopDoSources0+0x10d
C  [CoreFoundation+0x721bf]  __CFRunLoopRun+0x39f
C  [CoreFoundation+0x71bd8]  CFRunLoopRunSpecific+0x128
C  [HIToolbox+0x3256f]  RunCurrentEventLoopInMode+0xeb
C  [HIToolbox+0x321ee]  ReceiveNextEventCommon+0xb3
C  [HIToolbox+0x3212b]  _BlockUntilNextEventMatchingListInModeWithFilter+0x47
C  [AppKit+0x918ab]  _DPSNextEvent+0x3d2
C  [AppKit+0x90e58]  -[NSApplication nextEventMatchingMask:untilDate:inMode:dequeue:]+0x15a
C  [libosxapp.dylib+0x242a]  -[NSApplicationAWT nextEventMatchingMask:untilDate:inMode:dequeue:]+0x7c
C  [AppKit+0x86af3]  -[NSApplication run]+0x252
C  [libosxapp.dylib+0x223e]  +[NSApplicationAWT runAWTLoopWithApp:]+0x9c
C  [libawt_lwawt.dylib+0x439bb]  -[AWTStarter starter:]+0x389
C  [Foundation+0x92dd0]  __NSThreadPerformPerform+0x125
C  [CoreFoundation+0x80a01]  __CFRUNLOOP_IS_CALLING_OUT_TO_A_SOURCE0_PERFORM_FUNCTION__+0x11
C  [CoreFoundation+0x72b8d]  __CFRunLoopDoSources0+0x10d
C  [CoreFoundation+0x721bf]  __CFRunLoopRun+0x39f
C  [CoreFoundation+0x71bd8]  CFRunLoopRunSpecific+0x128
C  [java+0x56cb]  CreateExecutionEnvironment+0x367
C  [java+0x166c]  JLI_Launch+0x7a0
C  [java+0x7689]  main+0x65
C  [java+0xec4]  start+0x34


---------------  P R O C E S S  ---------------

Java Threads: ( => current thread )
  0x00007ff1a20ac000 JavaThread "Java2D Queue Flusher" daemon [_thread_blocked, id=56327, stack(0x0000000131ea0000,0x0000000131fa0000)]
  0x00007ff1a2091800 JavaThread "Java2D Disposer" daemon [_thread_blocked, id=54815, stack(0x0000000133340000,0x0000000133440000)]
  0x00007ff1a2049800 JavaThread "AWT-Shutdown" [_thread_blocked, id=27667, stack(0x0000000122bf7000,0x0000000122cf7000)]
=>0x00007ff1a085f000 JavaThread "AppKit Thread" daemon [_thread_in_native, id=1811, stack(0x00007fff57b21000,0x00007fff58321000)]
  0x00007ff1a201b000 JavaThread "Service Thread" daemon [_thread_blocked, id=18179, stack(0x0000000120fb5000,0x00000001210b5000)]
  0x00007ff1a201a000 JavaThread "C1 CompilerThread2" daemon [_thread_blocked, id=17667, stack(0x0000000120eb2000,0x0000000120fb2000)]
  0x00007ff1a2017800 JavaThread "C2 CompilerThread1" daemon [_thread_blocked, id=17155, stack(0x0000000120daf000,0x0000000120eaf000)]
  0x00007ff1a2018800 JavaThread "C2 CompilerThread0" daemon [_thread_blocked, id=16643, stack(0x0000000120cac000,0x0000000120dac000)]
  0x00007ff1a2017000 JavaThread "Signal Dispatcher" daemon [_thread_blocked, id=16159, stack(0x0000000120ba9000,0x0000000120ca9000)]
  0x00007ff1a1808800 JavaThread "Finalizer" daemon [_thread_blocked, id=11011, stack(0x000000011f183000,0x000000011f283000)]
  0x00007ff1a1807800 JavaThread "Reference Handler" daemon [_thread_blocked, id=10499, stack(0x000000011f080000,0x000000011f180000)]
  0x00007ff1a2004800 JavaThread "main" [_thread_in_native, id=3331, stack(0x000000010889f000,0x000000010899f000)]

Other Threads:
  0x00007ff1a2016000 VMThread [stack: 0x000000011ef7d000,0x000000011f07d000] [id=9987]
  0x00007ff1a082f000 WatcherThread [stack: 0x00000001210b8000,0x00000001211b8000] [id=18691]

VM state:not at safepoint (normal execution)

VM Mutex/Monitor currently owned by a thread: None

Heap:
 PSYoungGen      total 13824K, used 7155K [0x0000000795580000, 0x0000000796c00000, 0x00000007c0000000)
  eden space 11776K, 60% used [0x0000000795580000,0x0000000795c7cfd0,0x0000000796100000)
  from space 2048K, 0% used [0x0000000796100000,0x0000000796100000,0x0000000796300000)
  to   space 2048K, 0% used [0x0000000796a00000,0x0000000796a00000,0x0000000796c00000)
 ParOldGen       total 129536K, used 63149K [0x0000000740000000, 0x0000000747e80000, 0x0000000795580000)
  object space 129536K, 48% used [0x0000000740000000,0x0000000743dab5d8,0x0000000747e80000)
 Metaspace       used 10608K, capacity 10757K, committed 11008K, reserved 1058816K
  class space    used 1143K, capacity 1175K, committed 1280K, reserved 1048576K

Card table byte_map: [0x00000001185d1000,0x00000001189d2000] byte_map_base: 0x0000000114bd1000

Marking Bits: (ParMarkBitMap*) 0x00000001082440a0
 Begin Bits: [0x0000000119089000, 0x000000011b089000)
 End Bits:   [0x000000011b089000, 0x000000011d089000)

Polling page: 0x00000001089e3000

CodeCache: size=245760Kb used=3145Kb max_used=3145Kb free=242614Kb
 bounds [0x0000000109211000, 0x0000000109531000, 0x0000000118211000]
 total_blobs=1311 nmethods=793 adapters=434
 compilation: enabled

Compilation events (10 events):
Event: 3.918 Thread 0x00007ff1a201a000  788       3       sun.awt.AWTAutoShutdown::isReadyToShutdown (37 bytes)
Event: 3.918 Thread 0x00007ff1a201a000 nmethod 788 0x000000010951e950 code [0x000000010951eae0, 0x000000010951ee98]
Event: 4.010 Thread 0x00007ff1a201a000  789       3       org.lwjgl.opengl.GL11::glEnable (19 bytes)
Event: 4.011 Thread 0x00007ff1a201a000 nmethod 789 0x0000000109520fd0 code [0x00000001095211a0, 0x00000001095217f8]
Event: 4.015 Thread 0x00007ff1a201a000  791       3       org.newdawn.slick.opengl.TextureImpl::bind (39 bytes)
Event: 4.017 Thread 0x00007ff1a201a000 nmethod 791 0x0000000109521b50 code [0x0000000109521de0, 0x0000000109522c38]
Event: 4.017 Thread 0x00007ff1a201a000  792       3       org.newdawn.slick.opengl.renderer.ImmediateModeOGLRenderer::glEnable (5 bytes)
Event: 4.017 Thread 0x00007ff1a201a000 nmethod 792 0x0000000109523690 code [0x0000000109523880, 0x0000000109523f58]
Event: 4.048 Thread 0x00007ff1a201a000  793   !   3       org.lwjgl.opengl.Display::isFullscreen (34 bytes)
Event: 4.049 Thread 0x00007ff1a201a000 nmethod 793 0x0000000109524390 code [0x0000000109524500, 0x0000000109524930]

GC Heap History (10 events):
Event: 2.174 GC heap before
{Heap before GC invocations=7 (full 0):
 PSYoungGen      total 5632K, used 5277K [0x0000000795580000, 0x0000000795c80000, 0x00000007c0000000)
  eden space 4096K, 100% used [0x0000000795580000,0x0000000795980000,0x0000000795980000)
  from space 1536K, 76% used [0x0000000795b00000,0x0000000795c27620,0x0000000795c80000)
  to   space 1536K, 0% used [0x0000000795980000,0x0000000795980000,0x0000000795b00000)
 ParOldGen       total 129536K, used 3400K [0x0000000740000000, 0x0000000747e80000, 0x0000000795580000)
  object space 129536K, 2% used [0x0000000740000000,0x00000007403523f0,0x0000000747e80000)
 Metaspace       used 7800K, capacity 7899K, committed 8064K, reserved 1056768K
  class space    used 831K, capacity 884K, committed 896K, reserved 1048576K
Event: 2.178 GC heap after
Heap after GC invocations=7 (full 0):
 PSYoungGen      total 5632K, used 1323K [0x0000000795580000, 0x0000000796080000, 0x00000007c0000000)
  eden space 4096K, 0% used [0x0000000795580000,0x0000000795580000,0x0000000795980000)
  from space 1536K, 86% used [0x0000000795980000,0x0000000795acae20,0x0000000795b00000)
  to   space 1536K, 0% used [0x0000000795f00000,0x0000000795f00000,0x0000000796080000)
 ParOldGen       total 129536K, used 3569K [0x0000000740000000, 0x0000000747e80000, 0x0000000795580000)
  object space 129536K, 2% used [0x0000000740000000,0x000000074037c430,0x0000000747e80000)
 Metaspace       used 7800K, capacity 7899K, committed 8064K, reserved 1056768K
  class space    used 831K, capacity 884K, committed 896K, reserved 1048576K
}
Event: 2.223 GC heap before
{Heap before GC invocations=8 (full 0):
 PSYoungGen      total 5632K, used 5419K [0x0000000795580000, 0x0000000796080000, 0x00000007c0000000)
  eden space 4096K, 100% used [0x0000000795580000,0x0000000795980000,0x0000000795980000)
  from space 1536K, 86% used [0x0000000795980000,0x0000000795acae20,0x0000000795b00000)
  to   space 1536K, 0% used [0x0000000795f00000,0x0000000795f00000,0x0000000796080000)
 ParOldGen       total 129536K, used 3569K [0x0000000740000000, 0x0000000747e80000, 0x0000000795580000)
  object space 129536K, 2% used [0x0000000740000000,0x000000074037c430,0x0000000747e80000)
 Metaspace       used 8039K, capacity 8187K, committed 8448K, reserved 1056768K
  class space    used 852K, capacity 916K, committed 1024K, reserved 1048576K
Event: 2.233 GC heap after
Heap after GC invocations=8 (full 0):
 PSYoungGen      total 9216K, used 1127K [0x0000000795580000, 0x0000000796180000, 0x00000007c0000000)
  eden space 7680K, 0% used [0x0000000795580000,0x0000000795580000,0x0000000795d00000)
  from space 1536K, 73% used [0x0000000795f00000,0x0000000796019eb8,0x0000000796080000)
  to   space 2048K, 0% used [0x0000000795d00000,0x0000000795d00000,0x0000000795f00000)
 ParOldGen       total 129536K, used 12937K [0x0000000740000000, 0x0000000747e80000, 0x0000000795580000)
  object space 129536K, 9% used [0x0000000740000000,0x0000000740ca2470,0x0000000747e80000)
 Metaspace       used 8039K, capacity 8187K, committed 8448K, reserved 1056768K
  class space    used 852K, capacity 916K, committed 1024K, reserved 1048576K
}
Event: 2.415 GC heap before
{Heap before GC invocations=9 (full 0):
 PSYoungGen      total 9216K, used 8807K [0x0000000795580000, 0x0000000796180000, 0x00000007c0000000)
  eden space 7680K, 100% used [0x0000000795580000,0x0000000795d00000,0x0000000795d00000)
  from space 1536K, 73% used [0x0000000795f00000,0x0000000796019eb8,0x0000000796080000)
  to   space 2048K, 0% used [0x0000000795d00000,0x0000000795d00000,0x0000000795f00000)
 ParOldGen       total 129536K, used 12937K [0x0000000740000000, 0x0000000747e80000, 0x0000000795580000)
  object space 129536K, 9% used [0x0000000740000000,0x0000000740ca2470,0x0000000747e80000)
 Metaspace       used 8867K, capacity 8997K, committed 9216K, reserved 1056768K
  class space    used 963K, capacity 1015K, committed 1024K, reserved 1048576K
Event: 2.433 GC heap after
Heap after GC invocations=9 (full 0):
 PSYoungGen      total 9728K, used 757K [0x0000000795580000, 0x0000000796480000, 0x00000007c0000000)
  eden space 7680K, 0% used [0x0000000795580000,0x0000000795580000,0x0000000795d00000)
  from space 2048K, 36% used [0x0000000795d00000,0x0000000795dbd5c8,0x0000000795f00000)
  to   space 1536K, 0% used [0x0000000796300000,0x0000000796300000,0x0000000796480000)
 ParOldGen       total 129536K, used 34890K [0x0000000740000000, 0x0000000747e80000, 0x0000000795580000)
  object space 129536K, 26% used [0x0000000740000000,0x0000000742212b50,0x0000000747e80000)
 Metaspace       used 8867K, capacity 8997K, committed 9216K, reserved 1056768K
  class space    used 963K, capacity 1015K, committed 1024K, reserved 1048576K
}
Event: 2.474 GC heap before
{Heap before GC invocations=10 (full 0):
 PSYoungGen      total 9728K, used 8437K [0x0000000795580000, 0x0000000796480000, 0x00000007c0000000)
  eden space 7680K, 100% used [0x0000000795580000,0x0000000795d00000,0x0000000795d00000)
  from space 2048K, 36% used [0x0000000795d00000,0x0000000795dbd5c8,0x0000000795f00000)
  to   space 1536K, 0% used [0x0000000796300000,0x0000000796300000,0x0000000796480000)
 ParOldGen       total 129536K, used 34890K [0x0000000740000000, 0x0000000747e80000, 0x0000000795580000)
  object space 129536K, 26% used [0x0000000740000000,0x0000000742212b50,0x0000000747e80000)
 Metaspace       used 8868K, capacity 8997K, committed 9216K, reserved 1056768K
  class space    used 963K, capacity 1015K, committed 1024K, reserved 1048576K
Event: 2.476 GC heap after
Heap after GC invocations=10 (full 0):
 PSYoungGen      total 13312K, used 192K [0x0000000795580000, 0x0000000796580000, 0x00000007c0000000)
  eden space 11776K, 0% used [0x0000000795580000,0x0000000795580000,0x0000000796100000)
  from space 1536K, 12% used [0x0000000796300000,0x0000000796330000,0x0000000796480000)
  to   space 2048K, 0% used [0x0000000796100000,0x0000000796100000,0x0000000796300000)
 ParOldGen       total 129536K, used 35512K [0x0000000740000000, 0x0000000747e80000, 0x0000000795580000)
  object space 129536K, 27% used [0x0000000740000000,0x00000007422ae138,0x0000000747e80000)
 Metaspace       used 8868K, capacity 8997K, committed 9216K, reserved 1056768K
  class space    used 963K, capacity 1015K, committed 1024K, reserved 1048576K
}
Event: 2.511 GC heap before
{Heap before GC invocations=11 (full 0):
 PSYoungGen      total 13312K, used 11968K [0x0000000795580000, 0x0000000796580000, 0x00000007c0000000)
  eden space 11776K, 100% used [0x0000000795580000,0x0000000796100000,0x0000000796100000)
  from space 1536K, 12% used [0x0000000796300000,0x0000000796330000,0x0000000796480000)
  to   space 2048K, 0% used [0x0000000796100000,0x0000000796100000,0x0000000796300000)
 ParOldGen       total 129536K, used 35512K [0x0000000740000000, 0x0000000747e80000, 0x0000000795580000)
  object space 129536K, 27% used [0x0000000740000000,0x00000007422ae138,0x0000000747e80000)
 Metaspace       used 8868K, capacity 8997K, committed 9216K, reserved 1056768K
  class space    used 963K, capacity 1015K, committed 1024K, reserved 1048576K
Event: 2.512 GC heap after
Heap after GC invocations=11 (full 0):
 PSYoungGen      total 13824K, used 0K [0x0000000795580000, 0x0000000796c00000, 0x00000007c0000000)
  eden space 11776K, 0% used [0x0000000795580000,0x0000000795580000,0x0000000796100000)
  from space 2048K, 0% used [0x0000000796100000,0x0000000796100000,0x0000000796300000)
  to   space 2048K, 0% used [0x0000000796a00000,0x0000000796a00000,0x0000000796c00000)
 ParOldGen       total 129536K, used 35632K [0x0000000740000000, 0x0000000747e80000, 0x0000000795580000)
  object space 129536K, 27% used [0x0000000740000000,0x00000007422cc138,0x0000000747e80000)
 Metaspace       used 8868K, capacity 8997K, committed 9216K, reserved 1056768K
  class space    used 963K, capacity 1015K, committed 1024K, reserved 1048576K
}

Deoptimization events (2 events):
Event: 2.064 Thread 0x00007ff1a2004800 Uncommon trap: reason=unloaded action=reinterpret pc=0x000000010942a160 method=org.newdawn.slick.opengl.PNGDecoder.<init>(Ljava/io/InputStream;)V @ 52
Event: 2.522 Thread 0x00007ff1a2004800 Uncommon trap: reason=unreached action=reinterpret pc=0x0000000109478688 method=sun.awt.image.ByteInterleavedRaster.getDataElements(IILjava/lang/Object;)Ljava/lang/Object; @ 43

Internal exceptions (10 events):
Event: 2.964 Thread 0x00007ff1a2004800 Exception <a 'java/security/PrivilegedActionException'> (0x0000000795a82bc0) thrown at [/HUDSON3/workspace/8-2-build-macosx-x86_64/jdk8u11/648/hotspot/src/share/vm/prims/jvm.cpp, line 1248]
Event: 3.055 Thread 0x00007ff1a2004800 Exception <a 'java/security/PrivilegedActionException'> (0x0000000795b7b820) thrown at [/HUDSON3/workspace/8-2-build-macosx-x86_64/jdk8u11/648/hotspot/src/share/vm/prims/jvm.cpp, line 1248]
Event: 3.114 Thread 0x00007ff1a2004800 Exception <a 'java/security/PrivilegedActionException'> (0x0000000795c25808) thrown at [/HUDSON3/workspace/8-2-build-macosx-x86_64/jdk8u11/648/hotspot/src/share/vm/prims/jvm.cpp, line 1248]
Event: 3.115 Thread 0x00007ff1a2004800 Exception <a 'java/security/PrivilegedActionException'> (0x0000000795c2a428) thrown at [/HUDSON3/workspace/8-2-build-macosx-x86_64/jdk8u11/648/hotspot/src/share/vm/prims/jvm.cpp, line 1248]
Event: 3.116 Thread 0x00007ff1a2004800 Exception <a 'java/security/PrivilegedActionException'> (0x0000000795c2f1c0) thrown at [/HUDSON3/workspace/8-2-build-macosx-x86_64/jdk8u11/648/hotspot/src/share/vm/prims/jvm.cpp, line 1248]
Event: 3.117 Thread 0x00007ff1a2004800 Exception <a 'java/security/PrivilegedActionException'> (0x0000000795c3c2f8) thrown at [/HUDSON3/workspace/8-2-build-macosx-x86_64/jdk8u11/648/hotspot/src/share/vm/prims/jvm.cpp, line 1248]
Event: 3.298 Thread 0x00007ff1a2004800 Exception <a 'java/security/PrivilegedActionException'> (0x0000000795c5d700) thrown at [/HUDSON3/workspace/8-2-build-macosx-x86_64/jdk8u11/648/hotspot/src/share/vm/prims/jvm.cpp, line 1248]
Event: 3.299 Thread 0x00007ff1a2004800 Exception <a 'java/security/PrivilegedActionException'> (0x0000000795c61cc8) thrown at [/HUDSON3/workspace/8-2-build-macosx-x86_64/jdk8u11/648/hotspot/src/share/vm/prims/jvm.cpp, line 1248]
Event: 3.302 Thread 0x00007ff1a2004800 Exception <a 'java/security/PrivilegedActionException'> (0x0000000795c66388) thrown at [/HUDSON3/workspace/8-2-build-macosx-x86_64/jdk8u11/648/hotspot/src/share/vm/prims/jvm.cpp, line 1248]
Event: 4.131 Thread 0x00007ff1a2004800 Exception <a 'java/security/PrivilegedActionException'> (0x0000000795c6c318) thrown at [/HUDSON3/workspace/8-2-build-macosx-x86_64/jdk8u11/648/hotspot/src/share/vm/prims/jvm.cpp, line 1248]

Events (10 events):
Event: 3.193 Thread 0x00007ff1a2004800 DEOPT PACKING pc=0x00000001094b19ff sp=0x000000010899e350
Event: 3.193 Thread 0x00007ff1a2004800 DEOPT UNPACKING pc=0x000000010925801a sp=0x000000010899e160 mode 0
Event: 3.298 loading class entities/Bee
Event: 3.298 loading class entities/Bee done
Event: 3.298 loading class entities/BadEntity
Event: 3.298 loading class entities/BadEntity done
Event: 3.302 loading class org/newdawn/slick/AngelCodeFont$DisplayList
Event: 3.302 loading class org/newdawn/slick/AngelCodeFont$DisplayList done
Event: 4.130 loading class org/lwjgl/opengl/CallbackUtil
Event: 4.130 loading class org/lwjgl/opengl/CallbackUtil done


Dynamic libraries:
0x000000000cdcd000 	/System/Library/Frameworks/Cocoa.framework/Versions/A/Cocoa
0x000000000cdcd000 	/System/Library/Frameworks/Security.framework/Versions/A/Security
0x000000000cdcd000 	/System/Library/Frameworks/ApplicationServices.framework/Versions/A/ApplicationServices
0x000000000cdcd000 	/usr/lib/libz.1.dylib
0x000000000cdcd000 	/usr/lib/libSystem.B.dylib
0x000000000cdcd000 	/usr/lib/libobjc.A.dylib
0x000000000cdcd000 	/System/Library/Frameworks/CoreFoundation.framework/Versions/A/CoreFoundation
0x000000000cdcd000 	/System/Library/Frameworks/Foundation.framework/Versions/C/Foundation
0x000000000cdcd000 	/System/Library/Frameworks/AppKit.framework/Versions/C/AppKit
0x000000000cdcd000 	/System/Library/Frameworks/CoreData.framework/Versions/A/CoreData
0x000000000cdcd000 	/System/Library/PrivateFrameworks/RemoteViewServices.framework/Versions/A/RemoteViewServices
0x000000000cdcd000 	/System/Library/PrivateFrameworks/UIFoundation.framework/Versions/A/UIFoundation
0x000000000cdcd000 	/System/Library/Frameworks/IOSurface.framework/Versions/A/IOSurface
0x000000000cdcd000 	/System/Library/Frameworks/AudioToolbox.framework/Versions/A/AudioToolbox
0x000000000cdcd000 	/System/Library/Frameworks/AudioUnit.framework/Versions/A/AudioUnit
0x000000000cdcd000 	/System/Library/PrivateFrameworks/DataDetectorsCore.framework/Versions/A/DataDetectorsCore
0x000000000cdcd000 	/System/Library/PrivateFrameworks/DesktopServicesPriv.framework/Versions/A/DesktopServicesPriv
0x000000000cdcd000 	/System/Library/Frameworks/Carbon.framework/Versions/A/Frameworks/HIToolbox.framework/Versions/A/HIToolbox
0x000000000cdcd000 	/System/Library/Frameworks/QuartzCore.framework/Versions/A/QuartzCore
0x000000000cdcd000 	/System/Library/Frameworks/Carbon.framework/Versions/A/Frameworks/SpeechRecognition.framework/Versions/A/SpeechRecognition
0x000000000cdcd000 	/usr/lib/libauto.dylib
0x000000000cdcd000 	/usr/lib/libicucore.A.dylib
0x000000000cdcd000 	/usr/lib/libxml2.2.dylib
0x000000000cdcd000 	/System/Library/PrivateFrameworks/CoreUI.framework/Versions/A/CoreUI
0x000000000cdcd000 	/System/Library/Frameworks/CoreAudio.framework/Versions/A/CoreAudio
0x000000000cdcd000 	/System/Library/Frameworks/DiskArbitration.framework/Versions/A/DiskArbitration
0x000000000cdcd000 	/usr/lib/liblangid.dylib
0x000000000cdcd000 	/System/Library/PrivateFrameworks/MultitouchSupport.framework/Versions/A/MultitouchSupport
0x000000000cdcd000 	/System/Library/Frameworks/IOKit.framework/Versions/A/IOKit
0x000000000cdcd000 	/usr/lib/libDiagnosticMessagesClient.dylib
0x000000000cdcd000 	/System/Library/Frameworks/CoreServices.framework/Versions/A/CoreServices
0x000000000cdcd000 	/System/Library/PrivateFrameworks/PerformanceAnalysis.framework/Versions/A/PerformanceAnalysis
0x000000000cdcd000 	/System/Library/PrivateFrameworks/GenerationalStorage.framework/Versions/A/GenerationalStorage
0x000000000cdcd000 	/System/Library/Frameworks/OpenGL.framework/Versions/A/OpenGL
0x000000000cdcd000 	/System/Library/PrivateFrameworks/Sharing.framework/Versions/A/Sharing
0x000000000cdcd000 	/System/Library/Frameworks/CoreGraphics.framework/Versions/A/CoreGraphics
0x000000000cdcd000 	/System/Library/Frameworks/CoreText.framework/Versions/A/CoreText
0x000000000cdcd000 	/System/Library/Frameworks/ImageIO.framework/Versions/A/ImageIO
0x000000000cdcd000 	/usr/lib/libextension.dylib
0x000000000cdcd000 	/System/Library/PrivateFrameworks/Backup.framework/Versions/A/Backup
0x000000000cdcd000 	/usr/lib/libarchive.2.dylib
0x000000000cdcd000 	/System/Library/Frameworks/CFNetwork.framework/Versions/A/CFNetwork
0x000000000cdcd000 	/System/Library/Frameworks/SystemConfiguration.framework/Versions/A/SystemConfiguration
0x000000000cdcd000 	/usr/lib/libCRFSuite.dylib
0x000000000cdcd000 	/usr/lib/libc++.1.dylib
0x000000000cdcd000 	/usr/lib/libc++abi.dylib
0x000000000cdcd000 	/usr/lib/system/libcache.dylib
0x000000000cdcd000 	/usr/lib/system/libcommonCrypto.dylib
0x000000000cdcd000 	/usr/lib/system/libcompiler_rt.dylib
0x000000000cdcd000 	/usr/lib/system/libcopyfile.dylib
0x000000000cdcd000 	/usr/lib/system/libcorecrypto.dylib
0x000000000cdcd000 	/usr/lib/system/libdispatch.dylib
0x000000000cdcd000 	/usr/lib/system/libdyld.dylib
0x000000000cdcd000 	/usr/lib/system/libkeymgr.dylib
0x000000000cdcd000 	/usr/lib/system/liblaunch.dylib
0x000000000cdcd000 	/usr/lib/system/libmacho.dylib
0x000000000cdcd000 	/usr/lib/system/libquarantine.dylib
0x000000000cdcd000 	/usr/lib/system/libremovefile.dylib
0x000000000cdcd000 	/usr/lib/system/libsystem_asl.dylib
0x000000000cdcd000 	/usr/lib/system/libsystem_blocks.dylib
0x000000000cdcd000 	/usr/lib/system/libsystem_c.dylib
0x000000000cdcd000 	/usr/lib/system/libsystem_configuration.dylib
0x000000000cdcd000 	/usr/lib/system/libsystem_coreservices.dylib
0x000000000cdcd000 	/usr/lib/system/libsystem_coretls.dylib
0x000000000cdcd000 	/usr/lib/system/libsystem_dnssd.dylib
0x000000000cdcd000 	/usr/lib/system/libsystem_info.dylib
0x000000000cdcd000 	/usr/lib/system/libsystem_kernel.dylib
0x000000000cdcd000 	/usr/lib/system/libsystem_m.dylib
0x000000000cdcd000 	/usr/lib/system/libsystem_malloc.dylib
0x000000000cdcd000 	/usr/lib/system/libsystem_network.dylib
0x000000000cdcd000 	/usr/lib/system/libsystem_networkextension.dylib
0x000000000cdcd000 	/usr/lib/system/libsystem_notify.dylib
0x000000000cdcd000 	/usr/lib/system/libsystem_platform.dylib
0x000000000cdcd000 	/usr/lib/system/libsystem_pthread.dylib
0x000000000cdcd000 	/usr/lib/system/libsystem_sandbox.dylib
0x000000000cdcd000 	/usr/lib/system/libsystem_secinit.dylib
0x000000000cdcd000 	/usr/lib/system/libsystem_stats.dylib
0x000000000cdcd000 	/usr/lib/system/libsystem_trace.dylib
0x000000000cdcd000 	/usr/lib/system/libunc.dylib
0x000000000cdcd000 	/usr/lib/system/libunwind.dylib
0x000000000cdcd000 	/usr/lib/system/libxpc.dylib
0x000000000cdcd000 	/usr/lib/libbz2.1.0.dylib
0x000000000cdcd000 	/usr/lib/liblzma.5.dylib
0x000000000cdcd000 	/usr/lib/libbsm.0.dylib
0x000000000cdcd000 	/usr/lib/libsqlite3.dylib
0x000000000cdcd000 	/usr/lib/system/libkxld.dylib
0x000000000cdcd000 	/usr/lib/libxar.1.dylib
0x000000000cdcd000 	/usr/lib/libpam.2.dylib
0x000000000cdcd000 	/usr/lib/libOpenScriptingUtil.dylib
0x000000000cdcd000 	/System/Library/Frameworks/CoreServices.framework/Versions/A/Frameworks/FSEvents.framework/Versions/A/FSEvents
0x000000000cdcd000 	/System/Library/Frameworks/CoreServices.framework/Versions/A/Frameworks/CarbonCore.framework/Versions/A/CarbonCore
0x000000000cdcd000 	/System/Library/Frameworks/CoreServices.framework/Versions/A/Frameworks/Metadata.framework/Versions/A/Metadata
0x000000000cdcd000 	/System/Library/Frameworks/CoreServices.framework/Versions/A/Frameworks/OSServices.framework/Versions/A/OSServices
0x000000000cdcd000 	/System/Library/Frameworks/CoreServices.framework/Versions/A/Frameworks/SearchKit.framework/Versions/A/SearchKit
0x000000000cdcd000 	/System/Library/Frameworks/CoreServices.framework/Versions/A/Frameworks/AE.framework/Versions/A/AE
0x000000000cdcd000 	/System/Library/Frameworks/CoreServices.framework/Versions/A/Frameworks/LaunchServices.framework/Versions/A/LaunchServices
0x000000000cdcd000 	/System/Library/Frameworks/CoreServices.framework/Versions/A/Frameworks/DictionaryServices.framework/Versions/A/DictionaryServices
0x000000000cdcd000 	/System/Library/Frameworks/NetFS.framework/Versions/A/NetFS
0x000000000cdcd000 	/System/Library/PrivateFrameworks/NetAuth.framework/Versions/A/NetAuth
0x000000000cdcd000 	/System/Library/PrivateFrameworks/login.framework/Versions/A/Frameworks/loginsupport.framework/Versions/A/loginsupport
0x000000000cdcd000 	/System/Library/PrivateFrameworks/TCC.framework/Versions/A/TCC
0x000000000cdcd000 	/usr/lib/libmecabra.dylib
0x000000000cdcd000 	/System/Library/Frameworks/ApplicationServices.framework/Versions/A/Frameworks/ATS.framework/Versions/A/ATS
0x000000000cdcd000 	/System/Library/Frameworks/ApplicationServices.framework/Versions/A/Frameworks/ColorSync.framework/Versions/A/ColorSync
0x000000000cdcd000 	/System/Library/Frameworks/ApplicationServices.framework/Versions/A/Frameworks/HIServices.framework/Versions/A/HIServices
0x000000000cdcd000 	/System/Library/Frameworks/ApplicationServices.framework/Versions/A/Frameworks/LangAnalysis.framework/Versions/A/LangAnalysis
0x000000000cdcd000 	/System/Library/Frameworks/ApplicationServices.framework/Versions/A/Frameworks/PrintCore.framework/Versions/A/PrintCore
0x000000000cdcd000 	/System/Library/Frameworks/ApplicationServices.framework/Versions/A/Frameworks/QD.framework/Versions/A/QD
0x000000000cdcd000 	/System/Library/Frameworks/ApplicationServices.framework/Versions/A/Frameworks/SpeechSynthesis.framework/Versions/A/SpeechSynthesis
0x000000000cdcd000 	/System/Library/Frameworks/Accelerate.framework/Versions/A/Accelerate
0x000000000cdcd000 	/System/Library/Frameworks/Accelerate.framework/Versions/A/Frameworks/vImage.framework/Versions/A/vImage
0x000000000cdcd000 	/System/Library/Frameworks/Accelerate.framework/Versions/A/Frameworks/vecLib.framework/Versions/A/vecLib
0x000000000cdcd000 	/System/Library/Frameworks/Accelerate.framework/Versions/A/Frameworks/vecLib.framework/Versions/A/libvDSP.dylib
0x000000000cdcd000 	/System/Library/Frameworks/Accelerate.framework/Versions/A/Frameworks/vecLib.framework/Versions/A/libvMisc.dylib
0x000000000cdcd000 	/System/Library/Frameworks/Accelerate.framework/Versions/A/Frameworks/vecLib.framework/Versions/A/libLAPACK.dylib
0x000000000cdcd000 	/System/Library/Frameworks/Accelerate.framework/Versions/A/Frameworks/vecLib.framework/Versions/A/libBLAS.dylib
0x000000000cdcd000 	/System/Library/Frameworks/Accelerate.framework/Versions/A/Frameworks/vecLib.framework/Versions/A/libLinearAlgebra.dylib
0x000000000cdcd000 	/System/Library/Frameworks/ApplicationServices.framework/Versions/A/Frameworks/ATS.framework/Versions/A/Resources/libFontParser.dylib
0x000000000cdcd000 	/System/Library/Frameworks/ApplicationServices.framework/Versions/A/Frameworks/ATS.framework/Versions/A/Resources/libFontRegistry.dylib
0x000000000cdcd000 	/System/Library/PrivateFrameworks/AppleVPA.framework/Versions/A/AppleVPA
0x000000000cdcd000 	/System/Library/PrivateFrameworks/AppleJPEG.framework/Versions/A/AppleJPEG
0x000000000cdcd000 	/System/Library/Frameworks/ImageIO.framework/Versions/A/Resources/libJPEG.dylib
0x000000000cdcd000 	/System/Library/Frameworks/ImageIO.framework/Versions/A/Resources/libTIFF.dylib
0x000000000cdcd000 	/System/Library/Frameworks/ImageIO.framework/Versions/A/Resources/libPng.dylib
0x000000000cdcd000 	/System/Library/Frameworks/ImageIO.framework/Versions/A/Resources/libGIF.dylib
0x000000000cdcd000 	/System/Library/Frameworks/ImageIO.framework/Versions/A/Resources/libJP2.dylib
0x000000000cdcd000 	/System/Library/Frameworks/ImageIO.framework/Versions/A/Resources/libRadiance.dylib
0x000000000cdcd000 	/System/Library/Frameworks/CoreVideo.framework/Versions/A/CoreVideo
0x000000000cdcd000 	/System/Library/Frameworks/OpenGL.framework/Versions/A/Libraries/libGLU.dylib
0x000000000cdcd000 	/System/Library/Frameworks/OpenGL.framework/Versions/A/Libraries/libGFXShared.dylib
0x000000000cdcd000 	/System/Library/Frameworks/OpenGL.framework/Versions/A/Libraries/libGL.dylib
0x000000000cdcd000 	/System/Library/Frameworks/OpenGL.framework/Versions/A/Libraries/libGLImage.dylib
0x000000000cdcd000 	/System/Library/Frameworks/OpenGL.framework/Versions/A/Libraries/libCVMSPluginSupport.dylib
0x000000000cdcd000 	/System/Library/Frameworks/OpenGL.framework/Versions/A/Libraries/libCoreVMClient.dylib
0x000000000cdcd000 	/usr/lib/libcups.2.dylib
0x000000000cdcd000 	/System/Library/Frameworks/Kerberos.framework/Versions/A/Kerberos
0x000000000cdcd000 	/System/Library/Frameworks/GSS.framework/Versions/A/GSS
0x000000000cdcd000 	/usr/lib/libresolv.9.dylib
0x000000000cdcd000 	/usr/lib/libiconv.2.dylib
0x000000000cdcd000 	/System/Library/PrivateFrameworks/Heimdal.framework/Versions/A/Heimdal
0x000000000cdcd000 	/usr/lib/libheimdal-asn1.dylib
0x000000000cdcd000 	/System/Library/Frameworks/OpenDirectory.framework/Versions/A/OpenDirectory
0x000000000cdcd000 	/System/Library/PrivateFrameworks/CommonAuth.framework/Versions/A/CommonAuth
0x000000000cdcd000 	/System/Library/Frameworks/OpenDirectory.framework/Versions/A/Frameworks/CFOpenDirectory.framework/Versions/A/CFOpenDirectory
0x000000000cdcd000 	/System/Library/Frameworks/SecurityFoundation.framework/Versions/A/SecurityFoundation
0x000000000cdcd000 	/System/Library/PrivateFrameworks/LanguageModeling.framework/Versions/A/LanguageModeling
0x000000000cdcd000 	/usr/lib/libcmph.dylib
0x000000000cdcd000 	/System/Library/Frameworks/ServiceManagement.framework/Versions/A/ServiceManagement
0x000000000cdcd000 	/usr/lib/libxslt.1.dylib
0x000000000cdcd000 	/System/Library/Frameworks/Carbon.framework/Versions/A/Frameworks/Ink.framework/Versions/A/Ink
0x000000000cdcd000 	/System/Library/Frameworks/QuartzCore.framework/Versions/A/Frameworks/CoreImage.framework/Versions/A/CoreImage
0x000000000cdcd000 	/System/Library/PrivateFrameworks/CrashReporterSupport.framework/Versions/A/CrashReporterSupport
0x000000000cdcd000 	/System/Library/Frameworks/OpenCL.framework/Versions/A/OpenCL
0x000000000cdcd000 	/System/Library/PrivateFrameworks/FaceCore.framework/Versions/A/FaceCore
0x000000000cdcd000 	/System/Library/PrivateFrameworks/Ubiquity.framework/Versions/A/Ubiquity
0x000000000cdcd000 	/System/Library/PrivateFrameworks/IconServices.framework/Versions/A/IconServices
0x000000000cdcd000 	/System/Library/PrivateFrameworks/ChunkingLibrary.framework/Versions/A/ChunkingLibrary
0x000000000cdcd000 	/System/Library/PrivateFrameworks/Apple80211.framework/Versions/A/Apple80211
0x000000000cdcd000 	/System/Library/Frameworks/CoreWLAN.framework/Versions/A/CoreWLAN
0x000000000cdcd000 	/System/Library/Frameworks/IOBluetooth.framework/Versions/A/IOBluetooth
0x000000000cdcd000 	/System/Library/PrivateFrameworks/CoreWiFi.framework/Versions/A/CoreWiFi
0x000000000cdcd000 	/System/Library/Frameworks/CoreBluetooth.framework/Versions/A/CoreBluetooth
0x000000000cdcd000 	/System/Library/PrivateFrameworks/DebugSymbols.framework/Versions/A/DebugSymbols
0x000000000cdcd000 	/System/Library/PrivateFrameworks/CoreSymbolication.framework/Versions/A/CoreSymbolication
0x000000000cdcd000 	/System/Library/PrivateFrameworks/Symbolication.framework/Versions/A/Symbolication
0x000000000cdcd000 	/System/Library/PrivateFrameworks/SpeechRecognitionCore.framework/Versions/A/SpeechRecognitionCore
0x00000001079dd000 	/Library/Java/JavaVirtualMachines/jdk1.8.0_11.jdk/Contents/Home/jre/lib/server/libjvm.dylib
0x000000000cdcd000 	/usr/lib/libstdc++.6.dylib
0x00000001089a1000 	/Library/Java/JavaVirtualMachines/jdk1.8.0_11.jdk/Contents/Home/jre/lib/libverify.dylib
0x00000001089af000 	/Library/Java/JavaVirtualMachines/jdk1.8.0_11.jdk/Contents/Home/jre/lib/libjava.dylib
0x0000000109208000 	/Library/Java/JavaVirtualMachines/jdk1.8.0_11.jdk/Contents/Home/jre/lib/libzip.dylib
0x000000011f285000 	/System/Library/Frameworks/JavaVM.framework/Frameworks/JavaRuntimeSupport.framework/JavaRuntimeSupport
0x000000011f2a0000 	/System/Library/Frameworks/JavaVM.framework/Versions/A/Frameworks/JavaNativeFoundation.framework/Versions/A/JavaNativeFoundation
0x000000011f2b5000 	/System/Library/Frameworks/JavaVM.framework/Versions/A/JavaVM
0x000000000cdcd000 	/System/Library/Frameworks/Carbon.framework/Versions/A/Carbon
0x000000011f2c2000 	/System/Library/PrivateFrameworks/JavaLaunching.framework/Versions/A/JavaLaunching
0x000000000cdcd000 	/System/Library/Frameworks/Carbon.framework/Versions/A/Frameworks/CommonPanels.framework/Versions/A/CommonPanels
0x000000000cdcd000 	/System/Library/Frameworks/Carbon.framework/Versions/A/Frameworks/Help.framework/Versions/A/Help
0x000000000cdcd000 	/System/Library/Frameworks/Carbon.framework/Versions/A/Frameworks/ImageCapture.framework/Versions/A/ImageCapture
0x000000000cdcd000 	/System/Library/Frameworks/Carbon.framework/Versions/A/Frameworks/OpenScripting.framework/Versions/A/OpenScripting
0x000000000cdcd000 	/System/Library/Frameworks/Carbon.framework/Versions/A/Frameworks/Print.framework/Versions/A/Print
0x000000000cdcd000 	/System/Library/Frameworks/Carbon.framework/Versions/A/Frameworks/SecurityHI.framework/Versions/A/SecurityHI
0x0000000121218000 	/Library/Java/JavaVirtualMachines/jdk1.8.0_11.jdk/Contents/Home/jre/lib/libawt.dylib
0x00000001212c7000 	/Library/Java/JavaVirtualMachines/jdk1.8.0_11.jdk/Contents/Home/jre/lib/./libmlib_image.dylib
0x0000000121393000 	/Library/Java/JavaVirtualMachines/jdk1.8.0_11.jdk/Contents/Home/jre/lib/libawt_lwawt.dylib
0x0000000121445000 	/Library/Java/JavaVirtualMachines/jdk1.8.0_11.jdk/Contents/Home/jre/lib/./libosxapp.dylib
0x000000000cdcd000 	/System/Library/Frameworks/ExceptionHandling.framework/Versions/A/ExceptionHandling
0x000000000cdcd000 	/System/Library/PrivateFrameworks/CoreServicesInternal.framework/Versions/A/CoreServicesInternal
0x000000000cdcd000 	/System/Library/PrivateFrameworks/CloudDocs.framework/Versions/A/CloudDocs
0x000000000cdcd000 	/System/Library/PrivateFrameworks/CoreDuet.framework/Versions/A/CoreDuet
0x000000000cdcd000 	/System/Library/Frameworks/CloudKit.framework/Versions/A/CloudKit
0x000000000cdcd000 	/System/Library/PrivateFrameworks/ProtocolBuffer.framework/Versions/A/ProtocolBuffer
0x000000000cdcd000 	/System/Library/PrivateFrameworks/CoreDuetDaemonProtocol.framework/Versions/A/CoreDuetDaemonProtocol
0x000000000cdcd000 	/System/Library/PrivateFrameworks/CoreDuetDebugLogging.framework/Versions/A/CoreDuetDebugLogging
0x000000000cdcd000 	/System/Library/PrivateFrameworks/MMCS.framework/Versions/A/MMCS
0x000000000cdcd000 	/System/Library/Frameworks/CoreLocation.framework/Versions/A/CoreLocation
0x000000000cdcd000 	/System/Library/PrivateFrameworks/ProtectedCloudStorage.framework/Versions/A/ProtectedCloudStorage
0x000000000cdcd000 	/System/Library/PrivateFrameworks/GeoServices.framework/Versions/A/GeoServices
0x000000000cdcd000 	/System/Library/Frameworks/CoreGraphics.framework/Versions/A/Resources/libCGCMS.A.dylib
0x000000000cdcd000 	/System/Library/Frameworks/CoreGraphics.framework/Versions/A/Resources/libRIP.A.dylib
0x000000000cdcd000 	/System/Library/Frameworks/CoreGraphics.framework/Versions/A/Resources/libCGXType.A.dylib
0x000000000cdcd000 	/System/Library/Frameworks/OpenCL.framework/Versions/A/Libraries/libcldcpuengine.dylib
0x000000000cdcd000 	/System/Library/PrivateFrameworks/DiskImages.framework/Versions/A/DiskImages
0x000000000cdcd000 	/System/Library/Frameworks/DiscRecording.framework/Versions/A/DiscRecording
0x000000000cdcd000 	/usr/lib/libcsfde.dylib
0x000000000cdcd000 	/usr/lib/libcurl.4.dylib
0x000000000cdcd000 	/System/Library/PrivateFrameworks/MediaKit.framework/Versions/A/MediaKit
0x000000000cdcd000 	/usr/lib/libCoreStorage.dylib
0x000000000cdcd000 	/System/Library/PrivateFrameworks/EFILogin.framework/Versions/A/EFILogin
0x000000000cdcd000 	/usr/lib/libutil.dylib
0x000000000cdcd000 	/System/Library/PrivateFrameworks/FindMyDevice.framework/Versions/A/FindMyDevice
0x000000000cdcd000 	/System/Library/Frameworks/LDAP.framework/Versions/A/LDAP
0x000000000cdcd000 	/usr/lib/libsasl2.2.dylib
0x000000000cdcd000 	/System/Library/PrivateFrameworks/CoreDaemon.framework/Versions/B/CoreDaemon
0x000000000cdcd000 	/usr/lib/libcrypto.0.9.8.dylib
0x000000000cdcd000 	/System/Library/PrivateFrameworks/AppleSRP.framework/Versions/A/AppleSRP
0x000000000cdcd000 	/System/Library/PrivateFrameworks/TrustEvaluationAgent.framework/Versions/A/TrustEvaluationAgent
0x0000000124370000 	cl_kernels
0x0000000124372000 	/System/Library/Frameworks/OpenCL.framework/Versions/A/Libraries/ImageFormats/unorm8_bgra.dylib
0x0000000124361000 	cl_kernels
0x000000000cdcd000 	/System/Library/PrivateFrameworks/FamilyControls.framework/Versions/A/FamilyControls
0x000000000cdcd000 	/System/Library/PrivateFrameworks/CommerceKit.framework/Versions/A/Frameworks/CommerceCore.framework/Versions/A/CommerceCore
0x000000000cdcd000 	/System/Library/PrivateFrameworks/SystemAdministration.framework/Versions/A/SystemAdministration
0x000000000cdcd000 	/System/Library/PrivateFrameworks/AppContainer.framework/Versions/A/AppContainer
0x000000000cdcd000 	/System/Library/PrivateFrameworks/SecCodeWrapper.framework/Versions/A/SecCodeWrapper
0x000000000cdcd000 	/System/Library/Frameworks/DirectoryService.framework/Versions/A/DirectoryService
0x000000000cdcd000 	/System/Library/PrivateFrameworks/LoginUIKit.framework/Versions/A/Frameworks/LoginUICore.framework/Versions/A/LoginUICore
0x000000000cdcd000 	/usr/lib/libodfde.dylib
0x000000012563e000 	/Library/Java/JavaVirtualMachines/jdk1.8.0_11.jdk/Contents/Home/jre/lib/libfontmanager.dylib
0x00000001256a4000 	/Users/Olivier/Dropbox/Projet_Int-grateur_TeamYOCO-master/build/classes/res/native/liblwjgl.dylib
0x00000001238a8000 	/Library/Java/JavaVirtualMachines/jdk1.8.0_11.jdk/Contents/Home/jre/lib/libjawt.dylib
0x000000000cdcd000 	/System/Library/Frameworks/OpenGL.framework/Versions/A/Resources/GLEngine.bundle/GLEngine
0x000000000cdcd000 	/System/Library/Frameworks/OpenGL.framework/Versions/A/Libraries/libGLProgrammability.dylib
0x0000000125730000 	/System/Library/Extensions/AppleIntelHDGraphicsGLDriver.bundle/Contents/MacOS/AppleIntelHDGraphicsGLDriver
0x0000000125bb7000 	/System/Library/PrivateFrameworks/GPUSupport.framework/Versions/A/Libraries/libGPUSupport.dylib
0x0000000000000000 	/System/Library/Extensions/GeForceTeslaGLDriver.bundle/Contents/MacOS/GeForceTeslaGLDriver
0x0000000125bcb000 	/System/Library/Extensions/GeForceTeslaGLDriver.bundle/Contents/MacOS/libclh.dylib
0x000000000cdcd000 	/System/Library/Frameworks/OpenGL.framework/Versions/A/Resources/GLRendererFloat.bundle/GLRendererFloat
0x00000001332f8000 	/Library/Java/JavaVirtualMachines/jdk1.8.0_11.jdk/Contents/Home/jre/lib/libnio.dylib
0x0000000133307000 	/Library/Java/JavaVirtualMachines/jdk1.8.0_11.jdk/Contents/Home/jre/lib/./libnet.dylib
0x0000000133442000 	/Library/Java/JavaVirtualMachines/jdk1.8.0_11.jdk/Contents/Home/jre/lib/libjpeg.dylib
0x0000000127590000 	/Users/Olivier/Dropbox/Projet_Int-grateur_TeamYOCO-master/build/classes/res/native/openal.dylib
0x000000012ac74000 	/System/Library/Components/CoreAudio.component/Contents/MacOS/CoreAudio
0x0000000123729000 	/System/Library/Extensions/AppleHDA.kext/Contents/PlugIns/AppleHDAHALPlugIn.bundle/Contents/MacOS/AppleHDAHALPlugIn

VM Arguments:
jvm_args: -Dfile.encoding=UTF-8 -Djava.library.path=lib 
java_command: ca.qc.bdeb.info204.Game
java_class_path (initial): /Users/Olivier/Dropbox/Projet_Int-grateur_TeamYOCO-master/lib/jinput.jar:/Users/Olivier/Dropbox/Projet_Int-grateur_TeamYOCO-master/lib/lwjgl.jar:/Users/Olivier/Dropbox/Projet_Int-grateur_TeamYOCO-master/lib/lwjgl_util.jar:/Users/Olivier/Dropbox/Projet_Int-grateur_TeamYOCO-master/lib/slick.jar:/Users/Olivier/Dropbox/Projet_Int-grateur_TeamYOCO-master/lib/SlickUtils-1.3.jar:/Users/Olivier/Dropbox/Projet_Int-grateur_TeamYOCO-master/build/classes
Launcher Type: SUN_STANDARD

Environment Variables:
PATH=/usr/bin:/bin:/usr/sbin:/sbin
LD_LIBRARY_PATH=/Library/Java/JavaVirtualMachines/jdk1.8.0_11.jdk/Contents/Home/jre/lib/amd64:/Library/Java/JavaVirtualMachines/jdk1.8.0_11.jdk/Contents/Home/jre/lib/i386:
SHELL=/bin/bash
DYLD_LIBRARY_PATH=/Applications/NetBeans/NetBeans 8.0.1.app/Contents/Resources/NetBeans/webcommon/bin:

Signal Handlers:
SIGSEGV: [libjvm.dylib+0x56059b], sa_mask[0]=0xfffefeff, sa_flags=0x00000043
SIGBUS: [libjvm.dylib+0x56059b], sa_mask[0]=0xfffefeff, sa_flags=0x00000042
SIGFPE: [libjvm.dylib+0x4438f2], sa_mask[0]=0xfffefeff, sa_flags=0x00000042
SIGPIPE: [libjvm.dylib+0x4438f2], sa_mask[0]=0xfffefeff, sa_flags=0x00000042
SIGXFSZ: [libjvm.dylib+0x4438f2], sa_mask[0]=0xfffefeff, sa_flags=0x00000042
SIGILL: [libjvm.dylib+0x4438f2], sa_mask[0]=0xfffefeff, sa_flags=0x00000042
SIGUSR1: SIG_DFL, sa_mask[0]=0x00000000, sa_flags=0x00000000
SIGUSR2: [libjvm.dylib+0x443410], sa_mask[0]=0x00000004, sa_flags=0x00000042
SIGHUP: [libjvm.dylib+0x44179b], sa_mask[0]=0xfffefeff, sa_flags=0x00000042
SIGINT: SIG_IGN, sa_mask[0]=0x00000000, sa_flags=0x00000000
SIGTERM: [libjvm.dylib+0x44179b], sa_mask[0]=0xfffefeff, sa_flags=0x00000042
SIGQUIT: [libjvm.dylib+0x44179b], sa_mask[0]=0xfffefeff, sa_flags=0x00000042


---------------  S Y S T E M  ---------------

OS:Bsduname:Darwin 14.5.0 Darwin Kernel Version 14.5.0: Wed Jul 29 02:26:53 PDT 2015; root:xnu-2782.40.9~1/RELEASE_X86_64 x86_64
rlimit: STACK 8192k, CORE 0k, NPROC 709, NOFILE 10240, AS infinity
load average:2.50 2.04 2.04

CPU:total 4 (2 cores per cpu, 2 threads per core) family 6 model 37 stepping 5, cmov, cx8, fxsr, mmx, sse, sse2, sse3, ssse3, sse4.1, sse4.2, popcnt, aes, clmul, ht, tsc, tscinvbit

Memory: 4k page, physical 8388608k(1297312k free)

/proc/meminfo:


vm_info: Java HotSpot(TM) 64-Bit Server VM (25.11-b03) for bsd-amd64 JRE (1.8.0_11-b12), built on Jun 16 2014 17:39:42 by "java_re" with gcc 4.2.1 (Based on Apple Inc. build 5658) (LLVM build 2336.11.00)

time: Mon May 23 12:15:14 2016
elapsed time: 4 seconds

