#
# A fatal error has been detected by the Java Runtime Environment:
#
#  SIGSEGV (0xb) at pc=0x00007fff894650dd, pid=14390, tid=1811
#
# JRE version: Java(TM) SE Runtime Environment (8.0_11-b12) (build 1.8.0_11-b12)
# Java VM: Java HotSpot(TM) 64-Bit Server VM (25.11-b03 mixed mode bsd-amd64 compressed oops)
# Problematic frame:
# C  [libobjc.A.dylib+0x10dd]  objc_msgSend+0x1d
#
# Failed to write core dump. Core dumps have been disabled. To enable core dumping, try "ulimit -c unlimited" before starting Java again
#
# If you would like to submit a bug report, please visit:
#   http://bugreport.sun.com/bugreport/crash.jsp
# The crash happened outside the Java Virtual Machine in native code.
# See problematic frame for where to report the bug.
#

---------------  T H R E A D  ---------------

Current thread (0x00007fba3101e000):  JavaThread "AppKit Thread" daemon [_thread_in_native, id=1811, stack(0x00007fff52f88000,0x00007fff53788000)]

siginfo:si_signo=SIGSEGV: si_errno=0, si_code=1 (SEGV_MAPERR), si_addr=0x0000000000000018

Registers:
RAX=0x0000000000000000, RBX=0x00007fba30e39c20, RCX=0x0000000000000000, RDX=0x00007fba30e39c20
RSP=0x00007fff53781b98, RBP=0x00007fff53781bc0, RSI=0x00007fff81e4d37c, RDI=0x00007fba30f846c0
R8 =0x0000000000000001, R9 =0x0000000000000001, R10=0x00007fff81e4d37c, R11=0x0000000000000000
R12=0x0000000000000094, R13=0x00007fba30d46000, R14=0x00007fba30f846c0, R15=0x00007fff537820b0
RIP=0x00007fff894650dd, EFLAGS=0x0000000000010246, ERR=0x0000000000000004
  TRAPNO=0x000000000000000e

Top of Stack: (sp=0x00007fff53781b98)
0x00007fff53781b98:   000000012a081598 00007fba30e39c20
0x00007fff53781ba8:   000000012a0b5c60 00007fba30d46000
0x00007fff53781bb8:   00007fba30e39c20 00007fff537820a0
0x00007fff53781bc8:   00007fff8152df45 0000000000000000
0x00007fff53781bd8:   0000000000000000 4090000000000000
0x00007fff53781be8:   4086000000000000 0000000000000000
0x00007fff53781bf8:   0000000000000000 4090000000000000
0x00007fff53781c08:   4086000000000000 4090000000000000
0x00007fff53781c18:   4086b00000000000 401c000000000000
0x00007fff53781c28:   4086180000000000 402c000000000000
0x00007fff53781c38:   4030000000000000 401c000000000000
0x00007fff53781c48:   0000000000000000 0000000000000000
0x00007fff53781c58:   4030000000000000 00007fff81e10129
0x00007fff53781c68:   4008000000000000 00007fba30e8b7d0
0x00007fff53781c78:   0000000100000000 0000000000000000
0x00007fff53781c88:   00007fba30c227f0 00007fff53781de0
0x00007fff53781c98:   00007fff81532b36 00007fff53781de0
0x00007fff53781ca8:   00007fff81534e82 402c000000000000
0x00007fff53781cb8:   4030000000000000 401c000000000000
0x00007fff53781cc8:   4086180000000000 402c000000000000
0x00007fff53781cd8:   4030000000000000 0000000000000000
0x00007fff53781ce8:   0000000000000000 4090000000000000
0x00007fff53781cf8:   4086b00000000000 401c000000000000
0x00007fff53781d08:   4086180000000000 402c000000000000
0x00007fff53781d18:   4030000000000000 0000000000000000
0x00007fff53781d28:   0000000000000000 000000010c496e00
0x00007fff53781d38:   000000010c492000 00007fff53781de0
0x00007fff53781d48:   00007fff820f7e7f 0000000000000d3e
0x00007fff53781d58:   000000010c492000 00007fff53781e00
0x00007fff53781d68:   00007fff820f7e7f 00007fff53781e6f
0x00007fff53781d78:   0000000000000000 00007fba30efc080
0x00007fff53781d88:   00007fba30ed0c70 000000000000000b 

Instructions: (pc=0x00007fff894650dd)
0x00007fff894650bd:   00 00 00 48 85 ff 2e 74 7a 40 f6 c7 01 2e 75 7e
0x00007fff894650cd:   49 bb f8 ff ff ff ff 7f 00 00 4c 23 1f 49 89 f2
0x00007fff894650dd:   45 23 53 18 49 c1 e2 04 4d 03 53 10 49 3b 32 75
0x00007fff894650ed:   04 41 ff 62 08 49 83 3a 00 74 6a 4d 3b 53 10 74 

Register to memory mapping:

RAX=0x0000000000000000 is an unknown value
RBX=0x00007fba30e39c20 is an unknown value
RCX=0x0000000000000000 is an unknown value
RDX=0x00007fba30e39c20 is an unknown value
RSP=0x00007fff53781b98 is pointing into the stack for thread: 0x00007fba3101e000
RBP=0x00007fff53781bc0 is pointing into the stack for thread: 0x00007fba3101e000
RSI=0x00007fff81e4d37c: -[NSTitlebarContainerView transparent]+0x5e270 in /System/Library/Frameworks/AppKit.framework/Versions/C/AppKit at 0x00007fff8144c000
RDI=0x00007fba30f846c0 is an unknown value
R8 =0x0000000000000001 is an unknown value
R9 =0x0000000000000001 is an unknown value
R10=0x00007fff81e4d37c: -[NSTitlebarContainerView transparent]+0x5e270 in /System/Library/Frameworks/AppKit.framework/Versions/C/AppKit at 0x00007fff8144c000
R11=0x0000000000000000 is an unknown value
R12=0x0000000000000094 is an unknown value
R13=0x00007fba30d46000 is an unknown value
R14=0x00007fba30f846c0 is an unknown value
R15=0x00007fff537820b0 is pointing into the stack for thread: 0x00007fba3101e000


Stack: [0x00007fff52f88000,0x00007fff53788000],  sp=0x00007fff53781b98,  free space=8166k
Native frames: (J=compiled Java code, j=interpreted, Vv=VM code, C=native code)
C  [libobjc.A.dylib+0x10dd]  objc_msgSend+0x1d
C  [AppKit+0xe1f45]  -[NSView _recursiveDisplayRectIfNeededIgnoringOpacity:isVisibleRect:rectIsVisibleRectForView:topView:]+0x740
C  [AppKit+0xe2fa0]  -[NSView _recursiveDisplayRectIfNeededIgnoringOpacity:isVisibleRect:rectIsVisibleRectForView:topView:]+0x179b
C  [AppKit+0xe12f3]  -[NSThemeFrame _recursiveDisplayRectIfNeededIgnoringOpacity:isVisibleRect:rectIsVisibleRectForView:topView:]+0x14d
C  [AppKit+0xdd68b]  -[NSView _displayRectIgnoringOpacity:isVisibleRect:rectIsVisibleRectForView:]+0xac9
C  [AppKit+0x951ae]  -[NSView displayIfNeeded]+0x754
C  [AppKit+0x94a09]  -[NSWindow displayIfNeeded]+0xec
C  [AppKit+0x94672]  _handleWindowNeedsDisplayOrLayoutOrUpdateConstraints+0x3a8
C  [Foundation+0x4ba23]  __NSFireTimer+0x5f
C  [CoreFoundation+0xb72e4]  __CFRUNLOOP_IS_CALLING_OUT_TO_A_TIMER_CALLBACK_FUNCTION__+0x14
C  [CoreFoundation+0xb6f73]  __CFRunLoopDoTimer+0x423
C  [CoreFoundation+0x12a53d]  __CFRunLoopDoTimers+0x12d
C  [CoreFoundation+0x72608]  __CFRunLoopRun+0x7e8
C  [CoreFoundation+0x71bd8]  CFRunLoopRunSpecific+0x128
C  [HIToolbox+0x3256f]  RunCurrentEventLoopInMode+0xeb
C  [HIToolbox+0x322ea]  ReceiveNextEventCommon+0x1af
C  [HIToolbox+0x3212b]  _BlockUntilNextEventMatchingListInModeWithFilter+0x47
C  [AppKit+0x918ab]  _DPSNextEvent+0x3d2
C  [AppKit+0x90e58]  -[NSApplication nextEventMatchingMask:untilDate:inMode:dequeue:]+0x15a
C  [libosxapp.dylib+0x242a]  -[NSApplicationAWT nextEventMatchingMask:untilDate:inMode:dequeue:]+0x7c
C  [AppKit+0x86af3]  -[NSApplication run]+0x252
C  [libosxapp.dylib+0x223e]  +[NSApplicationAWT runAWTLoopWithApp:]+0x9c
C  [libawt_lwawt.dylib+0x439bb]  -[AWTStarter starter:]+0x389
C  [Foundation+0x92dd0]  __NSThreadPerformPerform+0x125
C  [CoreFoundation+0x80a01]  __CFRUNLOOP_IS_CALLING_OUT_TO_A_SOURCE0_PERFORM_FUNCTION__+0x11
C  [CoreFoundation+0x72b8d]  __CFRunLoopDoSources0+0x10d
C  [CoreFoundation+0x721bf]  __CFRunLoopRun+0x39f
C  [CoreFoundation+0x71bd8]  CFRunLoopRunSpecific+0x128
C  [java+0x56cb]  CreateExecutionEnvironment+0x367
C  [java+0x166c]  JLI_Launch+0x7a0
C  [java+0x7689]  main+0x65
C  [java+0xec4]  start+0x34


---------------  P R O C E S S  ---------------

Java Threads: ( => current thread )
  0x00007fba318a5800 JavaThread "AWT-Shutdown" [_thread_blocked, id=28179, stack(0x000000012764e000,0x000000012774e000)]
=>0x00007fba3101e000 JavaThread "AppKit Thread" daemon [_thread_in_native, id=1811, stack(0x00007fff52f88000,0x00007fff53788000)]
  0x00007fba3204d000 JavaThread "Service Thread" daemon [_thread_blocked, id=18435, stack(0x0000000125b4a000,0x0000000125c4a000)]
  0x00007fba3100b000 JavaThread "C1 CompilerThread2" daemon [_thread_blocked, id=17923, stack(0x0000000125a47000,0x0000000125b47000)]
  0x00007fba32830000 JavaThread "C2 CompilerThread1" daemon [_thread_blocked, id=17411, stack(0x0000000125944000,0x0000000125a44000)]
  0x00007fba31812000 JavaThread "C2 CompilerThread0" daemon [_thread_blocked, id=16899, stack(0x0000000125841000,0x0000000125941000)]
  0x00007fba31811000 JavaThread "Signal Dispatcher" daemon [_thread_blocked, id=13843, stack(0x000000012573e000,0x000000012583e000)]
  0x00007fba32011000 JavaThread "Finalizer" daemon [_thread_blocked, id=12035, stack(0x0000000123d22000,0x0000000123e22000)]
  0x00007fba31009000 JavaThread "Reference Handler" daemon [_thread_blocked, id=11523, stack(0x0000000123c1f000,0x0000000123d1f000)]
  0x00007fba32006800 JavaThread "main" [_thread_in_native, id=5379, stack(0x000000010d44f000,0x000000010d54f000)]

Other Threads:
  0x00007fba3282a800 VMThread [stack: 0x0000000123b1c000,0x0000000123c1c000] [id=11011]
  0x00007fba3180c800 WatcherThread [stack: 0x0000000125c4d000,0x0000000125d4d000] [id=18947]

VM state:not at safepoint (normal execution)

VM Mutex/Monitor currently owned by a thread: None

Heap:
 PSYoungGen      total 5632K, used 5154K [0x0000000795580000, 0x0000000795c80000, 0x00000007c0000000)
  eden space 4096K, 96% used [0x0000000795580000,0x000000079595f870,0x0000000795980000)
  from space 1536K, 77% used [0x0000000795b00000,0x0000000795c292e8,0x0000000795c80000)
  to   space 1536K, 0% used [0x0000000795980000,0x0000000795980000,0x0000000795b00000)
 ParOldGen       total 129536K, used 28697K [0x0000000740000000, 0x0000000747e80000, 0x0000000795580000)
  object space 129536K, 22% used [0x0000000740000000,0x0000000741c064a0,0x0000000747e80000)
 Metaspace       used 8219K, capacity 8343K, committed 8576K, reserved 1056768K
  class space    used 848K, capacity 882K, committed 896K, reserved 1048576K

Card table byte_map: [0x000000011d1c0000,0x000000011d5c1000] byte_map_base: 0x00000001197c0000

Marking Bits: (ParMarkBitMap*) 0x000000010cddd0a0
 Begin Bits: [0x000000011dc78000, 0x000000011fc78000)
 End Bits:   [0x000000011fc78000, 0x0000000121c78000)

Polling page: 0x000000010d593000

CodeCache: size=245760Kb used=2687Kb max_used=2687Kb free=243072Kb
 bounds [0x000000010de00000, 0x000000010e0b0000, 0x000000011ce00000]
 total_blobs=1158 nmethods=744 adapters=330
 compilation: enabled

Compilation events (10 events):
Event: 6.297 Thread 0x00007fba3100b000  741       3       java.util.ArrayList::iterator (10 bytes)
Event: 6.297 Thread 0x00007fba3100b000 nmethod 741 0x000000010e09d610 code [0x000000010e09d780, 0x000000010e09da50]
Event: 6.297 Thread 0x00007fba3100b000  740       3       java.nio.DirectIntBufferU::isDirect (2 bytes)
Event: 6.297 Thread 0x00007fba3100b000 nmethod 740 0x000000010e09d310 code [0x000000010e09d460, 0x000000010e09d5b0]
Event: 6.313 Thread 0x00007fba3100b000  742       3       java.lang.Integer::stringSize (21 bytes)
Event: 6.314 Thread 0x00007fba3100b000 nmethod 742 0x000000010e09ce90 code [0x000000010e09d000, 0x000000010e09d210]
Event: 6.314 Thread 0x00007fba3100b000  743       3       java.lang.Integer::getChars (131 bytes)
Event: 6.314 Thread 0x00007fba3100b000 nmethod 743 0x000000010e09f750 code [0x000000010e09f8e0, 0x000000010e09fd50]
Event: 6.390 Thread 0x00007fba3100b000  744       3       statesOfGame.Overworld::isInTrigger (128 bytes)
Event: 6.391 Thread 0x00007fba3100b000 nmethod 744 0x000000010e0a0190 code [0x000000010e0a03c0, 0x000000010e0a0c58]

GC Heap History (10 events):
Event: 0.450 GC heap before
{Heap before GC invocations=2 (full 0):
 PSYoungGen      total 1024K, used 960K [0x0000000795580000, 0x0000000795780000, 0x00000007c0000000)
  eden space 512K, 100% used [0x0000000795580000,0x0000000795600000,0x0000000795600000)
  from space 512K, 87% used [0x0000000795600000,0x0000000795670020,0x0000000795680000)
  to   space 512K, 0% used [0x0000000795700000,0x0000000795700000,0x0000000795780000)
 ParOldGen       total 129536K, used 0K [0x0000000740000000, 0x0000000747e80000, 0x0000000795580000)
  object space 129536K, 0% used [0x0000000740000000,0x0000000740000000,0x0000000747e80000)
 Metaspace       used 2899K, capacity 4600K, committed 4864K, reserved 1056768K
  class space    used 318K, capacity 424K, committed 512K, reserved 1048576K
Event: 0.452 GC heap after
Heap after GC invocations=2 (full 0):
 PSYoungGen      total 1536K, used 496K [0x0000000795580000, 0x0000000795780000, 0x00000007c0000000)
  eden space 1024K, 0% used [0x0000000795580000,0x0000000795580000,0x0000000795680000)
  from space 512K, 96% used [0x0000000795700000,0x000000079577c010,0x0000000795780000)
  to   space 512K, 0% used [0x0000000795680000,0x0000000795680000,0x0000000795700000)
 ParOldGen       total 129536K, used 100K [0x0000000740000000, 0x0000000747e80000, 0x0000000795580000)
  object space 129536K, 0% used [0x0000000740000000,0x0000000740019080,0x0000000747e80000)
 Metaspace       used 2899K, capacity 4600K, committed 4864K, reserved 1056768K
  class space    used 318K, capacity 424K, committed 512K, reserved 1048576K
}
Event: 1.126 GC heap before
{Heap before GC invocations=3 (full 0):
 PSYoungGen      total 1536K, used 1520K [0x0000000795580000, 0x0000000795780000, 0x00000007c0000000)
  eden space 1024K, 100% used [0x0000000795580000,0x0000000795680000,0x0000000795680000)
  from space 512K, 96% used [0x0000000795700000,0x000000079577c010,0x0000000795780000)
  to   space 512K, 0% used [0x0000000795680000,0x0000000795680000,0x0000000795700000)
 ParOldGen       total 129536K, used 100K [0x0000000740000000, 0x0000000747e80000, 0x0000000795580000)
  object space 129536K, 0% used [0x0000000740000000,0x0000000740019080,0x0000000747e80000)
 Metaspace       used 4350K, capacity 4874K, committed 5120K, reserved 1056768K
  class space    used 477K, capacity 501K, committed 512K, reserved 1048576K
Event: 1.141 GC heap after
Heap after GC invocations=3 (full 0):
 PSYoungGen      total 1536K, used 496K [0x0000000795580000, 0x0000000795880000, 0x00000007c0000000)
  eden space 1024K, 0% used [0x0000000795580000,0x0000000795580000,0x0000000795680000)
  from space 512K, 96% used [0x0000000795680000,0x00000007956fc010,0x0000000795700000)
  to   space 512K, 0% used [0x0000000795800000,0x0000000795800000,0x0000000795880000)
 ParOldGen       total 129536K, used 385K [0x0000000740000000, 0x0000000747e80000, 0x0000000795580000)
  object space 129536K, 0% used [0x0000000740000000,0x00000007400604c0,0x0000000747e80000)
 Metaspace       used 4350K, capacity 4874K, committed 5120K, reserved 1056768K
  class space    used 477K, capacity 501K, committed 512K, reserved 1048576K
}
Event: 1.228 GC heap before
{Heap before GC invocations=4 (full 0):
 PSYoungGen      total 1536K, used 1520K [0x0000000795580000, 0x0000000795880000, 0x00000007c0000000)
  eden space 1024K, 100% used [0x0000000795580000,0x0000000795680000,0x0000000795680000)
  from space 512K, 96% used [0x0000000795680000,0x00000007956fc010,0x0000000795700000)
  to   space 512K, 0% used [0x0000000795800000,0x0000000795800000,0x0000000795880000)
 ParOldGen       total 129536K, used 385K [0x0000000740000000, 0x0000000747e80000, 0x0000000795580000)
  object space 129536K, 0% used [0x0000000740000000,0x00000007400604c0,0x0000000747e80000)
 Metaspace       used 4932K, capacity 5092K, committed 5248K, reserved 1056768K
  class space    used 559K, capacity 626K, committed 640K, reserved 1048576K
Event: 1.231 GC heap after
Heap after GC invocations=4 (full 0):
 PSYoungGen      total 2560K, used 480K [0x0000000795580000, 0x0000000795880000, 0x00000007c0000000)
  eden space 2048K, 0% used [0x0000000795580000,0x0000000795580000,0x0000000795780000)
  from space 512K, 93% used [0x0000000795800000,0x0000000795878020,0x0000000795880000)
  to   space 512K, 0% used [0x0000000795780000,0x0000000795780000,0x0000000795800000)
 ParOldGen       total 129536K, used 705K [0x0000000740000000, 0x0000000747e80000, 0x0000000795580000)
  object space 129536K, 0% used [0x0000000740000000,0x00000007400b0650,0x0000000747e80000)
 Metaspace       used 4932K, capacity 5092K, committed 5248K, reserved 1056768K
  class space    used 559K, capacity 626K, committed 640K, reserved 1048576K
}
Event: 1.826 GC heap before
{Heap before GC invocations=5 (full 0):
 PSYoungGen      total 2560K, used 2528K [0x0000000795580000, 0x0000000795880000, 0x00000007c0000000)
  eden space 2048K, 100% used [0x0000000795580000,0x0000000795780000,0x0000000795780000)
  from space 512K, 93% used [0x0000000795800000,0x0000000795878020,0x0000000795880000)
  to   space 512K, 0% used [0x0000000795780000,0x0000000795780000,0x0000000795800000)
 ParOldGen       total 129536K, used 28222K [0x0000000740000000, 0x0000000747e80000, 0x0000000795580000)
  object space 129536K, 21% used [0x0000000740000000,0x0000000741b8faf0,0x0000000747e80000)
 Metaspace       used 6099K, capacity 6231K, committed 6400K, reserved 1056768K
  class space    used 650K, capacity 690K, committed 768K, reserved 1048576K
Event: 1.830 GC heap after
Heap after GC invocations=5 (full 0):
 PSYoungGen      total 2560K, used 512K [0x0000000795580000, 0x0000000795c80000, 0x00000007c0000000)
  eden space 2048K, 0% used [0x0000000795580000,0x0000000795580000,0x0000000795780000)
  from space 512K, 100% used [0x0000000795780000,0x0000000795800000,0x0000000795800000)
  to   space 1536K, 0% used [0x0000000795b00000,0x0000000795b00000,0x0000000795c80000)
 ParOldGen       total 129536K, used 28689K [0x0000000740000000, 0x0000000747e80000, 0x0000000795580000)
  object space 129536K, 22% used [0x0000000740000000,0x0000000741c044a0,0x0000000747e80000)
 Metaspace       used 6099K, capacity 6231K, committed 6400K, reserved 1056768K
  class space    used 650K, capacity 690K, committed 768K, reserved 1048576K
}
Event: 2.024 GC heap before
{Heap before GC invocations=6 (full 0):
 PSYoungGen      total 2560K, used 2555K [0x0000000795580000, 0x0000000795c80000, 0x00000007c0000000)
  eden space 2048K, 99% used [0x0000000795580000,0x000000079577ef60,0x0000000795780000)
  from space 512K, 100% used [0x0000000795780000,0x0000000795800000,0x0000000795800000)
  to   space 1536K, 0% used [0x0000000795b00000,0x0000000795b00000,0x0000000795c80000)
 ParOldGen       total 129536K, used 28689K [0x0000000740000000, 0x0000000747e80000, 0x0000000795580000)
  object space 129536K, 22% used [0x0000000740000000,0x0000000741c044a0,0x0000000747e80000)
 Metaspace       used 6759K, capacity 6871K, committed 6912K, reserved 1056768K
  class space    used 691K, capacity 754K, committed 768K, reserved 1048576K
Event: 2.028 GC heap after
Heap after GC invocations=6 (full 0):
 PSYoungGen      total 5632K, used 1188K [0x0000000795580000, 0x0000000795c80000, 0x00000007c0000000)
  eden space 4096K, 0% used [0x0000000795580000,0x0000000795580000,0x0000000795980000)
  from space 1536K, 77% used [0x0000000795b00000,0x0000000795c292e8,0x0000000795c80000)
  to   space 1536K, 0% used [0x0000000795980000,0x0000000795980000,0x0000000795b00000)
 ParOldGen       total 129536K, used 28697K [0x0000000740000000, 0x0000000747e80000, 0x0000000795580000)
  object space 129536K, 22% used [0x0000000740000000,0x0000000741c064a0,0x0000000747e80000)
 Metaspace       used 6759K, capacity 6871K, committed 6912K, reserved 1056768K
  class space    used 691K, capacity 754K, committed 768K, reserved 1048576K
}

Deoptimization events (0 events):
No events

Internal exceptions (10 events):
Event: 2.197 Thread 0x00007fba32006800 Exception <a 'java/security/PrivilegedActionException'> (0x00000007956f4450) thrown at [/HUDSON3/workspace/8-2-build-macosx-x86_64/jdk8u11/648/hotspot/src/share/vm/prims/jvm.cpp, line 1248]
Event: 2.256 Thread 0x00007fba32006800 Exception <a 'java/security/PrivilegedActionException'> (0x000000079579d830) thrown at [/HUDSON3/workspace/8-2-build-macosx-x86_64/jdk8u11/648/hotspot/src/share/vm/prims/jvm.cpp, line 1248]
Event: 2.257 Thread 0x00007fba32006800 Exception <a 'java/security/PrivilegedActionException'> (0x00000007957a1510) thrown at [/HUDSON3/workspace/8-2-build-macosx-x86_64/jdk8u11/648/hotspot/src/share/vm/prims/jvm.cpp, line 1248]
Event: 2.257 Thread 0x00007fba32006800 Exception <a 'java/security/PrivilegedActionException'> (0x00000007957a5410) thrown at [/HUDSON3/workspace/8-2-build-macosx-x86_64/jdk8u11/648/hotspot/src/share/vm/prims/jvm.cpp, line 1248]
Event: 2.267 Thread 0x00007fba32006800 Exception <a 'java/security/PrivilegedActionException'> (0x00000007957bf2c8) thrown at [/HUDSON3/workspace/8-2-build-macosx-x86_64/jdk8u11/648/hotspot/src/share/vm/prims/jvm.cpp, line 1248]
Event: 2.375 Thread 0x00007fba32006800 Exception <a 'java/security/PrivilegedActionException'> (0x0000000795936918) thrown at [/HUDSON3/workspace/8-2-build-macosx-x86_64/jdk8u11/648/hotspot/src/share/vm/prims/jvm.cpp, line 1248]
Event: 2.766 Thread 0x00007fba32006800 Exception <a 'java/security/PrivilegedActionException'> (0x000000079593a478) thrown at [/HUDSON3/workspace/8-2-build-macosx-x86_64/jdk8u11/648/hotspot/src/share/vm/prims/jvm.cpp, line 1248]
Event: 2.858 Thread 0x00007fba32006800 Exception <a 'java/security/PrivilegedActionException'> (0x000000079593e960) thrown at [/HUDSON3/workspace/8-2-build-macosx-x86_64/jdk8u11/648/hotspot/src/share/vm/prims/jvm.cpp, line 1248]
Event: 3.616 Thread 0x00007fba32006800 Exception <a 'java/security/PrivilegedActionException'> (0x0000000795943788) thrown at [/HUDSON3/workspace/8-2-build-macosx-x86_64/jdk8u11/648/hotspot/src/share/vm/prims/jvm.cpp, line 1248]
Event: 6.453 Thread 0x00007fba32006800 Exception <a 'java/security/PrivilegedActionException'> (0x0000000795958888) thrown at [/HUDSON3/workspace/8-2-build-macosx-x86_64/jdk8u11/648/hotspot/src/share/vm/prims/jvm.cpp, line 1248]

Events (10 events):
Event: 2.900 Thread 0x00007fba32006800 DEOPT PACKING pc=0x000000010e0712b9 sp=0x000000010d54e380
Event: 2.900 Thread 0x00007fba32006800 DEOPT UNPACKING pc=0x000000010de4701a sp=0x000000010d54e1b0 mode 0
Event: 2.901 Thread 0x00007fba32006800 DEOPT PACKING pc=0x000000010e0712b9 sp=0x000000010d54e380
Event: 2.901 Thread 0x00007fba32006800 DEOPT UNPACKING pc=0x000000010de4701a sp=0x000000010d54e1b0 mode 0
Event: 3.616 loading class org/newdawn/slick/opengl/EmptyImageData
Event: 3.616 loading class org/newdawn/slick/opengl/EmptyImageData done
Event: 4.335 Executing VM operation: EnableBiasedLocking
Event: 4.335 Executing VM operation: EnableBiasedLocking done
Event: 6.453 loading class org/lwjgl/opengl/CallbackUtil
Event: 6.453 loading class org/lwjgl/opengl/CallbackUtil done


Dynamic libraries:
0x000000000129c000 	/System/Library/Frameworks/Cocoa.framework/Versions/A/Cocoa
0x000000000129c000 	/System/Library/Frameworks/Security.framework/Versions/A/Security
0x000000000129c000 	/System/Library/Frameworks/ApplicationServices.framework/Versions/A/ApplicationServices
0x000000000129c000 	/usr/lib/libz.1.dylib
0x000000000129c000 	/usr/lib/libSystem.B.dylib
0x000000000129c000 	/usr/lib/libobjc.A.dylib
0x000000000129c000 	/System/Library/Frameworks/CoreFoundation.framework/Versions/A/CoreFoundation
0x000000000129c000 	/System/Library/Frameworks/Foundation.framework/Versions/C/Foundation
0x000000000129c000 	/System/Library/Frameworks/AppKit.framework/Versions/C/AppKit
0x000000000129c000 	/System/Library/Frameworks/CoreData.framework/Versions/A/CoreData
0x000000000129c000 	/System/Library/PrivateFrameworks/RemoteViewServices.framework/Versions/A/RemoteViewServices
0x000000000129c000 	/System/Library/PrivateFrameworks/UIFoundation.framework/Versions/A/UIFoundation
0x000000000129c000 	/System/Library/Frameworks/IOSurface.framework/Versions/A/IOSurface
0x000000000129c000 	/System/Library/Frameworks/AudioToolbox.framework/Versions/A/AudioToolbox
0x000000000129c000 	/System/Library/Frameworks/AudioUnit.framework/Versions/A/AudioUnit
0x000000000129c000 	/System/Library/PrivateFrameworks/DataDetectorsCore.framework/Versions/A/DataDetectorsCore
0x000000000129c000 	/System/Library/PrivateFrameworks/DesktopServicesPriv.framework/Versions/A/DesktopServicesPriv
0x000000000129c000 	/System/Library/Frameworks/Carbon.framework/Versions/A/Frameworks/HIToolbox.framework/Versions/A/HIToolbox
0x000000000129c000 	/System/Library/Frameworks/QuartzCore.framework/Versions/A/QuartzCore
0x000000000129c000 	/System/Library/Frameworks/Carbon.framework/Versions/A/Frameworks/SpeechRecognition.framework/Versions/A/SpeechRecognition
0x000000000129c000 	/usr/lib/libauto.dylib
0x000000000129c000 	/usr/lib/libicucore.A.dylib
0x000000000129c000 	/usr/lib/libxml2.2.dylib
0x000000000129c000 	/System/Library/PrivateFrameworks/CoreUI.framework/Versions/A/CoreUI
0x000000000129c000 	/System/Library/Frameworks/CoreAudio.framework/Versions/A/CoreAudio
0x000000000129c000 	/System/Library/Frameworks/DiskArbitration.framework/Versions/A/DiskArbitration
0x000000000129c000 	/usr/lib/liblangid.dylib
0x000000000129c000 	/System/Library/PrivateFrameworks/MultitouchSupport.framework/Versions/A/MultitouchSupport
0x000000000129c000 	/System/Library/Frameworks/IOKit.framework/Versions/A/IOKit
0x000000000129c000 	/usr/lib/libDiagnosticMessagesClient.dylib
0x000000000129c000 	/System/Library/Frameworks/CoreServices.framework/Versions/A/CoreServices
0x000000000129c000 	/System/Library/PrivateFrameworks/PerformanceAnalysis.framework/Versions/A/PerformanceAnalysis
0x000000000129c000 	/System/Library/PrivateFrameworks/GenerationalStorage.framework/Versions/A/GenerationalStorage
0x000000000129c000 	/System/Library/Frameworks/OpenGL.framework/Versions/A/OpenGL
0x000000000129c000 	/System/Library/PrivateFrameworks/Sharing.framework/Versions/A/Sharing
0x000000000129c000 	/System/Library/Frameworks/CoreGraphics.framework/Versions/A/CoreGraphics
0x000000000129c000 	/System/Library/Frameworks/CoreText.framework/Versions/A/CoreText
0x000000000129c000 	/System/Library/Frameworks/ImageIO.framework/Versions/A/ImageIO
0x000000000129c000 	/usr/lib/libextension.dylib
0x000000000129c000 	/System/Library/PrivateFrameworks/Backup.framework/Versions/A/Backup
0x000000000129c000 	/usr/lib/libarchive.2.dylib
0x000000000129c000 	/System/Library/Frameworks/CFNetwork.framework/Versions/A/CFNetwork
0x000000000129c000 	/System/Library/Frameworks/SystemConfiguration.framework/Versions/A/SystemConfiguration
0x000000000129c000 	/usr/lib/libCRFSuite.dylib
0x000000000129c000 	/usr/lib/libc++.1.dylib
0x000000000129c000 	/usr/lib/libc++abi.dylib
0x000000000129c000 	/usr/lib/system/libcache.dylib
0x000000000129c000 	/usr/lib/system/libcommonCrypto.dylib
0x000000000129c000 	/usr/lib/system/libcompiler_rt.dylib
0x000000000129c000 	/usr/lib/system/libcopyfile.dylib
0x000000000129c000 	/usr/lib/system/libcorecrypto.dylib
0x000000000129c000 	/usr/lib/system/libdispatch.dylib
0x000000000129c000 	/usr/lib/system/libdyld.dylib
0x000000000129c000 	/usr/lib/system/libkeymgr.dylib
0x000000000129c000 	/usr/lib/system/liblaunch.dylib
0x000000000129c000 	/usr/lib/system/libmacho.dylib
0x000000000129c000 	/usr/lib/system/libquarantine.dylib
0x000000000129c000 	/usr/lib/system/libremovefile.dylib
0x000000000129c000 	/usr/lib/system/libsystem_asl.dylib
0x000000000129c000 	/usr/lib/system/libsystem_blocks.dylib
0x000000000129c000 	/usr/lib/system/libsystem_c.dylib
0x000000000129c000 	/usr/lib/system/libsystem_configuration.dylib
0x000000000129c000 	/usr/lib/system/libsystem_coreservices.dylib
0x000000000129c000 	/usr/lib/system/libsystem_coretls.dylib
0x000000000129c000 	/usr/lib/system/libsystem_dnssd.dylib
0x000000000129c000 	/usr/lib/system/libsystem_info.dylib
0x000000000129c000 	/usr/lib/system/libsystem_kernel.dylib
0x000000000129c000 	/usr/lib/system/libsystem_m.dylib
0x000000000129c000 	/usr/lib/system/libsystem_malloc.dylib
0x000000000129c000 	/usr/lib/system/libsystem_network.dylib
0x000000000129c000 	/usr/lib/system/libsystem_networkextension.dylib
0x000000000129c000 	/usr/lib/system/libsystem_notify.dylib
0x000000000129c000 	/usr/lib/system/libsystem_platform.dylib
0x000000000129c000 	/usr/lib/system/libsystem_pthread.dylib
0x000000000129c000 	/usr/lib/system/libsystem_sandbox.dylib
0x000000000129c000 	/usr/lib/system/libsystem_secinit.dylib
0x000000000129c000 	/usr/lib/system/libsystem_stats.dylib
0x000000000129c000 	/usr/lib/system/libsystem_trace.dylib
0x000000000129c000 	/usr/lib/system/libunc.dylib
0x000000000129c000 	/usr/lib/system/libunwind.dylib
0x000000000129c000 	/usr/lib/system/libxpc.dylib
0x000000000129c000 	/usr/lib/libbz2.1.0.dylib
0x000000000129c000 	/usr/lib/liblzma.5.dylib
0x000000000129c000 	/usr/lib/libbsm.0.dylib
0x000000000129c000 	/usr/lib/libsqlite3.dylib
0x000000000129c000 	/usr/lib/system/libkxld.dylib
0x000000000129c000 	/usr/lib/libxar.1.dylib
0x000000000129c000 	/usr/lib/libpam.2.dylib
0x000000000129c000 	/usr/lib/libOpenScriptingUtil.dylib
0x000000000129c000 	/System/Library/Frameworks/CoreServices.framework/Versions/A/Frameworks/FSEvents.framework/Versions/A/FSEvents
0x000000000129c000 	/System/Library/Frameworks/CoreServices.framework/Versions/A/Frameworks/CarbonCore.framework/Versions/A/CarbonCore
0x000000000129c000 	/System/Library/Frameworks/CoreServices.framework/Versions/A/Frameworks/Metadata.framework/Versions/A/Metadata
0x000000000129c000 	/System/Library/Frameworks/CoreServices.framework/Versions/A/Frameworks/OSServices.framework/Versions/A/OSServices
0x000000000129c000 	/System/Library/Frameworks/CoreServices.framework/Versions/A/Frameworks/SearchKit.framework/Versions/A/SearchKit
0x000000000129c000 	/System/Library/Frameworks/CoreServices.framework/Versions/A/Frameworks/AE.framework/Versions/A/AE
0x000000000129c000 	/System/Library/Frameworks/CoreServices.framework/Versions/A/Frameworks/LaunchServices.framework/Versions/A/LaunchServices
0x000000000129c000 	/System/Library/Frameworks/CoreServices.framework/Versions/A/Frameworks/DictionaryServices.framework/Versions/A/DictionaryServices
0x000000000129c000 	/System/Library/Frameworks/NetFS.framework/Versions/A/NetFS
0x000000000129c000 	/System/Library/PrivateFrameworks/NetAuth.framework/Versions/A/NetAuth
0x000000000129c000 	/System/Library/PrivateFrameworks/login.framework/Versions/A/Frameworks/loginsupport.framework/Versions/A/loginsupport
0x000000000129c000 	/System/Library/PrivateFrameworks/TCC.framework/Versions/A/TCC
0x000000000129c000 	/usr/lib/libmecabra.dylib
0x000000000129c000 	/System/Library/Frameworks/ApplicationServices.framework/Versions/A/Frameworks/ATS.framework/Versions/A/ATS
0x000000000129c000 	/System/Library/Frameworks/ApplicationServices.framework/Versions/A/Frameworks/ColorSync.framework/Versions/A/ColorSync
0x000000000129c000 	/System/Library/Frameworks/ApplicationServices.framework/Versions/A/Frameworks/HIServices.framework/Versions/A/HIServices
0x000000000129c000 	/System/Library/Frameworks/ApplicationServices.framework/Versions/A/Frameworks/LangAnalysis.framework/Versions/A/LangAnalysis
0x000000000129c000 	/System/Library/Frameworks/ApplicationServices.framework/Versions/A/Frameworks/PrintCore.framework/Versions/A/PrintCore
0x000000000129c000 	/System/Library/Frameworks/ApplicationServices.framework/Versions/A/Frameworks/QD.framework/Versions/A/QD
0x000000000129c000 	/System/Library/Frameworks/ApplicationServices.framework/Versions/A/Frameworks/SpeechSynthesis.framework/Versions/A/SpeechSynthesis
0x000000000129c000 	/System/Library/Frameworks/Accelerate.framework/Versions/A/Accelerate
0x000000000129c000 	/System/Library/Frameworks/Accelerate.framework/Versions/A/Frameworks/vImage.framework/Versions/A/vImage
0x000000000129c000 	/System/Library/Frameworks/Accelerate.framework/Versions/A/Frameworks/vecLib.framework/Versions/A/vecLib
0x000000000129c000 	/System/Library/Frameworks/Accelerate.framework/Versions/A/Frameworks/vecLib.framework/Versions/A/libvDSP.dylib
0x000000000129c000 	/System/Library/Frameworks/Accelerate.framework/Versions/A/Frameworks/vecLib.framework/Versions/A/libvMisc.dylib
0x000000000129c000 	/System/Library/Frameworks/Accelerate.framework/Versions/A/Frameworks/vecLib.framework/Versions/A/libLAPACK.dylib
0x000000000129c000 	/System/Library/Frameworks/Accelerate.framework/Versions/A/Frameworks/vecLib.framework/Versions/A/libBLAS.dylib
0x000000000129c000 	/System/Library/Frameworks/Accelerate.framework/Versions/A/Frameworks/vecLib.framework/Versions/A/libLinearAlgebra.dylib
0x000000000129c000 	/System/Library/Frameworks/ApplicationServices.framework/Versions/A/Frameworks/ATS.framework/Versions/A/Resources/libFontParser.dylib
0x000000000129c000 	/System/Library/Frameworks/ApplicationServices.framework/Versions/A/Frameworks/ATS.framework/Versions/A/Resources/libFontRegistry.dylib
0x000000000129c000 	/System/Library/PrivateFrameworks/AppleVPA.framework/Versions/A/AppleVPA
0x000000000129c000 	/System/Library/PrivateFrameworks/AppleJPEG.framework/Versions/A/AppleJPEG
0x000000000129c000 	/System/Library/Frameworks/ImageIO.framework/Versions/A/Resources/libJPEG.dylib
0x000000000129c000 	/System/Library/Frameworks/ImageIO.framework/Versions/A/Resources/libTIFF.dylib
0x000000000129c000 	/System/Library/Frameworks/ImageIO.framework/Versions/A/Resources/libPng.dylib
0x000000000129c000 	/System/Library/Frameworks/ImageIO.framework/Versions/A/Resources/libGIF.dylib
0x000000000129c000 	/System/Library/Frameworks/ImageIO.framework/Versions/A/Resources/libJP2.dylib
0x000000000129c000 	/System/Library/Frameworks/ImageIO.framework/Versions/A/Resources/libRadiance.dylib
0x000000000129c000 	/System/Library/Frameworks/CoreVideo.framework/Versions/A/CoreVideo
0x000000000129c000 	/System/Library/Frameworks/OpenGL.framework/Versions/A/Libraries/libGLU.dylib
0x000000000129c000 	/System/Library/Frameworks/OpenGL.framework/Versions/A/Libraries/libGFXShared.dylib
0x000000000129c000 	/System/Library/Frameworks/OpenGL.framework/Versions/A/Libraries/libGL.dylib
0x000000000129c000 	/System/Library/Frameworks/OpenGL.framework/Versions/A/Libraries/libGLImage.dylib
0x000000000129c000 	/System/Library/Frameworks/OpenGL.framework/Versions/A/Libraries/libCVMSPluginSupport.dylib
0x000000000129c000 	/System/Library/Frameworks/OpenGL.framework/Versions/A/Libraries/libCoreVMClient.dylib
0x000000000129c000 	/usr/lib/libcups.2.dylib
0x000000000129c000 	/System/Library/Frameworks/Kerberos.framework/Versions/A/Kerberos
0x000000000129c000 	/System/Library/Frameworks/GSS.framework/Versions/A/GSS
0x000000000129c000 	/usr/lib/libresolv.9.dylib
0x000000000129c000 	/usr/lib/libiconv.2.dylib
0x000000000129c000 	/System/Library/PrivateFrameworks/Heimdal.framework/Versions/A/Heimdal
0x000000000129c000 	/usr/lib/libheimdal-asn1.dylib
0x000000000129c000 	/System/Library/Frameworks/OpenDirectory.framework/Versions/A/OpenDirectory
0x000000000129c000 	/System/Library/PrivateFrameworks/CommonAuth.framework/Versions/A/CommonAuth
0x000000000129c000 	/System/Library/Frameworks/OpenDirectory.framework/Versions/A/Frameworks/CFOpenDirectory.framework/Versions/A/CFOpenDirectory
0x000000000129c000 	/System/Library/Frameworks/SecurityFoundation.framework/Versions/A/SecurityFoundation
0x000000000129c000 	/System/Library/PrivateFrameworks/LanguageModeling.framework/Versions/A/LanguageModeling
0x000000000129c000 	/usr/lib/libcmph.dylib
0x000000000129c000 	/System/Library/Frameworks/ServiceManagement.framework/Versions/A/ServiceManagement
0x000000000129c000 	/usr/lib/libxslt.1.dylib
0x000000000129c000 	/System/Library/Frameworks/Carbon.framework/Versions/A/Frameworks/Ink.framework/Versions/A/Ink
0x000000000129c000 	/System/Library/Frameworks/QuartzCore.framework/Versions/A/Frameworks/CoreImage.framework/Versions/A/CoreImage
0x000000000129c000 	/System/Library/PrivateFrameworks/CrashReporterSupport.framework/Versions/A/CrashReporterSupport
0x000000000129c000 	/System/Library/Frameworks/OpenCL.framework/Versions/A/OpenCL
0x000000000129c000 	/System/Library/PrivateFrameworks/FaceCore.framework/Versions/A/FaceCore
0x000000000129c000 	/System/Library/PrivateFrameworks/Ubiquity.framework/Versions/A/Ubiquity
0x000000000129c000 	/System/Library/PrivateFrameworks/IconServices.framework/Versions/A/IconServices
0x000000000129c000 	/System/Library/PrivateFrameworks/ChunkingLibrary.framework/Versions/A/ChunkingLibrary
0x000000000129c000 	/System/Library/PrivateFrameworks/Apple80211.framework/Versions/A/Apple80211
0x000000000129c000 	/System/Library/Frameworks/CoreWLAN.framework/Versions/A/CoreWLAN
0x000000000129c000 	/System/Library/Frameworks/IOBluetooth.framework/Versions/A/IOBluetooth
0x000000000129c000 	/System/Library/PrivateFrameworks/CoreWiFi.framework/Versions/A/CoreWiFi
0x000000000129c000 	/System/Library/Frameworks/CoreBluetooth.framework/Versions/A/CoreBluetooth
0x000000000129c000 	/System/Library/PrivateFrameworks/DebugSymbols.framework/Versions/A/DebugSymbols
0x000000000129c000 	/System/Library/PrivateFrameworks/CoreSymbolication.framework/Versions/A/CoreSymbolication
0x000000000129c000 	/System/Library/PrivateFrameworks/Symbolication.framework/Versions/A/Symbolication
0x000000000129c000 	/System/Library/PrivateFrameworks/SpeechRecognitionCore.framework/Versions/A/SpeechRecognitionCore
0x000000010c576000 	/Library/Java/JavaVirtualMachines/jdk1.8.0_11.jdk/Contents/Home/jre/lib/server/libjvm.dylib
0x000000000129c000 	/usr/lib/libstdc++.6.dylib
0x000000010d551000 	/Library/Java/JavaVirtualMachines/jdk1.8.0_11.jdk/Contents/Home/jre/lib/libverify.dylib
0x000000010d55f000 	/Library/Java/JavaVirtualMachines/jdk1.8.0_11.jdk/Contents/Home/jre/lib/libjava.dylib
0x000000010d59d000 	/Library/Java/JavaVirtualMachines/jdk1.8.0_11.jdk/Contents/Home/jre/lib/libzip.dylib
0x0000000123e24000 	/System/Library/Frameworks/JavaVM.framework/Frameworks/JavaRuntimeSupport.framework/JavaRuntimeSupport
0x0000000123e3a000 	/System/Library/Frameworks/JavaVM.framework/Versions/A/Frameworks/JavaNativeFoundation.framework/Versions/A/JavaNativeFoundation
0x0000000123e4e000 	/System/Library/Frameworks/JavaVM.framework/Versions/A/JavaVM
0x000000000129c000 	/System/Library/Frameworks/Carbon.framework/Versions/A/Carbon
0x0000000123e5a000 	/System/Library/PrivateFrameworks/JavaLaunching.framework/Versions/A/JavaLaunching
0x000000000129c000 	/System/Library/Frameworks/Carbon.framework/Versions/A/Frameworks/CommonPanels.framework/Versions/A/CommonPanels
0x000000000129c000 	/System/Library/Frameworks/Carbon.framework/Versions/A/Frameworks/Help.framework/Versions/A/Help
0x000000000129c000 	/System/Library/Frameworks/Carbon.framework/Versions/A/Frameworks/ImageCapture.framework/Versions/A/ImageCapture
0x000000000129c000 	/System/Library/Frameworks/Carbon.framework/Versions/A/Frameworks/OpenScripting.framework/Versions/A/OpenScripting
0x000000000129c000 	/System/Library/Frameworks/Carbon.framework/Versions/A/Frameworks/Print.framework/Versions/A/Print
0x000000000129c000 	/System/Library/Frameworks/Carbon.framework/Versions/A/Frameworks/SecurityHI.framework/Versions/A/SecurityHI
0x0000000125d71000 	/Library/Java/JavaVirtualMachines/jdk1.8.0_11.jdk/Contents/Home/jre/lib/libawt.dylib
0x0000000125e20000 	/Library/Java/JavaVirtualMachines/jdk1.8.0_11.jdk/Contents/Home/jre/lib/./libmlib_image.dylib
0x0000000125eec000 	/Library/Java/JavaVirtualMachines/jdk1.8.0_11.jdk/Contents/Home/jre/lib/libawt_lwawt.dylib
0x0000000125f9e000 	/Library/Java/JavaVirtualMachines/jdk1.8.0_11.jdk/Contents/Home/jre/lib/./libosxapp.dylib
0x000000000129c000 	/System/Library/Frameworks/ExceptionHandling.framework/Versions/A/ExceptionHandling
0x000000000129c000 	/System/Library/PrivateFrameworks/CoreServicesInternal.framework/Versions/A/CoreServicesInternal
0x000000000129c000 	/System/Library/PrivateFrameworks/CloudDocs.framework/Versions/A/CloudDocs
0x000000000129c000 	/System/Library/PrivateFrameworks/CoreDuet.framework/Versions/A/CoreDuet
0x000000000129c000 	/System/Library/Frameworks/CloudKit.framework/Versions/A/CloudKit
0x000000000129c000 	/System/Library/PrivateFrameworks/ProtocolBuffer.framework/Versions/A/ProtocolBuffer
0x000000000129c000 	/System/Library/PrivateFrameworks/CoreDuetDaemonProtocol.framework/Versions/A/CoreDuetDaemonProtocol
0x000000000129c000 	/System/Library/PrivateFrameworks/CoreDuetDebugLogging.framework/Versions/A/CoreDuetDebugLogging
0x000000000129c000 	/System/Library/PrivateFrameworks/MMCS.framework/Versions/A/MMCS
0x000000000129c000 	/System/Library/Frameworks/CoreLocation.framework/Versions/A/CoreLocation
0x000000000129c000 	/System/Library/PrivateFrameworks/ProtectedCloudStorage.framework/Versions/A/ProtectedCloudStorage
0x000000000129c000 	/System/Library/PrivateFrameworks/GeoServices.framework/Versions/A/GeoServices
0x000000000129c000 	/System/Library/Frameworks/CoreGraphics.framework/Versions/A/Resources/libCGCMS.A.dylib
0x000000000129c000 	/System/Library/Frameworks/CoreGraphics.framework/Versions/A/Resources/libRIP.A.dylib
0x000000000129c000 	/System/Library/Frameworks/CoreGraphics.framework/Versions/A/Resources/libCGXType.A.dylib
0x000000000129c000 	/System/Library/Frameworks/OpenCL.framework/Versions/A/Libraries/libcldcpuengine.dylib
0x000000000129c000 	/System/Library/PrivateFrameworks/DiskImages.framework/Versions/A/DiskImages
0x000000000129c000 	/System/Library/Frameworks/DiscRecording.framework/Versions/A/DiscRecording
0x000000000129c000 	/usr/lib/libcsfde.dylib
0x000000000129c000 	/usr/lib/libcurl.4.dylib
0x000000000129c000 	/System/Library/PrivateFrameworks/MediaKit.framework/Versions/A/MediaKit
0x000000000129c000 	/usr/lib/libCoreStorage.dylib
0x000000000129c000 	/System/Library/PrivateFrameworks/EFILogin.framework/Versions/A/EFILogin
0x000000000129c000 	/usr/lib/libutil.dylib
0x000000000129c000 	/System/Library/PrivateFrameworks/FindMyDevice.framework/Versions/A/FindMyDevice
0x000000000129c000 	/System/Library/Frameworks/LDAP.framework/Versions/A/LDAP
0x000000000129c000 	/usr/lib/libsasl2.2.dylib
0x000000000129c000 	/System/Library/PrivateFrameworks/CoreDaemon.framework/Versions/B/CoreDaemon
0x000000000129c000 	/usr/lib/libcrypto.0.9.8.dylib
0x000000000129c000 	/System/Library/PrivateFrameworks/AppleSRP.framework/Versions/A/AppleSRP
0x000000000129c000 	/System/Library/PrivateFrameworks/TrustEvaluationAgent.framework/Versions/A/TrustEvaluationAgent
0x0000000128dc6000 	cl_kernels
0x0000000128dc8000 	/System/Library/Frameworks/OpenCL.framework/Versions/A/Libraries/ImageFormats/unorm8_bgra.dylib
0x0000000128db7000 	cl_kernels
0x000000000129c000 	/System/Library/PrivateFrameworks/FamilyControls.framework/Versions/A/FamilyControls
0x000000000129c000 	/System/Library/PrivateFrameworks/CommerceKit.framework/Versions/A/Frameworks/CommerceCore.framework/Versions/A/CommerceCore
0x000000000129c000 	/System/Library/PrivateFrameworks/SystemAdministration.framework/Versions/A/SystemAdministration
0x000000000129c000 	/System/Library/PrivateFrameworks/AppContainer.framework/Versions/A/AppContainer
0x000000000129c000 	/System/Library/PrivateFrameworks/SecCodeWrapper.framework/Versions/A/SecCodeWrapper
0x000000000129c000 	/System/Library/Frameworks/DirectoryService.framework/Versions/A/DirectoryService
0x000000000129c000 	/System/Library/PrivateFrameworks/LoginUIKit.framework/Versions/A/Frameworks/LoginUICore.framework/Versions/A/LoginUICore
0x000000000129c000 	/usr/lib/libodfde.dylib
0x000000012a011000 	/Library/Java/JavaVirtualMachines/jdk1.8.0_11.jdk/Contents/Home/jre/lib/libfontmanager.dylib
0x000000012a077000 	/Users/Olivier/Dropbox/Informatique/Projet_Int-grateur_TeamYOCO-master/build/classes/res/native/liblwjgl.dylib
0x00000001282ff000 	/Library/Java/JavaVirtualMachines/jdk1.8.0_11.jdk/Contents/Home/jre/lib/libjawt.dylib
0x000000012a103000 	/Users/Olivier/Dropbox/Informatique/Projet_Int-grateur_TeamYOCO-master/build/classes/res/native/openal.dylib
0x000000012a186000 	/System/Library/Components/CoreAudio.component/Contents/MacOS/CoreAudio
0x0000000128dbb000 	/System/Library/Extensions/AppleHDA.kext/Contents/PlugIns/AppleHDAHALPlugIn.bundle/Contents/MacOS/AppleHDAHALPlugIn
0x000000000129c000 	/System/Library/Frameworks/OpenGL.framework/Versions/A/Resources/GLEngine.bundle/GLEngine
0x000000000129c000 	/System/Library/Frameworks/OpenGL.framework/Versions/A/Libraries/libGLProgrammability.dylib
0x000000012f5a5000 	/System/Library/Extensions/AppleIntelHDGraphicsGLDriver.bundle/Contents/MacOS/AppleIntelHDGraphicsGLDriver
0x000000012fa2c000 	/System/Library/PrivateFrameworks/GPUSupport.framework/Versions/A/Libraries/libGPUSupport.dylib
0x0000000000000000 	/System/Library/Extensions/GeForceTeslaGLDriver.bundle/Contents/MacOS/GeForceTeslaGLDriver
0x000000012fa40000 	/System/Library/Extensions/GeForceTeslaGLDriver.bundle/Contents/MacOS/libclh.dylib
0x000000000129c000 	/System/Library/Frameworks/OpenGL.framework/Versions/A/Resources/GLRendererFloat.bundle/GLRendererFloat

VM Arguments:
jvm_args: -Dfile.encoding=UTF-8 -Djava.library.path=lib 
java_command: ca.qc.bdeb.info204.Game
java_class_path (initial): /Users/Olivier/Dropbox/Informatique/Projet_Int-grateur_TeamYOCO-master/lib/jinput.jar:/Users/Olivier/Dropbox/Informatique/Projet_Int-grateur_TeamYOCO-master/lib/lwjgl.jar:/Users/Olivier/Dropbox/Informatique/Projet_Int-grateur_TeamYOCO-master/lib/lwjgl_util.jar:/Users/Olivier/Dropbox/Informatique/Projet_Int-grateur_TeamYOCO-master/lib/slick.jar:/Users/Olivier/Dropbox/Informatique/Projet_Int-grateur_TeamYOCO-master/build/classes
Launcher Type: SUN_STANDARD

Environment Variables:
PATH=/usr/bin:/bin:/usr/sbin:/sbin
LD_LIBRARY_PATH=/Library/Java/JavaVirtualMachines/jdk1.8.0_11.jdk/Contents/Home/jre/lib/amd64:/Library/Java/JavaVirtualMachines/jdk1.8.0_11.jdk/Contents/Home/jre/lib/i386:
SHELL=/bin/bash
DYLD_LIBRARY_PATH=/Applications/NetBeans/NetBeans 8.0.1.app/Contents/Resources/NetBeans/webcommon/bin:

Signal Handlers:
SIGSEGV: [libjvm.dylib+0x56059b], sa_mask[0]=0xfffefeff, sa_flags=0x00000043
SIGBUS: [libjvm.dylib+0x56059b], sa_mask[0]=0xfffefeff, sa_flags=0x00000042
SIGFPE: [libjvm.dylib+0x4438f2], sa_mask[0]=0xfffefeff, sa_flags=0x00000042
SIGPIPE: [libjvm.dylib+0x4438f2], sa_mask[0]=0xfffefeff, sa_flags=0x00000042
SIGXFSZ: [libjvm.dylib+0x4438f2], sa_mask[0]=0xfffefeff, sa_flags=0x00000042
SIGILL: [libjvm.dylib+0x4438f2], sa_mask[0]=0xfffefeff, sa_flags=0x00000042
SIGUSR1: SIG_DFL, sa_mask[0]=0x00000000, sa_flags=0x00000000
SIGUSR2: [libjvm.dylib+0x443410], sa_mask[0]=0x00000004, sa_flags=0x00000042
SIGHUP: [libjvm.dylib+0x44179b], sa_mask[0]=0xfffefeff, sa_flags=0x00000042
SIGINT: SIG_IGN, sa_mask[0]=0x00000000, sa_flags=0x00000000
SIGTERM: [libjvm.dylib+0x44179b], sa_mask[0]=0xfffefeff, sa_flags=0x00000042
SIGQUIT: [libjvm.dylib+0x44179b], sa_mask[0]=0xfffefeff, sa_flags=0x00000042


---------------  S Y S T E M  ---------------

OS:Bsduname:Darwin 14.5.0 Darwin Kernel Version 14.5.0: Wed Jul 29 02:26:53 PDT 2015; root:xnu-2782.40.9~1/RELEASE_X86_64 x86_64
rlimit: STACK 8192k, CORE 0k, NPROC 709, NOFILE 10240, AS infinity
load average:2.51 2.23 1.76

CPU:total 4 (2 cores per cpu, 2 threads per core) family 6 model 37 stepping 5, cmov, cx8, fxsr, mmx, sse, sse2, sse3, ssse3, sse4.1, sse4.2, popcnt, aes, clmul, ht, tsc, tscinvbit

Memory: 4k page, physical 8388608k(1030904k free)

/proc/meminfo:


vm_info: Java HotSpot(TM) 64-Bit Server VM (25.11-b03) for bsd-amd64 JRE (1.8.0_11-b12), built on Jun 16 2014 17:39:42 by "java_re" with gcc 4.2.1 (Based on Apple Inc. build 5658) (LLVM build 2336.11.00)

time: Thu Mar 24 23:02:37 2016
elapsed time: 6 seconds

