#
# A fatal error has been detected by the Java Runtime Environment:
#
#  SIGSEGV (0xb) at pc=0x00007fff8ee810dd, pid=1183, tid=1811
#
# JRE version: Java(TM) SE Runtime Environment (8.0_11-b12) (build 1.8.0_11-b12)
# Java VM: Java HotSpot(TM) 64-Bit Server VM (25.11-b03 mixed mode bsd-amd64 compressed oops)
# Problematic frame:
# C  [libobjc.A.dylib+0x10dd]  objc_msgSend+0x1d
#
# Failed to write core dump. Core dumps have been disabled. To enable core dumping, try "ulimit -c unlimited" before starting Java again
#
# If you would like to submit a bug report, please visit:
#   http://bugreport.sun.com/bugreport/crash.jsp
# The crash happened outside the Java Virtual Machine in native code.
# See problematic frame for where to report the bug.
#

---------------  T H R E A D  ---------------

Current thread (0x00007ffe9b0ea800):  JavaThread "AppKit Thread" daemon [_thread_in_native, id=1811, stack(0x00007fff5d105000,0x00007fff5d905000)]

siginfo:si_signo=SIGSEGV: si_errno=0, si_code=1 (SEGV_MAPERR), si_addr=0x000007ffe9ac1658

Registers:
RAX=0x0000000000000000, RBX=0x00007ffe9ae25e80, RCX=0x0000000000000000, RDX=0x00007ffe9ae25e80
RSP=0x00007fff5d8ffbf8, RBP=0x00007fff5d8ffc20, RSI=0x00007fff88c2e37c, RDI=0x00007ffe9ac319d0
R8 =0x0000000000000001, R9 =0x0000000000000001, R10=0x00007fff88c2e37c, R11=0x000007ffe9ac1640
R12=0x0000000000000094, R13=0x00007ffe9ad7d780, R14=0x00007ffe9ac319d0, R15=0x00007fff5d900110
RIP=0x00007fff8ee810dd, EFLAGS=0x0000000000010202, ERR=0x0000000000000004
  TRAPNO=0x000000000000000e

Top of Stack: (sp=0x00007fff5d8ffbf8)
0x00007fff5d8ffbf8:   000000011ffca598 00007ffe9ae25e80
0x00007fff5d8ffc08:   000000011fffec60 00007ffe9ad7d780
0x00007fff5d8ffc18:   00007ffe9ae25e80 00007fff5d900100
0x00007fff5d8ffc28:   00007fff8830ef45 0000000000000000
0x00007fff5d8ffc38:   0000000000000000 4090000000000000
0x00007fff5d8ffc48:   4086000000000000 0000000000000000
0x00007fff5d8ffc58:   0000000000000000 4090000000000000
0x00007fff5d8ffc68:   4086000000000000 4090000000000000
0x00007fff5d8ffc78:   4086b00000000000 401c000000000000
0x00007fff5d8ffc88:   4086180000000000 402c000000000000
0x00007fff5d8ffc98:   4030000000000000 401c000000000000
0x00007fff5d8ffca8:   0000000000000000 0000000000000000
0x00007fff5d8ffcb8:   4030000000000000 00007fff88bf1129
0x00007fff5d8ffcc8:   4008000000000000 00007ffe9ac78b00
0x00007fff5d8ffcd8:   0000000100000000 0000000000000000
0x00007fff5d8ffce8:   00007ffe9ae13ef0 00007fff5d8ffe40
0x00007fff5d8ffcf8:   00007fff88313b36 00007fff5d8ffe40
0x00007fff5d8ffd08:   00007fff88315e82 402c000000000000
0x00007fff5d8ffd18:   4030000000000000 401c000000000000
0x00007fff5d8ffd28:   4086180000000000 402c000000000000
0x00007fff5d8ffd38:   4030000000000000 0000000000000000
0x00007fff5d8ffd48:   0000000000000000 4090000000000000
0x00007fff5d8ffd58:   4086b00000000000 401c000000000000
0x00007fff5d8ffd68:   4086180000000000 0000000102318a00
0x00007fff5d8ffd78:   00007ffe9ad81150 00000000000000b0
0x00007fff5d8ffd88:   0000000000000000 0000000000000810
0x00007fff5d8ffd98:   0000000102315000 00007fff5d8ffe40
0x00007fff5d8ffda8:   00007fff89171e7f 0000000000000270
0x00007fff5d8ffdb8:   0000000102315000 00007fff5d8ffe60
0x00007fff5d8ffdc8:   0000000000000811 00007fff5d8ffecf
0x00007fff5d8ffdd8:   0000000000200000 00007ffe9adfc080
0x00007fff5d8ffde8:   00007ffe9ad810a0 0000000000000006 

Instructions: (pc=0x00007fff8ee810dd)
0x00007fff8ee810bd:   00 00 00 48 85 ff 2e 74 7a 40 f6 c7 01 2e 75 7e
0x00007fff8ee810cd:   49 bb f8 ff ff ff ff 7f 00 00 4c 23 1f 49 89 f2
0x00007fff8ee810dd:   45 23 53 18 49 c1 e2 04 4d 03 53 10 49 3b 32 75
0x00007fff8ee810ed:   04 41 ff 62 08 49 83 3a 00 74 6a 4d 3b 53 10 74 

Register to memory mapping:

RAX=0x0000000000000000 is an unknown value
RBX=0x00007ffe9ae25e80 is an unknown value
RCX=0x0000000000000000 is an unknown value
RDX=0x00007ffe9ae25e80 is an unknown value
RSP=0x00007fff5d8ffbf8 is pointing into the stack for thread: 0x00007ffe9b0ea800
RBP=0x00007fff5d8ffc20 is pointing into the stack for thread: 0x00007ffe9b0ea800
RSI=0x00007fff88c2e37c: -[NSTitlebarContainerView transparent]+0x5e270 in /System/Library/Frameworks/AppKit.framework/Versions/C/AppKit at 0x00007fff8822d000
RDI=0x00007ffe9ac319d0 is an unknown value
R8 =0x0000000000000001 is an unknown value
R9 =0x0000000000000001 is an unknown value
R10=0x00007fff88c2e37c: -[NSTitlebarContainerView transparent]+0x5e270 in /System/Library/Frameworks/AppKit.framework/Versions/C/AppKit at 0x00007fff8822d000
R11=0x000007ffe9ac1640 is an unknown value
R12=0x0000000000000094 is an unknown value
R13=0x00007ffe9ad7d780 is an unknown value
R14=0x00007ffe9ac319d0 is an unknown value
R15=0x00007fff5d900110 is pointing into the stack for thread: 0x00007ffe9b0ea800


Stack: [0x00007fff5d105000,0x00007fff5d905000],  sp=0x00007fff5d8ffbf8,  free space=8170k
Native frames: (J=compiled Java code, j=interpreted, Vv=VM code, C=native code)
C  [libobjc.A.dylib+0x10dd]  objc_msgSend+0x1d
C  [AppKit+0xe1f45]  -[NSView _recursiveDisplayRectIfNeededIgnoringOpacity:isVisibleRect:rectIsVisibleRectForView:topView:]+0x740
C  [AppKit+0xe2fa0]  -[NSView _recursiveDisplayRectIfNeededIgnoringOpacity:isVisibleRect:rectIsVisibleRectForView:topView:]+0x179b
C  [AppKit+0xe12f3]  -[NSThemeFrame _recursiveDisplayRectIfNeededIgnoringOpacity:isVisibleRect:rectIsVisibleRectForView:topView:]+0x14d
C  [AppKit+0xdd68b]  -[NSView _displayRectIgnoringOpacity:isVisibleRect:rectIsVisibleRectForView:]+0xac9
C  [AppKit+0x951ae]  -[NSView displayIfNeeded]+0x754
C  [AppKit+0x94a09]  -[NSWindow displayIfNeeded]+0xec
C  [AppKit+0x94672]  _handleWindowNeedsDisplayOrLayoutOrUpdateConstraints+0x3a8
C  [AppKit+0x7ca171]  __83-[NSWindow _postWindowNeedsDisplayOrLayoutOrUpdateConstraintsUnlessPostingDisabled]_block_invoke1540+0x2e
C  [CoreFoundation+0x80127]  __CFRUNLOOP_IS_CALLING_OUT_TO_AN_OBSERVER_CALLBACK_FUNCTION__+0x17
C  [CoreFoundation+0x80080]  __CFRunLoopDoObservers+0x170
C  [CoreFoundation+0x72188]  __CFRunLoopRun+0x368
C  [CoreFoundation+0x71bd8]  CFRunLoopRunSpecific+0x128
C  [HIToolbox+0x3256f]  RunCurrentEventLoopInMode+0xeb
C  [HIToolbox+0x321ee]  ReceiveNextEventCommon+0xb3
C  [HIToolbox+0x3212b]  _BlockUntilNextEventMatchingListInModeWithFilter+0x47
C  [AppKit+0x918ab]  _DPSNextEvent+0x3d2
C  [AppKit+0x90e58]  -[NSApplication nextEventMatchingMask:untilDate:inMode:dequeue:]+0x15a
C  [libosxapp.dylib+0x242a]  -[NSApplicationAWT nextEventMatchingMask:untilDate:inMode:dequeue:]+0x7c
C  [AppKit+0x86af3]  -[NSApplication run]+0x252
C  [libosxapp.dylib+0x223e]  +[NSApplicationAWT runAWTLoopWithApp:]+0x9c
C  [libawt_lwawt.dylib+0x439bb]  -[AWTStarter starter:]+0x389
C  [Foundation+0x92dd0]  __NSThreadPerformPerform+0x125
C  [CoreFoundation+0x80a01]  __CFRUNLOOP_IS_CALLING_OUT_TO_A_SOURCE0_PERFORM_FUNCTION__+0x11
C  [CoreFoundation+0x72b8d]  __CFRunLoopDoSources0+0x10d
C  [CoreFoundation+0x721bf]  __CFRunLoopRun+0x39f
C  [CoreFoundation+0x71bd8]  CFRunLoopRunSpecific+0x128
C  [java+0x56cb]  CreateExecutionEnvironment+0x367
C  [java+0x166c]  JLI_Launch+0x7a0
C  [java+0x7689]  main+0x65
C  [java+0xec4]  start+0x34


---------------  P R O C E S S  ---------------

Java Threads: ( => current thread )
  0x00007ffe9c93f800 JavaThread "Java2D Queue Flusher" daemon [_thread_blocked, id=56327, stack(0x00000001258a1000,0x00000001259a1000)]
  0x00007ffe9b1f5800 JavaThread "Java2D Disposer" daemon [_thread_blocked, id=54647, stack(0x0000000125771000,0x0000000125871000)]
  0x00007ffe9b8eb000 JavaThread "AWT-Shutdown" [_thread_blocked, id=27667, stack(0x000000011d514000,0x000000011d614000)]
=>0x00007ffe9b0ea800 JavaThread "AppKit Thread" daemon [_thread_in_native, id=1811, stack(0x00007fff5d105000,0x00007fff5d905000)]
  0x00007ffe9c843000 JavaThread "Service Thread" daemon [_thread_blocked, id=18179, stack(0x000000011b9d4000,0x000000011bad4000)]
  0x00007ffe9c012800 JavaThread "C1 CompilerThread2" daemon [_thread_blocked, id=17667, stack(0x000000011b8d1000,0x000000011b9d1000)]
  0x00007ffe9c82d800 JavaThread "C2 CompilerThread1" daemon [_thread_blocked, id=17155, stack(0x000000011b7ce000,0x000000011b8ce000)]
  0x00007ffe9c82c000 JavaThread "C2 CompilerThread0" daemon [_thread_blocked, id=16643, stack(0x000000011b6cb000,0x000000011b7cb000)]
  0x00007ffe9c811000 JavaThread "Signal Dispatcher" daemon [_thread_blocked, id=12303, stack(0x000000011b5c8000,0x000000011b6c8000)]
  0x00007ffe9b012800 JavaThread "Finalizer" daemon [_thread_blocked, id=11011, stack(0x0000000119ba4000,0x0000000119ca4000)]
  0x00007ffe9b00c000 JavaThread "Reference Handler" daemon [_thread_blocked, id=10499, stack(0x0000000119aa1000,0x0000000119ba1000)]
  0x00007ffe9c801000 JavaThread "main" [_thread_in_native, id=3331, stack(0x00000001032bb000,0x00000001033bb000)]

Other Threads:
  0x00007ffe9c819000 VMThread [stack: 0x000000011999e000,0x0000000119a9e000] [id=9987]
  0x00007ffe9c843800 WatcherThread [stack: 0x000000011bad7000,0x000000011bbd7000] [id=18691]

VM state:not at safepoint (normal execution)

VM Mutex/Monitor currently owned by a thread: None

Heap:
 PSYoungGen      total 12288K, used 3289K [0x0000000795580000, 0x0000000796980000, 0x00000007c0000000)
  eden space 10752K, 27% used [0x0000000795580000,0x00000007958576e0,0x0000000796000000)
  from space 1536K, 24% used [0x0000000796000000,0x000000079605efb0,0x0000000796180000)
  to   space 1536K, 0% used [0x0000000796800000,0x0000000796800000,0x0000000796980000)
 ParOldGen       total 129536K, used 46138K [0x0000000740000000, 0x0000000747e80000, 0x0000000795580000)
  object space 129536K, 35% used [0x0000000740000000,0x0000000742d0e8b8,0x0000000747e80000)
 Metaspace       used 10535K, capacity 10677K, committed 11008K, reserved 1058816K
  class space    used 1136K, capacity 1175K, committed 1280K, reserved 1048576K

Card table byte_map: [0x00000001131c0000,0x00000001135c1000] byte_map_base: 0x000000010f7c0000

Marking Bits: (ParMarkBitMap*) 0x0000000102c600a0
 Begin Bits: [0x0000000113b75000, 0x0000000115b75000)
 End Bits:   [0x0000000115b75000, 0x0000000117b75000)

Polling page: 0x00000001033ff000

CodeCache: size=245760Kb used=3508Kb max_used=3508Kb free=242251Kb
 bounds [0x0000000103e00000, 0x0000000104170000, 0x0000000112e00000]
 total_blobs=1480 nmethods=962 adapters=434
 compilation: enabled

Compilation events (10 events):
Event: 6.921 Thread 0x00007ffe9c012800  958   !   3       org.lwjgl.input.Mouse::getEventButton (17 bytes)
Event: 6.921 Thread 0x00007ffe9c012800 nmethod 958 0x000000010416e6d0 code [0x000000010416e840, 0x000000010416eab0]
Event: 6.988 Thread 0x00007ffe9c012800  959       3       java.lang.Object::wait (6 bytes)
Event: 6.988 Thread 0x00007ffe9c012800 nmethod 959 0x000000010416eb90 code [0x000000010416ed00, 0x000000010416ef08]
Event: 7.039 Thread 0x00007ffe9c012800  960       3       org.newdawn.slick.state.StateBasedGame::transitioning (20 bytes)
Event: 7.040 Thread 0x00007ffe9c012800 nmethod 960 0x000000010416ef90 code [0x000000010416f0e0, 0x000000010416f2d0]
Event: 7.171 Thread 0x00007ffe9c012800  961       3       org.newdawn.slick.Input::isMousePressed (20 bytes)
Event: 7.172 Thread 0x00007ffe9c012800 nmethod 961 0x000000010416f350 code [0x000000010416f4c0, 0x000000010416f6b0]
Event: 7.343 Thread 0x00007ffe9c012800  962       3       org.newdawn.slick.state.StateBasedGame::postUpdateState (1 bytes)
Event: 7.343 Thread 0x00007ffe9c012800 nmethod 962 0x000000010416f7d0 code [0x000000010416f920, 0x000000010416fa70]

GC Heap History (10 events):
Event: 1.420 GC heap before
{Heap before GC invocations=9 (full 0):
 PSYoungGen      total 5632K, used 5160K [0x0000000795580000, 0x0000000795c80000, 0x00000007c0000000)
  eden space 4096K, 100% used [0x0000000795580000,0x0000000795980000,0x0000000795980000)
  from space 1536K, 69% used [0x0000000795b00000,0x0000000795c0a300,0x0000000795c80000)
  to   space 1536K, 0% used [0x0000000795980000,0x0000000795980000,0x0000000795b00000)
 ParOldGen       total 129536K, used 977K [0x0000000740000000, 0x0000000747e80000, 0x0000000795580000)
  object space 129536K, 0% used [0x0000000740000000,0x00000007400f4740,0x0000000747e80000)
 Metaspace       used 7770K, capacity 7883K, committed 8064K, reserved 1056768K
  class space    used 830K, capacity 884K, committed 896K, reserved 1048576K
Event: 1.430 GC heap after
Heap after GC invocations=9 (full 0):
 PSYoungGen      total 5632K, used 1099K [0x0000000795580000, 0x0000000795f00000, 0x00000007c0000000)
  eden space 4096K, 0% used [0x0000000795580000,0x0000000795580000,0x0000000795980000)
  from space 1536K, 71% used [0x0000000795980000,0x0000000795a92e20,0x0000000795b00000)
  to   space 1536K, 0% used [0x0000000795d80000,0x0000000795d80000,0x0000000795f00000)
 ParOldGen       total 129536K, used 8261K [0x0000000740000000, 0x0000000747e80000, 0x0000000795580000)
  object space 129536K, 6% used [0x0000000740000000,0x0000000740811790,0x0000000747e80000)
 Metaspace       used 7770K, capacity 7883K, committed 8064K, reserved 1056768K
  class space    used 830K, capacity 884K, committed 896K, reserved 1048576K
}
Event: 1.716 GC heap before
{Heap before GC invocations=10 (full 0):
 PSYoungGen      total 5632K, used 5195K [0x0000000795580000, 0x0000000795f00000, 0x00000007c0000000)
  eden space 4096K, 100% used [0x0000000795580000,0x0000000795980000,0x0000000795980000)
  from space 1536K, 71% used [0x0000000795980000,0x0000000795a92e20,0x0000000795b00000)
  to   space 1536K, 0% used [0x0000000795d80000,0x0000000795d80000,0x0000000795f00000)
 ParOldGen       total 129536K, used 17477K [0x0000000740000000, 0x0000000747e80000, 0x0000000795580000)
  object space 129536K, 13% used [0x0000000740000000,0x00000007411117c0,0x0000000747e80000)
 Metaspace       used 8856K, capacity 8981K, committed 9216K, reserved 1056768K
  class space    used 963K, capacity 1015K, committed 1024K, reserved 1048576K
Event: 1.719 GC heap after
Heap after GC invocations=10 (full 0):
 PSYoungGen      total 8192K, used 757K [0x0000000795580000, 0x0000000795f00000, 0x00000007c0000000)
  eden space 6656K, 0% used [0x0000000795580000,0x0000000795580000,0x0000000795c00000)
  from space 1536K, 49% used [0x0000000795d80000,0x0000000795e3d5c8,0x0000000795f00000)
  to   space 1536K, 0% used [0x0000000795c00000,0x0000000795c00000,0x0000000795d80000)
 ParOldGen       total 129536K, used 17911K [0x0000000740000000, 0x0000000747e80000, 0x0000000795580000)
  object space 129536K, 13% used [0x0000000740000000,0x000000074117de30,0x0000000747e80000)
 Metaspace       used 8856K, capacity 8981K, committed 9216K, reserved 1056768K
  class space    used 963K, capacity 1015K, committed 1024K, reserved 1048576K
}
Event: 1.750 GC heap before
{Heap before GC invocations=11 (full 0):
 PSYoungGen      total 8192K, used 7413K [0x0000000795580000, 0x0000000795f00000, 0x00000007c0000000)
  eden space 6656K, 100% used [0x0000000795580000,0x0000000795c00000,0x0000000795c00000)
  from space 1536K, 49% used [0x0000000795d80000,0x0000000795e3d5c8,0x0000000795f00000)
  to   space 1536K, 0% used [0x0000000795c00000,0x0000000795c00000,0x0000000795d80000)
 ParOldGen       total 129536K, used 17911K [0x0000000740000000, 0x0000000747e80000, 0x0000000795580000)
  object space 129536K, 13% used [0x0000000740000000,0x000000074117de30,0x0000000747e80000)
 Metaspace       used 8857K, capacity 8981K, committed 9216K, reserved 1056768K
  class space    used 963K, capacity 1015K, committed 1024K, reserved 1048576K
Event: 1.752 GC heap after
Heap after GC invocations=11 (full 0):
 PSYoungGen      total 8192K, used 0K [0x0000000795580000, 0x0000000796300000, 0x00000007c0000000)
  eden space 6656K, 0% used [0x0000000795580000,0x0000000795580000,0x0000000795c00000)
  from space 1536K, 0% used [0x0000000795c00000,0x0000000795c00000,0x0000000795d80000)
  to   space 1536K, 0% used [0x0000000796180000,0x0000000796180000,0x0000000796300000)
 ParOldGen       total 129536K, used 18613K [0x0000000740000000, 0x0000000747e80000, 0x0000000795580000)
  object space 129536K, 14% used [0x0000000740000000,0x000000074122d418,0x0000000747e80000)
 Metaspace       used 8857K, capacity 8981K, committed 9216K, reserved 1056768K
  class space    used 963K, capacity 1015K, committed 1024K, reserved 1048576K
}
Event: 1.770 GC heap before
{Heap before GC invocations=12 (full 0):
 PSYoungGen      total 8192K, used 6656K [0x0000000795580000, 0x0000000796300000, 0x00000007c0000000)
  eden space 6656K, 100% used [0x0000000795580000,0x0000000795c00000,0x0000000795c00000)
  from space 1536K, 0% used [0x0000000795c00000,0x0000000795c00000,0x0000000795d80000)
  to   space 1536K, 0% used [0x0000000796180000,0x0000000796180000,0x0000000796300000)
 ParOldGen       total 129536K, used 18613K [0x0000000740000000, 0x0000000747e80000, 0x0000000795580000)
  object space 129536K, 14% used [0x0000000740000000,0x000000074122d418,0x0000000747e80000)
 Metaspace       used 8857K, capacity 8981K, committed 9216K, reserved 1056768K
  class space    used 963K, capacity 1015K, committed 1024K, reserved 1048576K
Event: 1.771 GC heap after
Heap after GC invocations=12 (full 0):
 PSYoungGen      total 12288K, used 0K [0x0000000795580000, 0x0000000796300000, 0x00000007c0000000)
  eden space 10752K, 0% used [0x0000000795580000,0x0000000795580000,0x0000000796000000)
  from space 1536K, 0% used [0x0000000796180000,0x0000000796180000,0x0000000796300000)
  to   space 1536K, 0% used [0x0000000796000000,0x0000000796000000,0x0000000796180000)
 ParOldGen       total 129536K, used 18613K [0x0000000740000000, 0x0000000747e80000, 0x0000000795580000)
  object space 129536K, 14% used [0x0000000740000000,0x000000074122d418,0x0000000747e80000)
 Metaspace       used 8857K, capacity 8981K, committed 9216K, reserved 1056768K
  class space    used 963K, capacity 1015K, committed 1024K, reserved 1048576K
}
Event: 2.163 GC heap before
{Heap before GC invocations=13 (full 0):
 PSYoungGen      total 12288K, used 10752K [0x0000000795580000, 0x0000000796300000, 0x00000007c0000000)
  eden space 10752K, 100% used [0x0000000795580000,0x0000000796000000,0x0000000796000000)
  from space 1536K, 0% used [0x0000000796180000,0x0000000796180000,0x0000000796300000)
  to   space 1536K, 0% used [0x0000000796000000,0x0000000796000000,0x0000000796180000)
 ParOldGen       total 129536K, used 28517K [0x0000000740000000, 0x0000000747e80000, 0x0000000795580000)
  object space 129536K, 22% used [0x0000000740000000,0x0000000741bd94a8,0x0000000747e80000)
 Metaspace       used 9700K, capacity 9813K, committed 10112K, reserved 1058816K
  class space    used 1043K, capacity 1079K, committed 1152K, reserved 1048576K
Event: 2.165 GC heap after
Heap after GC invocations=13 (full 0):
 PSYoungGen      total 12288K, used 379K [0x0000000795580000, 0x0000000796980000, 0x00000007c0000000)
  eden space 10752K, 0% used [0x0000000795580000,0x0000000795580000,0x0000000796000000)
  from space 1536K, 24% used [0x0000000796000000,0x000000079605efb0,0x0000000796180000)
  to   space 1536K, 0% used [0x0000000796800000,0x0000000796800000,0x0000000796980000)
 ParOldGen       total 129536K, used 28525K [0x0000000740000000, 0x0000000747e80000, 0x0000000795580000)
  object space 129536K, 22% used [0x0000000740000000,0x0000000741bdb4a8,0x0000000747e80000)
 Metaspace       used 9700K, capacity 9813K, committed 10112K, reserved 1058816K
  class space    used 1043K, capacity 1079K, committed 1152K, reserved 1048576K
}

Deoptimization events (2 events):
Event: 1.800 Thread 0x00007ffe9c801000 Uncommon trap: reason=unreached action=reinterpret pc=0x000000010405c108 method=sun.awt.image.ByteInterleavedRaster.getDataElements(IILjava/lang/Object;)Ljava/lang/Object; @ 43
Event: 4.884 Thread 0x00007ffe9c801000 Uncommon trap: reason=range_check action=make_not_entrant pc=0x00000001040cf40c method=java.util.ArrayList.elementData(I)Ljava/lang/Object; @ 5

Internal exceptions (10 events):
Event: 2.249 Thread 0x00007ffe9c801000 Exception <a 'java/security/PrivilegedActionException'> (0x00000007956d50c8) thrown at [/HUDSON3/workspace/8-2-build-macosx-x86_64/jdk8u11/648/hotspot/src/share/vm/prims/jvm.cpp, line 1248]
Event: 2.303 Thread 0x00007ffe9c801000 Exception <a 'java/security/PrivilegedActionException'> (0x000000079577f008) thrown at [/HUDSON3/workspace/8-2-build-macosx-x86_64/jdk8u11/648/hotspot/src/share/vm/prims/jvm.cpp, line 1248]
Event: 2.304 Thread 0x00007ffe9c801000 Exception <a 'java/security/PrivilegedActionException'> (0x0000000795783c28) thrown at [/HUDSON3/workspace/8-2-build-macosx-x86_64/jdk8u11/648/hotspot/src/share/vm/prims/jvm.cpp, line 1248]
Event: 2.305 Thread 0x00007ffe9c801000 Exception <a 'java/security/PrivilegedActionException'> (0x000000079578e3c0) thrown at [/HUDSON3/workspace/8-2-build-macosx-x86_64/jdk8u11/648/hotspot/src/share/vm/prims/jvm.cpp, line 1248]
Event: 2.474 Thread 0x00007ffe9c801000 Exception <a 'java/security/PrivilegedActionException'> (0x00000007957b0770) thrown at [/HUDSON3/workspace/8-2-build-macosx-x86_64/jdk8u11/648/hotspot/src/share/vm/prims/jvm.cpp, line 1248]
Event: 3.515 Thread 0x00007ffe9c801000 Exception <a 'java/security/PrivilegedActionException'> (0x00000007957b8d90) thrown at [/HUDSON3/workspace/8-2-build-macosx-x86_64/jdk8u11/648/hotspot/src/share/vm/prims/jvm.cpp, line 1248]
Event: 3.516 Thread 0x00007ffe9c801000 Exception <a 'java/security/PrivilegedActionException'> (0x00000007957bdb40) thrown at [/HUDSON3/workspace/8-2-build-macosx-x86_64/jdk8u11/648/hotspot/src/share/vm/prims/jvm.cpp, line 1248]
Event: 4.059 Thread 0x00007ffe9c801000 Exception <a 'java/security/PrivilegedActionException'> (0x00000007957c5110) thrown at [/HUDSON3/workspace/8-2-build-macosx-x86_64/jdk8u11/648/hotspot/src/share/vm/prims/jvm.cpp, line 1248]
Event: 4.884 Thread 0x00007ffe9c801000 Exception <a 'java/lang/ArrayIndexOutOfBoundsException': -1> (0x00000007957d3d80) thrown at [/HUDSON3/workspace/8-2-build-macosx-x86_64/jdk8u11/648/hotspot/src/share/vm/interpreter/interpreterRuntime.cpp, line 337]
Event: 7.431 Thread 0x00007ffe9c801000 Exception <a 'java/security/PrivilegedActionException'> (0x000000079583c348) thrown at [/HUDSON3/workspace/8-2-build-macosx-x86_64/jdk8u11/648/hotspot/src/share/vm/prims/jvm.cpp, line 1248]

Events (10 events):
Event: 4.099 Thread 0x00007ffe9c801000 DEOPT UNPACKING pc=0x0000000103e4701a sp=0x00000001033ba1b0 mode 0
Event: 4.100 Thread 0x00007ffe9c801000 DEOPT PACKING pc=0x000000010412a8b1 sp=0x00000001033ba380
Event: 4.100 Thread 0x00007ffe9c801000 DEOPT UNPACKING pc=0x0000000103e4701a sp=0x00000001033ba1b0 mode 0
Event: 4.187 Executing VM operation: EnableBiasedLocking
Event: 4.187 Executing VM operation: EnableBiasedLocking done
Event: 4.884 Thread 0x00007ffe9c801000 Uncommon trap: trap_request=0xffffffe4 fr.pc=0x00000001040cf40c
Event: 4.884 Thread 0x00007ffe9c801000 DEOPT PACKING pc=0x00000001040cf40c sp=0x00000001033ba650
Event: 4.884 Thread 0x00007ffe9c801000 DEOPT UNPACKING pc=0x0000000103e47250 sp=0x00000001033ba5b0 mode 2
Event: 7.431 loading class org/lwjgl/opengl/CallbackUtil
Event: 7.431 loading class org/lwjgl/opengl/CallbackUtil done


Dynamic libraries:
0x00000000070f9000 	/System/Library/Frameworks/Cocoa.framework/Versions/A/Cocoa
0x00000000070f9000 	/System/Library/Frameworks/Security.framework/Versions/A/Security
0x00000000070f9000 	/System/Library/Frameworks/ApplicationServices.framework/Versions/A/ApplicationServices
0x00000000070f9000 	/usr/lib/libz.1.dylib
0x00000000070f9000 	/usr/lib/libSystem.B.dylib
0x00000000070f9000 	/usr/lib/libobjc.A.dylib
0x00000000070f9000 	/System/Library/Frameworks/CoreFoundation.framework/Versions/A/CoreFoundation
0x00000000070f9000 	/System/Library/Frameworks/Foundation.framework/Versions/C/Foundation
0x00000000070f9000 	/System/Library/Frameworks/AppKit.framework/Versions/C/AppKit
0x00000000070f9000 	/System/Library/Frameworks/CoreData.framework/Versions/A/CoreData
0x00000000070f9000 	/System/Library/PrivateFrameworks/RemoteViewServices.framework/Versions/A/RemoteViewServices
0x00000000070f9000 	/System/Library/PrivateFrameworks/UIFoundation.framework/Versions/A/UIFoundation
0x00000000070f9000 	/System/Library/Frameworks/IOSurface.framework/Versions/A/IOSurface
0x00000000070f9000 	/System/Library/Frameworks/AudioToolbox.framework/Versions/A/AudioToolbox
0x00000000070f9000 	/System/Library/Frameworks/AudioUnit.framework/Versions/A/AudioUnit
0x00000000070f9000 	/System/Library/PrivateFrameworks/DataDetectorsCore.framework/Versions/A/DataDetectorsCore
0x00000000070f9000 	/System/Library/PrivateFrameworks/DesktopServicesPriv.framework/Versions/A/DesktopServicesPriv
0x00000000070f9000 	/System/Library/Frameworks/Carbon.framework/Versions/A/Frameworks/HIToolbox.framework/Versions/A/HIToolbox
0x00000000070f9000 	/System/Library/Frameworks/QuartzCore.framework/Versions/A/QuartzCore
0x00000000070f9000 	/System/Library/Frameworks/Carbon.framework/Versions/A/Frameworks/SpeechRecognition.framework/Versions/A/SpeechRecognition
0x00000000070f9000 	/usr/lib/libauto.dylib
0x00000000070f9000 	/usr/lib/libicucore.A.dylib
0x00000000070f9000 	/usr/lib/libxml2.2.dylib
0x00000000070f9000 	/System/Library/PrivateFrameworks/CoreUI.framework/Versions/A/CoreUI
0x00000000070f9000 	/System/Library/Frameworks/CoreAudio.framework/Versions/A/CoreAudio
0x00000000070f9000 	/System/Library/Frameworks/DiskArbitration.framework/Versions/A/DiskArbitration
0x00000000070f9000 	/usr/lib/liblangid.dylib
0x00000000070f9000 	/System/Library/PrivateFrameworks/MultitouchSupport.framework/Versions/A/MultitouchSupport
0x00000000070f9000 	/System/Library/Frameworks/IOKit.framework/Versions/A/IOKit
0x00000000070f9000 	/usr/lib/libDiagnosticMessagesClient.dylib
0x00000000070f9000 	/System/Library/Frameworks/CoreServices.framework/Versions/A/CoreServices
0x00000000070f9000 	/System/Library/PrivateFrameworks/PerformanceAnalysis.framework/Versions/A/PerformanceAnalysis
0x00000000070f9000 	/System/Library/PrivateFrameworks/GenerationalStorage.framework/Versions/A/GenerationalStorage
0x00000000070f9000 	/System/Library/Frameworks/OpenGL.framework/Versions/A/OpenGL
0x00000000070f9000 	/System/Library/PrivateFrameworks/Sharing.framework/Versions/A/Sharing
0x00000000070f9000 	/System/Library/Frameworks/CoreGraphics.framework/Versions/A/CoreGraphics
0x00000000070f9000 	/System/Library/Frameworks/CoreText.framework/Versions/A/CoreText
0x00000000070f9000 	/System/Library/Frameworks/ImageIO.framework/Versions/A/ImageIO
0x00000000070f9000 	/usr/lib/libextension.dylib
0x00000000070f9000 	/System/Library/PrivateFrameworks/Backup.framework/Versions/A/Backup
0x00000000070f9000 	/usr/lib/libarchive.2.dylib
0x00000000070f9000 	/System/Library/Frameworks/CFNetwork.framework/Versions/A/CFNetwork
0x00000000070f9000 	/System/Library/Frameworks/SystemConfiguration.framework/Versions/A/SystemConfiguration
0x00000000070f9000 	/usr/lib/libCRFSuite.dylib
0x00000000070f9000 	/usr/lib/libc++.1.dylib
0x00000000070f9000 	/usr/lib/libc++abi.dylib
0x00000000070f9000 	/usr/lib/system/libcache.dylib
0x00000000070f9000 	/usr/lib/system/libcommonCrypto.dylib
0x00000000070f9000 	/usr/lib/system/libcompiler_rt.dylib
0x00000000070f9000 	/usr/lib/system/libcopyfile.dylib
0x00000000070f9000 	/usr/lib/system/libcorecrypto.dylib
0x00000000070f9000 	/usr/lib/system/libdispatch.dylib
0x00000000070f9000 	/usr/lib/system/libdyld.dylib
0x00000000070f9000 	/usr/lib/system/libkeymgr.dylib
0x00000000070f9000 	/usr/lib/system/liblaunch.dylib
0x00000000070f9000 	/usr/lib/system/libmacho.dylib
0x00000000070f9000 	/usr/lib/system/libquarantine.dylib
0x00000000070f9000 	/usr/lib/system/libremovefile.dylib
0x00000000070f9000 	/usr/lib/system/libsystem_asl.dylib
0x00000000070f9000 	/usr/lib/system/libsystem_blocks.dylib
0x00000000070f9000 	/usr/lib/system/libsystem_c.dylib
0x00000000070f9000 	/usr/lib/system/libsystem_configuration.dylib
0x00000000070f9000 	/usr/lib/system/libsystem_coreservices.dylib
0x00000000070f9000 	/usr/lib/system/libsystem_coretls.dylib
0x00000000070f9000 	/usr/lib/system/libsystem_dnssd.dylib
0x00000000070f9000 	/usr/lib/system/libsystem_info.dylib
0x00000000070f9000 	/usr/lib/system/libsystem_kernel.dylib
0x00000000070f9000 	/usr/lib/system/libsystem_m.dylib
0x00000000070f9000 	/usr/lib/system/libsystem_malloc.dylib
0x00000000070f9000 	/usr/lib/system/libsystem_network.dylib
0x00000000070f9000 	/usr/lib/system/libsystem_networkextension.dylib
0x00000000070f9000 	/usr/lib/system/libsystem_notify.dylib
0x00000000070f9000 	/usr/lib/system/libsystem_platform.dylib
0x00000000070f9000 	/usr/lib/system/libsystem_pthread.dylib
0x00000000070f9000 	/usr/lib/system/libsystem_sandbox.dylib
0x00000000070f9000 	/usr/lib/system/libsystem_secinit.dylib
0x00000000070f9000 	/usr/lib/system/libsystem_stats.dylib
0x00000000070f9000 	/usr/lib/system/libsystem_trace.dylib
0x00000000070f9000 	/usr/lib/system/libunc.dylib
0x00000000070f9000 	/usr/lib/system/libunwind.dylib
0x00000000070f9000 	/usr/lib/system/libxpc.dylib
0x00000000070f9000 	/usr/lib/libbz2.1.0.dylib
0x00000000070f9000 	/usr/lib/liblzma.5.dylib
0x00000000070f9000 	/usr/lib/libbsm.0.dylib
0x00000000070f9000 	/usr/lib/libsqlite3.dylib
0x00000000070f9000 	/usr/lib/system/libkxld.dylib
0x00000000070f9000 	/usr/lib/libxar.1.dylib
0x00000000070f9000 	/usr/lib/libpam.2.dylib
0x00000000070f9000 	/usr/lib/libOpenScriptingUtil.dylib
0x00000000070f9000 	/System/Library/Frameworks/CoreServices.framework/Versions/A/Frameworks/FSEvents.framework/Versions/A/FSEvents
0x00000000070f9000 	/System/Library/Frameworks/CoreServices.framework/Versions/A/Frameworks/CarbonCore.framework/Versions/A/CarbonCore
0x00000000070f9000 	/System/Library/Frameworks/CoreServices.framework/Versions/A/Frameworks/Metadata.framework/Versions/A/Metadata
0x00000000070f9000 	/System/Library/Frameworks/CoreServices.framework/Versions/A/Frameworks/OSServices.framework/Versions/A/OSServices
0x00000000070f9000 	/System/Library/Frameworks/CoreServices.framework/Versions/A/Frameworks/SearchKit.framework/Versions/A/SearchKit
0x00000000070f9000 	/System/Library/Frameworks/CoreServices.framework/Versions/A/Frameworks/AE.framework/Versions/A/AE
0x00000000070f9000 	/System/Library/Frameworks/CoreServices.framework/Versions/A/Frameworks/LaunchServices.framework/Versions/A/LaunchServices
0x00000000070f9000 	/System/Library/Frameworks/CoreServices.framework/Versions/A/Frameworks/DictionaryServices.framework/Versions/A/DictionaryServices
0x00000000070f9000 	/System/Library/Frameworks/NetFS.framework/Versions/A/NetFS
0x00000000070f9000 	/System/Library/PrivateFrameworks/NetAuth.framework/Versions/A/NetAuth
0x00000000070f9000 	/System/Library/PrivateFrameworks/login.framework/Versions/A/Frameworks/loginsupport.framework/Versions/A/loginsupport
0x00000000070f9000 	/System/Library/PrivateFrameworks/TCC.framework/Versions/A/TCC
0x00000000070f9000 	/usr/lib/libmecabra.dylib
0x00000000070f9000 	/System/Library/Frameworks/ApplicationServices.framework/Versions/A/Frameworks/ATS.framework/Versions/A/ATS
0x00000000070f9000 	/System/Library/Frameworks/ApplicationServices.framework/Versions/A/Frameworks/ColorSync.framework/Versions/A/ColorSync
0x00000000070f9000 	/System/Library/Frameworks/ApplicationServices.framework/Versions/A/Frameworks/HIServices.framework/Versions/A/HIServices
0x00000000070f9000 	/System/Library/Frameworks/ApplicationServices.framework/Versions/A/Frameworks/LangAnalysis.framework/Versions/A/LangAnalysis
0x00000000070f9000 	/System/Library/Frameworks/ApplicationServices.framework/Versions/A/Frameworks/PrintCore.framework/Versions/A/PrintCore
0x00000000070f9000 	/System/Library/Frameworks/ApplicationServices.framework/Versions/A/Frameworks/QD.framework/Versions/A/QD
0x00000000070f9000 	/System/Library/Frameworks/ApplicationServices.framework/Versions/A/Frameworks/SpeechSynthesis.framework/Versions/A/SpeechSynthesis
0x00000000070f9000 	/System/Library/Frameworks/Accelerate.framework/Versions/A/Accelerate
0x00000000070f9000 	/System/Library/Frameworks/Accelerate.framework/Versions/A/Frameworks/vImage.framework/Versions/A/vImage
0x00000000070f9000 	/System/Library/Frameworks/Accelerate.framework/Versions/A/Frameworks/vecLib.framework/Versions/A/vecLib
0x00000000070f9000 	/System/Library/Frameworks/Accelerate.framework/Versions/A/Frameworks/vecLib.framework/Versions/A/libvDSP.dylib
0x00000000070f9000 	/System/Library/Frameworks/Accelerate.framework/Versions/A/Frameworks/vecLib.framework/Versions/A/libvMisc.dylib
0x00000000070f9000 	/System/Library/Frameworks/Accelerate.framework/Versions/A/Frameworks/vecLib.framework/Versions/A/libLAPACK.dylib
0x00000000070f9000 	/System/Library/Frameworks/Accelerate.framework/Versions/A/Frameworks/vecLib.framework/Versions/A/libBLAS.dylib
0x00000000070f9000 	/System/Library/Frameworks/Accelerate.framework/Versions/A/Frameworks/vecLib.framework/Versions/A/libLinearAlgebra.dylib
0x00000000070f9000 	/System/Library/Frameworks/ApplicationServices.framework/Versions/A/Frameworks/ATS.framework/Versions/A/Resources/libFontParser.dylib
0x00000000070f9000 	/System/Library/Frameworks/ApplicationServices.framework/Versions/A/Frameworks/ATS.framework/Versions/A/Resources/libFontRegistry.dylib
0x00000000070f9000 	/System/Library/PrivateFrameworks/AppleVPA.framework/Versions/A/AppleVPA
0x00000000070f9000 	/System/Library/PrivateFrameworks/AppleJPEG.framework/Versions/A/AppleJPEG
0x00000000070f9000 	/System/Library/Frameworks/ImageIO.framework/Versions/A/Resources/libJPEG.dylib
0x00000000070f9000 	/System/Library/Frameworks/ImageIO.framework/Versions/A/Resources/libTIFF.dylib
0x00000000070f9000 	/System/Library/Frameworks/ImageIO.framework/Versions/A/Resources/libPng.dylib
0x00000000070f9000 	/System/Library/Frameworks/ImageIO.framework/Versions/A/Resources/libGIF.dylib
0x00000000070f9000 	/System/Library/Frameworks/ImageIO.framework/Versions/A/Resources/libJP2.dylib
0x00000000070f9000 	/System/Library/Frameworks/ImageIO.framework/Versions/A/Resources/libRadiance.dylib
0x00000000070f9000 	/System/Library/Frameworks/CoreVideo.framework/Versions/A/CoreVideo
0x00000000070f9000 	/System/Library/Frameworks/OpenGL.framework/Versions/A/Libraries/libGLU.dylib
0x00000000070f9000 	/System/Library/Frameworks/OpenGL.framework/Versions/A/Libraries/libGFXShared.dylib
0x00000000070f9000 	/System/Library/Frameworks/OpenGL.framework/Versions/A/Libraries/libGL.dylib
0x00000000070f9000 	/System/Library/Frameworks/OpenGL.framework/Versions/A/Libraries/libGLImage.dylib
0x00000000070f9000 	/System/Library/Frameworks/OpenGL.framework/Versions/A/Libraries/libCVMSPluginSupport.dylib
0x00000000070f9000 	/System/Library/Frameworks/OpenGL.framework/Versions/A/Libraries/libCoreVMClient.dylib
0x00000000070f9000 	/usr/lib/libcups.2.dylib
0x00000000070f9000 	/System/Library/Frameworks/Kerberos.framework/Versions/A/Kerberos
0x00000000070f9000 	/System/Library/Frameworks/GSS.framework/Versions/A/GSS
0x00000000070f9000 	/usr/lib/libresolv.9.dylib
0x00000000070f9000 	/usr/lib/libiconv.2.dylib
0x00000000070f9000 	/System/Library/PrivateFrameworks/Heimdal.framework/Versions/A/Heimdal
0x00000000070f9000 	/usr/lib/libheimdal-asn1.dylib
0x00000000070f9000 	/System/Library/Frameworks/OpenDirectory.framework/Versions/A/OpenDirectory
0x00000000070f9000 	/System/Library/PrivateFrameworks/CommonAuth.framework/Versions/A/CommonAuth
0x00000000070f9000 	/System/Library/Frameworks/OpenDirectory.framework/Versions/A/Frameworks/CFOpenDirectory.framework/Versions/A/CFOpenDirectory
0x00000000070f9000 	/System/Library/Frameworks/SecurityFoundation.framework/Versions/A/SecurityFoundation
0x00000000070f9000 	/System/Library/PrivateFrameworks/LanguageModeling.framework/Versions/A/LanguageModeling
0x00000000070f9000 	/usr/lib/libcmph.dylib
0x00000000070f9000 	/System/Library/Frameworks/ServiceManagement.framework/Versions/A/ServiceManagement
0x00000000070f9000 	/usr/lib/libxslt.1.dylib
0x00000000070f9000 	/System/Library/Frameworks/Carbon.framework/Versions/A/Frameworks/Ink.framework/Versions/A/Ink
0x00000000070f9000 	/System/Library/Frameworks/QuartzCore.framework/Versions/A/Frameworks/CoreImage.framework/Versions/A/CoreImage
0x00000000070f9000 	/System/Library/PrivateFrameworks/CrashReporterSupport.framework/Versions/A/CrashReporterSupport
0x00000000070f9000 	/System/Library/Frameworks/OpenCL.framework/Versions/A/OpenCL
0x00000000070f9000 	/System/Library/PrivateFrameworks/FaceCore.framework/Versions/A/FaceCore
0x00000000070f9000 	/System/Library/PrivateFrameworks/Ubiquity.framework/Versions/A/Ubiquity
0x00000000070f9000 	/System/Library/PrivateFrameworks/IconServices.framework/Versions/A/IconServices
0x00000000070f9000 	/System/Library/PrivateFrameworks/ChunkingLibrary.framework/Versions/A/ChunkingLibrary
0x00000000070f9000 	/System/Library/PrivateFrameworks/Apple80211.framework/Versions/A/Apple80211
0x00000000070f9000 	/System/Library/Frameworks/CoreWLAN.framework/Versions/A/CoreWLAN
0x00000000070f9000 	/System/Library/Frameworks/IOBluetooth.framework/Versions/A/IOBluetooth
0x00000000070f9000 	/System/Library/PrivateFrameworks/CoreWiFi.framework/Versions/A/CoreWiFi
0x00000000070f9000 	/System/Library/Frameworks/CoreBluetooth.framework/Versions/A/CoreBluetooth
0x00000000070f9000 	/System/Library/PrivateFrameworks/DebugSymbols.framework/Versions/A/DebugSymbols
0x00000000070f9000 	/System/Library/PrivateFrameworks/CoreSymbolication.framework/Versions/A/CoreSymbolication
0x00000000070f9000 	/System/Library/PrivateFrameworks/Symbolication.framework/Versions/A/Symbolication
0x00000000070f9000 	/System/Library/PrivateFrameworks/SpeechRecognitionCore.framework/Versions/A/SpeechRecognitionCore
0x00000001023f9000 	/Library/Java/JavaVirtualMachines/jdk1.8.0_11.jdk/Contents/Home/jre/lib/server/libjvm.dylib
0x00000000070f9000 	/usr/lib/libstdc++.6.dylib
0x00000001033bd000 	/Library/Java/JavaVirtualMachines/jdk1.8.0_11.jdk/Contents/Home/jre/lib/libverify.dylib
0x00000001033cb000 	/Library/Java/JavaVirtualMachines/jdk1.8.0_11.jdk/Contents/Home/jre/lib/libjava.dylib
0x0000000103420000 	/Library/Java/JavaVirtualMachines/jdk1.8.0_11.jdk/Contents/Home/jre/lib/libzip.dylib
0x0000000119ca6000 	/System/Library/Frameworks/JavaVM.framework/Frameworks/JavaRuntimeSupport.framework/JavaRuntimeSupport
0x0000000119cc1000 	/System/Library/Frameworks/JavaVM.framework/Versions/A/Frameworks/JavaNativeFoundation.framework/Versions/A/JavaNativeFoundation
0x0000000119cd6000 	/System/Library/Frameworks/JavaVM.framework/Versions/A/JavaVM
0x00000000070f9000 	/System/Library/Frameworks/Carbon.framework/Versions/A/Carbon
0x0000000119ce3000 	/System/Library/PrivateFrameworks/JavaLaunching.framework/Versions/A/JavaLaunching
0x00000000070f9000 	/System/Library/Frameworks/Carbon.framework/Versions/A/Frameworks/CommonPanels.framework/Versions/A/CommonPanels
0x00000000070f9000 	/System/Library/Frameworks/Carbon.framework/Versions/A/Frameworks/Help.framework/Versions/A/Help
0x00000000070f9000 	/System/Library/Frameworks/Carbon.framework/Versions/A/Frameworks/ImageCapture.framework/Versions/A/ImageCapture
0x00000000070f9000 	/System/Library/Frameworks/Carbon.framework/Versions/A/Frameworks/OpenScripting.framework/Versions/A/OpenScripting
0x00000000070f9000 	/System/Library/Frameworks/Carbon.framework/Versions/A/Frameworks/Print.framework/Versions/A/Print
0x00000000070f9000 	/System/Library/Frameworks/Carbon.framework/Versions/A/Frameworks/SecurityHI.framework/Versions/A/SecurityHI
0x000000011bc34000 	/Library/Java/JavaVirtualMachines/jdk1.8.0_11.jdk/Contents/Home/jre/lib/libawt.dylib
0x000000011bce3000 	/Library/Java/JavaVirtualMachines/jdk1.8.0_11.jdk/Contents/Home/jre/lib/./libmlib_image.dylib
0x000000011bdaf000 	/Library/Java/JavaVirtualMachines/jdk1.8.0_11.jdk/Contents/Home/jre/lib/libawt_lwawt.dylib
0x000000011be61000 	/Library/Java/JavaVirtualMachines/jdk1.8.0_11.jdk/Contents/Home/jre/lib/./libosxapp.dylib
0x00000000070f9000 	/System/Library/Frameworks/ExceptionHandling.framework/Versions/A/ExceptionHandling
0x00000000070f9000 	/System/Library/PrivateFrameworks/CoreServicesInternal.framework/Versions/A/CoreServicesInternal
0x00000000070f9000 	/System/Library/PrivateFrameworks/CloudDocs.framework/Versions/A/CloudDocs
0x00000000070f9000 	/System/Library/PrivateFrameworks/CoreDuet.framework/Versions/A/CoreDuet
0x00000000070f9000 	/System/Library/Frameworks/CloudKit.framework/Versions/A/CloudKit
0x00000000070f9000 	/System/Library/PrivateFrameworks/ProtocolBuffer.framework/Versions/A/ProtocolBuffer
0x00000000070f9000 	/System/Library/PrivateFrameworks/CoreDuetDaemonProtocol.framework/Versions/A/CoreDuetDaemonProtocol
0x00000000070f9000 	/System/Library/PrivateFrameworks/CoreDuetDebugLogging.framework/Versions/A/CoreDuetDebugLogging
0x00000000070f9000 	/System/Library/PrivateFrameworks/MMCS.framework/Versions/A/MMCS
0x00000000070f9000 	/System/Library/Frameworks/CoreLocation.framework/Versions/A/CoreLocation
0x00000000070f9000 	/System/Library/PrivateFrameworks/ProtectedCloudStorage.framework/Versions/A/ProtectedCloudStorage
0x00000000070f9000 	/System/Library/PrivateFrameworks/GeoServices.framework/Versions/A/GeoServices
0x00000000070f9000 	/System/Library/Frameworks/CoreGraphics.framework/Versions/A/Resources/libCGCMS.A.dylib
0x00000000070f9000 	/System/Library/Frameworks/CoreGraphics.framework/Versions/A/Resources/libRIP.A.dylib
0x00000000070f9000 	/System/Library/Frameworks/CoreGraphics.framework/Versions/A/Resources/libCGXType.A.dylib
0x00000000070f9000 	/System/Library/Frameworks/OpenCL.framework/Versions/A/Libraries/libcldcpuengine.dylib
0x00000000070f9000 	/System/Library/PrivateFrameworks/DiskImages.framework/Versions/A/DiskImages
0x00000000070f9000 	/System/Library/Frameworks/DiscRecording.framework/Versions/A/DiscRecording
0x00000000070f9000 	/usr/lib/libcsfde.dylib
0x00000000070f9000 	/usr/lib/libcurl.4.dylib
0x00000000070f9000 	/System/Library/PrivateFrameworks/MediaKit.framework/Versions/A/MediaKit
0x00000000070f9000 	/usr/lib/libCoreStorage.dylib
0x00000000070f9000 	/System/Library/PrivateFrameworks/EFILogin.framework/Versions/A/EFILogin
0x00000000070f9000 	/usr/lib/libutil.dylib
0x00000000070f9000 	/System/Library/PrivateFrameworks/FindMyDevice.framework/Versions/A/FindMyDevice
0x00000000070f9000 	/System/Library/Frameworks/LDAP.framework/Versions/A/LDAP
0x00000000070f9000 	/usr/lib/libsasl2.2.dylib
0x00000000070f9000 	/System/Library/PrivateFrameworks/CoreDaemon.framework/Versions/B/CoreDaemon
0x00000000070f9000 	/usr/lib/libcrypto.0.9.8.dylib
0x00000000070f9000 	/System/Library/PrivateFrameworks/AppleSRP.framework/Versions/A/AppleSRP
0x00000000070f9000 	/System/Library/PrivateFrameworks/TrustEvaluationAgent.framework/Versions/A/TrustEvaluationAgent
0x000000011ec8c000 	cl_kernels
0x000000011ec8e000 	/System/Library/Frameworks/OpenCL.framework/Versions/A/Libraries/ImageFormats/unorm8_bgra.dylib
0x000000011ec7d000 	cl_kernels
0x00000000070f9000 	/System/Library/PrivateFrameworks/FamilyControls.framework/Versions/A/FamilyControls
0x00000000070f9000 	/System/Library/PrivateFrameworks/CommerceKit.framework/Versions/A/Frameworks/CommerceCore.framework/Versions/A/CommerceCore
0x00000000070f9000 	/System/Library/PrivateFrameworks/SystemAdministration.framework/Versions/A/SystemAdministration
0x00000000070f9000 	/System/Library/PrivateFrameworks/AppContainer.framework/Versions/A/AppContainer
0x00000000070f9000 	/System/Library/PrivateFrameworks/SecCodeWrapper.framework/Versions/A/SecCodeWrapper
0x00000000070f9000 	/System/Library/Frameworks/DirectoryService.framework/Versions/A/DirectoryService
0x00000000070f9000 	/System/Library/PrivateFrameworks/LoginUIKit.framework/Versions/A/Frameworks/LoginUICore.framework/Versions/A/LoginUICore
0x00000000070f9000 	/usr/lib/libodfde.dylib
0x000000011ff5a000 	/Library/Java/JavaVirtualMachines/jdk1.8.0_11.jdk/Contents/Home/jre/lib/libfontmanager.dylib
0x000000011ffc0000 	/Users/Olivier/Dropbox/Projet_Int-grateur_TeamYOCO-master/build/classes/res/native/liblwjgl.dylib
0x000000011e1c5000 	/Library/Java/JavaVirtualMachines/jdk1.8.0_11.jdk/Contents/Home/jre/lib/libjawt.dylib
0x00000000070f9000 	/System/Library/Frameworks/OpenGL.framework/Versions/A/Resources/GLEngine.bundle/GLEngine
0x00000000070f9000 	/System/Library/Frameworks/OpenGL.framework/Versions/A/Libraries/libGLProgrammability.dylib
0x000000012004c000 	/System/Library/Extensions/AppleIntelHDGraphicsGLDriver.bundle/Contents/MacOS/AppleIntelHDGraphicsGLDriver
0x00000001204d3000 	/System/Library/PrivateFrameworks/GPUSupport.framework/Versions/A/Libraries/libGPUSupport.dylib
0x0000000000000000 	/System/Library/Extensions/GeForceTeslaGLDriver.bundle/Contents/MacOS/GeForceTeslaGLDriver
0x00000001204e7000 	/System/Library/Extensions/GeForceTeslaGLDriver.bundle/Contents/MacOS/libclh.dylib
0x00000000070f9000 	/System/Library/Frameworks/OpenGL.framework/Versions/A/Resources/GLRendererFloat.bundle/GLRendererFloat
0x0000000125729000 	/Library/Java/JavaVirtualMachines/jdk1.8.0_11.jdk/Contents/Home/jre/lib/libnio.dylib
0x0000000125738000 	/Library/Java/JavaVirtualMachines/jdk1.8.0_11.jdk/Contents/Home/jre/lib/./libnet.dylib
0x0000000125873000 	/Library/Java/JavaVirtualMachines/jdk1.8.0_11.jdk/Contents/Home/jre/lib/libjpeg.dylib
0x000000012641d000 	/Users/Olivier/Dropbox/Projet_Int-grateur_TeamYOCO-master/build/classes/res/native/openal.dylib
0x000000012341f000 	/System/Library/Components/CoreAudio.component/Contents/MacOS/CoreAudio
0x000000011e086000 	/System/Library/Extensions/AppleHDA.kext/Contents/PlugIns/AppleHDAHALPlugIn.bundle/Contents/MacOS/AppleHDAHALPlugIn

VM Arguments:
jvm_args: -Dfile.encoding=UTF-8 -Djava.library.path=lib 
java_command: ca.qc.bdeb.info204.Game
java_class_path (initial): /Users/Olivier/Dropbox/Projet_Int-grateur_TeamYOCO-master/lib/jinput.jar:/Users/Olivier/Dropbox/Projet_Int-grateur_TeamYOCO-master/lib/lwjgl.jar:/Users/Olivier/Dropbox/Projet_Int-grateur_TeamYOCO-master/lib/lwjgl_util.jar:/Users/Olivier/Dropbox/Projet_Int-grateur_TeamYOCO-master/lib/slick.jar:/Users/Olivier/Dropbox/Projet_Int-grateur_TeamYOCO-master/lib/SlickUtils-1.3.jar:/Users/Olivier/Dropbox/Projet_Int-grateur_TeamYOCO-master/build/classes
Launcher Type: SUN_STANDARD

Environment Variables:
PATH=/usr/bin:/bin:/usr/sbin:/sbin
LD_LIBRARY_PATH=/Library/Java/JavaVirtualMachines/jdk1.8.0_11.jdk/Contents/Home/jre/lib/amd64:/Library/Java/JavaVirtualMachines/jdk1.8.0_11.jdk/Contents/Home/jre/lib/i386:
SHELL=/bin/bash
DYLD_LIBRARY_PATH=/Applications/NetBeans/NetBeans 8.0.1.app/Contents/Resources/NetBeans/webcommon/bin:

Signal Handlers:
SIGSEGV: [libjvm.dylib+0x56059b], sa_mask[0]=0xfffefeff, sa_flags=0x00000043
SIGBUS: [libjvm.dylib+0x56059b], sa_mask[0]=0xfffefeff, sa_flags=0x00000042
SIGFPE: [libjvm.dylib+0x4438f2], sa_mask[0]=0xfffefeff, sa_flags=0x00000042
SIGPIPE: [libjvm.dylib+0x4438f2], sa_mask[0]=0xfffefeff, sa_flags=0x00000042
SIGXFSZ: [libjvm.dylib+0x4438f2], sa_mask[0]=0xfffefeff, sa_flags=0x00000042
SIGILL: [libjvm.dylib+0x4438f2], sa_mask[0]=0xfffefeff, sa_flags=0x00000042
SIGUSR1: SIG_DFL, sa_mask[0]=0x00000000, sa_flags=0x00000000
SIGUSR2: [libjvm.dylib+0x443410], sa_mask[0]=0x00000004, sa_flags=0x00000042
SIGHUP: [libjvm.dylib+0x44179b], sa_mask[0]=0xfffefeff, sa_flags=0x00000042
SIGINT: SIG_IGN, sa_mask[0]=0x00000000, sa_flags=0x00000000
SIGTERM: [libjvm.dylib+0x44179b], sa_mask[0]=0xfffefeff, sa_flags=0x00000042
SIGQUIT: [libjvm.dylib+0x44179b], sa_mask[0]=0xfffefeff, sa_flags=0x00000042


---------------  S Y S T E M  ---------------

OS:Bsduname:Darwin 14.5.0 Darwin Kernel Version 14.5.0: Wed Jul 29 02:26:53 PDT 2015; root:xnu-2782.40.9~1/RELEASE_X86_64 x86_64
rlimit: STACK 8192k, CORE 0k, NPROC 709, NOFILE 10240, AS infinity
load average:1.51 1.47 1.53

CPU:total 4 (2 cores per cpu, 2 threads per core) family 6 model 37 stepping 5, cmov, cx8, fxsr, mmx, sse, sse2, sse3, ssse3, sse4.1, sse4.2, popcnt, aes, clmul, ht, tsc, tscinvbit

Memory: 4k page, physical 8388608k(1187804k free)

/proc/meminfo:


vm_info: Java HotSpot(TM) 64-Bit Server VM (25.11-b03) for bsd-amd64 JRE (1.8.0_11-b12), built on Jun 16 2014 17:39:42 by "java_re" with gcc 4.2.1 (Based on Apple Inc. build 5658) (LLVM build 2336.11.00)

time: Wed Apr 27 13:59:38 2016
elapsed time: 7 seconds

