#
# A fatal error has been detected by the Java Runtime Environment:
#
#  SIGSEGV (0xb) at pc=0x00007fff93afb0dd, pid=2370, tid=1811
#
# JRE version: Java(TM) SE Runtime Environment (8.0_11-b12) (build 1.8.0_11-b12)
# Java VM: Java HotSpot(TM) 64-Bit Server VM (25.11-b03 mixed mode bsd-amd64 compressed oops)
# Problematic frame:
# C  [libobjc.A.dylib+0x10dd]  objc_msgSend+0x1d
#
# Failed to write core dump. Core dumps have been disabled. To enable core dumping, try "ulimit -c unlimited" before starting Java again
#
# If you would like to submit a bug report, please visit:
#   http://bugreport.sun.com/bugreport/crash.jsp
# The crash happened outside the Java Virtual Machine in native code.
# See problematic frame for where to report the bug.
#

---------------  T H R E A D  ---------------

Current thread (0x00007fcd2b845800):  JavaThread "AppKit Thread" daemon [_thread_in_native, id=1811, stack(0x00007fff5d789000,0x00007fff5df89000)]

siginfo:si_signo=SIGSEGV: si_errno=0, si_code=1 (SEGV_MAPERR), si_addr=0x0000000000000018

Registers:
RAX=0x0000000000000000, RBX=0x00007fcd2b461b20, RCX=0x0000000000000000, RDX=0x00007fcd2b461b20
RSP=0x00007fff5df83bf8, RBP=0x00007fff5df83c20, RSI=0x00007fff8d8a837c, RDI=0x00007fcd2b748880
R8 =0x0000000000000001, R9 =0x0000000000000001, R10=0x00007fff8d8a837c, R11=0x0000000000000000
R12=0x0000000000000094, R13=0x00007fcd2b760b30, R14=0x00007fcd2b748880, R15=0x00007fff5df84110
RIP=0x00007fff93afb0dd, EFLAGS=0x0000000000010246, ERR=0x0000000000000004
  TRAPNO=0x000000000000000e

Top of Stack: (sp=0x00007fff5df83bf8)
0x00007fff5df83bf8:   000000011f8c3598 00007fcd2b461b20
0x00007fff5df83c08:   000000011f8f7c60 00007fcd2b760b30
0x00007fff5df83c18:   00007fcd2b461b20 00007fff5df84100
0x00007fff5df83c28:   00007fff8cf88f45 0000000000000000
0x00007fff5df83c38:   0000000000000000 4090000000000000
0x00007fff5df83c48:   4086000000000000 0000000000000000
0x00007fff5df83c58:   0000000000000000 4090000000000000
0x00007fff5df83c68:   4086000000000000 4090000000000000
0x00007fff5df83c78:   4086b00000000000 401c000000000000
0x00007fff5df83c88:   4086180000000000 402c000000000000
0x00007fff5df83c98:   4030000000000000 401c000000000000
0x00007fff5df83ca8:   0000000000000000 0000000000000000
0x00007fff5df83cb8:   4030000000000000 00007fff8d86b129
0x00007fff5df83cc8:   4008000000000000 00007fcd2b77b6e0
0x00007fff5df83cd8:   0000000100000000 0000000000000000
0x00007fff5df83ce8:   00007fcd2b44a910 00007fff5df83e40
0x00007fff5df83cf8:   00007fff8cf8db36 00007fff5df83e40
0x00007fff5df83d08:   00007fff8cf8fe82 402c000000000000
0x00007fff5df83d18:   4030000000000000 401c000000000000
0x00007fff5df83d28:   4086180000000000 402c000000000000
0x00007fff5df83d38:   4030000000000000 0000000000000000
0x00007fff5df83d48:   0000000000000000 4090000000000000
0x00007fff5df83d58:   4086b00000000000 401c000000000000
0x00007fff5df83d68:   4086180000000000 0000000101c94a00
0x00007fff5df83d78:   00007fcd2dc06760 00000000000000b0
0x00007fff5df83d88:   0000000000000000 0000000000000066
0x00007fff5df83d98:   0000000101c91000 00007fff5df83e40
0x00007fff5df83da8:   00007fff8ddebe7f 0000000000000066
0x00007fff5df83db8:   0000000101c91000 00007fff5df83e60
0x00007fff5df83dc8:   0000000000000067 00007fff5df83ecf
0x00007fff5df83dd8:   0000000000400000 00007fcd2dcfc080
0x00007fff5df83de8:   00007fcd2dc06670 0000000000000028 

Instructions: (pc=0x00007fff93afb0dd)
0x00007fff93afb0bd:   00 00 00 48 85 ff 2e 74 7a 40 f6 c7 01 2e 75 7e
0x00007fff93afb0cd:   49 bb f8 ff ff ff ff 7f 00 00 4c 23 1f 49 89 f2
0x00007fff93afb0dd:   45 23 53 18 49 c1 e2 04 4d 03 53 10 49 3b 32 75
0x00007fff93afb0ed:   04 41 ff 62 08 49 83 3a 00 74 6a 4d 3b 53 10 74 

Register to memory mapping:

RAX=0x0000000000000000 is an unknown value
RBX=0x00007fcd2b461b20 is an unknown value
RCX=0x0000000000000000 is an unknown value
RDX=0x00007fcd2b461b20 is an unknown value
RSP=0x00007fff5df83bf8 is pointing into the stack for thread: 0x00007fcd2b845800
RBP=0x00007fff5df83c20 is pointing into the stack for thread: 0x00007fcd2b845800
RSI=0x00007fff8d8a837c: -[NSTitlebarContainerView transparent]+0x5e270 in /System/Library/Frameworks/AppKit.framework/Versions/C/AppKit at 0x00007fff8cea7000
RDI=0x00007fcd2b748880 is an unknown value
R8 =0x0000000000000001 is an unknown value
R9 =0x0000000000000001 is an unknown value
R10=0x00007fff8d8a837c: -[NSTitlebarContainerView transparent]+0x5e270 in /System/Library/Frameworks/AppKit.framework/Versions/C/AppKit at 0x00007fff8cea7000
R11=0x0000000000000000 is an unknown value
R12=0x0000000000000094 is an unknown value
R13=0x00007fcd2b760b30 is an unknown value
R14=0x00007fcd2b748880 is an unknown value
R15=0x00007fff5df84110 is pointing into the stack for thread: 0x00007fcd2b845800


Stack: [0x00007fff5d789000,0x00007fff5df89000],  sp=0x00007fff5df83bf8,  free space=8170k
Native frames: (J=compiled Java code, j=interpreted, Vv=VM code, C=native code)
C  [libobjc.A.dylib+0x10dd]  objc_msgSend+0x1d
C  [AppKit+0xe1f45]  -[NSView _recursiveDisplayRectIfNeededIgnoringOpacity:isVisibleRect:rectIsVisibleRectForView:topView:]+0x740
C  [AppKit+0xe2fa0]  -[NSView _recursiveDisplayRectIfNeededIgnoringOpacity:isVisibleRect:rectIsVisibleRectForView:topView:]+0x179b
C  [AppKit+0xe12f3]  -[NSThemeFrame _recursiveDisplayRectIfNeededIgnoringOpacity:isVisibleRect:rectIsVisibleRectForView:topView:]+0x14d
C  [AppKit+0xdd68b]  -[NSView _displayRectIgnoringOpacity:isVisibleRect:rectIsVisibleRectForView:]+0xac9
C  [AppKit+0x951ae]  -[NSView displayIfNeeded]+0x754
C  [AppKit+0x94a09]  -[NSWindow displayIfNeeded]+0xec
C  [AppKit+0x94672]  _handleWindowNeedsDisplayOrLayoutOrUpdateConstraints+0x3a8
C  [AppKit+0x7ca171]  __83-[NSWindow _postWindowNeedsDisplayOrLayoutOrUpdateConstraintsUnlessPostingDisabled]_block_invoke1540+0x2e
C  [CoreFoundation+0x80127]  __CFRUNLOOP_IS_CALLING_OUT_TO_AN_OBSERVER_CALLBACK_FUNCTION__+0x17
C  [CoreFoundation+0x80080]  __CFRunLoopDoObservers+0x170
C  [CoreFoundation+0x72188]  __CFRunLoopRun+0x368
C  [CoreFoundation+0x71bd8]  CFRunLoopRunSpecific+0x128
C  [HIToolbox+0x3256f]  RunCurrentEventLoopInMode+0xeb
C  [HIToolbox+0x321ee]  ReceiveNextEventCommon+0xb3
C  [HIToolbox+0x3212b]  _BlockUntilNextEventMatchingListInModeWithFilter+0x47
C  [AppKit+0x918ab]  _DPSNextEvent+0x3d2
C  [AppKit+0x90e58]  -[NSApplication nextEventMatchingMask:untilDate:inMode:dequeue:]+0x15a
C  [libosxapp.dylib+0x242a]  -[NSApplicationAWT nextEventMatchingMask:untilDate:inMode:dequeue:]+0x7c
C  [AppKit+0x86af3]  -[NSApplication run]+0x252
C  [libosxapp.dylib+0x223e]  +[NSApplicationAWT runAWTLoopWithApp:]+0x9c
C  [libawt_lwawt.dylib+0x439bb]  -[AWTStarter starter:]+0x389
C  [Foundation+0x92dd0]  __NSThreadPerformPerform+0x125
C  [CoreFoundation+0x80a01]  __CFRUNLOOP_IS_CALLING_OUT_TO_A_SOURCE0_PERFORM_FUNCTION__+0x11
C  [CoreFoundation+0x72b8d]  __CFRunLoopDoSources0+0x10d
C  [CoreFoundation+0x721bf]  __CFRunLoopRun+0x39f
C  [CoreFoundation+0x71bd8]  CFRunLoopRunSpecific+0x128
C  [java+0x56cb]  CreateExecutionEnvironment+0x367
C  [java+0x166c]  JLI_Launch+0x7a0
C  [java+0x7689]  main+0x65
C  [java+0xec4]  start+0x34


---------------  P R O C E S S  ---------------

Java Threads: ( => current thread )
  0x00007fcd2cae2000 JavaThread "AWT-Shutdown" [_thread_blocked, id=28187, stack(0x000000011cf13000,0x000000011d013000)]
  0x00007fcd2d1b6000 JavaThread "Java2D Queue Flusher" daemon [_thread_blocked, id=56583, stack(0x0000000121045000,0x0000000121145000)]
  0x00007fcd2c1bc800 JavaThread "Java2D Disposer" daemon [_thread_blocked, id=55375, stack(0x0000000120f15000,0x0000000121015000)]
=>0x00007fcd2b845800 JavaThread "AppKit Thread" daemon [_thread_in_native, id=1811, stack(0x00007fff5d789000,0x00007fff5df89000)]
  0x00007fcd2c000800 JavaThread "Service Thread" daemon [_thread_blocked, id=18179, stack(0x000000011b352000,0x000000011b452000)]
  0x00007fcd2b83f800 JavaThread "C1 CompilerThread2" daemon [_thread_blocked, id=17667, stack(0x000000011b24f000,0x000000011b34f000)]
  0x00007fcd2b830800 JavaThread "C2 CompilerThread1" daemon [_thread_blocked, id=17155, stack(0x000000011b14c000,0x000000011b24c000)]
  0x00007fcd2c82f000 JavaThread "C2 CompilerThread0" daemon [_thread_blocked, id=16643, stack(0x000000011b049000,0x000000011b149000)]
  0x00007fcd2b82a000 JavaThread "Signal Dispatcher" daemon [_thread_blocked, id=13835, stack(0x000000011af46000,0x000000011b046000)]
  0x00007fcd2d020800 JavaThread "Finalizer" daemon [_thread_blocked, id=11011, stack(0x0000000119522000,0x0000000119622000)]
  0x00007fcd2c004000 JavaThread "Reference Handler" daemon [_thread_blocked, id=10499, stack(0x000000011941f000,0x000000011951f000)]
  0x00007fcd2d000000 JavaThread "main" [_thread_in_native, id=3331, stack(0x0000000102c37000,0x0000000102d37000)]

Other Threads:
  0x00007fcd2c827000 VMThread [stack: 0x000000011931c000,0x000000011941c000] [id=9987]
  0x00007fcd2b80c000 WatcherThread [stack: 0x000000011b455000,0x000000011b555000] [id=18691]

VM state:not at safepoint (normal execution)

VM Mutex/Monitor currently owned by a thread: None

Heap:
 PSYoungGen      total 13824K, used 3075K [0x0000000795580000, 0x0000000796c00000, 0x00000007c0000000)
  eden space 11776K, 11% used [0x0000000795580000,0x00000007956d9ee0,0x0000000796100000)
  from space 2048K, 82% used [0x0000000796100000,0x00000007962a6fb0,0x0000000796300000)
  to   space 2048K, 0% used [0x0000000796a00000,0x0000000796a00000,0x0000000796c00000)
 ParOldGen       total 129536K, used 46202K [0x0000000740000000, 0x0000000747e80000, 0x0000000795580000)
  object space 129536K, 35% used [0x0000000740000000,0x0000000742d1e8e0,0x0000000747e80000)
 Metaspace       used 10592K, capacity 10693K, committed 11008K, reserved 1058816K
  class space    used 1137K, capacity 1175K, committed 1280K, reserved 1048576K

Card table byte_map: [0x00000001129c0000,0x0000000112dc1000] byte_map_base: 0x000000010efc0000

Marking Bits: (ParMarkBitMap*) 0x00000001025dc0a0
 Begin Bits: [0x0000000113478000, 0x0000000115478000)
 End Bits:   [0x0000000115478000, 0x0000000117478000)

Polling page: 0x0000000102d7b000

CodeCache: size=245760Kb used=3667Kb max_used=3667Kb free=242092Kb
 bounds [0x0000000103600000, 0x00000001039a0000, 0x0000000112600000]
 total_blobs=1481 nmethods=963 adapters=434
 compilation: enabled

Compilation events (10 events):
Event: 7.425 Thread 0x00007fcd2b83f800  958       3       org.newdawn.slick.Color::<init> (49 bytes)
Event: 7.425 Thread 0x00007fcd2b83f800 nmethod 958 0x0000000103995410 code [0x0000000103995580, 0x00000001039957f0]
Event: 7.508 Thread 0x00007fcd2b83f800  959       3       org.lwjgl.opengl.MacOSXDisplay::isVisible (2 bytes)
Event: 7.508 Thread 0x00007fcd2b83f800 nmethod 959 0x0000000103995910 code [0x0000000103995a60, 0x0000000103995bb0]
Event: 7.508 Thread 0x00007fcd2b83f800  960       3       org.newdawn.slick.opengl.renderer.ImmediateModeOGLRenderer::glLineWidth (5 bytes)
Event: 7.509 Thread 0x00007fcd2b83f800 nmethod 960 0x0000000103995c50 code [0x0000000103995e40, 0x0000000103996518]
Event: 7.509 Thread 0x00007fcd2b83f800  961       3       org.lwjgl.opengl.GL11::glLineWidth (19 bytes)
Event: 7.511 Thread 0x00007fcd2b83f800 nmethod 961 0x0000000103996950 code [0x0000000103996b20, 0x0000000103997178]
Event: 7.811 Thread 0x00007fcd2b83f800  963       3       org.lwjgl.BufferChecks::checkBufferSize (20 bytes)
Event: 7.812 Thread 0x00007fcd2b83f800 nmethod 963 0x0000000103997850 code [0x00000001039979c0, 0x0000000103997c48]

GC Heap History (10 events):
Event: 1.765 GC heap before
{Heap before GC invocations=7 (full 0):
 PSYoungGen      total 5632K, used 5283K [0x0000000795580000, 0x0000000795c80000, 0x00000007c0000000)
  eden space 4096K, 99% used [0x0000000795580000,0x000000079597fc38,0x0000000795980000)
  from space 1536K, 77% used [0x0000000795b00000,0x0000000795c292e8,0x0000000795c80000)
  to   space 1536K, 0% used [0x0000000795980000,0x0000000795980000,0x0000000795b00000)
 ParOldGen       total 129536K, used 1042K [0x0000000740000000, 0x0000000747e80000, 0x0000000795580000)
  object space 129536K, 0% used [0x0000000740000000,0x0000000740104870,0x0000000747e80000)
 Metaspace       used 7763K, capacity 7899K, committed 8064K, reserved 1056768K
  class space    used 830K, capacity 884K, committed 896K, reserved 1048576K
Event: 1.776 GC heap after
Heap after GC invocations=7 (full 0):
 PSYoungGen      total 5632K, used 1291K [0x0000000795580000, 0x0000000796080000, 0x00000007c0000000)
  eden space 4096K, 0% used [0x0000000795580000,0x0000000795580000,0x0000000795980000)
  from space 1536K, 84% used [0x0000000795980000,0x0000000795ac2e20,0x0000000795b00000)
  to   space 1536K, 0% used [0x0000000795f00000,0x0000000795f00000,0x0000000796080000)
 ParOldGen       total 129536K, used 8130K [0x0000000740000000, 0x0000000747e80000, 0x0000000795580000)
  object space 129536K, 6% used [0x0000000740000000,0x00000007407f08c0,0x0000000747e80000)
 Metaspace       used 7763K, capacity 7899K, committed 8064K, reserved 1056768K
  class space    used 830K, capacity 884K, committed 896K, reserved 1048576K
}
Event: 2.025 GC heap before
{Heap before GC invocations=8 (full 0):
 PSYoungGen      total 5632K, used 5387K [0x0000000795580000, 0x0000000796080000, 0x00000007c0000000)
  eden space 4096K, 100% used [0x0000000795580000,0x0000000795980000,0x0000000795980000)
  from space 1536K, 84% used [0x0000000795980000,0x0000000795ac2e20,0x0000000795b00000)
  to   space 1536K, 0% used [0x0000000795f00000,0x0000000795f00000,0x0000000796080000)
 ParOldGen       total 129536K, used 17346K [0x0000000740000000, 0x0000000747e80000, 0x0000000795580000)
  object space 129536K, 13% used [0x0000000740000000,0x00000007410f08f0,0x0000000747e80000)
 Metaspace       used 8834K, capacity 8997K, committed 9216K, reserved 1056768K
  class space    used 962K, capacity 1015K, committed 1024K, reserved 1048576K
Event: 2.028 GC heap after
Heap after GC invocations=8 (full 0):
 PSYoungGen      total 9216K, used 1205K [0x0000000795580000, 0x0000000796180000, 0x00000007c0000000)
  eden space 7680K, 0% used [0x0000000795580000,0x0000000795580000,0x0000000795d00000)
  from space 1536K, 78% used [0x0000000795f00000,0x000000079602d5c8,0x0000000796080000)
  to   space 2048K, 0% used [0x0000000795d00000,0x0000000795d00000,0x0000000795f00000)
 ParOldGen       total 129536K, used 17486K [0x0000000740000000, 0x0000000747e80000, 0x0000000795580000)
  object space 129536K, 13% used [0x0000000740000000,0x0000000741113910,0x0000000747e80000)
 Metaspace       used 8834K, capacity 8997K, committed 9216K, reserved 1056768K
  class space    used 962K, capacity 1015K, committed 1024K, reserved 1048576K
}
Event: 2.062 GC heap before
{Heap before GC invocations=9 (full 0):
 PSYoungGen      total 9216K, used 8885K [0x0000000795580000, 0x0000000796180000, 0x00000007c0000000)
  eden space 7680K, 100% used [0x0000000795580000,0x0000000795d00000,0x0000000795d00000)
  from space 1536K, 78% used [0x0000000795f00000,0x000000079602d5c8,0x0000000796080000)
  to   space 2048K, 0% used [0x0000000795d00000,0x0000000795d00000,0x0000000795f00000)
 ParOldGen       total 129536K, used 17486K [0x0000000740000000, 0x0000000747e80000, 0x0000000795580000)
  object space 129536K, 13% used [0x0000000740000000,0x0000000741113910,0x0000000747e80000)
 Metaspace       used 8837K, capacity 8997K, committed 9216K, reserved 1056768K
  class space    used 962K, capacity 1015K, committed 1024K, reserved 1048576K
Event: 2.064 GC heap after
Heap after GC invocations=9 (full 0):
 PSYoungGen      total 9728K, used 757K [0x0000000795580000, 0x0000000796480000, 0x00000007c0000000)
  eden space 7680K, 0% used [0x0000000795580000,0x0000000795580000,0x0000000795d00000)
  from space 2048K, 36% used [0x0000000795d00000,0x0000000795dbd5c8,0x0000000795f00000)
  to   space 1536K, 0% used [0x0000000796300000,0x0000000796300000,0x0000000796480000)
 ParOldGen       total 129536K, used 17895K [0x0000000740000000, 0x0000000747e80000, 0x0000000795580000)
  object space 129536K, 13% used [0x0000000740000000,0x0000000741179e38,0x0000000747e80000)
 Metaspace       used 8837K, capacity 8997K, committed 9216K, reserved 1056768K
  class space    used 962K, capacity 1015K, committed 1024K, reserved 1048576K
}
Event: 2.083 GC heap before
{Heap before GC invocations=10 (full 0):
 PSYoungGen      total 9728K, used 8437K [0x0000000795580000, 0x0000000796480000, 0x00000007c0000000)
  eden space 7680K, 100% used [0x0000000795580000,0x0000000795d00000,0x0000000795d00000)
  from space 2048K, 36% used [0x0000000795d00000,0x0000000795dbd5c8,0x0000000795f00000)
  to   space 1536K, 0% used [0x0000000796300000,0x0000000796300000,0x0000000796480000)
 ParOldGen       total 129536K, used 17895K [0x0000000740000000, 0x0000000747e80000, 0x0000000795580000)
  object space 129536K, 13% used [0x0000000740000000,0x0000000741179e38,0x0000000747e80000)
 Metaspace       used 8837K, capacity 8997K, committed 9216K, reserved 1056768K
  class space    used 962K, capacity 1015K, committed 1024K, reserved 1048576K
Event: 2.085 GC heap after
Heap after GC invocations=10 (full 0):
 PSYoungGen      total 13312K, used 0K [0x0000000795580000, 0x0000000796580000, 0x00000007c0000000)
  eden space 11776K, 0% used [0x0000000795580000,0x0000000795580000,0x0000000796100000)
  from space 1536K, 0% used [0x0000000796300000,0x0000000796300000,0x0000000796480000)
  to   space 2048K, 0% used [0x0000000796100000,0x0000000796100000,0x0000000796300000)
 ParOldGen       total 129536K, used 18613K [0x0000000740000000, 0x0000000747e80000, 0x0000000795580000)
  object space 129536K, 14% used [0x0000000740000000,0x000000074122d430,0x0000000747e80000)
 Metaspace       used 8837K, capacity 8997K, committed 9216K, reserved 1056768K
  class space    used 962K, capacity 1015K, committed 1024K, reserved 1048576K
}
Event: 2.917 GC heap before
{Heap before GC invocations=11 (full 0):
 PSYoungGen      total 13312K, used 11776K [0x0000000795580000, 0x0000000796580000, 0x00000007c0000000)
  eden space 11776K, 100% used [0x0000000795580000,0x0000000796100000,0x0000000796100000)
  from space 1536K, 0% used [0x0000000796300000,0x0000000796300000,0x0000000796480000)
  to   space 2048K, 0% used [0x0000000796100000,0x0000000796100000,0x0000000796300000)
 ParOldGen       total 129536K, used 46130K [0x0000000740000000, 0x0000000747e80000, 0x0000000795580000)
  object space 129536K, 35% used [0x0000000740000000,0x0000000742d0c8d0,0x0000000747e80000)
 Metaspace       used 10480K, capacity 10629K, committed 10752K, reserved 1058816K
  class space    used 1130K, capacity 1175K, committed 1280K, reserved 1048576K
Event: 2.920 GC heap after
Heap after GC invocations=11 (full 0):
 PSYoungGen      total 13824K, used 1691K [0x0000000795580000, 0x0000000796c00000, 0x00000007c0000000)
  eden space 11776K, 0% used [0x0000000795580000,0x0000000795580000,0x0000000796100000)
  from space 2048K, 82% used [0x0000000796100000,0x00000007962a6fb0,0x0000000796300000)
  to   space 2048K, 0% used [0x0000000796a00000,0x0000000796a00000,0x0000000796c00000)
 ParOldGen       total 129536K, used 46202K [0x0000000740000000, 0x0000000747e80000, 0x0000000795580000)
  object space 129536K, 35% used [0x0000000740000000,0x0000000742d1e8e0,0x0000000747e80000)
 Metaspace       used 10480K, capacity 10629K, committed 10752K, reserved 1058816K
  class space    used 1130K, capacity 1175K, committed 1280K, reserved 1048576K
}

Deoptimization events (2 events):
Event: 2.104 Thread 0x00007fcd2d000000 Uncommon trap: reason=unreached action=reinterpret pc=0x0000000103843048 method=sun.awt.image.ByteInterleavedRaster.getDataElements(IILjava/lang/Object;)Ljava/lang/Object; @ 43
Event: 4.419 Thread 0x00007fcd2d000000 Uncommon trap: reason=range_check action=make_not_entrant pc=0x000000010389538c method=java.util.ArrayList.elementData(I)Ljava/lang/Object; @ 5

Internal exceptions (10 events):
Event: 2.661 Thread 0x00007fcd2d000000 Exception <a 'java/security/PrivilegedActionException'> (0x0000000795f8bf18) thrown at [/HUDSON3/workspace/8-2-build-macosx-x86_64/jdk8u11/648/hotspot/src/share/vm/prims/jvm.cpp, line 1248]
Event: 2.874 Thread 0x00007fcd2d000000 Exception <a 'java/security/PrivilegedActionException'> (0x0000000795fccbf0) thrown at [/HUDSON3/workspace/8-2-build-macosx-x86_64/jdk8u11/648/hotspot/src/share/vm/prims/jvm.cpp, line 1248]
Event: 2.963 Thread 0x00007fcd2d000000 Exception <a 'java/security/PrivilegedActionException'> (0x0000000795617710) thrown at [/HUDSON3/workspace/8-2-build-macosx-x86_64/jdk8u11/648/hotspot/src/share/vm/prims/jvm.cpp, line 1248]
Event: 2.965 Thread 0x00007fcd2d000000 Exception <a 'java/security/PrivilegedActionException'> (0x000000079561b508) thrown at [/HUDSON3/workspace/8-2-build-macosx-x86_64/jdk8u11/648/hotspot/src/share/vm/prims/jvm.cpp, line 1248]
Event: 2.966 Thread 0x00007fcd2d000000 Exception <a 'java/security/PrivilegedActionException'> (0x000000079561f590) thrown at [/HUDSON3/workspace/8-2-build-macosx-x86_64/jdk8u11/648/hotspot/src/share/vm/prims/jvm.cpp, line 1248]
Event: 3.619 Thread 0x00007fcd2d000000 Exception <a 'java/security/PrivilegedActionException'> (0x0000000795624f68) thrown at [/HUDSON3/workspace/8-2-build-macosx-x86_64/jdk8u11/648/hotspot/src/share/vm/prims/jvm.cpp, line 1248]
Event: 3.619 Thread 0x00007fcd2d000000 Exception <a 'java/security/PrivilegedActionException'> (0x0000000795629d18) thrown at [/HUDSON3/workspace/8-2-build-macosx-x86_64/jdk8u11/648/hotspot/src/share/vm/prims/jvm.cpp, line 1248]
Event: 4.143 Thread 0x00007fcd2d000000 Exception <a 'java/security/PrivilegedActionException'> (0x00000007956306c0) thrown at [/HUDSON3/workspace/8-2-build-macosx-x86_64/jdk8u11/648/hotspot/src/share/vm/prims/jvm.cpp, line 1248]
Event: 4.419 Thread 0x00007fcd2d000000 Exception <a 'java/lang/ArrayIndexOutOfBoundsException': -1> (0x0000000795633768) thrown at [/HUDSON3/workspace/8-2-build-macosx-x86_64/jdk8u11/648/hotspot/src/share/vm/interpreter/interpreterRuntime.cpp, line 337]
Event: 7.999 Thread 0x00007fcd2d000000 Exception <a 'java/security/PrivilegedActionException'> (0x00000007956a6cd0) thrown at [/HUDSON3/workspace/8-2-build-macosx-x86_64/jdk8u11/648/hotspot/src/share/vm/prims/jvm.cpp, line 1248]

Events (10 events):
Event: 4.186 Thread 0x00007fcd2d000000 DEOPT UNPACKING pc=0x000000010364701a sp=0x0000000102d361b0 mode 0
Event: 4.186 Thread 0x00007fcd2d000000 DEOPT PACKING pc=0x0000000103935171 sp=0x0000000102d36380
Event: 4.186 Thread 0x00007fcd2d000000 DEOPT UNPACKING pc=0x000000010364701a sp=0x0000000102d361b0 mode 0
Event: 4.187 Thread 0x00007fcd2d000000 DEOPT PACKING pc=0x0000000103935171 sp=0x0000000102d36380
Event: 4.187 Thread 0x00007fcd2d000000 DEOPT UNPACKING pc=0x000000010364701a sp=0x0000000102d361b0 mode 0
Event: 4.419 Thread 0x00007fcd2d000000 Uncommon trap: trap_request=0xffffffe4 fr.pc=0x000000010389538c
Event: 4.419 Thread 0x00007fcd2d000000 DEOPT PACKING pc=0x000000010389538c sp=0x0000000102d36650
Event: 4.419 Thread 0x00007fcd2d000000 DEOPT UNPACKING pc=0x0000000103647250 sp=0x0000000102d365b0 mode 2
Event: 7.998 loading class org/lwjgl/opengl/CallbackUtil
Event: 7.998 loading class org/lwjgl/opengl/CallbackUtil done


Dynamic libraries:
0x000000000bd73000 	/System/Library/Frameworks/Cocoa.framework/Versions/A/Cocoa
0x000000000bd73000 	/System/Library/Frameworks/Security.framework/Versions/A/Security
0x000000000bd73000 	/System/Library/Frameworks/ApplicationServices.framework/Versions/A/ApplicationServices
0x000000000bd73000 	/usr/lib/libz.1.dylib
0x000000000bd73000 	/usr/lib/libSystem.B.dylib
0x000000000bd73000 	/usr/lib/libobjc.A.dylib
0x000000000bd73000 	/System/Library/Frameworks/CoreFoundation.framework/Versions/A/CoreFoundation
0x000000000bd73000 	/System/Library/Frameworks/Foundation.framework/Versions/C/Foundation
0x000000000bd73000 	/System/Library/Frameworks/AppKit.framework/Versions/C/AppKit
0x000000000bd73000 	/System/Library/Frameworks/CoreData.framework/Versions/A/CoreData
0x000000000bd73000 	/System/Library/PrivateFrameworks/RemoteViewServices.framework/Versions/A/RemoteViewServices
0x000000000bd73000 	/System/Library/PrivateFrameworks/UIFoundation.framework/Versions/A/UIFoundation
0x000000000bd73000 	/System/Library/Frameworks/IOSurface.framework/Versions/A/IOSurface
0x000000000bd73000 	/System/Library/Frameworks/AudioToolbox.framework/Versions/A/AudioToolbox
0x000000000bd73000 	/System/Library/Frameworks/AudioUnit.framework/Versions/A/AudioUnit
0x000000000bd73000 	/System/Library/PrivateFrameworks/DataDetectorsCore.framework/Versions/A/DataDetectorsCore
0x000000000bd73000 	/System/Library/PrivateFrameworks/DesktopServicesPriv.framework/Versions/A/DesktopServicesPriv
0x000000000bd73000 	/System/Library/Frameworks/Carbon.framework/Versions/A/Frameworks/HIToolbox.framework/Versions/A/HIToolbox
0x000000000bd73000 	/System/Library/Frameworks/QuartzCore.framework/Versions/A/QuartzCore
0x000000000bd73000 	/System/Library/Frameworks/Carbon.framework/Versions/A/Frameworks/SpeechRecognition.framework/Versions/A/SpeechRecognition
0x000000000bd73000 	/usr/lib/libauto.dylib
0x000000000bd73000 	/usr/lib/libicucore.A.dylib
0x000000000bd73000 	/usr/lib/libxml2.2.dylib
0x000000000bd73000 	/System/Library/PrivateFrameworks/CoreUI.framework/Versions/A/CoreUI
0x000000000bd73000 	/System/Library/Frameworks/CoreAudio.framework/Versions/A/CoreAudio
0x000000000bd73000 	/System/Library/Frameworks/DiskArbitration.framework/Versions/A/DiskArbitration
0x000000000bd73000 	/usr/lib/liblangid.dylib
0x000000000bd73000 	/System/Library/PrivateFrameworks/MultitouchSupport.framework/Versions/A/MultitouchSupport
0x000000000bd73000 	/System/Library/Frameworks/IOKit.framework/Versions/A/IOKit
0x000000000bd73000 	/usr/lib/libDiagnosticMessagesClient.dylib
0x000000000bd73000 	/System/Library/Frameworks/CoreServices.framework/Versions/A/CoreServices
0x000000000bd73000 	/System/Library/PrivateFrameworks/PerformanceAnalysis.framework/Versions/A/PerformanceAnalysis
0x000000000bd73000 	/System/Library/PrivateFrameworks/GenerationalStorage.framework/Versions/A/GenerationalStorage
0x000000000bd73000 	/System/Library/Frameworks/OpenGL.framework/Versions/A/OpenGL
0x000000000bd73000 	/System/Library/PrivateFrameworks/Sharing.framework/Versions/A/Sharing
0x000000000bd73000 	/System/Library/Frameworks/CoreGraphics.framework/Versions/A/CoreGraphics
0x000000000bd73000 	/System/Library/Frameworks/CoreText.framework/Versions/A/CoreText
0x000000000bd73000 	/System/Library/Frameworks/ImageIO.framework/Versions/A/ImageIO
0x000000000bd73000 	/usr/lib/libextension.dylib
0x000000000bd73000 	/System/Library/PrivateFrameworks/Backup.framework/Versions/A/Backup
0x000000000bd73000 	/usr/lib/libarchive.2.dylib
0x000000000bd73000 	/System/Library/Frameworks/CFNetwork.framework/Versions/A/CFNetwork
0x000000000bd73000 	/System/Library/Frameworks/SystemConfiguration.framework/Versions/A/SystemConfiguration
0x000000000bd73000 	/usr/lib/libCRFSuite.dylib
0x000000000bd73000 	/usr/lib/libc++.1.dylib
0x000000000bd73000 	/usr/lib/libc++abi.dylib
0x000000000bd73000 	/usr/lib/system/libcache.dylib
0x000000000bd73000 	/usr/lib/system/libcommonCrypto.dylib
0x000000000bd73000 	/usr/lib/system/libcompiler_rt.dylib
0x000000000bd73000 	/usr/lib/system/libcopyfile.dylib
0x000000000bd73000 	/usr/lib/system/libcorecrypto.dylib
0x000000000bd73000 	/usr/lib/system/libdispatch.dylib
0x000000000bd73000 	/usr/lib/system/libdyld.dylib
0x000000000bd73000 	/usr/lib/system/libkeymgr.dylib
0x000000000bd73000 	/usr/lib/system/liblaunch.dylib
0x000000000bd73000 	/usr/lib/system/libmacho.dylib
0x000000000bd73000 	/usr/lib/system/libquarantine.dylib
0x000000000bd73000 	/usr/lib/system/libremovefile.dylib
0x000000000bd73000 	/usr/lib/system/libsystem_asl.dylib
0x000000000bd73000 	/usr/lib/system/libsystem_blocks.dylib
0x000000000bd73000 	/usr/lib/system/libsystem_c.dylib
0x000000000bd73000 	/usr/lib/system/libsystem_configuration.dylib
0x000000000bd73000 	/usr/lib/system/libsystem_coreservices.dylib
0x000000000bd73000 	/usr/lib/system/libsystem_coretls.dylib
0x000000000bd73000 	/usr/lib/system/libsystem_dnssd.dylib
0x000000000bd73000 	/usr/lib/system/libsystem_info.dylib
0x000000000bd73000 	/usr/lib/system/libsystem_kernel.dylib
0x000000000bd73000 	/usr/lib/system/libsystem_m.dylib
0x000000000bd73000 	/usr/lib/system/libsystem_malloc.dylib
0x000000000bd73000 	/usr/lib/system/libsystem_network.dylib
0x000000000bd73000 	/usr/lib/system/libsystem_networkextension.dylib
0x000000000bd73000 	/usr/lib/system/libsystem_notify.dylib
0x000000000bd73000 	/usr/lib/system/libsystem_platform.dylib
0x000000000bd73000 	/usr/lib/system/libsystem_pthread.dylib
0x000000000bd73000 	/usr/lib/system/libsystem_sandbox.dylib
0x000000000bd73000 	/usr/lib/system/libsystem_secinit.dylib
0x000000000bd73000 	/usr/lib/system/libsystem_stats.dylib
0x000000000bd73000 	/usr/lib/system/libsystem_trace.dylib
0x000000000bd73000 	/usr/lib/system/libunc.dylib
0x000000000bd73000 	/usr/lib/system/libunwind.dylib
0x000000000bd73000 	/usr/lib/system/libxpc.dylib
0x000000000bd73000 	/usr/lib/libbz2.1.0.dylib
0x000000000bd73000 	/usr/lib/liblzma.5.dylib
0x000000000bd73000 	/usr/lib/libbsm.0.dylib
0x000000000bd73000 	/usr/lib/libsqlite3.dylib
0x000000000bd73000 	/usr/lib/system/libkxld.dylib
0x000000000bd73000 	/usr/lib/libxar.1.dylib
0x000000000bd73000 	/usr/lib/libpam.2.dylib
0x000000000bd73000 	/usr/lib/libOpenScriptingUtil.dylib
0x000000000bd73000 	/System/Library/Frameworks/CoreServices.framework/Versions/A/Frameworks/FSEvents.framework/Versions/A/FSEvents
0x000000000bd73000 	/System/Library/Frameworks/CoreServices.framework/Versions/A/Frameworks/CarbonCore.framework/Versions/A/CarbonCore
0x000000000bd73000 	/System/Library/Frameworks/CoreServices.framework/Versions/A/Frameworks/Metadata.framework/Versions/A/Metadata
0x000000000bd73000 	/System/Library/Frameworks/CoreServices.framework/Versions/A/Frameworks/OSServices.framework/Versions/A/OSServices
0x000000000bd73000 	/System/Library/Frameworks/CoreServices.framework/Versions/A/Frameworks/SearchKit.framework/Versions/A/SearchKit
0x000000000bd73000 	/System/Library/Frameworks/CoreServices.framework/Versions/A/Frameworks/AE.framework/Versions/A/AE
0x000000000bd73000 	/System/Library/Frameworks/CoreServices.framework/Versions/A/Frameworks/LaunchServices.framework/Versions/A/LaunchServices
0x000000000bd73000 	/System/Library/Frameworks/CoreServices.framework/Versions/A/Frameworks/DictionaryServices.framework/Versions/A/DictionaryServices
0x000000000bd73000 	/System/Library/Frameworks/NetFS.framework/Versions/A/NetFS
0x000000000bd73000 	/System/Library/PrivateFrameworks/NetAuth.framework/Versions/A/NetAuth
0x000000000bd73000 	/System/Library/PrivateFrameworks/login.framework/Versions/A/Frameworks/loginsupport.framework/Versions/A/loginsupport
0x000000000bd73000 	/System/Library/PrivateFrameworks/TCC.framework/Versions/A/TCC
0x000000000bd73000 	/usr/lib/libmecabra.dylib
0x000000000bd73000 	/System/Library/Frameworks/ApplicationServices.framework/Versions/A/Frameworks/ATS.framework/Versions/A/ATS
0x000000000bd73000 	/System/Library/Frameworks/ApplicationServices.framework/Versions/A/Frameworks/ColorSync.framework/Versions/A/ColorSync
0x000000000bd73000 	/System/Library/Frameworks/ApplicationServices.framework/Versions/A/Frameworks/HIServices.framework/Versions/A/HIServices
0x000000000bd73000 	/System/Library/Frameworks/ApplicationServices.framework/Versions/A/Frameworks/LangAnalysis.framework/Versions/A/LangAnalysis
0x000000000bd73000 	/System/Library/Frameworks/ApplicationServices.framework/Versions/A/Frameworks/PrintCore.framework/Versions/A/PrintCore
0x000000000bd73000 	/System/Library/Frameworks/ApplicationServices.framework/Versions/A/Frameworks/QD.framework/Versions/A/QD
0x000000000bd73000 	/System/Library/Frameworks/ApplicationServices.framework/Versions/A/Frameworks/SpeechSynthesis.framework/Versions/A/SpeechSynthesis
0x000000000bd73000 	/System/Library/Frameworks/Accelerate.framework/Versions/A/Accelerate
0x000000000bd73000 	/System/Library/Frameworks/Accelerate.framework/Versions/A/Frameworks/vImage.framework/Versions/A/vImage
0x000000000bd73000 	/System/Library/Frameworks/Accelerate.framework/Versions/A/Frameworks/vecLib.framework/Versions/A/vecLib
0x000000000bd73000 	/System/Library/Frameworks/Accelerate.framework/Versions/A/Frameworks/vecLib.framework/Versions/A/libvDSP.dylib
0x000000000bd73000 	/System/Library/Frameworks/Accelerate.framework/Versions/A/Frameworks/vecLib.framework/Versions/A/libvMisc.dylib
0x000000000bd73000 	/System/Library/Frameworks/Accelerate.framework/Versions/A/Frameworks/vecLib.framework/Versions/A/libLAPACK.dylib
0x000000000bd73000 	/System/Library/Frameworks/Accelerate.framework/Versions/A/Frameworks/vecLib.framework/Versions/A/libBLAS.dylib
0x000000000bd73000 	/System/Library/Frameworks/Accelerate.framework/Versions/A/Frameworks/vecLib.framework/Versions/A/libLinearAlgebra.dylib
0x000000000bd73000 	/System/Library/Frameworks/ApplicationServices.framework/Versions/A/Frameworks/ATS.framework/Versions/A/Resources/libFontParser.dylib
0x000000000bd73000 	/System/Library/Frameworks/ApplicationServices.framework/Versions/A/Frameworks/ATS.framework/Versions/A/Resources/libFontRegistry.dylib
0x000000000bd73000 	/System/Library/PrivateFrameworks/AppleVPA.framework/Versions/A/AppleVPA
0x000000000bd73000 	/System/Library/PrivateFrameworks/AppleJPEG.framework/Versions/A/AppleJPEG
0x000000000bd73000 	/System/Library/Frameworks/ImageIO.framework/Versions/A/Resources/libJPEG.dylib
0x000000000bd73000 	/System/Library/Frameworks/ImageIO.framework/Versions/A/Resources/libTIFF.dylib
0x000000000bd73000 	/System/Library/Frameworks/ImageIO.framework/Versions/A/Resources/libPng.dylib
0x000000000bd73000 	/System/Library/Frameworks/ImageIO.framework/Versions/A/Resources/libGIF.dylib
0x000000000bd73000 	/System/Library/Frameworks/ImageIO.framework/Versions/A/Resources/libJP2.dylib
0x000000000bd73000 	/System/Library/Frameworks/ImageIO.framework/Versions/A/Resources/libRadiance.dylib
0x000000000bd73000 	/System/Library/Frameworks/CoreVideo.framework/Versions/A/CoreVideo
0x000000000bd73000 	/System/Library/Frameworks/OpenGL.framework/Versions/A/Libraries/libGLU.dylib
0x000000000bd73000 	/System/Library/Frameworks/OpenGL.framework/Versions/A/Libraries/libGFXShared.dylib
0x000000000bd73000 	/System/Library/Frameworks/OpenGL.framework/Versions/A/Libraries/libGL.dylib
0x000000000bd73000 	/System/Library/Frameworks/OpenGL.framework/Versions/A/Libraries/libGLImage.dylib
0x000000000bd73000 	/System/Library/Frameworks/OpenGL.framework/Versions/A/Libraries/libCVMSPluginSupport.dylib
0x000000000bd73000 	/System/Library/Frameworks/OpenGL.framework/Versions/A/Libraries/libCoreVMClient.dylib
0x000000000bd73000 	/usr/lib/libcups.2.dylib
0x000000000bd73000 	/System/Library/Frameworks/Kerberos.framework/Versions/A/Kerberos
0x000000000bd73000 	/System/Library/Frameworks/GSS.framework/Versions/A/GSS
0x000000000bd73000 	/usr/lib/libresolv.9.dylib
0x000000000bd73000 	/usr/lib/libiconv.2.dylib
0x000000000bd73000 	/System/Library/PrivateFrameworks/Heimdal.framework/Versions/A/Heimdal
0x000000000bd73000 	/usr/lib/libheimdal-asn1.dylib
0x000000000bd73000 	/System/Library/Frameworks/OpenDirectory.framework/Versions/A/OpenDirectory
0x000000000bd73000 	/System/Library/PrivateFrameworks/CommonAuth.framework/Versions/A/CommonAuth
0x000000000bd73000 	/System/Library/Frameworks/OpenDirectory.framework/Versions/A/Frameworks/CFOpenDirectory.framework/Versions/A/CFOpenDirectory
0x000000000bd73000 	/System/Library/Frameworks/SecurityFoundation.framework/Versions/A/SecurityFoundation
0x000000000bd73000 	/System/Library/PrivateFrameworks/LanguageModeling.framework/Versions/A/LanguageModeling
0x000000000bd73000 	/usr/lib/libcmph.dylib
0x000000000bd73000 	/System/Library/Frameworks/ServiceManagement.framework/Versions/A/ServiceManagement
0x000000000bd73000 	/usr/lib/libxslt.1.dylib
0x000000000bd73000 	/System/Library/Frameworks/Carbon.framework/Versions/A/Frameworks/Ink.framework/Versions/A/Ink
0x000000000bd73000 	/System/Library/Frameworks/QuartzCore.framework/Versions/A/Frameworks/CoreImage.framework/Versions/A/CoreImage
0x000000000bd73000 	/System/Library/PrivateFrameworks/CrashReporterSupport.framework/Versions/A/CrashReporterSupport
0x000000000bd73000 	/System/Library/Frameworks/OpenCL.framework/Versions/A/OpenCL
0x000000000bd73000 	/System/Library/PrivateFrameworks/FaceCore.framework/Versions/A/FaceCore
0x000000000bd73000 	/System/Library/PrivateFrameworks/Ubiquity.framework/Versions/A/Ubiquity
0x000000000bd73000 	/System/Library/PrivateFrameworks/IconServices.framework/Versions/A/IconServices
0x000000000bd73000 	/System/Library/PrivateFrameworks/ChunkingLibrary.framework/Versions/A/ChunkingLibrary
0x000000000bd73000 	/System/Library/PrivateFrameworks/Apple80211.framework/Versions/A/Apple80211
0x000000000bd73000 	/System/Library/Frameworks/CoreWLAN.framework/Versions/A/CoreWLAN
0x000000000bd73000 	/System/Library/Frameworks/IOBluetooth.framework/Versions/A/IOBluetooth
0x000000000bd73000 	/System/Library/PrivateFrameworks/CoreWiFi.framework/Versions/A/CoreWiFi
0x000000000bd73000 	/System/Library/Frameworks/CoreBluetooth.framework/Versions/A/CoreBluetooth
0x000000000bd73000 	/System/Library/PrivateFrameworks/DebugSymbols.framework/Versions/A/DebugSymbols
0x000000000bd73000 	/System/Library/PrivateFrameworks/CoreSymbolication.framework/Versions/A/CoreSymbolication
0x000000000bd73000 	/System/Library/PrivateFrameworks/Symbolication.framework/Versions/A/Symbolication
0x000000000bd73000 	/System/Library/PrivateFrameworks/SpeechRecognitionCore.framework/Versions/A/SpeechRecognitionCore
0x0000000101d75000 	/Library/Java/JavaVirtualMachines/jdk1.8.0_11.jdk/Contents/Home/jre/lib/server/libjvm.dylib
0x000000000bd73000 	/usr/lib/libstdc++.6.dylib
0x0000000102d39000 	/Library/Java/JavaVirtualMachines/jdk1.8.0_11.jdk/Contents/Home/jre/lib/libverify.dylib
0x0000000102d47000 	/Library/Java/JavaVirtualMachines/jdk1.8.0_11.jdk/Contents/Home/jre/lib/libjava.dylib
0x0000000102d9c000 	/Library/Java/JavaVirtualMachines/jdk1.8.0_11.jdk/Contents/Home/jre/lib/libzip.dylib
0x0000000119624000 	/System/Library/Frameworks/JavaVM.framework/Frameworks/JavaRuntimeSupport.framework/JavaRuntimeSupport
0x000000011963f000 	/System/Library/Frameworks/JavaVM.framework/Versions/A/Frameworks/JavaNativeFoundation.framework/Versions/A/JavaNativeFoundation
0x0000000119654000 	/System/Library/Frameworks/JavaVM.framework/Versions/A/JavaVM
0x000000000bd73000 	/System/Library/Frameworks/Carbon.framework/Versions/A/Carbon
0x0000000119661000 	/System/Library/PrivateFrameworks/JavaLaunching.framework/Versions/A/JavaLaunching
0x000000000bd73000 	/System/Library/Frameworks/Carbon.framework/Versions/A/Frameworks/CommonPanels.framework/Versions/A/CommonPanels
0x000000000bd73000 	/System/Library/Frameworks/Carbon.framework/Versions/A/Frameworks/Help.framework/Versions/A/Help
0x000000000bd73000 	/System/Library/Frameworks/Carbon.framework/Versions/A/Frameworks/ImageCapture.framework/Versions/A/ImageCapture
0x000000000bd73000 	/System/Library/Frameworks/Carbon.framework/Versions/A/Frameworks/OpenScripting.framework/Versions/A/OpenScripting
0x000000000bd73000 	/System/Library/Frameworks/Carbon.framework/Versions/A/Frameworks/Print.framework/Versions/A/Print
0x000000000bd73000 	/System/Library/Frameworks/Carbon.framework/Versions/A/Frameworks/SecurityHI.framework/Versions/A/SecurityHI
0x000000011b5b0000 	/Library/Java/JavaVirtualMachines/jdk1.8.0_11.jdk/Contents/Home/jre/lib/libawt.dylib
0x000000011b65f000 	/Library/Java/JavaVirtualMachines/jdk1.8.0_11.jdk/Contents/Home/jre/lib/./libmlib_image.dylib
0x000000011b72b000 	/Library/Java/JavaVirtualMachines/jdk1.8.0_11.jdk/Contents/Home/jre/lib/libawt_lwawt.dylib
0x000000011b7dd000 	/Library/Java/JavaVirtualMachines/jdk1.8.0_11.jdk/Contents/Home/jre/lib/./libosxapp.dylib
0x000000000bd73000 	/System/Library/Frameworks/ExceptionHandling.framework/Versions/A/ExceptionHandling
0x000000000bd73000 	/System/Library/PrivateFrameworks/CoreServicesInternal.framework/Versions/A/CoreServicesInternal
0x000000000bd73000 	/System/Library/PrivateFrameworks/CloudDocs.framework/Versions/A/CloudDocs
0x000000000bd73000 	/System/Library/PrivateFrameworks/CoreDuet.framework/Versions/A/CoreDuet
0x000000000bd73000 	/System/Library/Frameworks/CloudKit.framework/Versions/A/CloudKit
0x000000000bd73000 	/System/Library/PrivateFrameworks/ProtocolBuffer.framework/Versions/A/ProtocolBuffer
0x000000000bd73000 	/System/Library/PrivateFrameworks/CoreDuetDaemonProtocol.framework/Versions/A/CoreDuetDaemonProtocol
0x000000000bd73000 	/System/Library/PrivateFrameworks/CoreDuetDebugLogging.framework/Versions/A/CoreDuetDebugLogging
0x000000000bd73000 	/System/Library/PrivateFrameworks/MMCS.framework/Versions/A/MMCS
0x000000000bd73000 	/System/Library/Frameworks/CoreLocation.framework/Versions/A/CoreLocation
0x000000000bd73000 	/System/Library/PrivateFrameworks/ProtectedCloudStorage.framework/Versions/A/ProtectedCloudStorage
0x000000000bd73000 	/System/Library/PrivateFrameworks/GeoServices.framework/Versions/A/GeoServices
0x000000000bd73000 	/System/Library/Frameworks/CoreGraphics.framework/Versions/A/Resources/libCGCMS.A.dylib
0x000000000bd73000 	/System/Library/Frameworks/CoreGraphics.framework/Versions/A/Resources/libRIP.A.dylib
0x000000000bd73000 	/System/Library/Frameworks/CoreGraphics.framework/Versions/A/Resources/libCGXType.A.dylib
0x000000000bd73000 	/System/Library/Frameworks/OpenCL.framework/Versions/A/Libraries/libcldcpuengine.dylib
0x000000000bd73000 	/System/Library/PrivateFrameworks/DiskImages.framework/Versions/A/DiskImages
0x000000000bd73000 	/System/Library/Frameworks/DiscRecording.framework/Versions/A/DiscRecording
0x000000000bd73000 	/usr/lib/libcsfde.dylib
0x000000000bd73000 	/usr/lib/libcurl.4.dylib
0x000000000bd73000 	/System/Library/PrivateFrameworks/MediaKit.framework/Versions/A/MediaKit
0x000000000bd73000 	/usr/lib/libCoreStorage.dylib
0x000000000bd73000 	/System/Library/PrivateFrameworks/EFILogin.framework/Versions/A/EFILogin
0x000000000bd73000 	/usr/lib/libutil.dylib
0x000000000bd73000 	/System/Library/PrivateFrameworks/FindMyDevice.framework/Versions/A/FindMyDevice
0x000000000bd73000 	/System/Library/Frameworks/LDAP.framework/Versions/A/LDAP
0x000000000bd73000 	/usr/lib/libsasl2.2.dylib
0x000000000bd73000 	/System/Library/PrivateFrameworks/CoreDaemon.framework/Versions/B/CoreDaemon
0x000000000bd73000 	/usr/lib/libcrypto.0.9.8.dylib
0x000000000bd73000 	/System/Library/PrivateFrameworks/AppleSRP.framework/Versions/A/AppleSRP
0x000000000bd73000 	/System/Library/PrivateFrameworks/TrustEvaluationAgent.framework/Versions/A/TrustEvaluationAgent
0x000000011e68b000 	cl_kernels
0x000000011e68d000 	/System/Library/Frameworks/OpenCL.framework/Versions/A/Libraries/ImageFormats/unorm8_bgra.dylib
0x000000011e67c000 	cl_kernels
0x000000000bd73000 	/System/Library/PrivateFrameworks/FamilyControls.framework/Versions/A/FamilyControls
0x000000000bd73000 	/System/Library/PrivateFrameworks/CommerceKit.framework/Versions/A/Frameworks/CommerceCore.framework/Versions/A/CommerceCore
0x000000000bd73000 	/System/Library/PrivateFrameworks/SystemAdministration.framework/Versions/A/SystemAdministration
0x000000000bd73000 	/System/Library/PrivateFrameworks/AppContainer.framework/Versions/A/AppContainer
0x000000000bd73000 	/System/Library/PrivateFrameworks/SecCodeWrapper.framework/Versions/A/SecCodeWrapper
0x000000000bd73000 	/System/Library/Frameworks/DirectoryService.framework/Versions/A/DirectoryService
0x000000000bd73000 	/System/Library/PrivateFrameworks/LoginUIKit.framework/Versions/A/Frameworks/LoginUICore.framework/Versions/A/LoginUICore
0x000000000bd73000 	/usr/lib/libodfde.dylib
0x000000011f853000 	/Library/Java/JavaVirtualMachines/jdk1.8.0_11.jdk/Contents/Home/jre/lib/libfontmanager.dylib
0x000000011f8b9000 	/Users/Olivier/Dropbox/Projet_Int-grateur_TeamYOCO-master/build/classes/res/native/liblwjgl.dylib
0x000000011dbc4000 	/Library/Java/JavaVirtualMachines/jdk1.8.0_11.jdk/Contents/Home/jre/lib/libjawt.dylib
0x000000000bd73000 	/System/Library/Frameworks/OpenGL.framework/Versions/A/Resources/GLEngine.bundle/GLEngine
0x000000000bd73000 	/System/Library/Frameworks/OpenGL.framework/Versions/A/Libraries/libGLProgrammability.dylib
0x000000011f945000 	/System/Library/Extensions/AppleIntelHDGraphicsGLDriver.bundle/Contents/MacOS/AppleIntelHDGraphicsGLDriver
0x000000011fdcc000 	/System/Library/PrivateFrameworks/GPUSupport.framework/Versions/A/Libraries/libGPUSupport.dylib
0x0000000000000000 	/System/Library/Extensions/GeForceTeslaGLDriver.bundle/Contents/MacOS/GeForceTeslaGLDriver
0x000000011fde0000 	/System/Library/Extensions/GeForceTeslaGLDriver.bundle/Contents/MacOS/libclh.dylib
0x000000000bd73000 	/System/Library/Frameworks/OpenGL.framework/Versions/A/Resources/GLRendererFloat.bundle/GLRendererFloat
0x0000000120955000 	/Library/Java/JavaVirtualMachines/jdk1.8.0_11.jdk/Contents/Home/jre/lib/libnio.dylib
0x0000000120efe000 	/Library/Java/JavaVirtualMachines/jdk1.8.0_11.jdk/Contents/Home/jre/lib/./libnet.dylib
0x0000000121017000 	/Library/Java/JavaVirtualMachines/jdk1.8.0_11.jdk/Contents/Home/jre/lib/libjpeg.dylib
0x0000000120a9a000 	/Users/Olivier/Dropbox/Projet_Int-grateur_TeamYOCO-master/build/classes/res/native/openal.dylib
0x0000000122525000 	/System/Library/Components/CoreAudio.component/Contents/MacOS/CoreAudio
0x000000012063b000 	/System/Library/Extensions/AppleHDA.kext/Contents/PlugIns/AppleHDAHALPlugIn.bundle/Contents/MacOS/AppleHDAHALPlugIn

VM Arguments:
jvm_args: -Dfile.encoding=UTF-8 -Djava.library.path=lib 
java_command: ca.qc.bdeb.info204.Game
java_class_path (initial): /Users/Olivier/Dropbox/Projet_Int-grateur_TeamYOCO-master/lib/jinput.jar:/Users/Olivier/Dropbox/Projet_Int-grateur_TeamYOCO-master/lib/lwjgl.jar:/Users/Olivier/Dropbox/Projet_Int-grateur_TeamYOCO-master/lib/lwjgl_util.jar:/Users/Olivier/Dropbox/Projet_Int-grateur_TeamYOCO-master/lib/slick.jar:/Users/Olivier/Dropbox/Projet_Int-grateur_TeamYOCO-master/lib/SlickUtils-1.3.jar:/Users/Olivier/Dropbox/Projet_Int-grateur_TeamYOCO-master/build/classes
Launcher Type: SUN_STANDARD

Environment Variables:
PATH=/usr/bin:/bin:/usr/sbin:/sbin
LD_LIBRARY_PATH=/Library/Java/JavaVirtualMachines/jdk1.8.0_11.jdk/Contents/Home/jre/lib/amd64:/Library/Java/JavaVirtualMachines/jdk1.8.0_11.jdk/Contents/Home/jre/lib/i386:
SHELL=/bin/bash
DYLD_LIBRARY_PATH=/Applications/NetBeans/NetBeans 8.0.1.app/Contents/Resources/NetBeans/webcommon/bin:

Signal Handlers:
SIGSEGV: [libjvm.dylib+0x56059b], sa_mask[0]=0xfffefeff, sa_flags=0x00000043
SIGBUS: [libjvm.dylib+0x56059b], sa_mask[0]=0xfffefeff, sa_flags=0x00000042
SIGFPE: [libjvm.dylib+0x4438f2], sa_mask[0]=0xfffefeff, sa_flags=0x00000042
SIGPIPE: [libjvm.dylib+0x4438f2], sa_mask[0]=0xfffefeff, sa_flags=0x00000042
SIGXFSZ: [libjvm.dylib+0x4438f2], sa_mask[0]=0xfffefeff, sa_flags=0x00000042
SIGILL: [libjvm.dylib+0x4438f2], sa_mask[0]=0xfffefeff, sa_flags=0x00000042
SIGUSR1: SIG_DFL, sa_mask[0]=0x00000000, sa_flags=0x00000000
SIGUSR2: [libjvm.dylib+0x443410], sa_mask[0]=0x00000004, sa_flags=0x00000042
SIGHUP: [libjvm.dylib+0x44179b], sa_mask[0]=0xfffefeff, sa_flags=0x00000042
SIGINT: SIG_IGN, sa_mask[0]=0x00000000, sa_flags=0x00000000
SIGTERM: [libjvm.dylib+0x44179b], sa_mask[0]=0xfffefeff, sa_flags=0x00000042
SIGQUIT: [libjvm.dylib+0x44179b], sa_mask[0]=0xfffefeff, sa_flags=0x00000042


---------------  S Y S T E M  ---------------

OS:Bsduname:Darwin 14.5.0 Darwin Kernel Version 14.5.0: Wed Jul 29 02:26:53 PDT 2015; root:xnu-2782.40.9~1/RELEASE_X86_64 x86_64
rlimit: STACK 8192k, CORE 0k, NPROC 709, NOFILE 10240, AS infinity
load average:1.57 1.91 1.76

CPU:total 4 (2 cores per cpu, 2 threads per core) family 6 model 37 stepping 5, cmov, cx8, fxsr, mmx, sse, sse2, sse3, ssse3, sse4.1, sse4.2, popcnt, aes, clmul, ht, tsc, tscinvbit

Memory: 4k page, physical 8388608k(294272k free)

/proc/meminfo:


vm_info: Java HotSpot(TM) 64-Bit Server VM (25.11-b03) for bsd-amd64 JRE (1.8.0_11-b12), built on Jun 16 2014 17:39:42 by "java_re" with gcc 4.2.1 (Based on Apple Inc. build 5658) (LLVM build 2336.11.00)

time: Sat Apr 16 19:18:11 2016
elapsed time: 8 seconds

